[16:12:58] This is prokka 1.14.5
[16:12:58] Written by Torsten Seemann <torsten.seemann@gmail.com>
[16:12:58] Homepage is https://github.com/tseemann/prokka
[16:12:58] Local time is Thu Oct 16 16:12:58 2025
[16:12:58] You are fmt073
[16:12:58] Operating system is linux
[16:12:58] You have BioPerl 1.7.8
[16:12:58] System has 128 cores.
[16:12:58] Will use maximum of 1 cores.
[16:12:58] Annotating as >>> Bacteria <<<
[16:12:58] Enabling options to ensure Genbank/ENA/DDJB submission compliance.
[16:12:58] Creating new output folder: /home/fmt073/work/Zhang/Prokka/Prbe
[16:12:58] Running: mkdir -p \/home\/fmt073\/work\/Zhang\/Prokka\/Prbe
[16:12:58] Using filename prefix: Prbe.XXX
[16:12:58] Setting HMMER_NCPU=1
[16:12:58] Writing log to: /home/fmt073/work/Zhang/Prokka/Prbe/Prbe.log
[16:12:58] Command: /usr/local/bioinfo/src/PROKKA/prokka-1.14.5/bin/prokka /home/fmt073/work/Zhang/DNA/Prbe.fna --outdir /home/fmt073/work/Zhang/Prokka/Prbe --compliant --addgenes --prefix Prbe --locustag Prbe.g --genus Prochlorococcus --species Prochlorococcus marinus --strain SS2 --kingdom Bacteria --cpus 1
[16:12:58] Appending to PATH: /usr/local/bioinfo/src/PROKKA/prokka-1.14.5/bin/../binaries/linux
[16:12:58] Appending to PATH: /usr/local/bioinfo/src/PROKKA/prokka-1.14.5/bin/../binaries/linux/../common
[16:12:58] Appending to PATH: /usr/local/bioinfo/src/PROKKA/prokka-1.14.5/bin
[16:12:58] Looking for 'aragorn' - found /usr/local/bioinfo/src/PROKKA/prokka-1.14.5/binaries/linux/aragorn
[16:12:58] Determined aragorn version is 001002 from 'ARAGORN v1.2.38 Dean Laslett'
[16:12:58] Looking for 'blastp' - found /usr/local/bioinfo/src/PROKKA/prokka-1.14.5/binaries/linux/blastp
[16:12:58] Determined blastp version is 002009 from 'blastp: 2.9.0+'
[16:12:58] Looking for 'cmpress' - found /usr/local/bioinfo/src/PROKKA/prokka-1.14.5/binaries/linux/cmpress
[16:12:58] Determined cmpress version is 001001 from '# INFERNAL 1.1.2 (July 2016)'
[16:12:58] Looking for 'cmscan' - found /usr/local/bioinfo/src/PROKKA/prokka-1.14.5/binaries/linux/cmscan
[16:12:58] Determined cmscan version is 001001 from '# INFERNAL 1.1.2 (July 2016)'
[16:12:58] Looking for 'egrep' - found /usr/bin/egrep
[16:12:58] Looking for 'find' - found /usr/bin/find
[16:12:58] Looking for 'grep' - found /usr/bin/grep
[16:12:58] Looking for 'hmmpress' - found /usr/local/bioinfo/src/PROKKA/prokka-1.14.5/binaries/linux/hmmpress
[16:12:58] Determined hmmpress version is 003001 from '# HMMER 3.1b2 (February 2015); http://hmmer.org/'
[16:12:58] Looking for 'hmmscan' - found /usr/local/bioinfo/src/PROKKA/prokka-1.14.5/binaries/linux/hmmscan
[16:12:58] Determined hmmscan version is 003001 from '# HMMER 3.1b2 (February 2015); http://hmmer.org/'
[16:12:58] Looking for 'java' - found /usr/bin/java
[16:12:58] Looking for 'makeblastdb' - found /usr/local/bioinfo/src/PROKKA/prokka-1.14.5/binaries/linux/makeblastdb
[16:12:58] Determined makeblastdb version is 002009 from 'makeblastdb: 2.9.0+'
[16:12:58] Looking for 'minced' - found /usr/local/bioinfo/src/PROKKA/prokka-1.14.5/binaries/common/minced
[16:12:58] Determined minced version is 002000 from 'minced 0.2.0'
[16:12:58] Looking for 'parallel' - found /usr/local/bioinfo/src/PROKKA/prokka-1.14.5/binaries/common/parallel
[16:12:58] Determined parallel version is 20150122 from 'GNU parallel 20150122'
[16:12:58] Looking for 'prodigal' - found /usr/local/bioinfo/src/PROKKA/prokka-1.14.5/binaries/linux/prodigal
[16:12:59] Determined prodigal version is 002006 from 'Prodigal V2.6.3: February, 2016'
[16:12:59] Looking for 'prokka-genbank_to_fasta_db' - found /usr/local/bioinfo/src/PROKKA/prokka-1.14.5/bin/prokka-genbank_to_fasta_db
[16:12:59] Looking for 'sed' - found /usr/bin/sed
[16:12:59] Looking for 'tbl2asn' - found /usr/local/bioinfo/src/PROKKA/prokka-1.14.5/binaries/linux/tbl2asn
[16:12:59] Determined tbl2asn version is 025008 from 'tbl2asn 25.8   arguments:'
[16:12:59] Using genetic code table 11.
[16:12:59] Loading and checking input file: /home/fmt073/work/Zhang/DNA/Prbe.fna
[16:12:59] Wrote 19 contigs totalling 1752772 bp.
[16:12:59] Predicting tRNAs and tmRNAs
[16:12:59] Running: aragorn -l -gc11  -w \/home\/fmt073\/work\/Zhang\/Prokka\/Prbe\/Prbe\.fna
[16:12:59] 1 tRNA-Gly c[3302,3373] 33 (ccc)
[16:12:59] 1 tmRNA* c[58532,58843] 171,221 ANKIVSFSRQTAPVAA*
[16:12:59] 2 tRNA-Leu c[68197,68280] 36 (aag)
[16:12:59] 1 tRNA-Val c[18017,18088] 33 (gac)
[16:12:59] 2 tRNA-Gly [51078,51148] 33 (tcc)
[16:12:59] 3 tRNA-His c[72583,72656] 34 (gtg)
[16:12:59] 4 tRNA-Leu c[77760,77842] 35 (caa)
[16:12:59] 5 tRNA-Leu [79421,79505] 36 (cag)
[16:12:59] 6 tRNA-Ala [118043,118118] 35 (ggc)
[16:12:59] 7 tRNA-Arg c[143178,143251] 35 (tct)
[16:12:59] 8 tRNA-Ser c[181344,181430] 35 (cga)
[16:12:59] 1 tRNA-Pro c[1506,1581] 36 (ggg)
[16:12:59] 1 tRNA-Pro c[16256,16330] 35 (tgg)
[16:12:59] 2 tRNA-Lys c[24079,24152] 34 (ttt)
[16:12:59] 3 tRNA-Leu c[34114,34201] 36 (taa)
[16:12:59] 4 tRNA-Trp [126259,126333] 35 (cca)
[16:12:59] 5 tRNA-Asp [126724,126799] 36 (gtc)
[16:12:59] 1 tRNA-SeC [16806,16878] 33 (tca)
[16:12:59] 1 tRNA-Gly c[3831,3902] 33 (gcc)
[16:12:59] 1 tRNA-Arg [36056,36131] 36 (cct)
[16:12:59] 2 tRNA-Cys c[57023,57093] 33 (gca)
[16:12:59] 3 tRNA-Arg c[72461,72536] 36 (ccg)
[16:12:59] 4 tRNA-Gln c[85773,85844] 33 (ttg)
[16:12:59] 1 tRNA-Thr c[8387,8458] 33 (cgt)
[16:12:59] 1 tRNA-Ser [8169,8258] 35 (gct)
[16:12:59] 1 tRNA-Val c[38373,38444] 33 (tac)
[16:12:59] 1 tRNA-Ser c[11324,11412] 36 (tga)
[16:12:59] 2 tRNA-Met c[86420,86496] 35 (cat)
[16:12:59] 3 tRNA-Ser [127436,127522] 35 (gga)
[16:12:59] 4 tRNA-Met [171946,172019] 35 (cat)
[16:12:59] 5 tRNA-Glu [324547,324621] 36 (ttc)
[16:12:59] 1 tRNA-Asn [45083,45154] 33 (gtt)
[16:12:59] 2 tRNA-Leu c[160397,160478] 35 (tag)
[16:12:59] 3 tRNA-Arg c[180819,180894] 36 (acg)
[16:12:59] 4 tRNA-Met c[196597,196669] 34 (cat)
[16:12:59] 5 tRNA-Phe c[233011,233086] 34 (gaa)
[16:12:59] 6 tRNA-Thr c[243193,243267] 34 (tgt)
[16:12:59] 7 tRNA-Ile [253088,253163] 36 (gat)
[16:12:59] 8 tRNA-Ala [253172,253245] 34 (tgc)
[16:12:59] 9 tRNA-Thr c[264584,264654] 33 (agt)
[16:12:59] 10 tRNA-Thr c[268622,268694] 33 (ggt)
[16:12:59] 11 tRNA-Tyr c[268703,268786] 35 (gta)
[16:12:59] Found 42 tRNAs
[16:12:59] Predicting Ribosomal RNAs
[16:12:59] You need either Barrnap or RNAmmer installed to predict rRNAs!
[16:12:59] Skipping ncRNA search, enable with --rfam if desired.
[16:12:59] Total of 41 tRNA + rRNA features
[16:12:59] Searching for CRISPR repeats
[16:13:00] Found 0 CRISPRs
[16:13:00] Predicting coding sequences
[16:13:00] Contigs total 1752772 bp, so using single mode
[16:13:00] Running: prodigal -i \/home\/fmt073\/work\/Zhang\/Prokka\/Prbe\/Prbe\.fna -c -m -g 11 -p single -f sco -q
[16:13:02] Excluding CDS which overlaps existing RNA (tRNA) at gnl|Prokka|Prbe.g_5:76568..77833 on - strand
[16:13:02] Excluding CDS which overlaps existing RNA (tRNA) at gnl|Prokka|Prbe.g_7:34100..34285 on - strand
[16:13:02] Excluding CDS which overlaps existing RNA (tRNA) at gnl|Prokka|Prbe.g_7:126303..126557 on + strand
[16:13:02] Excluding CDS which overlaps existing RNA (tRNA) at gnl|Prokka|Prbe.g_8:16799..16981 on + strand
[16:13:03] Excluding CDS which overlaps existing RNA (tRNA) at gnl|Prokka|Prbe.g_17:324621..325142 on - strand
[16:13:03] Found 1911 CDS
[16:13:03] Connecting features back to sequences
[16:13:03] Not using genus-specific database. Try --usegenus to enable it.
[16:13:03] Annotating CDS, please be patient.
[16:13:03] Will use 1 CPUs for similarity searching.
[16:13:03] There are still 1911 unannotated CDS left (started with 1911)
[16:13:03] Will use blast to search against /usr/local/bioinfo/src/PROKKA/prokka-1.14.5/db/kingdom/Bacteria/IS with 1 CPUs
[16:13:03] Running: cat \/home\/fmt073\/work\/Zhang\/Prokka\/Prbe\/Prbe\.IS\.tmp\.4080983\.faa | parallel --gnu --plain -j 1 --block 263526 --recstart '>' --pipe blastp -query - -db /usr/local/bioinfo/src/PROKKA/prokka-1.14.5/db/kingdom/Bacteria/IS -evalue 1e-30 -qcov_hsp_perc 90 -num_threads 1 -num_descriptions 1 -num_alignments 1 -seg no > \/home\/fmt073\/work\/Zhang\/Prokka\/Prbe\/Prbe\.IS\.tmp\.4080983\.blast 2> /dev/null
[16:13:29] Deleting unwanted file: /home/fmt073/work/Zhang/Prokka/Prbe/Prbe.IS.tmp.4080983.faa
[16:13:29] Deleting unwanted file: /home/fmt073/work/Zhang/Prokka/Prbe/Prbe.IS.tmp.4080983.blast
[16:13:30] There are still 1911 unannotated CDS left (started with 1911)
[16:13:30] Will use blast to search against /usr/local/bioinfo/src/PROKKA/prokka-1.14.5/db/kingdom/Bacteria/AMR with 1 CPUs
[16:13:30] Running: cat \/home\/fmt073\/work\/Zhang\/Prokka\/Prbe\/Prbe\.AMR\.tmp\.4080983\.faa | parallel --gnu --plain -j 1 --block 263526 --recstart '>' --pipe blastp -query - -db /usr/local/bioinfo/src/PROKKA/prokka-1.14.5/db/kingdom/Bacteria/AMR -evalue 9.99999999999999e-301 -qcov_hsp_perc 90 -num_threads 1 -num_descriptions 1 -num_alignments 1 -seg no > \/home\/fmt073\/work\/Zhang\/Prokka\/Prbe\/Prbe\.AMR\.tmp\.4080983\.blast 2> /dev/null
[16:13:48] Deleting unwanted file: /home/fmt073/work/Zhang/Prokka/Prbe/Prbe.AMR.tmp.4080983.faa
[16:13:48] Deleting unwanted file: /home/fmt073/work/Zhang/Prokka/Prbe/Prbe.AMR.tmp.4080983.blast
[16:13:49] There are still 1911 unannotated CDS left (started with 1911)
[16:13:49] Will use blast to search against /usr/local/bioinfo/src/PROKKA/prokka-1.14.5/db/kingdom/Bacteria/sprot with 1 CPUs
[16:13:49] Running: cat \/home\/fmt073\/work\/Zhang\/Prokka\/Prbe\/Prbe\.sprot\.tmp\.4080983\.faa | parallel --gnu --plain -j 1 --block 263526 --recstart '>' --pipe blastp -query - -db /usr/local/bioinfo/src/PROKKA/prokka-1.14.5/db/kingdom/Bacteria/sprot -evalue 1e-09 -qcov_hsp_perc 80 -num_threads 1 -num_descriptions 1 -num_alignments 1 -seg no > \/home\/fmt073\/work\/Zhang\/Prokka\/Prbe\/Prbe\.sprot\.tmp\.4080983\.blast 2> /dev/null
[16:15:31] Modify product: Probable undecaprenyl-phosphate N-acetylglucosaminyl 1-phosphate transferase => putative undecaprenyl-phosphate N-acetylglucosaminyl 1-phosphate transferase
[16:15:31] Modify product: Probable membrane transporter protein YfcA => putative membrane transporter protein YfcA
[16:15:31] Modify product: Nucleoid-associated protein Cthe_2143 => Nucleoid-associated protein
[16:15:31] Modify product: Probable cysteine desulfurase => putative cysteine desulfurase
[16:15:31] Modify product: Probable cytosol aminopeptidase => putative cytosol aminopeptidase
[16:15:31] Modify product: Glycogen operon protein GlgX homolog => Glycogen operon protein GlgX 
[16:15:31] Modify product: PKHD-type hydroxylase Sbal_3634 => PKHD-type hydroxylase
[16:15:31] Modify product: Uncharacterized protein alr4550 => putative protein
[16:15:31] Modify product: Probable multidrug resistance ABC transporter ATP-binding/permease protein YheI => putative multidrug resistance ABC transporter ATP-binding/permease protein YheI
[16:15:31] Modify product: Probable multidrug resistance ABC transporter ATP-binding/permease protein YheH => putative multidrug resistance ABC transporter ATP-binding/permease protein YheH
[16:15:31] Modify product: Uncharacterized sugar kinase YdjH => putative sugar kinase YdjH
[16:15:31] Modify product: Thylakoid-associated single-stranded DNA-binding protein slr1034 => Thylakoid-associated single-stranded DNA-binding protein
[16:15:31] Modify product: UPF0234 protein Rv0566c => hypothetical protein
[16:15:31] Modify product: Rqc2 homolog RqcH => Rqc2 RqcH
[16:15:31] Modify product: Probable murein peptide carboxypeptidase => putative murein peptide carboxypeptidase
[16:15:31] Modify product: Probable cytochrome c oxidase subunit 1 => putative cytochrome c oxidase subunit 1
[16:15:31] Modify product: Uncharacterized ABC transporter ATP-binding protein YknY => putative ABC transporter ATP-binding protein YknY
[16:15:31] Modify product: Putative low molecular weight protein-tyrosine-phosphatase slr0328 => Putative low molecular weight protein-tyrosine-phosphatase
[16:15:31] Modify product: Probable adenylyltransferase/sulfurtransferase MoeZ => putative adenylyltransferase/sulfurtransferase MoeZ
[16:15:31] Modify product: Probable ketoamine kinase HMPREF0351_12196 => putative ketoamine kinase
[16:15:31] Modify product: Uncharacterized protein Rv2715 => putative protein
[16:15:31] Modify product: Probable helicase HelY => putative helicase HelY
[16:15:31] Modify product: Probable peptidoglycan glycosyltransferase FtsW => putative peptidoglycan glycosyltransferase FtsW
[16:15:31] Modify product: UPF0053 protein Rv2366c => hypothetical protein
[16:15:32] Modify product: Uncharacterized zinc protease Rv2782c => putative zinc protease
[16:15:32] Modify product: Uncharacterized ABC transporter ATP-binding protein Rv0986 => putative ABC transporter ATP-binding protein
[16:15:32] Modify product: GTP-binding protein TypA/BipA homolog => GTP-binding protein TypA/BipA 
[16:15:32] Modify product: Putative multidrug export ATP-binding/permease protein SAV1866 => Putative multidrug export ATP-binding/permease protein
[16:15:32] Modify product: Probable ABC transporter phosphite binding protein PhnD1 => putative ABC transporter phosphite binding protein PhnD1
[16:15:32] Modify product: Uncharacterized ABC transporter ATP-binding protein Rv0986 => putative ABC transporter ATP-binding protein
[16:15:32] Modify product: Probable 2-phosphosulfolactate phosphatase => putative 2-phosphosulfolactate phosphatase
[16:15:32] Modify product: Uncharacterized periplasmic iron-binding protein HI_0362 => putative periplasmic iron-binding protein
[16:15:32] Modify product: Uncharacterized protein RP812 => putative protein RP812
[16:15:32] Modify product: Uncharacterized ABC transporter ATP-binding protein TM_0288 => putative ABC transporter ATP-binding protein
[16:15:32] Modify product: Bifunctional protein FolD => Bifunctional protein FolD protein
[16:15:32] Modify product: 1,4-alpha-glucan branching enzyme TTHA1902 => 1,4-alpha-glucan branching enzyme
[16:15:32] Modify product: Uncharacterized oxidoreductase MSMEG_1603/MSMEI_1564 => putative oxidoreductase/MSMEI_1564
[16:15:32] Modify product: Uncharacterized ABC transporter ATP-binding protein YheS => putative ABC transporter ATP-binding protein YheS
[16:15:32] Modify product: Vitamin K epoxide reductase homolog => Vitamin K epoxide reductase 
[16:15:32] Modify product: Protein aq_1857 => Protein
[16:15:32] Modify product: Epimerase family protein Rv2216 => Epimerase family protein
[16:15:32] Modify product: Uncharacterized protein YciH => putative protein YciH
[16:15:32] Modify product: Probable adenylyl-sulfate kinase => putative adenylyl-sulfate kinase
[16:15:32] Modify product: Probable nicotinate-nucleotide pyrophosphorylase [carboxylating] => putative nicotinate-nucleotide pyrophosphorylase [carboxylating]
[16:15:32] Modify product: Uncharacterized ABC transporter ATP-binding protein YejF => putative ABC transporter ATP-binding protein YejF
[16:15:32] Modify product: Probable bifunctional SAT/APS kinase => putative bifunctional SAT/APS kinase
[16:15:32] Modify product: Probable lipid II flippase MurJ => putative lipid II flippase MurJ
[16:15:32] Modify product: UPF0053 inner membrane protein YfjD => hypothetical protein
[16:15:32] Modify product: Uncharacterized phycocyanin operon protein Z => putative phycocyanin operon protein Z
[16:15:32] Modify product: Probable phycoerythrobilin lyase CpeT => putative phycoerythrobilin lyase CpeT
[16:15:32] Modify product: Uncharacterized glycosyltransferase sll0501 => putative glycosyltransferase
[16:15:32] Cleaned 51 /product names
[16:15:32] Deleting unwanted file: /home/fmt073/work/Zhang/Prokka/Prbe/Prbe.sprot.tmp.4080983.faa
[16:15:32] Deleting unwanted file: /home/fmt073/work/Zhang/Prokka/Prbe/Prbe.sprot.tmp.4080983.blast
[16:15:32] There are still 1106 unannotated CDS left (started with 1911)
[16:15:32] Will use hmmer3 to search against /usr/local/bioinfo/src/PROKKA/prokka-1.14.5/db/hmm/HAMAP.hmm with 1 CPUs
[16:15:32] Running: cat \/home\/fmt073\/work\/Zhang\/Prokka\/Prbe\/Prbe\.HAMAP\.hmm\.tmp\.4080983\.faa | parallel --gnu --plain -j 1 --block 114307 --recstart '>' --pipe hmmscan --noali --notextw --acc -E 1e-09 --cpu 1 /usr/local/bioinfo/src/PROKKA/prokka-1.14.5/db/hmm/HAMAP.hmm /dev/stdin > \/home\/fmt073\/work\/Zhang\/Prokka\/Prbe\/Prbe\.HAMAP\.hmm\.tmp\.4080983\.hmmer3 2> /dev/null
[16:27:30] Deleting unwanted file: /home/fmt073/work/Zhang/Prokka/Prbe/Prbe.HAMAP.hmm.tmp.4080983.faa
[16:27:30] Deleting unwanted file: /home/fmt073/work/Zhang/Prokka/Prbe/Prbe.HAMAP.hmm.tmp.4080983.hmmer3
[16:27:30] Labelling remaining 937 proteins as 'hypothetical protein'
[16:27:30] Possible /pseudo 'ATP-dependent Clp protease proteolytic subunit' at gnl|Prokka|Prbe.g_5 position 63390
[16:27:30] Possible /pseudo 'UDP-glucose 4-epimerase' at gnl|Prokka|Prbe.g_5 position 140820
[16:27:30] Possible /pseudo 'Putative fluoride ion transporter CrcB' at gnl|Prokka|Prbe.g_10 position 6328
[16:27:30] Possible /pseudo 'DNA-directed RNA polymerase subunit beta'' at gnl|Prokka|Prbe.g_12 position 24740
[16:27:30] Found 842 unique /gene codes.
[16:27:30] Fixed 2 duplicate /gene - der_1 der_2
[16:27:30] Fixed 2 duplicate /gene - rnr_1 rnr_2
[16:27:30] Fixed 2 duplicate /gene - yciC_1 yciC_2
[16:27:30] Fixed 2 duplicate /gene - cysQ_1 cysQ_2
[16:27:30] Fixed 2 duplicate /gene - crcB_1 crcB_2
[16:27:30] Fixed 2 duplicate /gene - clpS_1 clpS_2
[16:27:30] Fixed 2 duplicate /gene - fcl_1 fcl_2
[16:27:30] Fixed 3 duplicate /gene - sigA2_1 sigA2_2 sigA2_3
[16:27:30] Fixed 4 duplicate /gene - mntB_1 mntB_2 mntB_3 mntB_4
[16:27:30] Fixed 2 duplicate /gene - ndhI_1 ndhI_2
[16:27:30] Fixed 2 duplicate /gene - dnaK2_1 dnaK2_2
[16:27:30] Fixed 2 duplicate /gene - speA_1 speA_2
[16:27:30] Fixed 2 duplicate /gene - dxs_1 dxs_2
[16:27:30] Fixed 2 duplicate /gene - folE_1 folE_2
[16:27:30] Fixed 2 duplicate /gene - ftsH3_1 ftsH3_2
[16:27:30] Fixed 2 duplicate /gene - gph_1 gph_2
[16:27:30] Fixed 2 duplicate /gene - tatA_1 tatA_2
[16:27:30] Fixed 2 duplicate /gene - glnQ_1 glnQ_2
[16:27:30] Fixed 2 duplicate /gene - atpG_1 atpG_2
[16:27:30] Fixed 2 duplicate /gene - atpH_1 atpH_2
[16:27:30] Fixed 2 duplicate /gene - era_1 era_2
[16:27:30] Fixed 2 duplicate /gene - arnC_1 arnC_2
[16:27:30] Fixed 2 duplicate /gene - pnp_1 pnp_2
[16:27:30] Fixed 2 duplicate /gene - menA_1 menA_2
[16:27:30] Fixed 2 duplicate /gene - iscS_1 iscS_2
[16:27:30] Fixed 3 duplicate /gene - dnaJ_1 dnaJ_2 dnaJ_3
[16:27:30] Fixed 2 duplicate /gene - murAA_1 murAA_2
[16:27:30] Fixed 2 duplicate /gene - dfa3_1 dfa3_2
[16:27:30] Fixed 2 duplicate /gene - phoP_1 phoP_2
[16:27:30] Fixed 2 duplicate /gene - arnT_1 arnT_2
[16:27:30] Fixed 2 duplicate /gene - gyrA_1 gyrA_2
[16:27:30] Fixed 2 duplicate /gene - pyrC_1 pyrC_2
[16:27:30] Fixed 3 duplicate /gene - fabG_1 fabG_2 fabG_3
[16:27:30] Fixed 2 duplicate /gene - galE_1 galE_2
[16:27:30] Fixed 2 duplicate /gene - nadK_1 nadK_2
[16:27:30] Fixed 2 duplicate /gene - hisB_1 hisB_2
[16:27:30] Fixed 3 duplicate /gene - ubiB_1 ubiB_2 ubiB_3
[16:27:30] Fixed 2 duplicate /gene - pds_1 pds_2
[16:27:30] Fixed 2 duplicate /gene - dsbD_1 dsbD_2
[16:27:30] Fixed 2 duplicate /gene - ppa_1 ppa_2
[16:27:30] Fixed 2 duplicate /gene - selO_1 selO_2
[16:27:30] Fixed 3 duplicate /gene - mshA_1 mshA_2 mshA_3
[16:27:30] Fixed 2 duplicate /gene - msrA_1 msrA_2
[16:27:30] Fixed 2 duplicate /gene - crtL_1 crtL_2
[16:27:30] Fixed 2 duplicate /gene - recD_1 recD_2
[16:27:30] Fixed 2 duplicate /gene - clpB1_1 clpB1_2
[16:27:30] Fixed 2 duplicate /gene - iolG_1 iolG_2
[16:27:30] Fixed 4 duplicate /gene - sasA_1 sasA_2 sasA_3 sasA_4
[16:27:30] Fixed 2 duplicate /gene - hhoA_1 hhoA_2
[16:27:30] Fixed 2 duplicate /gene - cugP_1 cugP_2
[16:27:30] Fixed 4 duplicate /gene - clpP_1 clpP_2 clpP_3 clpP_4
[16:27:30] Fixed 2 duplicate /gene - pglK_1 pglK_2
[16:27:30] Fixed 2 duplicate /gene - lpxB_1 lpxB_2
[16:27:30] Fixed 2 duplicate /gene - tam_1 tam_2
[16:27:30] Fixed 2 duplicate /gene - ndhD1_1 ndhD1_2
[16:27:30] Fixed 2 duplicate /gene - cobN_1 cobN_2
[16:27:30] Fixed 56 colliding /gene names.
[16:27:30] Adding /locus_tag identifiers
[16:27:30] Assigned 1953 locus_tags to CDS and RNA features.
[16:27:30] Writing outputs to /home/fmt073/work/Zhang/Prokka/Prbe/
[16:27:31] Generating annotation statistics file
[16:27:31] Generating Genbank and Sequin files
[16:27:31] Running: tbl2asn -V b -a r10k -l paired-ends -M n -N 1 -y 'Annotated using prokka 1.14.5 from https://github.com/tseemann/prokka' -Z \/home\/fmt073\/work\/Zhang\/Prokka\/Prbe\/Prbe\.err -i \/home\/fmt073\/work\/Zhang\/Prokka\/Prbe\/Prbe\.fsa 2> /dev/null
[16:27:34] Deleting unwanted file: /home/fmt073/work/Zhang/Prokka/Prbe/errorsummary.val
[16:27:34] Deleting unwanted file: /home/fmt073/work/Zhang/Prokka/Prbe/Prbe.dr
[16:27:34] Deleting unwanted file: /home/fmt073/work/Zhang/Prokka/Prbe/Prbe.fixedproducts
[16:27:34] Deleting unwanted file: /home/fmt073/work/Zhang/Prokka/Prbe/Prbe.ecn
[16:27:34] Deleting unwanted file: /home/fmt073/work/Zhang/Prokka/Prbe/Prbe.val
[16:27:34] Repairing broken .GBK output that tbl2asn produces...
[16:27:34] Running: sed 's/COORDINATES: profile/COORDINATES:profile/' < \/home\/fmt073\/work\/Zhang\/Prokka\/Prbe\/Prbe\.gbf > \/home\/fmt073\/work\/Zhang\/Prokka\/Prbe\/Prbe\.gbk
[16:27:34] Deleting unwanted file: /home/fmt073/work/Zhang/Prokka/Prbe/Prbe.gbf
[16:27:34] Output files:
[16:27:34] /home/fmt073/work/Zhang/Prokka/Prbe/Prbe.log
[16:27:34] /home/fmt073/work/Zhang/Prokka/Prbe/Prbe.faa
[16:27:34] /home/fmt073/work/Zhang/Prokka/Prbe/Prbe.err
[16:27:34] /home/fmt073/work/Zhang/Prokka/Prbe/Prbe.ffn
[16:27:34] /home/fmt073/work/Zhang/Prokka/Prbe/Prbe.gbk
[16:27:34] /home/fmt073/work/Zhang/Prokka/Prbe/Prbe.fna
[16:27:34] /home/fmt073/work/Zhang/Prokka/Prbe/Prbe.tsv
[16:27:34] /home/fmt073/work/Zhang/Prokka/Prbe/Prbe.tbl
[16:27:34] /home/fmt073/work/Zhang/Prokka/Prbe/Prbe.txt
[16:27:34] /home/fmt073/work/Zhang/Prokka/Prbe/Prbe.sqn
[16:27:34] /home/fmt073/work/Zhang/Prokka/Prbe/Prbe.fsa
[16:27:34] /home/fmt073/work/Zhang/Prokka/Prbe/Prbe.gff
[16:27:34] Annotation finished successfully.
[16:27:34] Walltime used: 14.60 minutes
[16:27:34] If you use this result please cite the Prokka paper:
[16:27:34] Seemann T (2014) Prokka: rapid prokaryotic genome annotation. Bioinformatics. 30(14):2068-9.
[16:27:34] Type 'prokka --citation' for more details.
[16:27:34] Thank you, come again.
