[16:15:37] This is prokka 1.14.5
[16:15:37] Written by Torsten Seemann <torsten.seemann@gmail.com>
[16:15:37] Homepage is https://github.com/tseemann/prokka
[16:15:37] Local time is Thu Oct 16 16:15:37 2025
[16:15:37] You are fmt073
[16:15:37] Operating system is linux
[16:15:37] You have BioPerl 1.7.8
[16:15:37] System has 128 cores.
[16:15:37] Will use maximum of 1 cores.
[16:15:37] Annotating as >>> Bacteria <<<
[16:15:37] Enabling options to ensure Genbank/ENA/DDJB submission compliance.
[16:15:37] Creating new output folder: /home/fmt073/work/Zhang/Prokka/Syal
[16:15:37] Running: mkdir -p \/home\/fmt073\/work\/Zhang\/Prokka\/Syal
[16:15:37] Using filename prefix: Syal.XXX
[16:15:37] Setting HMMER_NCPU=1
[16:15:37] Writing log to: /home/fmt073/work/Zhang/Prokka/Syal/Syal.log
[16:15:37] Command: /usr/local/bioinfo/src/PROKKA/prokka-1.14.5/bin/prokka /home/fmt073/work/Zhang/DNA/Syal.fna --outdir /home/fmt073/work/Zhang/Prokka/Syal --compliant --addgenes --prefix Syal --locustag Syal.g --genus Synechococcus --species Synechococcus sp. --strain WH 8016 --kingdom Bacteria --cpus 1
[16:15:37] Appending to PATH: /usr/local/bioinfo/src/PROKKA/prokka-1.14.5/bin/../binaries/linux
[16:15:37] Appending to PATH: /usr/local/bioinfo/src/PROKKA/prokka-1.14.5/bin/../binaries/linux/../common
[16:15:37] Appending to PATH: /usr/local/bioinfo/src/PROKKA/prokka-1.14.5/bin
[16:15:37] Looking for 'aragorn' - found /usr/local/bioinfo/src/PROKKA/prokka-1.14.5/binaries/linux/aragorn
[16:15:37] Determined aragorn version is 001002 from 'ARAGORN v1.2.38 Dean Laslett'
[16:15:37] Looking for 'blastp' - found /usr/local/bioinfo/src/PROKKA/prokka-1.14.5/binaries/linux/blastp
[16:15:37] Determined blastp version is 002009 from 'blastp: 2.9.0+'
[16:15:37] Looking for 'cmpress' - found /usr/local/bioinfo/src/PROKKA/prokka-1.14.5/binaries/linux/cmpress
[16:15:37] Determined cmpress version is 001001 from '# INFERNAL 1.1.2 (July 2016)'
[16:15:37] Looking for 'cmscan' - found /usr/local/bioinfo/src/PROKKA/prokka-1.14.5/binaries/linux/cmscan
[16:15:37] Determined cmscan version is 001001 from '# INFERNAL 1.1.2 (July 2016)'
[16:15:37] Looking for 'egrep' - found /usr/bin/egrep
[16:15:37] Looking for 'find' - found /usr/bin/find
[16:15:37] Looking for 'grep' - found /usr/bin/grep
[16:15:37] Looking for 'hmmpress' - found /usr/local/bioinfo/src/PROKKA/prokka-1.14.5/binaries/linux/hmmpress
[16:15:37] Determined hmmpress version is 003001 from '# HMMER 3.1b2 (February 2015); http://hmmer.org/'
[16:15:37] Looking for 'hmmscan' - found /usr/local/bioinfo/src/PROKKA/prokka-1.14.5/binaries/linux/hmmscan
[16:15:37] Determined hmmscan version is 003001 from '# HMMER 3.1b2 (February 2015); http://hmmer.org/'
[16:15:37] Looking for 'java' - found /usr/bin/java
[16:15:37] Looking for 'makeblastdb' - found /usr/local/bioinfo/src/PROKKA/prokka-1.14.5/binaries/linux/makeblastdb
[16:15:37] Determined makeblastdb version is 002009 from 'makeblastdb: 2.9.0+'
[16:15:37] Looking for 'minced' - found /usr/local/bioinfo/src/PROKKA/prokka-1.14.5/binaries/common/minced
[16:15:37] Determined minced version is 002000 from 'minced 0.2.0'
[16:15:37] Looking for 'parallel' - found /usr/local/bioinfo/src/PROKKA/prokka-1.14.5/binaries/common/parallel
[16:15:37] Determined parallel version is 20150122 from 'GNU parallel 20150122'
[16:15:37] Looking for 'prodigal' - found /usr/local/bioinfo/src/PROKKA/prokka-1.14.5/binaries/linux/prodigal
[16:15:37] Determined prodigal version is 002006 from 'Prodigal V2.6.3: February, 2016'
[16:15:37] Looking for 'prokka-genbank_to_fasta_db' - found /usr/local/bioinfo/src/PROKKA/prokka-1.14.5/bin/prokka-genbank_to_fasta_db
[16:15:37] Looking for 'sed' - found /usr/bin/sed
[16:15:37] Looking for 'tbl2asn' - found /usr/local/bioinfo/src/PROKKA/prokka-1.14.5/binaries/linux/tbl2asn
[16:15:37] Determined tbl2asn version is 025008 from 'tbl2asn 25.8   arguments:'
[16:15:37] Using genetic code table 11.
[16:15:37] Loading and checking input file: /home/fmt073/work/Zhang/DNA/Syal.fna
[16:15:37] Wrote 16 contigs totalling 2694843 bp.
[16:15:37] Predicting tRNAs and tmRNAs
[16:15:37] Running: aragorn -l -gc11  -w \/home\/fmt073\/work\/Zhang\/Prokka\/Syal\/Syal\.fna
[16:15:39] 1 tRNA-Gly c[67102,67173] 33 (ccc)
[16:15:39] 2 tRNA-Gly [105742,105813] 33 (gcc)
[16:15:39] 1 tRNA-Pro [25999,26073] 35 (cgg)
[16:15:39] 2 tRNA-Ala [34014,34103] 32 (ggc)
[16:15:39] 3 tRNA-Ser c[44562,44652] 36 (gct)
[16:15:39] 4 tRNA-Gln [66740,66811] 33 (ttg)
[16:15:39] 5 tRNA-Arg [81927,82000] 35 (ccg)
[16:15:39] 6 tRNA-Cys [97888,97958] 33 (gca)
[16:15:39] 7 tRNA-Phe c[131972,132046] 35 (gaa)
[16:15:39] 8 tRNA-Thr c[145196,145267] 33 (tgt)
[16:15:39] 1 tRNA-Leu c[28655,28736] 35 (cag)
[16:15:39] 2 tRNA-Leu [30263,30344] 35 (caa)
[16:15:39] 3 tRNA-His [36649,36722] 34 (gtg)
[16:15:39] 4 tRNA-Ser c[66433,66521] 38 (cga)
[16:15:39] 5 tRNA-Tyr [141615,141696] 35 (gta)
[16:15:39] 6 tRNA-Thr [141707,141778] 33 (ggt)
[16:15:39] 1 tRNA-Val [13940,14012] 33 (gac)
[16:15:39] 2 tRNA-Thr [106045,106117] 34 (cgt)
[16:15:39] 3 tmRNA* c[167280,167594] 174,224 ANNIVRFSRQAAPVAA*
[16:15:39] 4 tRNA-Leu c[177108,177189] 35 (aag)
[16:15:39] 5 tRNA-Ala c[246423,246496] 34 (tgc)
[16:15:39] 6 tRNA-Ile c[246505,246580] 36 (gat)
[16:15:39] 1 tRNA-Asn [12058,12129] 33 (gtt)
[16:15:39] 2 tRNA-Val c[225070,225141] 33 (tac)
[16:15:39] 1 tRNA-Ala [19724,19796] 34 (cgc)
[16:15:39] 2 tRNA-Leu c[40764,40847] 36 (tag)
[16:15:39] 3 tRNA-Arg c[74653,74727] 35 (acg)
[16:15:39] 4 tRNA-Met c[94849,94921] 34 (cat)
[16:15:39] 5 tRNA-Arg c[171309,171382] 35 (cct)
[16:15:39] 1 tRNA-Ala [16946,17019] 34 (ggc)
[16:15:39] 2 tRNA-Glu c[129296,129369] 35 (ttc)
[16:15:39] 3 tRNA-Pro c[192521,192595] 35 (tgg)
[16:15:39] 4 tRNA-Lys c[194656,194727] 33 (ttt)
[16:15:39] 5 tRNA-Met c[242613,242689] 35 (cat)
[16:15:39] 6 tRNA-Ser c[279306,279393] 35 (tga)
[16:15:39] 7 tRNA-Met c[351007,351080] 35 (cat)
[16:15:39] 8 tRNA-Ser c[430059,430147] 36 (gga)
[16:15:39] 9 tRNA-Pro [686837,686910] 35 (ggg)
[16:15:39] 10 tRNA-Arg [756844,756919] 36 (tct)
[16:15:39] 11 tRNA-Leu [1000489,1000574] 35 (taa)
[16:15:39] 12 tRNA-Arg c[1132962,1133037] 36 (tct)
[16:15:39] 13 tRNA-Val c[1187675,1187746] 33 (cac)
[16:15:39] 14 tRNA-Asp c[1202532,1202607] 36 (gtc)
[16:15:39] 15 tRNA-Trp c[1203186,1203262] 35 (cca)
[16:15:39] 16 tRNA-Gly c[1216802,1216872] 33 (tcc)
[16:15:39] Found 45 tRNAs
[16:15:39] Predicting Ribosomal RNAs
[16:15:39] You need either Barrnap or RNAmmer installed to predict rRNAs!
[16:15:39] Skipping ncRNA search, enable with --rfam if desired.
[16:15:39] Total of 44 tRNA + rRNA features
[16:15:39] Searching for CRISPR repeats
[16:15:39] Found 0 CRISPRs
[16:15:39] Predicting coding sequences
[16:15:39] Contigs total 2694843 bp, so using single mode
[16:15:39] Running: prodigal -i \/home\/fmt073\/work\/Zhang\/Prokka\/Syal\/Syal\.fna -c -m -g 11 -p single -f sco -q
[16:15:47] Excluding CDS which overlaps existing RNA (tRNA) at gnl|Prokka|Syal.g_11:32253..34469 on + strand
[16:15:47] Excluding CDS which overlaps existing RNA (tRNA) at gnl|Prokka|Syal.g_11:96604..98010 on - strand
[16:15:47] Excluding CDS which overlaps existing RNA (tRNA) at gnl|Prokka|Syal.g_11:145258..145527 on - strand
[16:15:47] Excluding CDS which overlaps existing RNA (tRNA) at gnl|Prokka|Syal.g_12:28617..28772 on - strand
[16:15:47] Excluding CDS which overlaps existing RNA (tRNA) at gnl|Prokka|Syal.g_12:36179..36694 on - strand
[16:15:47] Excluding CDS which overlaps existing RNA (tRNA) at gnl|Prokka|Syal.g_12:66497..68476 on - strand
[16:15:48] Excluding CDS which overlaps existing RNA (tRNA) at gnl|Prokka|Syal.g_15:171284..171520 on + strand
[16:15:49] Excluding CDS which overlaps existing RNA (tRNA) at gnl|Prokka|Syal.g_16:756818..756964 on - strand
[16:15:49] Excluding CDS which overlaps existing RNA (tRNA) at gnl|Prokka|Syal.g_16:1000480..1000704 on + strand
[16:15:49] Excluding CDS which overlaps existing RNA (tRNA) at gnl|Prokka|Syal.g_16:1202961..1203218 on - strand
[16:15:49] Found 2977 CDS
[16:15:49] Connecting features back to sequences
[16:15:49] Not using genus-specific database. Try --usegenus to enable it.
[16:15:49] Annotating CDS, please be patient.
[16:15:49] Will use 1 CPUs for similarity searching.
[16:15:50] There are still 2977 unannotated CDS left (started with 2977)
[16:15:50] Will use blast to search against /usr/local/bioinfo/src/PROKKA/prokka-1.14.5/db/kingdom/Bacteria/IS with 1 CPUs
[16:15:50] Running: cat \/home\/fmt073\/work\/Zhang\/Prokka\/Syal\/Syal\.IS\.tmp\.2505332\.faa | parallel --gnu --plain -j 1 --block 407275 --recstart '>' --pipe blastp -query - -db /usr/local/bioinfo/src/PROKKA/prokka-1.14.5/db/kingdom/Bacteria/IS -evalue 1e-30 -qcov_hsp_perc 90 -num_threads 1 -num_descriptions 1 -num_alignments 1 -seg no > \/home\/fmt073\/work\/Zhang\/Prokka\/Syal\/Syal\.IS\.tmp\.2505332\.blast 2> /dev/null
[16:16:31] Deleting unwanted file: /home/fmt073/work/Zhang/Prokka/Syal/Syal.IS.tmp.2505332.faa
[16:16:31] Deleting unwanted file: /home/fmt073/work/Zhang/Prokka/Syal/Syal.IS.tmp.2505332.blast
[16:16:32] There are still 2977 unannotated CDS left (started with 2977)
[16:16:32] Will use blast to search against /usr/local/bioinfo/src/PROKKA/prokka-1.14.5/db/kingdom/Bacteria/AMR with 1 CPUs
[16:16:32] Running: cat \/home\/fmt073\/work\/Zhang\/Prokka\/Syal\/Syal\.AMR\.tmp\.2505332\.faa | parallel --gnu --plain -j 1 --block 407275 --recstart '>' --pipe blastp -query - -db /usr/local/bioinfo/src/PROKKA/prokka-1.14.5/db/kingdom/Bacteria/AMR -evalue 9.99999999999999e-301 -qcov_hsp_perc 90 -num_threads 1 -num_descriptions 1 -num_alignments 1 -seg no > \/home\/fmt073\/work\/Zhang\/Prokka\/Syal\/Syal\.AMR\.tmp\.2505332\.blast 2> /dev/null
[16:17:01] Deleting unwanted file: /home/fmt073/work/Zhang/Prokka/Syal/Syal.AMR.tmp.2505332.faa
[16:17:01] Deleting unwanted file: /home/fmt073/work/Zhang/Prokka/Syal/Syal.AMR.tmp.2505332.blast
[16:17:01] There are still 2977 unannotated CDS left (started with 2977)
[16:17:01] Will use blast to search against /usr/local/bioinfo/src/PROKKA/prokka-1.14.5/db/kingdom/Bacteria/sprot with 1 CPUs
[16:17:01] Running: cat \/home\/fmt073\/work\/Zhang\/Prokka\/Syal\/Syal\.sprot\.tmp\.2505332\.faa | parallel --gnu --plain -j 1 --block 407275 --recstart '>' --pipe blastp -query - -db /usr/local/bioinfo/src/PROKKA/prokka-1.14.5/db/kingdom/Bacteria/sprot -evalue 1e-09 -qcov_hsp_perc 80 -num_threads 1 -num_descriptions 1 -num_alignments 1 -seg no > \/home\/fmt073\/work\/Zhang\/Prokka\/Syal\/Syal\.sprot\.tmp\.2505332\.blast 2> /dev/null
[16:19:48] Modify product: Probable ketoamine kinase HMPREF0351_12196 => putative ketoamine kinase
[16:19:48] Modify product: Probable adenylyltransferase/sulfurtransferase MoeZ => putative adenylyltransferase/sulfurtransferase MoeZ
[16:19:48] Modify product: Putative low molecular weight protein-tyrosine-phosphatase slr0328 => Putative low molecular weight protein-tyrosine-phosphatase
[16:19:48] Modify product: Uncharacterized phycocyanin operon protein Z => putative phycocyanin operon protein Z
[16:19:48] Modify product: Probable phycoerythrobilin lyase CpeT => putative phycoerythrobilin lyase CpeT
[16:19:48] Modify product: Probable CtpA-like serine protease => putative CtpA-like serine protease
[16:19:48] Modify product: Uncharacterized PIN and TRAM-domain containing protein YacL => putative PIN and TRAM-domain containing protein YacL
[16:19:48] Modify product: Probable glucosamine-6-phosphate deaminase 2 => putative glucosamine-6-phosphate deaminase 2
[16:19:48] Modify product: UPF0053 protein Rv2366c => hypothetical protein
[16:19:48] Modify product: UPF0225 protein YchJ => hypothetical protein
[16:19:48] Modify product: Probable peptidoglycan glycosyltransferase FtsW => putative peptidoglycan glycosyltransferase FtsW
[16:19:48] Modify product: Probable helicase HelY => putative helicase HelY
[16:19:48] Modify product: Probable dual-specificity RNA methyltransferase RlmN => putative dual-specificity RNA methyltransferase RlmN
[16:19:48] Modify product: Vitamin K epoxide reductase homolog => Vitamin K epoxide reductase 
[16:19:48] Modify product: Probable L,D-transpeptidase ErfK/SrfK => putative L,D-transpeptidase ErfK/SrfK
[16:19:48] Modify product: Probable cysteine desulfurase => putative cysteine desulfurase
[16:19:49] Modify product: Vitamin K epoxide reductase homolog => Vitamin K epoxide reductase 
[16:19:49] Modify product: Protein aq_1857 => Protein
[16:19:49] Modify product: Epimerase family protein Rv2216 => Epimerase family protein
[16:19:49] Modify product: Uncharacterized protein alr4550 => putative protein
[16:19:49] Modify product: Uncharacterized protein YciH => putative protein YciH
[16:19:49] Modify product: Probable adenylyl-sulfate kinase => putative adenylyl-sulfate kinase
[16:19:49] Modify product: Putative transport protein Rv0205 => Putative transport protein
[16:19:49] Modify product: Probable glutaredoxin ssr2061 => putative glutaredoxin
[16:19:49] Modify product: Probable L-asparaginase periplasmic => putative L-asparaginase periplasmic
[16:19:49] Modify product: Probable nicotinate-nucleotide pyrophosphorylase [carboxylating] => putative nicotinate-nucleotide pyrophosphorylase [carboxylating]
[16:19:49] Modify product: Uncharacterized ABC transporter ATP-binding protein YejF => putative ABC transporter ATP-binding protein YejF
[16:19:49] Modify product: Monocarboxylate 2-oxoacid-binding periplasmic protein all3028 => Monocarboxylate 2-oxoacid-binding periplasmic protein
[16:19:49] Modify product: Uncharacterized protein Rv2411c => putative protein
[16:19:49] Modify product: Uncharacterized protein Rv2569c => putative protein
[16:19:49] Modify product: Probable formate transporter 1 => putative formate transporter 1
[16:19:49] Modify product: Probable bifunctional SAT/APS kinase => putative bifunctional SAT/APS kinase
[16:19:49] Modify product: Uncharacterized protein Rv0628c => putative protein
[16:19:49] Modify product: UPF0053 protein HI_0107 => hypothetical protein
[16:19:49] Modify product: Aldo/keto reductase slr0942 => Aldo/keto reductase
[16:19:49] Modify product: Uncharacterized tRNA/rRNA methyltransferase HI_0380 => putative tRNA/rRNA methyltransferase
[16:19:49] Modify product: Uncharacterized oxidoreductase MSMEG_1603/MSMEI_1564 => putative oxidoreductase/MSMEI_1564
[16:19:49] Modify product: 1,4-alpha-glucan branching enzyme TTHA1902 => 1,4-alpha-glucan branching enzyme
[16:19:49] Modify product: Bifunctional protein FolD => Bifunctional protein FolD protein
[16:19:49] Modify product: Putative multidrug export ATP-binding/permease protein SAV1866 => Putative multidrug export ATP-binding/permease protein
[16:19:49] Modify product: Putative multidrug export ATP-binding/permease protein SAV1866 => Putative multidrug export ATP-binding/permease protein
[16:19:49] Modify product: UPF0145 protein YbjQ => hypothetical protein
[16:19:49] Modify product: GTP-binding protein TypA/BipA homolog => GTP-binding protein TypA/BipA 
[16:19:49] Modify product: UPF0182 protein MSMEG_1959/MSMEI_1915 => hypothetical protein
[16:19:49] Modify product: Probable ABC transporter-binding protein DR_1438 => putative ABC transporter-binding protein
[16:19:49] Modify product: Uncharacterized ABC transporter ATP-binding protein YlmA => putative ABC transporter ATP-binding protein YlmA
[16:19:49] Modify product: Uncharacterized oxidoreductase SA2266 => putative oxidoreductase
[16:19:49] Modify product: Uncharacterized protein alr4550 => putative protein
[16:19:49] Modify product: PKHD-type hydroxylase Sbal_3634 => PKHD-type hydroxylase
[16:19:49] Modify product: Probable 2-phosphosulfolactate phosphatase => putative 2-phosphosulfolactate phosphatase
[16:19:49] Modify product: Phosphorylated carbohydrates phosphatase TM_1254 => Phosphorylated carbohydrates phosphatase
[16:19:49] Modify product: Uncharacterized protein alr4550 => putative protein
[16:19:49] Modify product: Probable multidrug resistance ABC transporter ATP-binding/permease protein YheI => putative multidrug resistance ABC transporter ATP-binding/permease protein YheI
[16:19:49] Modify product: Uncharacterized zinc protease Rv2782c => putative zinc protease
[16:19:49] Modify product: Uncharacterized zinc protease Rv2782c => putative zinc protease
[16:19:49] Modify product: Uncharacterized ABC transporter ATP-binding protein Rv0986 => putative ABC transporter ATP-binding protein
[16:19:49] Modify product: Uncharacterized ABC transporter ATP-binding protein Rv0986 => putative ABC transporter ATP-binding protein
[16:19:49] Modify product: Probable ABC transporter phosphite binding protein PhnD1 => putative ABC transporter phosphite binding protein PhnD1
[16:19:49] Modify product: Probable murein peptide carboxypeptidase => putative murein peptide carboxypeptidase
[16:19:49] Modify product: Uncharacterized periplasmic iron-binding protein HI_0362 => putative periplasmic iron-binding protein
[16:19:49] Modify product: Probable cytochrome c oxidase subunit 1 => putative cytochrome c oxidase subunit 1
[16:19:49] Modify product: Uncharacterized ABC transporter ATP-binding protein TM_0288 => putative ABC transporter ATP-binding protein
[16:19:49] Modify product: Probable peptidoglycan D,D-transpeptidase PenA => putative peptidoglycan D,D-transpeptidase PenA
[16:19:50] Modify product: Uncharacterized FAD-linked oxidoreductase Rv2280 => putative FAD-linked oxidoreductase
[16:19:50] Modify product: UPF0234 protein MSMEG_1165/MSMEI_1134 => hypothetical protein
[16:19:50] Modify product: Phage shock protein A homolog => Phage shock protein A 
[16:19:50] Modify product: Uncharacterized ABC transporter ATP-binding protein YknY => putative ABC transporter ATP-binding protein YknY
[16:19:50] Modify product: Uncharacterized protein Rv1829 => putative protein
[16:19:50] Modify product: Probable cytochrome c oxidase subunit 1 => putative cytochrome c oxidase subunit 1
[16:19:50] Modify product: Probable murein peptide carboxypeptidase => putative murein peptide carboxypeptidase
[16:19:50] Modify product: Rqc2 homolog RqcH => Rqc2 RqcH
[16:19:50] Modify product: Uncharacterized N-acetyltransferase YafP => putative N-acetyltransferase YafP
[16:19:50] Modify product: Glycogen operon protein GlgX homolog => Glycogen operon protein GlgX 
[16:19:50] Modify product: Probable transcriptional regulatory protein aq_1575 => putative transcriptional regulatory protein
[16:19:50] Cleaned 74 /product names
[16:19:50] Deleting unwanted file: /home/fmt073/work/Zhang/Prokka/Syal/Syal.sprot.tmp.2505332.faa
[16:19:50] Deleting unwanted file: /home/fmt073/work/Zhang/Prokka/Syal/Syal.sprot.tmp.2505332.blast
[16:19:50] There are still 1940 unannotated CDS left (started with 2977)
[16:19:50] Will use hmmer3 to search against /usr/local/bioinfo/src/PROKKA/prokka-1.14.5/db/hmm/HAMAP.hmm with 1 CPUs
[16:19:50] Running: cat \/home\/fmt073\/work\/Zhang\/Prokka\/Syal\/Syal\.HAMAP\.hmm\.tmp\.2505332\.faa | parallel --gnu --plain -j 1 --block 220534 --recstart '>' --pipe hmmscan --noali --notextw --acc -E 1e-09 --cpu 1 /usr/local/bioinfo/src/PROKKA/prokka-1.14.5/db/hmm/HAMAP.hmm /dev/stdin > \/home\/fmt073\/work\/Zhang\/Prokka\/Syal\/Syal\.HAMAP\.hmm\.tmp\.2505332\.hmmer3 2> /dev/null
[16:21:57] Deleting unwanted file: /home/fmt073/work/Zhang/Prokka/Syal/Syal.HAMAP.hmm.tmp.2505332.faa
[16:21:57] Deleting unwanted file: /home/fmt073/work/Zhang/Prokka/Syal/Syal.HAMAP.hmm.tmp.2505332.hmmer3
[16:21:57] Labelling remaining 1716 proteins as 'hypothetical protein'
[16:21:57] Possible /pseudo 'DNA mismatch repair protein MutS' at gnl|Prokka|Syal.g_10 position 103205
[16:21:57] Possible /pseudo 'D-xylose-proton symporter' at gnl|Prokka|Syal.g_12 position 5954
[16:21:57] Possible /pseudo 'ATP-dependent Clp protease proteolytic subunit' at gnl|Prokka|Syal.g_12 position 48351
[16:21:57] Possible /pseudo 'DNA-directed RNA polymerase subunit beta'' at gnl|Prokka|Syal.g_13 position 85694
[16:21:57] Possible /pseudo 'Putative diflavin flavoprotein A 3' at gnl|Prokka|Syal.g_14 position 182727
[16:21:57] Possible /pseudo 'D-inositol-3-phosphate glycosyltransferase' at gnl|Prokka|Syal.g_15 position 146660
[16:21:57] Possible /pseudo 'Putative fluoride ion transporter CrcB' at gnl|Prokka|Syal.g_15 position 321603
[16:21:57] Possible /pseudo 'Quaternary ammonium compound-resistance protein QacC' at gnl|Prokka|Syal.g_16 position 535745
[16:21:57] Possible /pseudo 'Putative transport protein YhhT' at gnl|Prokka|Syal.g_16 position 644506
[16:21:57] Possible /pseudo 'putative zinc protease' at gnl|Prokka|Syal.g_16 position 774391
[16:21:57] Found 1025 unique /gene codes.
[16:21:57] Fixed 2 duplicate /gene - cobN_1 cobN_2
[16:21:57] Fixed 3 duplicate /gene - mprA_1 mprA_2 mprA_3
[16:21:57] Fixed 2 duplicate /gene - ddpX_1 ddpX_2
[16:21:57] Fixed 2 duplicate /gene - selO_1 selO_2
[16:21:57] Fixed 2 duplicate /gene - nadK_1 nadK_2
[16:21:57] Fixed 2 duplicate /gene - perR_1 perR_2
[16:21:57] Fixed 3 duplicate /gene - petJ_1 petJ_2 petJ_3
[16:21:57] Fixed 2 duplicate /gene - clpS_1 clpS_2
[16:21:57] Fixed 2 duplicate /gene - rlmL_1 rlmL_2
[16:21:57] Fixed 2 duplicate /gene - fabG_1 fabG_2
[16:21:57] Fixed 3 duplicate /gene - cpcS_1 cpcS_2 cpcS_3
[16:21:57] Fixed 2 duplicate /gene - amiC_1 amiC_2
[16:21:57] Fixed 2 duplicate /gene - pilT_1 pilT_2
[16:21:57] Fixed 2 duplicate /gene - yfcG_1 yfcG_2
[16:21:57] Fixed 2 duplicate /gene - galE1_1 galE1_2
[16:21:57] Fixed 6 duplicate /gene - sasA_1 sasA_2 sasA_3 sasA_4 sasA_5 sasA_6
[16:21:57] Fixed 2 duplicate /gene - nusA_1 nusA_2
[16:21:57] Fixed 3 duplicate /gene - mntB_1 mntB_2 mntB_3
[16:21:57] Fixed 2 duplicate /gene - pucC_1 pucC_2
[16:21:57] Fixed 2 duplicate /gene - clcA_1 clcA_2
[16:21:57] Fixed 2 duplicate /gene - pyrE_1 pyrE_2
[16:21:57] Fixed 2 duplicate /gene - petF_1 petF_2
[16:21:57] Fixed 2 duplicate /gene - apaH_1 apaH_2
[16:21:57] Fixed 2 duplicate /gene - hcaB_1 hcaB_2
[16:21:57] Fixed 2 duplicate /gene - hhoA_1 hhoA_2
[16:21:57] Fixed 3 duplicate /gene - xerC_1 xerC_2 xerC_3
[16:21:57] Fixed 6 duplicate /gene - btuD_1 btuD_2 btuD_3 btuD_4 btuD_5 btuD_6
[16:21:57] Fixed 2 duplicate /gene - ctaD_1 ctaD_2
[16:21:57] Fixed 2 duplicate /gene - tam_1 tam_2
[16:21:57] Fixed 2 duplicate /gene - pyrC_1 pyrC_2
[16:21:57] Fixed 2 duplicate /gene - mexB_1 mexB_2
[16:21:57] Fixed 2 duplicate /gene - glnA_1 glnA_2
[16:21:57] Fixed 2 duplicate /gene - dapL_1 dapL_2
[16:21:57] Fixed 2 duplicate /gene - atpH_1 atpH_2
[16:21:57] Fixed 2 duplicate /gene - tagU_1 tagU_2
[16:21:57] Fixed 2 duplicate /gene - gph_1 gph_2
[16:21:57] Fixed 2 duplicate /gene - der_1 der_2
[16:21:57] Fixed 4 duplicate /gene - COQ5_1 COQ5_2 COQ5_3 COQ5_4
[16:21:57] Fixed 2 duplicate /gene - atpG_1 atpG_2
[16:21:57] Fixed 2 duplicate /gene - ftsH2_1 ftsH2_2
[16:21:57] Fixed 2 duplicate /gene - msrB_1 msrB_2
[16:21:57] Fixed 3 duplicate /gene - dnaK2_1 dnaK2_2 dnaK2_3
[16:21:57] Fixed 2 duplicate /gene - cobD_1 cobD_2
[16:21:57] Fixed 2 duplicate /gene - psaK1_1 psaK1_2
[16:21:57] Fixed 3 duplicate /gene - pds_1 pds_2 pds_3
[16:21:57] Fixed 2 duplicate /gene - sepF_1 sepF_2
[16:21:57] Fixed 2 duplicate /gene - acpP_1 acpP_2
[16:21:57] Fixed 2 duplicate /gene - psbD1_1 psbD1_2
[16:21:57] Fixed 4 duplicate /gene - clpP_1 clpP_2 clpP_3 clpP_4
[16:21:57] Fixed 2 duplicate /gene - dfa3_1 dfa3_2
[16:21:57] Fixed 5 duplicate /gene - dnaJ_1 dnaJ_2 dnaJ_3 dnaJ_4 dnaJ_5
[16:21:57] Fixed 2 duplicate /gene - ligA_1 ligA_2
[16:21:57] Fixed 2 duplicate /gene - recD_1 recD_2
[16:21:57] Fixed 2 duplicate /gene - ompR_1 ompR_2
[16:21:57] Fixed 2 duplicate /gene - ntcA_1 ntcA_2
[16:21:57] Fixed 2 duplicate /gene - yhhT_1 yhhT_2
[16:21:57] Fixed 2 duplicate /gene - moaA_1 moaA_2
[16:21:57] Fixed 3 duplicate /gene - bicA_1 bicA_2 bicA_3
[16:21:57] Fixed 2 duplicate /gene - phoP_1 phoP_2
[16:21:57] Fixed 2 duplicate /gene - rnr_1 rnr_2
[16:21:57] Fixed 2 duplicate /gene - polA_1 polA_2
[16:21:57] Fixed 2 duplicate /gene - wecA_1 wecA_2
[16:21:57] Fixed 2 duplicate /gene - lpxB_1 lpxB_2
[16:21:57] Fixed 2 duplicate /gene - ndhI_1 ndhI_2
[16:21:57] Fixed 2 duplicate /gene - mnmE_1 mnmE_2
[16:21:57] Fixed 2 duplicate /gene - clpB1_1 clpB1_2
[16:21:57] Fixed 2 duplicate /gene - yciC_1 yciC_2
[16:21:57] Fixed 2 duplicate /gene - rlmB_1 rlmB_2
[16:21:57] Fixed 3 duplicate /gene - psbA1_1 psbA1_2 psbA1_3
[16:21:57] Fixed 2 duplicate /gene - mutS_1 mutS_2
[16:21:57] Fixed 3 duplicate /gene - ndhD1_1 ndhD1_2 ndhD1_3
[16:21:57] Fixed 2 duplicate /gene - cysQ_1 cysQ_2
[16:21:57] Fixed 2 duplicate /gene - menA_1 menA_2
[16:21:57] Fixed 2 duplicate /gene - bcp_1 bcp_2
[16:21:57] Fixed 2 duplicate /gene - pstS_1 pstS_2
[16:21:57] Fixed 2 duplicate /gene - epsF_1 epsF_2
[16:21:57] Fixed 2 duplicate /gene - ruvB_1 ruvB_2
[16:21:57] Fixed 2 duplicate /gene - tetA_1 tetA_2
[16:21:57] Fixed 2 duplicate /gene - ecfA1_1 ecfA1_2
[16:21:57] Fixed 2 duplicate /gene - gyrA_1 gyrA_2
[16:21:57] Fixed 3 duplicate /gene - mnmC_1 mnmC_2 mnmC_3
[16:21:57] Fixed 2 duplicate /gene - sir_1 sir_2
[16:21:57] Fixed 4 duplicate /gene - menH_1 menH_2 menH_3 menH_4
[16:21:57] Fixed 2 duplicate /gene - ettA_1 ettA_2
[16:21:57] Fixed 2 duplicate /gene - pcyA_1 pcyA_2
[16:21:57] Fixed 2 duplicate /gene - xylE_1 xylE_2
[16:21:57] Fixed 2 duplicate /gene - qacC_1 qacC_2
[16:21:57] Fixed 6 duplicate /gene - sigA2_1 sigA2_2 sigA2_3 sigA2_4 sigA2_5 sigA2_6
[16:21:57] Fixed 2 duplicate /gene - mscL_1 mscL_2
[16:21:57] Fixed 3 duplicate /gene - arnC_1 arnC_2 arnC_3
[16:21:57] Fixed 2 duplicate /gene - algA_1 algA_2
[16:21:57] Fixed 2 duplicate /gene - ppa_1 ppa_2
[16:21:57] Fixed 4 duplicate /gene - ubiB_1 ubiB_2 ubiB_3 ubiB_4
[16:21:57] Fixed 2 duplicate /gene - nuoL_1 nuoL_2
[16:21:57] Fixed 2 duplicate /gene - RBKS_1 RBKS_2
[16:21:57] Fixed 2 duplicate /gene - crcB_1 crcB_2
[16:21:57] Fixed 7 duplicate /gene - mshA_1 mshA_2 mshA_3 mshA_4 mshA_5 mshA_6 mshA_7
[16:21:57] Fixed 2 duplicate /gene - speA_1 speA_2
[16:21:57] Fixed 2 duplicate /gene - ykfA_1 ykfA_2
[16:21:57] Fixed 2 duplicate /gene - mdtA_1 mdtA_2
[16:21:57] Fixed 100 colliding /gene names.
[16:21:57] Adding /locus_tag identifiers
[16:21:57] Assigned 3022 locus_tags to CDS and RNA features.
[16:21:57] Writing outputs to /home/fmt073/work/Zhang/Prokka/Syal/
[16:21:59] Generating annotation statistics file
[16:21:59] Generating Genbank and Sequin files
[16:21:59] Running: tbl2asn -V b -a r10k -l paired-ends -M n -N 1 -y 'Annotated using prokka 1.14.5 from https://github.com/tseemann/prokka' -Z \/home\/fmt073\/work\/Zhang\/Prokka\/Syal\/Syal\.err -i \/home\/fmt073\/work\/Zhang\/Prokka\/Syal\/Syal\.fsa 2> /dev/null
[16:22:04] Deleting unwanted file: /home/fmt073/work/Zhang/Prokka/Syal/errorsummary.val
[16:22:04] Deleting unwanted file: /home/fmt073/work/Zhang/Prokka/Syal/Syal.dr
[16:22:04] Deleting unwanted file: /home/fmt073/work/Zhang/Prokka/Syal/Syal.fixedproducts
[16:22:04] Deleting unwanted file: /home/fmt073/work/Zhang/Prokka/Syal/Syal.ecn
[16:22:04] Deleting unwanted file: /home/fmt073/work/Zhang/Prokka/Syal/Syal.val
[16:22:04] Repairing broken .GBK output that tbl2asn produces...
[16:22:04] Running: sed 's/COORDINATES: profile/COORDINATES:profile/' < \/home\/fmt073\/work\/Zhang\/Prokka\/Syal\/Syal\.gbf > \/home\/fmt073\/work\/Zhang\/Prokka\/Syal\/Syal\.gbk
[16:22:04] Deleting unwanted file: /home/fmt073/work/Zhang/Prokka/Syal/Syal.gbf
[16:22:04] Output files:
[16:22:04] /home/fmt073/work/Zhang/Prokka/Syal/Syal.ffn
[16:22:04] /home/fmt073/work/Zhang/Prokka/Syal/Syal.sqn
[16:22:04] /home/fmt073/work/Zhang/Prokka/Syal/Syal.tbl
[16:22:04] /home/fmt073/work/Zhang/Prokka/Syal/Syal.fsa
[16:22:04] /home/fmt073/work/Zhang/Prokka/Syal/Syal.gff
[16:22:04] /home/fmt073/work/Zhang/Prokka/Syal/Syal.txt
[16:22:04] /home/fmt073/work/Zhang/Prokka/Syal/Syal.log
[16:22:04] /home/fmt073/work/Zhang/Prokka/Syal/Syal.fna
[16:22:04] /home/fmt073/work/Zhang/Prokka/Syal/Syal.faa
[16:22:04] /home/fmt073/work/Zhang/Prokka/Syal/Syal.gbk
[16:22:04] /home/fmt073/work/Zhang/Prokka/Syal/Syal.err
[16:22:04] /home/fmt073/work/Zhang/Prokka/Syal/Syal.tsv
[16:22:04] Annotation finished successfully.
[16:22:04] Walltime used: 6.45 minutes
[16:22:04] If you use this result please cite the Prokka paper:
[16:22:04] Seemann T (2014) Prokka: rapid prokaryotic genome annotation. Bioinformatics. 30(14):2068-9.
[16:22:04] Type 'prokka --citation' for more details.
[16:22:04] Share and enjoy!
