[16:05:21] This is prokka 1.14.5
[16:05:21] Written by Torsten Seemann <torsten.seemann@gmail.com>
[16:05:21] Homepage is https://github.com/tseemann/prokka
[16:05:21] Local time is Thu Oct 16 16:05:21 2025
[16:05:21] You are fmt073
[16:05:21] Operating system is linux
[16:05:21] You have BioPerl 1.7.8
[16:05:21] System has 128 cores.
[16:05:21] Will use maximum of 2 cores.
[16:05:21] Annotating as >>> Bacteria <<<
[16:05:21] Enabling options to ensure Genbank/ENA/DDJB submission compliance.
[16:05:21] Creating new output folder: /home/fmt073/work/Zhang/Prokka/Praa
[16:05:21] Running: mkdir -p \/home\/fmt073\/work\/Zhang\/Prokka\/Praa
[16:05:21] Using filename prefix: Praa.XXX
[16:05:21] Setting HMMER_NCPU=1
[16:05:21] Writing log to: /home/fmt073/work/Zhang/Prokka/Praa/Praa.log
[16:05:21] Command: /usr/local/bioinfo/src/PROKKA/prokka-1.14.5/bin/prokka /home/fmt073/work/Zhang/DNA/Praa.fna --outdir /home/fmt073/work/Zhang/Prokka/Praa --compliant --addgenes --prefix Praa --locustag Praa.g --genus Prochlorococcus --species Prochlorococcus marinus --strain AS9601 --kingdom Bacteria --cpus 2
[16:05:21] Appending to PATH: /usr/local/bioinfo/src/PROKKA/prokka-1.14.5/bin/../binaries/linux
[16:05:21] Appending to PATH: /usr/local/bioinfo/src/PROKKA/prokka-1.14.5/bin/../binaries/linux/../common
[16:05:21] Appending to PATH: /usr/local/bioinfo/src/PROKKA/prokka-1.14.5/bin
[16:05:21] Looking for 'aragorn' - found /usr/local/bioinfo/src/PROKKA/prokka-1.14.5/binaries/linux/aragorn
[16:05:21] Determined aragorn version is 001002 from 'ARAGORN v1.2.38 Dean Laslett'
[16:05:21] Looking for 'blastp' - found /usr/local/bioinfo/src/PROKKA/prokka-1.14.5/binaries/linux/blastp
[16:05:21] Determined blastp version is 002009 from 'blastp: 2.9.0+'
[16:05:21] Looking for 'cmpress' - found /usr/local/bioinfo/src/PROKKA/prokka-1.14.5/binaries/linux/cmpress
[16:05:21] Determined cmpress version is 001001 from '# INFERNAL 1.1.2 (July 2016)'
[16:05:21] Looking for 'cmscan' - found /usr/local/bioinfo/src/PROKKA/prokka-1.14.5/binaries/linux/cmscan
[16:05:21] Determined cmscan version is 001001 from '# INFERNAL 1.1.2 (July 2016)'
[16:05:21] Looking for 'egrep' - found /usr/bin/egrep
[16:05:21] Looking for 'find' - found /usr/bin/find
[16:05:21] Looking for 'grep' - found /usr/bin/grep
[16:05:21] Looking for 'hmmpress' - found /usr/local/bioinfo/src/PROKKA/prokka-1.14.5/binaries/linux/hmmpress
[16:05:21] Determined hmmpress version is 003001 from '# HMMER 3.1b2 (February 2015); http://hmmer.org/'
[16:05:21] Looking for 'hmmscan' - found /usr/local/bioinfo/src/PROKKA/prokka-1.14.5/binaries/linux/hmmscan
[16:05:21] Determined hmmscan version is 003001 from '# HMMER 3.1b2 (February 2015); http://hmmer.org/'
[16:05:21] Looking for 'java' - found /usr/bin/java
[16:05:21] Looking for 'makeblastdb' - found /usr/local/bioinfo/src/PROKKA/prokka-1.14.5/binaries/linux/makeblastdb
[16:05:21] Determined makeblastdb version is 002009 from 'makeblastdb: 2.9.0+'
[16:05:21] Looking for 'minced' - found /usr/local/bioinfo/src/PROKKA/prokka-1.14.5/binaries/common/minced
[16:05:21] Determined minced version is 002000 from 'minced 0.2.0'
[16:05:21] Looking for 'parallel' - found /usr/local/bioinfo/src/PROKKA/prokka-1.14.5/binaries/common/parallel
[16:05:21] Determined parallel version is 20150122 from 'GNU parallel 20150122'
[16:05:21] Looking for 'prodigal' - found /usr/local/bioinfo/src/PROKKA/prokka-1.14.5/binaries/linux/prodigal
[16:05:21] Determined prodigal version is 002006 from 'Prodigal V2.6.3: February, 2016'
[16:05:21] Looking for 'prokka-genbank_to_fasta_db' - found /usr/local/bioinfo/src/PROKKA/prokka-1.14.5/bin/prokka-genbank_to_fasta_db
[16:05:21] Looking for 'sed' - found /usr/bin/sed
[16:05:21] Looking for 'tbl2asn' - found /usr/local/bioinfo/src/PROKKA/prokka-1.14.5/binaries/linux/tbl2asn
[16:05:21] Determined tbl2asn version is 025008 from 'tbl2asn 25.8   arguments:'
[16:05:21] Using genetic code table 11.
[16:05:21] Loading and checking input file: /home/fmt073/work/Zhang/DNA/Praa.fna
[16:05:21] Wrote 1 contigs totalling 1669886 bp.
[16:05:21] Predicting tRNAs and tmRNAs
[16:05:21] Running: aragorn -l -gc11  -w \/home\/fmt073\/work\/Zhang\/Prokka\/Praa\/Praa\.fna
[16:05:22] 1 tmRNA* c[67563,67872] 169,219 ANKIVSFSRQTAPVAA*
[16:05:22] 2 tRNA-Leu c[76716,76799] 36 (aag)
[16:05:22] 3 tRNA-Asn [133959,134032] 34 (gtt)
[16:05:22] 4 tRNA-Leu [239473,239555] 35 (tag)
[16:05:22] 5 tRNA-Arg c[259344,259419] 36 (acg)
[16:05:22] 6 tRNA-Met c[274475,274549] 35 (cat)
[16:05:22] 7 tRNA-Phe c[306351,306425] 34 (gaa)
[16:05:22] 8 tRNA-Thr c[315066,315137] 33 (tgt)
[16:05:22] 9 tRNA-Ile [324606,324681] 36 (gat)
[16:05:22] 10 tRNA-Ala [324693,324766] 34 (tgc)
[16:05:22] 11 tRNA-Thr c[356527,356599] 33 (ggt)
[16:05:22] 12 tRNA-Thr c[380826,380898] 33 (ggt)
[16:05:22] 13 tRNA-Tyr c[380908,380990] 35 (gta)
[16:05:22] 14 tRNA-Asp c[461205,461280] 36 (gtc)
[16:05:22] 15 tRNA-Trp c[461658,461732] 35 (cca)
[16:05:22] 16 tRNA-Leu [548164,548251] 36 (taa)
[16:05:22] 17 tRNA-Ser c[633339,633427] 36 (tga)
[16:05:22] 18 tRNA-Pro c[776995,777068] 35 (ggg)
[16:05:22] 19 tRNA-Ser [829984,830070] 35 (gga)
[16:05:22] 20 tRNA-Met [870778,870853] 36 (cat)
[16:05:22] 21 tRNA-Met [912293,912369] 35 (cat)
[16:05:22] 22 tRNA-Glu c[997777,997851] 36 (ttc)
[16:05:22] 23 tRNA-Lys [1041467,1041539] 33 (ttt)
[16:05:22] 24 tRNA-Pro [1049968,1050042] 35 (tgg)
[16:05:22] 25 tRNA-Ser c[1126407,1126493] 36 (cga)
[16:05:22] 26 tRNA-Arg [1155975,1156050] 36 (tct)
[16:05:22] 27 tRNA-Ala c[1201167,1201241] 35 (ggc)
[16:05:22] 28 tRNA-Leu [1282555,1282637] 35 (caa)
[16:05:22] 29 tRNA-His [1287814,1287887] 34 (gtg)
[16:05:22] 30 tRNA-Gly c[1304179,1304249] 33 (tcc)
[16:05:22] 31 tRNA-Val [1335754,1335825] 33 (gac)
[16:05:22] 32 tRNA-Thr [1444206,1444278] 33 (cgt)
[16:05:22] 33 tRNA-Ser c[1480450,1480540] 36 (gct)
[16:05:22] 34 tRNA-Gln [1500368,1500439] 33 (ttg)
[16:05:22] 35 tRNA-Arg [1513068,1513141] 35 (ccg)
[16:05:22] 36 tRNA-Cys [1527715,1527785] 33 (gca)
[16:05:22] 37 tRNA-Arg c[1546237,1546312] 36 (cct)
[16:05:22] 38 tRNA-Gly c[1582699,1582770] 33 (gcc)
[16:05:22] 39 tRNA-Val c[1629262,1629333] 33 (tac)
[16:05:22] Found 39 tRNAs
[16:05:22] Predicting Ribosomal RNAs
[16:05:22] You need either Barrnap or RNAmmer installed to predict rRNAs!
[16:05:22] Skipping ncRNA search, enable with --rfam if desired.
[16:05:22] Total of 38 tRNA + rRNA features
[16:05:22] Searching for CRISPR repeats
[16:05:22] Found 0 CRISPRs
[16:05:22] Predicting coding sequences
[16:05:22] Contigs total 1669886 bp, so using single mode
[16:05:22] Running: prodigal -i \/home\/fmt073\/work\/Zhang\/Prokka\/Praa\/Praa\.fna -c -m -g 11 -p single -f sco -q
[16:05:25] Excluding CDS which overlaps existing RNA (tRNA) at gnl|Prokka|Praa.g_1:1282564..1283817 on + strand
[16:05:25] Excluding CDS which overlaps existing RNA (tRNA) at gnl|Prokka|Praa.g_1:1526443..1527855 on - strand
[16:05:25] Found 1889 CDS
[16:05:25] Connecting features back to sequences
[16:05:25] Not using genus-specific database. Try --usegenus to enable it.
[16:05:25] Annotating CDS, please be patient.
[16:05:25] Will use 2 CPUs for similarity searching.
[16:05:25] There are still 1889 unannotated CDS left (started with 1889)
[16:05:25] Will use blast to search against /usr/local/bioinfo/src/PROKKA/prokka-1.14.5/db/kingdom/Bacteria/IS with 2 CPUs
[16:05:25] Running: cat \/home\/fmt073\/work\/Zhang\/Prokka\/Praa\/Praa\.IS\.tmp\.3347498\.faa | parallel --gnu --plain -j 2 --block 128965 --recstart '>' --pipe blastp -query - -db /usr/local/bioinfo/src/PROKKA/prokka-1.14.5/db/kingdom/Bacteria/IS -evalue 1e-30 -qcov_hsp_perc 90 -num_threads 1 -num_descriptions 1 -num_alignments 1 -seg no > \/home\/fmt073\/work\/Zhang\/Prokka\/Praa\/Praa\.IS\.tmp\.3347498\.blast 2> /dev/null
[16:05:38] Deleting unwanted file: /home/fmt073/work/Zhang/Prokka/Praa/Praa.IS.tmp.3347498.faa
[16:05:38] Deleting unwanted file: /home/fmt073/work/Zhang/Prokka/Praa/Praa.IS.tmp.3347498.blast
[16:05:38] There are still 1889 unannotated CDS left (started with 1889)
[16:05:38] Will use blast to search against /usr/local/bioinfo/src/PROKKA/prokka-1.14.5/db/kingdom/Bacteria/AMR with 2 CPUs
[16:05:38] Running: cat \/home\/fmt073\/work\/Zhang\/Prokka\/Praa\/Praa\.AMR\.tmp\.3347498\.faa | parallel --gnu --plain -j 2 --block 128965 --recstart '>' --pipe blastp -query - -db /usr/local/bioinfo/src/PROKKA/prokka-1.14.5/db/kingdom/Bacteria/AMR -evalue 9.99999999999999e-301 -qcov_hsp_perc 90 -num_threads 1 -num_descriptions 1 -num_alignments 1 -seg no > \/home\/fmt073\/work\/Zhang\/Prokka\/Praa\/Praa\.AMR\.tmp\.3347498\.blast 2> /dev/null
[16:05:47] Deleting unwanted file: /home/fmt073/work/Zhang/Prokka/Praa/Praa.AMR.tmp.3347498.faa
[16:05:47] Deleting unwanted file: /home/fmt073/work/Zhang/Prokka/Praa/Praa.AMR.tmp.3347498.blast
[16:05:48] There are still 1889 unannotated CDS left (started with 1889)
[16:05:48] Will use blast to search against /usr/local/bioinfo/src/PROKKA/prokka-1.14.5/db/kingdom/Bacteria/sprot with 2 CPUs
[16:05:48] Running: cat \/home\/fmt073\/work\/Zhang\/Prokka\/Praa\/Praa\.sprot\.tmp\.3347498\.faa | parallel --gnu --plain -j 2 --block 128965 --recstart '>' --pipe blastp -query - -db /usr/local/bioinfo/src/PROKKA/prokka-1.14.5/db/kingdom/Bacteria/sprot -evalue 1e-09 -qcov_hsp_perc 80 -num_threads 1 -num_descriptions 1 -num_alignments 1 -seg no > \/home\/fmt073\/work\/Zhang\/Prokka\/Praa\/Praa\.sprot\.tmp\.3347498\.blast 2> /dev/null
[16:06:38] Modify product: Probable cysteine desulfurase => putative cysteine desulfurase
[16:06:38] Modify product: Probable ATP-dependent transporter SufC => putative ATP-dependent transporter SufC
[16:06:38] Modify product: Uncharacterized ABC transporter ATP-binding protein YheS => putative ABC transporter ATP-binding protein YheS
[16:06:38] Modify product: Vitamin K epoxide reductase homolog => Vitamin K epoxide reductase 
[16:06:38] Modify product: Epimerase family protein Rv2216 => Epimerase family protein
[16:06:38] Modify product: Probable glutaredoxin ssr2061 => putative glutaredoxin
[16:06:38] Modify product: Probable nicotinate-nucleotide pyrophosphorylase [carboxylating] => putative nicotinate-nucleotide pyrophosphorylase [carboxylating]
[16:06:38] Modify product: Uncharacterized ABC transporter ATP-binding protein YejF => putative ABC transporter ATP-binding protein YejF
[16:06:38] Modify product: Probable protein kinase UbiB => putative protein kinase UbiB
[16:06:38] Modify product: Probable bifunctional SAT/APS kinase => putative bifunctional SAT/APS kinase
[16:06:38] Modify product: UPF0053 protein Rv1842c => hypothetical protein
[16:06:38] Modify product: Probable ribonucleotide transport ATP-binding protein mkl => putative ribonucleotide transport ATP-binding protein mkl
[16:06:38] Modify product: Uncharacterized ABC transporter ATP-binding protein YknY => putative ABC transporter ATP-binding protein YknY
[16:06:38] Modify product: Probable cytochrome c oxidase subunit 1 => putative cytochrome c oxidase subunit 1
[16:06:38] Modify product: Probable murein peptide carboxypeptidase => putative murein peptide carboxypeptidase
[16:06:38] Modify product: Rqc2 homolog RqcH => Rqc2 RqcH
[16:06:38] Modify product: UPF0234 protein MSMEG_1165/MSMEI_1134 => hypothetical protein
[16:06:38] Modify product: Uncharacterized ABC transporter ATP-binding protein TM_0288 => putative ABC transporter ATP-binding protein
[16:06:38] Modify product: Probable 2-phosphosulfolactate phosphatase => putative 2-phosphosulfolactate phosphatase
[16:06:38] Modify product: Uncharacterized ABC transporter ATP-binding protein Rv0986 => putative ABC transporter ATP-binding protein
[16:06:38] Modify product: Probable ABC transporter phosphite binding protein PhnD1 => putative ABC transporter phosphite binding protein PhnD1
[16:06:38] Modify product: Uncharacterized zinc protease Rv2782c => putative zinc protease
[16:06:38] Modify product: Uncharacterized ABC transporter ATP-binding protein Rv0986 => putative ABC transporter ATP-binding protein
[16:06:38] Modify product: GTP-binding protein TypA/BipA homolog => GTP-binding protein TypA/BipA 
[16:06:38] Modify product: Uncharacterized ABC transporter ATP-binding protein YlmA => putative ABC transporter ATP-binding protein YlmA
[16:06:38] Modify product: Probable multidrug resistance ABC transporter ATP-binding/permease protein YheI => putative multidrug resistance ABC transporter ATP-binding/permease protein YheI
[16:06:39] Modify product: Uncharacterized PIN and TRAM-domain containing protein YacL => putative PIN and TRAM-domain containing protein YacL
[16:06:39] Modify product: Glycogen operon protein GlgX homolog => Glycogen operon protein GlgX 
[16:06:39] Modify product: Probable cytosol aminopeptidase => putative cytosol aminopeptidase
[16:06:39] Modify product: Uncharacterized protein HI_0933 => putative protein
[16:06:39] Modify product: UPF0053 protein Rv2366c => hypothetical protein
[16:06:39] Modify product: Probable peptidoglycan glycosyltransferase FtsW => putative peptidoglycan glycosyltransferase FtsW
[16:06:39] Modify product: Probable dual-specificity RNA methyltransferase RlmN => putative dual-specificity RNA methyltransferase RlmN
[16:06:39] Modify product: Probable ketoamine kinase HMPREF0351_12196 => putative ketoamine kinase
[16:06:39] Modify product: Probable adenylyltransferase/sulfurtransferase MoeZ => putative adenylyltransferase/sulfurtransferase MoeZ
[16:06:39] Modify product: Putative low molecular weight protein-tyrosine-phosphatase slr0328 => Putative low molecular weight protein-tyrosine-phosphatase
[16:06:39] Modify product: Putative multidrug export ATP-binding/permease protein SAV1866 => Putative multidrug export ATP-binding/permease protein
[16:06:39] Modify product: Uncharacterized protein Rv2411c => putative protein
[16:06:39] Modify product: Uncharacterized tRNA/rRNA methyltransferase HI_0380 => putative tRNA/rRNA methyltransferase
[16:06:39] Modify product: Uncharacterized oxidoreductase MSMEG_1603/MSMEI_1564 => putative oxidoreductase/MSMEI_1564
[16:06:39] Modify product: 1,4-alpha-glucan branching enzyme TTHA1902 => 1,4-alpha-glucan branching enzyme
[16:06:39] Modify product: Bifunctional protein FolD => Bifunctional protein FolD protein
[16:06:39] Modify product: Putative multidrug export ATP-binding/permease protein SAV1866 => Putative multidrug export ATP-binding/permease protein
[16:06:39] Modify product: Uncharacterized protein RP812 => putative protein RP812
[16:06:39] Modify product: Putative polysaccharide biosynthesis protein with aminopeptidase-like domain => Putative polysaccharide biosynthesis protein with aminopeptidase-like domain protein
[16:06:39] Modify product: PKHD-type hydroxylase Sbal_3634 => PKHD-type hydroxylase
[16:06:39] Modify product: Uncharacterized protein alr4550 => putative protein
[16:06:39] Modify product: Probable undecaprenyl-phosphate N-acetylglucosaminyl 1-phosphate transferase => putative undecaprenyl-phosphate N-acetylglucosaminyl 1-phosphate transferase
[16:06:39] Cleaned 48 /product names
[16:06:39] Deleting unwanted file: /home/fmt073/work/Zhang/Prokka/Praa/Praa.sprot.tmp.3347498.faa
[16:06:39] Deleting unwanted file: /home/fmt073/work/Zhang/Prokka/Praa/Praa.sprot.tmp.3347498.blast
[16:06:39] There are still 1063 unannotated CDS left (started with 1889)
[16:06:39] Will use hmmer3 to search against /usr/local/bioinfo/src/PROKKA/prokka-1.14.5/db/hmm/HAMAP.hmm with 2 CPUs
[16:06:39] Running: cat \/home\/fmt073\/work\/Zhang\/Prokka\/Praa\/Praa\.HAMAP\.hmm\.tmp\.3347498\.faa | parallel --gnu --plain -j 2 --block 54674 --recstart '>' --pipe hmmscan --noali --notextw --acc -E 1e-09 --cpu 1 /usr/local/bioinfo/src/PROKKA/prokka-1.14.5/db/hmm/HAMAP.hmm /dev/stdin > \/home\/fmt073\/work\/Zhang\/Prokka\/Praa\/Praa\.HAMAP\.hmm\.tmp\.3347498\.hmmer3 2> /dev/null
[16:07:29] Deleting unwanted file: /home/fmt073/work/Zhang/Prokka/Praa/Praa.HAMAP.hmm.tmp.3347498.faa
[16:07:29] Deleting unwanted file: /home/fmt073/work/Zhang/Prokka/Praa/Praa.HAMAP.hmm.tmp.3347498.hmmer3
[16:07:29] Labelling remaining 906 proteins as 'hypothetical protein'
[16:07:29] Possible /pseudo 'D-alanyl-D-alanine dipeptidase' at gnl|Prokka|Praa.g_1 position 706436
[16:07:29] Possible /pseudo 'ATP-dependent Clp protease proteolytic subunit' at gnl|Prokka|Praa.g_1 position 1296948
[16:07:29] Possible /pseudo 'Phosphoribosylaminoimidazole-succinocarboxamide synthase' at gnl|Prokka|Praa.g_1 position 1319801
[16:07:29] Possible /pseudo 'DNA-directed RNA polymerase subunit beta'' at gnl|Prokka|Praa.g_1 position 1428254
[16:07:29] Possible /pseudo 'Putative fluoride ion transporter CrcB' at gnl|Prokka|Praa.g_1 position 1572576
[16:07:29] Found 850 unique /gene codes.
[16:07:29] Fixed 3 duplicate /gene - ddpX_1 ddpX_2 ddpX_3
[16:07:29] Fixed 3 duplicate /gene - mntB_1 mntB_2 mntB_3
[16:07:29] Fixed 2 duplicate /gene - cobD_1 cobD_2
[16:07:29] Fixed 2 duplicate /gene - glmM_1 glmM_2
[16:07:29] Fixed 2 duplicate /gene - pglK_1 pglK_2
[16:07:29] Fixed 2 duplicate /gene - mnmC_1 mnmC_2
[16:07:29] Fixed 2 duplicate /gene - der_1 der_2
[16:07:29] Fixed 3 duplicate /gene - sasA_1 sasA_2 sasA_3
[16:07:29] Fixed 2 duplicate /gene - lpxB_1 lpxB_2
[16:07:29] Fixed 2 duplicate /gene - hldD_1 hldD_2
[16:07:29] Fixed 2 duplicate /gene - prmC_1 prmC_2
[16:07:29] Fixed 2 duplicate /gene - ndhD1_1 ndhD1_2
[16:07:29] Fixed 2 duplicate /gene - petF_1 petF_2
[16:07:29] Fixed 2 duplicate /gene - pnp_1 pnp_2
[16:07:29] Fixed 2 duplicate /gene - hisB_1 hisB_2
[16:07:29] Fixed 3 duplicate /gene - dnaJ_1 dnaJ_2 dnaJ_3
[16:07:29] Fixed 2 duplicate /gene - nadK_1 nadK_2
[16:07:29] Fixed 2 duplicate /gene - iolG_1 iolG_2
[16:07:29] Fixed 2 duplicate /gene - hhoA_1 hhoA_2
[16:07:29] Fixed 2 duplicate /gene - hisF_1 hisF_2
[16:07:29] Fixed 2 duplicate /gene - bcp_1 bcp_2
[16:07:29] Fixed 2 duplicate /gene - ftsH2_1 ftsH2_2
[16:07:29] Fixed 3 duplicate /gene - ubiB_1 ubiB_2 ubiB_3
[16:07:29] Fixed 2 duplicate /gene - cysQ_1 cysQ_2
[16:07:29] Fixed 2 duplicate /gene - btuD_1 btuD_2
[16:07:29] Fixed 2 duplicate /gene - crcB_1 crcB_2
[16:07:29] Fixed 2 duplicate /gene - cpoB_1 cpoB_2
[16:07:29] Fixed 3 duplicate /gene - sigA2_1 sigA2_2 sigA2_3
[16:07:29] Fixed 2 duplicate /gene - hisH_1 hisH_2
[16:07:29] Fixed 2 duplicate /gene - menH_1 menH_2
[16:07:29] Fixed 2 duplicate /gene - speA_1 speA_2
[16:07:29] Fixed 2 duplicate /gene - dnaK2_1 dnaK2_2
[16:07:29] Fixed 2 duplicate /gene - atpG_1 atpG_2
[16:07:29] Fixed 2 duplicate /gene - cobN_1 cobN_2
[16:07:29] Fixed 2 duplicate /gene - pds_1 pds_2
[16:07:29] Fixed 2 duplicate /gene - psbF_1 psbF_2
[16:07:29] Fixed 2 duplicate /gene - COQ5_1 COQ5_2
[16:07:29] Fixed 2 duplicate /gene - yciC_1 yciC_2
[16:07:29] Fixed 2 duplicate /gene - clpS_1 clpS_2
[16:07:29] Fixed 2 duplicate /gene - fabG_1 fabG_2
[16:07:29] Fixed 2 duplicate /gene - ppa_1 ppa_2
[16:07:29] Fixed 2 duplicate /gene - iscS_1 iscS_2
[16:07:29] Fixed 2 duplicate /gene - arnT_1 arnT_2
[16:07:29] Fixed 2 duplicate /gene - psbA_1 psbA_2
[16:07:29] Fixed 2 duplicate /gene - rnr_1 rnr_2
[16:07:29] Fixed 2 duplicate /gene - fcl_1 fcl_2
[16:07:29] Fixed 2 duplicate /gene - ruvB_1 ruvB_2
[16:07:29] Fixed 2 duplicate /gene - purN_1 purN_2
[16:07:29] Fixed 2 duplicate /gene - menA_1 menA_2
[16:07:29] Fixed 2 duplicate /gene - gyrA_1 gyrA_2
[16:07:29] Fixed 2 duplicate /gene - bicA_1 bicA_2
[16:07:29] Fixed 2 duplicate /gene - atpH_1 atpH_2
[16:07:29] Fixed 2 duplicate /gene - clpB1_1 clpB1_2
[16:07:29] Fixed 2 duplicate /gene - cugP_1 cugP_2
[16:07:29] Fixed 2 duplicate /gene - crtL_1 crtL_2
[16:07:29] Fixed 4 duplicate /gene - clpP_1 clpP_2 clpP_3 clpP_4
[16:07:29] Fixed 2 duplicate /gene - lig_1 lig_2
[16:07:29] Fixed 2 duplicate /gene - purC_1 purC_2
[16:07:29] Fixed 2 duplicate /gene - era_1 era_2
[16:07:29] Fixed 2 duplicate /gene - menF_1 menF_2
[16:07:29] Fixed 60 colliding /gene names.
[16:07:29] Adding /locus_tag identifiers
[16:07:29] Assigned 1928 locus_tags to CDS and RNA features.
[16:07:29] Writing outputs to /home/fmt073/work/Zhang/Prokka/Praa/
[16:07:30] Generating annotation statistics file
[16:07:30] Generating Genbank and Sequin files
[16:07:30] Running: tbl2asn -V b -a r10k -l paired-ends -M n -N 1 -y 'Annotated using prokka 1.14.5 from https://github.com/tseemann/prokka' -Z \/home\/fmt073\/work\/Zhang\/Prokka\/Praa\/Praa\.err -i \/home\/fmt073\/work\/Zhang\/Prokka\/Praa\/Praa\.fsa 2> /dev/null
[16:07:33] Deleting unwanted file: /home/fmt073/work/Zhang/Prokka/Praa/errorsummary.val
[16:07:33] Deleting unwanted file: /home/fmt073/work/Zhang/Prokka/Praa/Praa.dr
[16:07:33] Deleting unwanted file: /home/fmt073/work/Zhang/Prokka/Praa/Praa.fixedproducts
[16:07:33] Deleting unwanted file: /home/fmt073/work/Zhang/Prokka/Praa/Praa.ecn
[16:07:33] Deleting unwanted file: /home/fmt073/work/Zhang/Prokka/Praa/Praa.val
[16:07:33] Repairing broken .GBK output that tbl2asn produces...
[16:07:33] Running: sed 's/COORDINATES: profile/COORDINATES:profile/' < \/home\/fmt073\/work\/Zhang\/Prokka\/Praa\/Praa\.gbf > \/home\/fmt073\/work\/Zhang\/Prokka\/Praa\/Praa\.gbk
[16:07:33] Deleting unwanted file: /home/fmt073/work/Zhang/Prokka/Praa/Praa.gbf
[16:07:33] Output files:
[16:07:33] /home/fmt073/work/Zhang/Prokka/Praa/Praa.gbk
[16:07:33] /home/fmt073/work/Zhang/Prokka/Praa/Praa.sqn
[16:07:33] /home/fmt073/work/Zhang/Prokka/Praa/Praa.ffn
[16:07:33] /home/fmt073/work/Zhang/Prokka/Praa/Praa.log
[16:07:33] /home/fmt073/work/Zhang/Prokka/Praa/Praa.tbl
[16:07:33] /home/fmt073/work/Zhang/Prokka/Praa/Praa.tsv
[16:07:33] /home/fmt073/work/Zhang/Prokka/Praa/Praa.err
[16:07:33] /home/fmt073/work/Zhang/Prokka/Praa/Praa.gff
[16:07:33] /home/fmt073/work/Zhang/Prokka/Praa/Praa.fna
[16:07:33] /home/fmt073/work/Zhang/Prokka/Praa/Praa.faa
[16:07:33] /home/fmt073/work/Zhang/Prokka/Praa/Praa.txt
[16:07:33] /home/fmt073/work/Zhang/Prokka/Praa/Praa.fsa
[16:07:33] Annotation finished successfully.
[16:07:33] Walltime used: 2.20 minutes
[16:07:33] If you use this result please cite the Prokka paper:
[16:07:33] Seemann T (2014) Prokka: rapid prokaryotic genome annotation. Bioinformatics. 30(14):2068-9.
[16:07:33] Type 'prokka --citation' for more details.
[16:07:33] Thank you, come again.
