[16:15:36] This is prokka 1.14.5
[16:15:36] Written by Torsten Seemann <torsten.seemann@gmail.com>
[16:15:36] Homepage is https://github.com/tseemann/prokka
[16:15:36] Local time is Thu Oct 16 16:15:36 2025
[16:15:36] You are fmt073
[16:15:36] Operating system is linux
[16:15:36] You have BioPerl 1.7.8
[16:15:36] System has 128 cores.
[16:15:36] Will use maximum of 1 cores.
[16:15:36] Annotating as >>> Bacteria <<<
[16:15:36] Enabling options to ensure Genbank/ENA/DDJB submission compliance.
[16:15:36] Creating new output folder: /home/fmt073/work/Zhang/Prokka/Syaa
[16:15:36] Running: mkdir -p \/home\/fmt073\/work\/Zhang\/Prokka\/Syaa
[16:15:36] Using filename prefix: Syaa.XXX
[16:15:36] Setting HMMER_NCPU=1
[16:15:36] Writing log to: /home/fmt073/work/Zhang/Prokka/Syaa/Syaa.log
[16:15:36] Command: /usr/local/bioinfo/src/PROKKA/prokka-1.14.5/bin/prokka /home/fmt073/work/Zhang/DNA/Syaa.fna --outdir /home/fmt073/work/Zhang/Prokka/Syaa --compliant --addgenes --prefix Syaa --locustag Syaa.g --genus Synechococcus --species Parasynechococcus marenigrum --strain WH 8102 --kingdom Bacteria --cpus 1
[16:15:36] Appending to PATH: /usr/local/bioinfo/src/PROKKA/prokka-1.14.5/bin/../binaries/linux
[16:15:36] Appending to PATH: /usr/local/bioinfo/src/PROKKA/prokka-1.14.5/bin/../binaries/linux/../common
[16:15:36] Appending to PATH: /usr/local/bioinfo/src/PROKKA/prokka-1.14.5/bin
[16:15:36] Looking for 'aragorn' - found /usr/local/bioinfo/src/PROKKA/prokka-1.14.5/binaries/linux/aragorn
[16:15:36] Determined aragorn version is 001002 from 'ARAGORN v1.2.38 Dean Laslett'
[16:15:36] Looking for 'blastp' - found /usr/local/bioinfo/src/PROKKA/prokka-1.14.5/binaries/linux/blastp
[16:15:36] Determined blastp version is 002009 from 'blastp: 2.9.0+'
[16:15:36] Looking for 'cmpress' - found /usr/local/bioinfo/src/PROKKA/prokka-1.14.5/binaries/linux/cmpress
[16:15:36] Determined cmpress version is 001001 from '# INFERNAL 1.1.2 (July 2016)'
[16:15:36] Looking for 'cmscan' - found /usr/local/bioinfo/src/PROKKA/prokka-1.14.5/binaries/linux/cmscan
[16:15:36] Determined cmscan version is 001001 from '# INFERNAL 1.1.2 (July 2016)'
[16:15:36] Looking for 'egrep' - found /usr/bin/egrep
[16:15:36] Looking for 'find' - found /usr/bin/find
[16:15:36] Looking for 'grep' - found /usr/bin/grep
[16:15:36] Looking for 'hmmpress' - found /usr/local/bioinfo/src/PROKKA/prokka-1.14.5/binaries/linux/hmmpress
[16:15:36] Determined hmmpress version is 003001 from '# HMMER 3.1b2 (February 2015); http://hmmer.org/'
[16:15:36] Looking for 'hmmscan' - found /usr/local/bioinfo/src/PROKKA/prokka-1.14.5/binaries/linux/hmmscan
[16:15:36] Determined hmmscan version is 003001 from '# HMMER 3.1b2 (February 2015); http://hmmer.org/'
[16:15:36] Looking for 'java' - found /usr/bin/java
[16:15:36] Looking for 'makeblastdb' - found /usr/local/bioinfo/src/PROKKA/prokka-1.14.5/binaries/linux/makeblastdb
[16:15:36] Determined makeblastdb version is 002009 from 'makeblastdb: 2.9.0+'
[16:15:36] Looking for 'minced' - found /usr/local/bioinfo/src/PROKKA/prokka-1.14.5/binaries/common/minced
[16:15:36] Determined minced version is 002000 from 'minced 0.2.0'
[16:15:36] Looking for 'parallel' - found /usr/local/bioinfo/src/PROKKA/prokka-1.14.5/binaries/common/parallel
[16:15:37] Determined parallel version is 20150122 from 'GNU parallel 20150122'
[16:15:37] Looking for 'prodigal' - found /usr/local/bioinfo/src/PROKKA/prokka-1.14.5/binaries/linux/prodigal
[16:15:37] Determined prodigal version is 002006 from 'Prodigal V2.6.3: February, 2016'
[16:15:37] Looking for 'prokka-genbank_to_fasta_db' - found /usr/local/bioinfo/src/PROKKA/prokka-1.14.5/bin/prokka-genbank_to_fasta_db
[16:15:37] Looking for 'sed' - found /usr/bin/sed
[16:15:37] Looking for 'tbl2asn' - found /usr/local/bioinfo/src/PROKKA/prokka-1.14.5/binaries/linux/tbl2asn
[16:15:37] Determined tbl2asn version is 025008 from 'tbl2asn 25.8   arguments:'
[16:15:37] Using genetic code table 11.
[16:15:37] Loading and checking input file: /home/fmt073/work/Zhang/DNA/Syaa.fna
[16:15:37] Wrote 1 contigs totalling 2434428 bp.
[16:15:37] Predicting tRNAs and tmRNAs
[16:15:37] Running: aragorn -l -gc11  -w \/home\/fmt073\/work\/Zhang\/Prokka\/Syaa\/Syaa\.fna
[16:15:38] 1 tRNA-Gly c[41242,41313] 33 (ccc)
[16:15:38] 2 tRNA-Gly [85193,85264] 33 (gcc)
[16:15:38] 3 tRNA-Val c[126433,126512] 37 (gac)
[16:15:38] 4 tRNA-Arg [147823,147896] 35 (cct)
[16:15:38] 5 tRNA-Met [238635,238708] 34 (cat)
[16:15:38] 6 tRNA-Arg [258586,258660] 35 (acg)
[16:15:38] 7 tRNA-Leu [291189,291270] 35 (tag)
[16:15:38] 8 tRNA-Ala c[298547,298619] 34 (cgc)
[16:15:38] 9 tRNA-Leu [331759,331841] 35 (gag)
[16:15:38] 10 tmRNA* [342021,342339] 178,228 ANNIVRFSRHAAPVAA*
[16:15:38] 11 tRNA-Val c[524800,524871] 33 (gac)
[16:15:38] 12 tRNA-Gly [566619,566689] 33 (tcc)
[16:15:38] 13 tRNA-Thr c[577305,577377] 34 (cgt)
[16:15:38] 14 tRNA-Glu c[734693,734765] 35 (ttc)
[16:15:38] 15 tRNA-Met [806346,806422] 35 (cat)
[16:15:38] 16 tRNA-Pro c[858431,858505] 35 (tgg)
[16:15:38] 17 tRNA-Lys c[860253,860324] 33 (ttt)
[16:15:38] 18 tRNA-Pro c[1017787,1017860] 35 (ggg)
[16:15:38] 19 tRNA-Ser c[1141505,1141593] 36 (tga)
[16:15:38] 20 tRNA-Met [1205148,1205221] 35 (cat)
[16:15:38] 21 tRNA-Ser c[1273818,1273907] 36 (gga)
[16:15:38] 22 tRNA-Leu [1465129,1465214] 35 (taa)
[16:15:38] 23 tRNA-Ala c[1524847,1524921] 35 (ggc)
[16:15:38] 24 tRNA-Leu c[1569964,1570048] 35 (cag)
[16:15:38] 25 tRNA-Leu [1571543,1571625] 35 (caa)
[16:15:38] 26 tRNA-His [1577683,1577756] 34 (gtg)
[16:15:38] 27 tRNA-Ser c[1606982,1607070] 38 (cga)
[16:15:38] 28 tRNA-Trp [1745801,1745877] 35 (cca)
[16:15:38] 29 tRNA-Asp [1746303,1746378] 36 (gtc)
[16:15:38] 30 tRNA-Val [1761044,1761115] 33 (cac)
[16:15:38] 31 tRNA-Arg [1813567,1813640] 35 (tct)
[16:15:38] 32 tRNA-Tyr [1843149,1843230] 35 (gta)
[16:15:38] 33 tRNA-Thr [1843241,1843313] 33 (ggt)
[16:15:38] 34 tRNA-Ala c[1874313,1874386] 34 (tgc)
[16:15:38] 35 tRNA-Ile c[1874395,1874470] 36 (gat)
[16:15:38] 36 tRNA-Thr [1884157,1884228] 33 (tgt)
[16:15:38] 37 tRNA-Phe [1898272,1898347] 35 (gaa)
[16:15:38] 38 tRNA-Cys c[1930854,1930924] 33 (gca)
[16:15:38] 39 tRNA-Arg c[1946700,1946775] 36 (ccg)
[16:15:38] 40 tRNA-Gln c[1960075,1960148] 34 (ttg)
[16:15:38] 41 tRNA-Ser [1982018,1982108] 36 (gct)
[16:15:38] 42 tRNA-Pro c[2017608,2017681] 35 (cgg)
[16:15:38] 43 tRNA-Ala c[2081253,2081326] 34 (tgc)
[16:15:38] 44 tRNA-Ile c[2081335,2081410] 36 (gat)
[16:15:38] 45 tRNA-Asn [2133291,2133363] 33 (gtt)
[16:15:38] 46 tRNA-Val c[2322682,2322754] 33 (tac)
[16:15:38] Found 46 tRNAs
[16:15:38] Predicting Ribosomal RNAs
[16:15:38] You need either Barrnap or RNAmmer installed to predict rRNAs!
[16:15:38] Skipping ncRNA search, enable with --rfam if desired.
[16:15:38] Total of 45 tRNA + rRNA features
[16:15:38] Searching for CRISPR repeats
[16:15:39] Found 0 CRISPRs
[16:15:39] Predicting coding sequences
[16:15:39] Contigs total 2434428 bp, so using single mode
[16:15:39] Running: prodigal -i \/home\/fmt073\/work\/Zhang\/Prokka\/Syaa\/Syaa\.fna -c -m -g 11 -p single -f sco -q
[16:15:47] Excluding CDS which overlaps existing RNA (tRNA) at gnl|Prokka|Syaa.g_1:126243..126506 on + strand
[16:15:47] Excluding CDS which overlaps existing RNA (tRNA) at gnl|Prokka|Syaa.g_1:126508..126984 on - strand
[16:15:47] Excluding CDS which overlaps existing RNA (tRNA) at gnl|Prokka|Syaa.g_1:566526..568772 on - strand
[16:15:47] Excluding CDS which overlaps existing RNA (tRNA) at gnl|Prokka|Syaa.g_1:860252..860926 on + strand
[16:15:48] Excluding CDS which overlaps existing RNA (tRNA) at gnl|Prokka|Syaa.g_1:1524888..1524995 on + strand
[16:15:48] Excluding CDS which overlaps existing RNA (tRNA) at gnl|Prokka|Syaa.g_1:1883957..1884166 on + strand
[16:15:48] Excluding CDS which overlaps existing RNA (tRNA) at gnl|Prokka|Syaa.g_1:1898316..1898606 on + strand
[16:15:48] Excluding CDS which overlaps existing RNA (tRNA) at gnl|Prokka|Syaa.g_1:1930808..1932199 on + strand
[16:15:48] Found 2712 CDS
[16:15:48] Connecting features back to sequences
[16:15:48] Not using genus-specific database. Try --usegenus to enable it.
[16:15:48] Annotating CDS, please be patient.
[16:15:48] Will use 1 CPUs for similarity searching.
[16:15:49] There are still 2712 unannotated CDS left (started with 2712)
[16:15:49] Will use blast to search against /usr/local/bioinfo/src/PROKKA/prokka-1.14.5/db/kingdom/Bacteria/IS with 1 CPUs
[16:15:49] Running: cat \/home\/fmt073\/work\/Zhang\/Prokka\/Syaa\/Syaa\.IS\.tmp\.1100046\.faa | parallel --gnu --plain -j 1 --block 374631 --recstart '>' --pipe blastp -query - -db /usr/local/bioinfo/src/PROKKA/prokka-1.14.5/db/kingdom/Bacteria/IS -evalue 1e-30 -qcov_hsp_perc 90 -num_threads 1 -num_descriptions 1 -num_alignments 1 -seg no > \/home\/fmt073\/work\/Zhang\/Prokka\/Syaa\/Syaa\.IS\.tmp\.1100046\.blast 2> /dev/null
[16:16:26] Deleting unwanted file: /home/fmt073/work/Zhang/Prokka/Syaa/Syaa.IS.tmp.1100046.faa
[16:16:26] Deleting unwanted file: /home/fmt073/work/Zhang/Prokka/Syaa/Syaa.IS.tmp.1100046.blast
[16:16:27] There are still 2712 unannotated CDS left (started with 2712)
[16:16:27] Will use blast to search against /usr/local/bioinfo/src/PROKKA/prokka-1.14.5/db/kingdom/Bacteria/AMR with 1 CPUs
[16:16:27] Running: cat \/home\/fmt073\/work\/Zhang\/Prokka\/Syaa\/Syaa\.AMR\.tmp\.1100046\.faa | parallel --gnu --plain -j 1 --block 374631 --recstart '>' --pipe blastp -query - -db /usr/local/bioinfo/src/PROKKA/prokka-1.14.5/db/kingdom/Bacteria/AMR -evalue 9.99999999999999e-301 -qcov_hsp_perc 90 -num_threads 1 -num_descriptions 1 -num_alignments 1 -seg no > \/home\/fmt073\/work\/Zhang\/Prokka\/Syaa\/Syaa\.AMR\.tmp\.1100046\.blast 2> /dev/null
[16:16:54] Deleting unwanted file: /home/fmt073/work/Zhang/Prokka/Syaa/Syaa.AMR.tmp.1100046.faa
[16:16:54] Deleting unwanted file: /home/fmt073/work/Zhang/Prokka/Syaa/Syaa.AMR.tmp.1100046.blast
[16:16:54] There are still 2712 unannotated CDS left (started with 2712)
[16:16:54] Will use blast to search against /usr/local/bioinfo/src/PROKKA/prokka-1.14.5/db/kingdom/Bacteria/sprot with 1 CPUs
[16:16:54] Running: cat \/home\/fmt073\/work\/Zhang\/Prokka\/Syaa\/Syaa\.sprot\.tmp\.1100046\.faa | parallel --gnu --plain -j 1 --block 374631 --recstart '>' --pipe blastp -query - -db /usr/local/bioinfo/src/PROKKA/prokka-1.14.5/db/kingdom/Bacteria/sprot -evalue 1e-09 -qcov_hsp_perc 80 -num_threads 1 -num_descriptions 1 -num_alignments 1 -seg no > \/home\/fmt073\/work\/Zhang\/Prokka\/Syaa\/Syaa\.sprot\.tmp\.1100046\.blast 2> /dev/null
[16:19:27] Modify product: Uncharacterized glycosyltransferase sll0501 => putative glycosyltransferase
[16:19:28] Modify product: Probable ribonucleotide transport ATP-binding protein mkl => putative ribonucleotide transport ATP-binding protein mkl
[16:19:28] Modify product: UPF0053 inner membrane protein YfjD => hypothetical protein
[16:19:28] Modify product: Probable undecaprenyl-phosphate N-acetylglucosaminyl 1-phosphate transferase => putative undecaprenyl-phosphate N-acetylglucosaminyl 1-phosphate transferase
[16:19:28] Modify product: Uncharacterized protein Rv0628c => putative protein
[16:19:28] Modify product: Probable bifunctional SAT/APS kinase => putative bifunctional SAT/APS kinase
[16:19:28] Modify product: Probable ATP-dependent transporter SufC => putative ATP-dependent transporter SufC
[16:19:28] Modify product: Probable cysteine desulfurase => putative cysteine desulfurase
[16:19:28] Modify product: Probable peptidoglycan glycosyltransferase FtsW => putative peptidoglycan glycosyltransferase FtsW
[16:19:28] Modify product: UPF0225 protein YchJ => hypothetical protein
[16:19:28] Modify product: UPF0053 protein Rv2366c => hypothetical protein
[16:19:28] Modify product: Probable glucosamine-6-phosphate deaminase 2 => putative glucosamine-6-phosphate deaminase 2
[16:19:28] Modify product: Probable transcriptional regulatory protein aq_1575 => putative transcriptional regulatory protein
[16:19:28] Modify product: Probable dual-specificity RNA methyltransferase RlmN => putative dual-specificity RNA methyltransferase RlmN
[16:19:28] Modify product: Probable helicase HelY => putative helicase HelY
[16:19:28] Modify product: Uncharacterized MFS-type transporter Rv0037c => putative MFS-type transporter
[16:19:28] Modify product: Uncharacterized oxidoreductase MSMEG_1603/MSMEI_1564 => putative oxidoreductase/MSMEI_1564
[16:19:28] Modify product: 1,4-alpha-glucan branching enzyme TTHA1902 => 1,4-alpha-glucan branching enzyme
[16:19:28] Modify product: Bifunctional protein FolD => Bifunctional protein FolD protein
[16:19:28] Modify product: Probable murein peptide carboxypeptidase => putative murein peptide carboxypeptidase
[16:19:28] Modify product: Uncharacterized ABC transporter ATP-binding protein TM_0288 => putative ABC transporter ATP-binding protein
[16:19:28] Modify product: Uncharacterized protein RP812 => putative protein RP812
[16:19:28] Modify product: Probable 2-phosphosulfolactate phosphatase => putative 2-phosphosulfolactate phosphatase
[16:19:28] Modify product: Phosphorylated carbohydrates phosphatase TM_1254 => Phosphorylated carbohydrates phosphatase
[16:19:28] Modify product: Probable multidrug resistance ABC transporter ATP-binding/permease protein YheI => putative multidrug resistance ABC transporter ATP-binding/permease protein YheI
[16:19:28] Modify product: Uncharacterized zinc protease Rv2782c => putative zinc protease
[16:19:28] Modify product: Uncharacterized ABC transporter ATP-binding protein Rv0986 => putative ABC transporter ATP-binding protein
[16:19:28] Modify product: GTP-binding protein TypA/BipA homolog => GTP-binding protein TypA/BipA 
[16:19:28] Modify product: Probable ABC transporter phosphite binding protein PhnD1 => putative ABC transporter phosphite binding protein PhnD1
[16:19:28] Modify product: Probable chromate transport protein => putative chromate transport protein
[16:19:28] Modify product: Uncharacterized ABC transporter ATP-binding protein YlmA => putative ABC transporter ATP-binding protein YlmA
[16:19:28] Modify product: Uncharacterized sugar epimerase YhfK => putative sugar epimerase YhfK
[16:19:28] Modify product: Uncharacterized oxidoreductase CzcO => putative oxidoreductase CzcO
[16:19:28] Modify product: Probable membrane transporter protein YfcA => putative membrane transporter protein YfcA
[16:19:28] Modify product: Probable cytochrome c oxidase subunit 1 => putative cytochrome c oxidase subunit 1
[16:19:28] Modify product: Uncharacterized ABC transporter ATP-binding protein TM_0288 => putative ABC transporter ATP-binding protein
[16:19:28] Modify product: Uncharacterized PIN and TRAM-domain containing protein YacL => putative PIN and TRAM-domain containing protein YacL
[16:19:28] Modify product: Multidrug transporter PA4990 => Multidrug transporter
[16:19:28] Modify product: Uncharacterized protein HI_0103 => putative protein
[16:19:28] Modify product: Uncharacterized sugar kinase YdjH => putative sugar kinase YdjH
[16:19:28] Modify product: Thylakoid-associated single-stranded DNA-binding protein slr1034 => Thylakoid-associated single-stranded DNA-binding protein
[16:19:28] Modify product: Uncharacterized FAD-linked oxidoreductase Rv2280 => putative FAD-linked oxidoreductase
[16:19:28] Modify product: UPF0234 protein MSMEG_1165/MSMEI_1134 => hypothetical protein
[16:19:28] Modify product: Rqc2 homolog RqcH => Rqc2 RqcH
[16:19:28] Modify product: Probable cytochrome c oxidase subunit 1 => putative cytochrome c oxidase subunit 1
[16:19:28] Modify product: Uncharacterized protein Rv1829 => putative protein
[16:19:28] Modify product: Uncharacterized ABC transporter ATP-binding protein YknY => putative ABC transporter ATP-binding protein YknY
[16:19:28] Modify product: Phage shock protein A homolog => Phage shock protein A 
[16:19:28] Modify product: Vitamin K epoxide reductase homolog => Vitamin K epoxide reductase 
[16:19:28] Modify product: Putative esterase aq_1494 => Putative esterase
[16:19:28] Modify product: Probable phycoerythrobilin lyase CpeT => putative phycoerythrobilin lyase CpeT
[16:19:28] Modify product: Uncharacterized phycocyanin operon protein Z => putative phycocyanin operon protein Z
[16:19:28] Modify product: Putative low molecular weight protein-tyrosine-phosphatase slr0328 => Putative low molecular weight protein-tyrosine-phosphatase
[16:19:28] Modify product: Uncharacterized oxidoreductase Rv2298 => putative oxidoreductase
[16:19:28] Modify product: Probable adenylyltransferase/sulfurtransferase MoeZ => putative adenylyltransferase/sulfurtransferase MoeZ
[16:19:28] Modify product: Probable ketoamine kinase HMPREF0351_12196 => putative ketoamine kinase
[16:19:29] Modify product: Uncharacterized protein alr4550 => putative protein
[16:19:29] Modify product: Vitamin K epoxide reductase homolog => Vitamin K epoxide reductase 
[16:19:29] Modify product: Protein aq_1857 => Protein
[16:19:29] Modify product: Epimerase family protein Rv2216 => Epimerase family protein
[16:19:29] Modify product: Uncharacterized protein alr4550 => putative protein
[16:19:29] Modify product: Uncharacterized protein alr4550 => putative protein
[16:19:29] Modify product: Uncharacterized protein YciH => putative protein YciH
[16:19:29] Modify product: Probable adenylyl-sulfate kinase => putative adenylyl-sulfate kinase
[16:19:29] Modify product: Probable glutaredoxin ssr2061 => putative glutaredoxin
[16:19:29] Modify product: Probable nicotinate-nucleotide pyrophosphorylase [carboxylating] => putative nicotinate-nucleotide pyrophosphorylase [carboxylating]
[16:19:29] Modify product: Uncharacterized ABC transporter ATP-binding protein YejF => putative ABC transporter ATP-binding protein YejF
[16:19:29] Modify product: Probable protein kinase UbiB => putative protein kinase UbiB
[16:19:29] Modify product: Uncharacterized HTH-type transcriptional regulator YybR => putative HTH-type transcriptional regulator YybR
[16:19:29] Modify product: Uncharacterized protein Rv2411c => putative protein
[16:19:29] Modify product: Uncharacterized protein Rv2569c => putative protein
[16:19:29] Modify product: Probable molybdenum cofactor guanylyltransferase => putative molybdenum cofactor guanylyltransferase
[16:19:29] Cleaned 72 /product names
[16:19:29] Deleting unwanted file: /home/fmt073/work/Zhang/Prokka/Syaa/Syaa.sprot.tmp.1100046.faa
[16:19:29] Deleting unwanted file: /home/fmt073/work/Zhang/Prokka/Syaa/Syaa.sprot.tmp.1100046.blast
[16:19:29] There are still 1683 unannotated CDS left (started with 2712)
[16:19:29] Will use hmmer3 to search against /usr/local/bioinfo/src/PROKKA/prokka-1.14.5/db/hmm/HAMAP.hmm with 1 CPUs
[16:19:29] Running: cat \/home\/fmt073\/work\/Zhang\/Prokka\/Syaa\/Syaa\.HAMAP\.hmm\.tmp\.1100046\.faa | parallel --gnu --plain -j 1 --block 192444 --recstart '>' --pipe hmmscan --noali --notextw --acc -E 1e-09 --cpu 1 /usr/local/bioinfo/src/PROKKA/prokka-1.14.5/db/hmm/HAMAP.hmm /dev/stdin > \/home\/fmt073\/work\/Zhang\/Prokka\/Syaa\/Syaa\.HAMAP\.hmm\.tmp\.1100046\.hmmer3 2> /dev/null
[16:21:17] Deleting unwanted file: /home/fmt073/work/Zhang/Prokka/Syaa/Syaa.HAMAP.hmm.tmp.1100046.faa
[16:21:17] Deleting unwanted file: /home/fmt073/work/Zhang/Prokka/Syaa/Syaa.HAMAP.hmm.tmp.1100046.hmmer3
[16:21:17] Labelling remaining 1481 proteins as 'hypothetical protein'
[16:21:17] Possible /pseudo 'Twitching mobility protein' at gnl|Prokka|Syaa.g_1 position 21932
[16:21:17] Possible /pseudo 'Putative fluoride ion transporter CrcB' at gnl|Prokka|Syaa.g_1 position 98819
[16:21:17] Possible /pseudo 'DNA-directed RNA polymerase subunit beta'' at gnl|Prokka|Syaa.g_1 position 597718
[16:21:17] Possible /pseudo 'ATP-dependent Clp protease proteolytic subunit' at gnl|Prokka|Syaa.g_1 position 1586757
[16:21:17] Possible /pseudo 'Twitching mobility protein' at gnl|Prokka|Syaa.g_1 position 1751737
[16:21:17] Possible /pseudo 'Ribosomal RNA small subunit methyltransferase H' at gnl|Prokka|Syaa.g_1 position 2194058
[16:21:17] Possible /pseudo 'Nitrate/nitrite transporter NrtP' at gnl|Prokka|Syaa.g_1 position 2368191
[16:21:17] Found 1019 unique /gene codes.
[16:21:17] Fixed 2 duplicate /gene - psbD1_1 psbD1_2
[16:21:17] Fixed 2 duplicate /gene - rlmB_1 rlmB_2
[16:21:17] Fixed 2 duplicate /gene - cpcS_1 cpcS_2
[16:21:17] Fixed 2 duplicate /gene - kpsU_1 kpsU_2
[16:21:17] Fixed 2 duplicate /gene - mprA_1 mprA_2
[16:21:17] Fixed 4 duplicate /gene - pilT_1 pilT_2 pilT_3 pilT_4
[16:21:17] Fixed 2 duplicate /gene - rnr_1 rnr_2
[16:21:17] Fixed 2 duplicate /gene - clpB1_1 clpB1_2
[16:21:17] Fixed 2 duplicate /gene - cobN_1 cobN_2
[16:21:17] Fixed 3 duplicate /gene - psbA2_1 psbA2_2 psbA2_3
[16:21:17] Fixed 2 duplicate /gene - thiL_1 thiL_2
[16:21:17] Fixed 8 duplicate /gene - btuD_1 btuD_2 btuD_3 btuD_4 btuD_5 btuD_6 btuD_7 btuD_8
[16:21:17] Fixed 2 duplicate /gene - petF_1 petF_2
[16:21:17] Fixed 2 duplicate /gene - bcp_1 bcp_2
[16:21:17] Fixed 2 duplicate /gene - rsmH_1 rsmH_2
[16:21:17] Fixed 2 duplicate /gene - tam_1 tam_2
[16:21:17] Fixed 2 duplicate /gene - ctaD_1 ctaD_2
[16:21:17] Fixed 2 duplicate /gene - moaA_1 moaA_2
[16:21:17] Fixed 2 duplicate /gene - hisF_1 hisF_2
[16:21:17] Fixed 2 duplicate /gene - gph_1 gph_2
[16:21:17] Fixed 2 duplicate /gene - nrtD_1 nrtD_2
[16:21:17] Fixed 2 duplicate /gene - der_1 der_2
[16:21:17] Fixed 6 duplicate /gene - mshA_1 mshA_2 mshA_3 mshA_4 mshA_5 mshA_6
[16:21:17] Fixed 2 duplicate /gene - sir_1 sir_2
[16:21:17] Fixed 2 duplicate /gene - radA_1 radA_2
[16:21:17] Fixed 2 duplicate /gene - secA_1 secA_2
[16:21:17] Fixed 2 duplicate /gene - ctaE_1 ctaE_2
[16:21:17] Fixed 2 duplicate /gene - iolG_1 iolG_2
[16:21:17] Fixed 2 duplicate /gene - msbA_1 msbA_2
[16:21:17] Fixed 4 duplicate /gene - clpP_1 clpP_2 clpP_3 clpP_4
[16:21:17] Fixed 2 duplicate /gene - gshB_1 gshB_2
[16:21:17] Fixed 2 duplicate /gene - gltX_1 gltX_2
[16:21:17] Fixed 2 duplicate /gene - amiC_1 amiC_2
[16:21:17] Fixed 3 duplicate /gene - sigA2_1 sigA2_2 sigA2_3
[16:21:17] Fixed 2 duplicate /gene - nusA_1 nusA_2
[16:21:17] Fixed 2 duplicate /gene - rluD_1 rluD_2
[16:21:17] Fixed 2 duplicate /gene - hlyD_1 hlyD_2
[16:21:17] Fixed 3 duplicate /gene - sasA_1 sasA_2 sasA_3
[16:21:17] Fixed 2 duplicate /gene - pyrC_1 pyrC_2
[16:21:17] Fixed 2 duplicate /gene - menA_1 menA_2
[16:21:17] Fixed 2 duplicate /gene - ftsH2_1 ftsH2_2
[16:21:17] Fixed 3 duplicate /gene - bicA_1 bicA_2 bicA_3
[16:21:17] Fixed 3 duplicate /gene - pds_1 pds_2 pds_3
[16:21:17] Fixed 2 duplicate /gene - trxA_1 trxA_2
[16:21:17] Fixed 2 duplicate /gene - rpoD_1 rpoD_2
[16:21:17] Fixed 2 duplicate /gene - dnaK2_1 dnaK2_2
[16:21:17] Fixed 2 duplicate /gene - ycf3_1 ycf3_2
[16:21:17] Fixed 2 duplicate /gene - atpG_1 atpG_2
[16:21:17] Fixed 2 duplicate /gene - msrA_1 msrA_2
[16:21:17] Fixed 2 duplicate /gene - sphR_1 sphR_2
[16:21:17] Fixed 2 duplicate /gene - clpS_1 clpS_2
[16:21:17] Fixed 3 duplicate /gene - pstS_1 pstS_2 pstS_3
[16:21:17] Fixed 2 duplicate /gene - recD_1 recD_2
[16:21:17] Fixed 2 duplicate /gene - rlpA_1 rlpA_2
[16:21:17] Fixed 2 duplicate /gene - petJ_1 petJ_2
[16:21:17] Fixed 3 duplicate /gene - gltS_1 gltS_2 gltS_3
[16:21:17] Fixed 2 duplicate /gene - hisH_1 hisH_2
[16:21:17] Fixed 2 duplicate /gene - sepF_1 sepF_2
[16:21:17] Fixed 2 duplicate /gene - cugP_1 cugP_2
[16:21:17] Fixed 2 duplicate /gene - ettA_1 ettA_2
[16:21:17] Fixed 3 duplicate /gene - ubiB_1 ubiB_2 ubiB_3
[16:21:17] Fixed 2 duplicate /gene - msrB_1 msrB_2
[16:21:17] Fixed 2 duplicate /gene - speA_1 speA_2
[16:21:17] Fixed 2 duplicate /gene - fabF_1 fabF_2
[16:21:17] Fixed 3 duplicate /gene - mntB_1 mntB_2 mntB_3
[16:21:17] Fixed 2 duplicate /gene - cbpA_1 cbpA_2
[16:21:17] Fixed 2 duplicate /gene - ruvB_1 ruvB_2
[16:21:17] Fixed 3 duplicate /gene - menH_1 menH_2 menH_3
[16:21:17] Fixed 2 duplicate /gene - dfa3_1 dfa3_2
[16:21:17] Fixed 2 duplicate /gene - ppa_1 ppa_2
[16:21:17] Fixed 3 duplicate /gene - COQ5_1 COQ5_2 COQ5_3
[16:21:17] Fixed 3 duplicate /gene - dnaJ_1 dnaJ_2 dnaJ_3
[16:21:17] Fixed 2 duplicate /gene - fur_1 fur_2
[16:21:17] Fixed 2 duplicate /gene - nuoL_1 nuoL_2
[16:21:17] Fixed 2 duplicate /gene - phoP_1 phoP_2
[16:21:17] Fixed 2 duplicate /gene - mreB_1 mreB_2
[16:21:17] Fixed 2 duplicate /gene - nadK_1 nadK_2
[16:21:17] Fixed 3 duplicate /gene - xerC_1 xerC_2 xerC_3
[16:21:17] Fixed 2 duplicate /gene - hhoA_1 hhoA_2
[16:21:17] Fixed 2 duplicate /gene - gyrA_1 gyrA_2
[16:21:17] Fixed 2 duplicate /gene - crcB_1 crcB_2
[16:21:17] Fixed 2 duplicate /gene - ndhI_1 ndhI_2
[16:21:17] Fixed 2 duplicate /gene - atpH_1 atpH_2
[16:21:17] Fixed 2 duplicate /gene - dapL_1 dapL_2
[16:21:17] Fixed 3 duplicate /gene - ndhD1_1 ndhD1_2 ndhD1_3
[16:21:17] Fixed 2 duplicate /gene - pyrB_1 pyrB_2
[16:21:17] Fixed 2 duplicate /gene - nrtP_1 nrtP_2
[16:21:17] Fixed 2 duplicate /gene - prmC_1 prmC_2
[16:21:17] Fixed 2 duplicate /gene - cobD_1 cobD_2
[16:21:17] Fixed 3 duplicate /gene - bepA_1 bepA_2 bepA_3
[16:21:17] Fixed 2 duplicate /gene - speB_1 speB_2
[16:21:17] Fixed 2 duplicate /gene - mnmE_1 mnmE_2
[16:21:17] Fixed 92 colliding /gene names.
[16:21:17] Adding /locus_tag identifiers
[16:21:17] Assigned 2758 locus_tags to CDS and RNA features.
[16:21:17] Writing outputs to /home/fmt073/work/Zhang/Prokka/Syaa/
[16:21:18] Generating annotation statistics file
[16:21:18] Generating Genbank and Sequin files
[16:21:18] Running: tbl2asn -V b -a r10k -l paired-ends -M n -N 1 -y 'Annotated using prokka 1.14.5 from https://github.com/tseemann/prokka' -Z \/home\/fmt073\/work\/Zhang\/Prokka\/Syaa\/Syaa\.err -i \/home\/fmt073\/work\/Zhang\/Prokka\/Syaa\/Syaa\.fsa 2> /dev/null
[16:21:23] Deleting unwanted file: /home/fmt073/work/Zhang/Prokka/Syaa/errorsummary.val
[16:21:23] Deleting unwanted file: /home/fmt073/work/Zhang/Prokka/Syaa/Syaa.dr
[16:21:23] Deleting unwanted file: /home/fmt073/work/Zhang/Prokka/Syaa/Syaa.fixedproducts
[16:21:23] Deleting unwanted file: /home/fmt073/work/Zhang/Prokka/Syaa/Syaa.ecn
[16:21:23] Deleting unwanted file: /home/fmt073/work/Zhang/Prokka/Syaa/Syaa.val
[16:21:23] Repairing broken .GBK output that tbl2asn produces...
[16:21:23] Running: sed 's/COORDINATES: profile/COORDINATES:profile/' < \/home\/fmt073\/work\/Zhang\/Prokka\/Syaa\/Syaa\.gbf > \/home\/fmt073\/work\/Zhang\/Prokka\/Syaa\/Syaa\.gbk
[16:21:23] Deleting unwanted file: /home/fmt073/work/Zhang/Prokka/Syaa/Syaa.gbf
[16:21:23] Output files:
[16:21:23] /home/fmt073/work/Zhang/Prokka/Syaa/Syaa.err
[16:21:23] /home/fmt073/work/Zhang/Prokka/Syaa/Syaa.faa
[16:21:23] /home/fmt073/work/Zhang/Prokka/Syaa/Syaa.ffn
[16:21:23] /home/fmt073/work/Zhang/Prokka/Syaa/Syaa.log
[16:21:23] /home/fmt073/work/Zhang/Prokka/Syaa/Syaa.fsa
[16:21:23] /home/fmt073/work/Zhang/Prokka/Syaa/Syaa.txt
[16:21:23] /home/fmt073/work/Zhang/Prokka/Syaa/Syaa.sqn
[16:21:23] /home/fmt073/work/Zhang/Prokka/Syaa/Syaa.gff
[16:21:23] /home/fmt073/work/Zhang/Prokka/Syaa/Syaa.tsv
[16:21:23] /home/fmt073/work/Zhang/Prokka/Syaa/Syaa.fna
[16:21:23] /home/fmt073/work/Zhang/Prokka/Syaa/Syaa.tbl
[16:21:23] /home/fmt073/work/Zhang/Prokka/Syaa/Syaa.gbk
[16:21:23] Annotation finished successfully.
[16:21:23] Walltime used: 5.78 minutes
[16:21:23] If you use this result please cite the Prokka paper:
[16:21:23] Seemann T (2014) Prokka: rapid prokaryotic genome annotation. Bioinformatics. 30(14):2068-9.
[16:21:23] Type 'prokka --citation' for more details.
[16:21:23] Share and enjoy!
