[16:12:50] This is prokka 1.14.5
[16:12:50] Written by Torsten Seemann <torsten.seemann@gmail.com>
[16:12:50] Homepage is https://github.com/tseemann/prokka
[16:12:50] Local time is Thu Oct 16 16:12:50 2025
[16:12:50] You are fmt073
[16:12:50] Operating system is linux
[16:12:50] You have BioPerl 1.7.8
[16:12:50] System has 128 cores.
[16:12:50] Will use maximum of 1 cores.
[16:12:50] Annotating as >>> Bacteria <<<
[16:12:50] Enabling options to ensure Genbank/ENA/DDJB submission compliance.
[16:12:50] Creating new output folder: /home/fmt073/work/Zhang/Prokka/Prbc
[16:12:50] Running: mkdir -p \/home\/fmt073\/work\/Zhang\/Prokka\/Prbc
[16:12:50] Using filename prefix: Prbc.XXX
[16:12:50] Setting HMMER_NCPU=1
[16:12:50] Writing log to: /home/fmt073/work/Zhang/Prokka/Prbc/Prbc.log
[16:12:50] Command: /usr/local/bioinfo/src/PROKKA/prokka-1.14.5/bin/prokka /home/fmt073/work/Zhang/DNA/Prbc.fna --outdir /home/fmt073/work/Zhang/Prokka/Prbc --compliant --addgenes --prefix Prbc --locustag Prbc.g --genus Prochlorococcus --species Prochlorococcus marinus --strain PAC1 --kingdom Bacteria --cpus 1
[16:12:50] Appending to PATH: /usr/local/bioinfo/src/PROKKA/prokka-1.14.5/bin/../binaries/linux
[16:12:50] Appending to PATH: /usr/local/bioinfo/src/PROKKA/prokka-1.14.5/bin/../binaries/linux/../common
[16:12:50] Appending to PATH: /usr/local/bioinfo/src/PROKKA/prokka-1.14.5/bin
[16:12:50] Looking for 'aragorn' - found /usr/local/bioinfo/src/PROKKA/prokka-1.14.5/binaries/linux/aragorn
[16:12:50] Determined aragorn version is 001002 from 'ARAGORN v1.2.38 Dean Laslett'
[16:12:50] Looking for 'blastp' - found /usr/local/bioinfo/src/PROKKA/prokka-1.14.5/binaries/linux/blastp
[16:12:50] Determined blastp version is 002009 from 'blastp: 2.9.0+'
[16:12:50] Looking for 'cmpress' - found /usr/local/bioinfo/src/PROKKA/prokka-1.14.5/binaries/linux/cmpress
[16:12:50] Determined cmpress version is 001001 from '# INFERNAL 1.1.2 (July 2016)'
[16:12:50] Looking for 'cmscan' - found /usr/local/bioinfo/src/PROKKA/prokka-1.14.5/binaries/linux/cmscan
[16:12:50] Determined cmscan version is 001001 from '# INFERNAL 1.1.2 (July 2016)'
[16:12:50] Looking for 'egrep' - found /usr/bin/egrep
[16:12:50] Looking for 'find' - found /usr/bin/find
[16:12:50] Looking for 'grep' - found /usr/bin/grep
[16:12:50] Looking for 'hmmpress' - found /usr/local/bioinfo/src/PROKKA/prokka-1.14.5/binaries/linux/hmmpress
[16:12:50] Determined hmmpress version is 003001 from '# HMMER 3.1b2 (February 2015); http://hmmer.org/'
[16:12:50] Looking for 'hmmscan' - found /usr/local/bioinfo/src/PROKKA/prokka-1.14.5/binaries/linux/hmmscan
[16:12:50] Determined hmmscan version is 003001 from '# HMMER 3.1b2 (February 2015); http://hmmer.org/'
[16:12:50] Looking for 'java' - found /usr/bin/java
[16:12:50] Looking for 'makeblastdb' - found /usr/local/bioinfo/src/PROKKA/prokka-1.14.5/binaries/linux/makeblastdb
[16:12:50] Determined makeblastdb version is 002009 from 'makeblastdb: 2.9.0+'
[16:12:50] Looking for 'minced' - found /usr/local/bioinfo/src/PROKKA/prokka-1.14.5/binaries/common/minced
[16:12:51] Determined minced version is 002000 from 'minced 0.2.0'
[16:12:51] Looking for 'parallel' - found /usr/local/bioinfo/src/PROKKA/prokka-1.14.5/binaries/common/parallel
[16:12:51] Determined parallel version is 20150122 from 'GNU parallel 20150122'
[16:12:51] Looking for 'prodigal' - found /usr/local/bioinfo/src/PROKKA/prokka-1.14.5/binaries/linux/prodigal
[16:12:51] Determined prodigal version is 002006 from 'Prodigal V2.6.3: February, 2016'
[16:12:51] Looking for 'prokka-genbank_to_fasta_db' - found /usr/local/bioinfo/src/PROKKA/prokka-1.14.5/bin/prokka-genbank_to_fasta_db
[16:12:51] Looking for 'sed' - found /usr/bin/sed
[16:12:51] Looking for 'tbl2asn' - found /usr/local/bioinfo/src/PROKKA/prokka-1.14.5/binaries/linux/tbl2asn
[16:12:51] Determined tbl2asn version is 025008 from 'tbl2asn 25.8   arguments:'
[16:12:51] Using genetic code table 11.
[16:12:51] Loading and checking input file: /home/fmt073/work/Zhang/DNA/Prbc.fna
[16:12:51] Wrote 20 contigs totalling 1841163 bp.
[16:12:51] Predicting tRNAs and tmRNAs
[16:12:51] Running: aragorn -l -gc11  -w \/home\/fmt073\/work\/Zhang\/Prokka\/Prbc\/Prbc\.fna
[16:12:52] 1 tRNA-Arg [56364,56437] 35 (cct)
[16:12:52] 2 tRNA-Cys c[82436,82506] 33 (gca)
[16:12:52] 3 tRNA-Arg c[98402,98477] 36 (ccg)
[16:12:52] 4 tRNA-Gln c[111721,111792] 33 (ttg)
[16:12:52] 5 tRNA-Ser [132196,132286] 36 (gct)
[16:12:52] 1 tRNA-Asn c[95653,95724] 33 (gtt)
[16:12:52] 2 tRNA-Leu [158885,158968] 36 (aag)
[16:12:52] 3 tmRNA* [167930,168238] 168,218 ANNIVSFSRQTAPVAA*
[16:12:52] 1 tRNA-Ser c[31597,31684] 35 (cga)
[16:12:52] 1 tRNA-Arg [27709,27783] 35 (tct)
[16:12:52] 2 tRNA-Ala c[36419,36493] 35 (ggc)
[16:12:52] 3 tRNA-Leu [74838,74921] 35 (caa)
[16:12:52] 4 tRNA-His [80220,80293] 34 (gtg)
[16:12:52] 5 tRNA-Gly c[100618,100688] 33 (tcc)
[16:12:52] 6 tRNA-Val [133531,133602] 33 (gac)
[16:12:52] 7 tRNA-Thr [220658,220731] 34 (cgt)
[16:12:52] 1 tRNA-Gly c[817,888] 33 (gcc)
[16:12:52] 2 tRNA-Val c[49677,49751] 34 (tac)
[16:12:52] 1 tRNA-Leu c[11178,11260] 35 (tag)
[16:12:52] 2 tRNA-Arg c[30085,30160] 36 (acg)
[16:12:52] 3 tRNA-Met c[45750,45824] 35 (cat)
[16:12:52] 4 tRNA-Phe c[94119,94194] 34 (gaa)
[16:12:52] 5 tRNA-Thr c[104408,104481] 34 (tgt)
[16:12:52] 6 tRNA-Ile [114159,114234] 36 (gat)
[16:12:52] 7 tRNA-Ala [114243,114316] 34 (tgc)
[16:12:52] 1 tRNA-Gly [16733,16804] 33 (ccc)
[16:12:52] 1 tRNA-Pro c[12173,12246] 35 (tgg)
[16:12:52] 2 tRNA-Lys c[24954,25025] 33 (ttt)
[16:12:52] 3 tRNA-Glu [72412,72486] 36 (ttc)
[16:12:52] 1 tRNA-Thr c[586,657] 33 (ggt)
[16:12:52] 2 tRNA-Tyr c[669,750] 35 (gta)
[16:12:52] 3 tRNA-Asp c[95453,95528] 36 (gtc)
[16:12:52] 4 tRNA-Trp c[95952,96026] 35 (cca)
[16:12:52] 5 tRNA-Leu c[183398,183485] 36 (taa)
[16:12:52] 6 tRNA-Ser c[273721,273808] 35 (tga)
[16:12:52] 7 tRNA-Met c[398136,398212] 35 (cat)
[16:12:52] 8 tRNA-Pro c[423236,423309] 35 (ggg)
[16:12:52] 9 tRNA-Ser [472896,472982] 35 (gga)
[16:12:52] 10 tRNA-Met [523906,523979] 35 (cat)
[16:12:52] Found 39 tRNAs
[16:12:52] Predicting Ribosomal RNAs
[16:12:52] You need either Barrnap or RNAmmer installed to predict rRNAs!
[16:12:52] Skipping ncRNA search, enable with --rfam if desired.
[16:12:52] Total of 38 tRNA + rRNA features
[16:12:52] Searching for CRISPR repeats
[16:12:53] Found 0 CRISPRs
[16:12:53] Predicting coding sequences
[16:12:53] Contigs total 1841163 bp, so using single mode
[16:12:53] Running: prodigal -i \/home\/fmt073\/work\/Zhang\/Prokka\/Prbc\/Prbc\.fna -c -m -g 11 -p single -f sco -q
[16:12:55] Excluding CDS which overlaps existing RNA (tRNA) at gnl|Prokka|Prbc.g_4:82360..83787 on + strand
[16:12:55] Excluding CDS which overlaps existing RNA (tRNA) at gnl|Prokka|Prbc.g_10:74847..76109 on + strand
[16:12:55] Excluding CDS which overlaps existing RNA (tRNA) at gnl|Prokka|Prbc.g_10:220359..220721 on - strand
[16:12:56] Excluding CDS which overlaps existing RNA (tRNA) at gnl|Prokka|Prbc.g_15:94002..95480 on - strand
[16:12:56] Found 2163 CDS
[16:12:56] Connecting features back to sequences
[16:12:56] Not using genus-specific database. Try --usegenus to enable it.
[16:12:56] Annotating CDS, please be patient.
[16:12:56] Will use 1 CPUs for similarity searching.
[16:12:56] There are still 2163 unannotated CDS left (started with 2163)
[16:12:56] Will use blast to search against /usr/local/bioinfo/src/PROKKA/prokka-1.14.5/db/kingdom/Bacteria/IS with 1 CPUs
[16:12:56] Running: cat \/home\/fmt073\/work\/Zhang\/Prokka\/Prbc\/Prbc\.IS\.tmp\.4078892\.faa | parallel --gnu --plain -j 1 --block 271595 --recstart '>' --pipe blastp -query - -db /usr/local/bioinfo/src/PROKKA/prokka-1.14.5/db/kingdom/Bacteria/IS -evalue 1e-30 -qcov_hsp_perc 90 -num_threads 1 -num_descriptions 1 -num_alignments 1 -seg no > \/home\/fmt073\/work\/Zhang\/Prokka\/Prbc\/Prbc\.IS\.tmp\.4078892\.blast 2> /dev/null
[16:13:23] Deleting unwanted file: /home/fmt073/work/Zhang/Prokka/Prbc/Prbc.IS.tmp.4078892.faa
[16:13:23] Deleting unwanted file: /home/fmt073/work/Zhang/Prokka/Prbc/Prbc.IS.tmp.4078892.blast
[16:13:23] There are still 2163 unannotated CDS left (started with 2163)
[16:13:23] Will use blast to search against /usr/local/bioinfo/src/PROKKA/prokka-1.14.5/db/kingdom/Bacteria/AMR with 1 CPUs
[16:13:23] Running: cat \/home\/fmt073\/work\/Zhang\/Prokka\/Prbc\/Prbc\.AMR\.tmp\.4078892\.faa | parallel --gnu --plain -j 1 --block 271595 --recstart '>' --pipe blastp -query - -db /usr/local/bioinfo/src/PROKKA/prokka-1.14.5/db/kingdom/Bacteria/AMR -evalue 9.99999999999999e-301 -qcov_hsp_perc 90 -num_threads 1 -num_descriptions 1 -num_alignments 1 -seg no > \/home\/fmt073\/work\/Zhang\/Prokka\/Prbc\/Prbc\.AMR\.tmp\.4078892\.blast 2> /dev/null
[16:13:42] Deleting unwanted file: /home/fmt073/work/Zhang/Prokka/Prbc/Prbc.AMR.tmp.4078892.faa
[16:13:42] Deleting unwanted file: /home/fmt073/work/Zhang/Prokka/Prbc/Prbc.AMR.tmp.4078892.blast
[16:13:42] There are still 2163 unannotated CDS left (started with 2163)
[16:13:42] Will use blast to search against /usr/local/bioinfo/src/PROKKA/prokka-1.14.5/db/kingdom/Bacteria/sprot with 1 CPUs
[16:13:42] Running: cat \/home\/fmt073\/work\/Zhang\/Prokka\/Prbc\/Prbc\.sprot\.tmp\.4078892\.faa | parallel --gnu --plain -j 1 --block 271595 --recstart '>' --pipe blastp -query - -db /usr/local/bioinfo/src/PROKKA/prokka-1.14.5/db/kingdom/Bacteria/sprot -evalue 1e-09 -qcov_hsp_perc 80 -num_threads 1 -num_descriptions 1 -num_alignments 1 -seg no > \/home\/fmt073\/work\/Zhang\/Prokka\/Prbc\/Prbc\.sprot\.tmp\.4078892\.blast 2> /dev/null
[16:15:28] Modify product: Putative low molecular weight protein-tyrosine-phosphatase slr0328 => Putative low molecular weight protein-tyrosine-phosphatase
[16:15:28] Modify product: Probable adenylyltransferase/sulfurtransferase MoeZ => putative adenylyltransferase/sulfurtransferase MoeZ
[16:15:28] Modify product: Probable ketoamine kinase HMPREF0351_12196 => putative ketoamine kinase
[16:15:28] Modify product: Probable protein kinase UbiB => putative protein kinase UbiB
[16:15:28] Modify product: Uncharacterized ABC transporter ATP-binding protein YejF => putative ABC transporter ATP-binding protein YejF
[16:15:28] Modify product: Probable nicotinate-nucleotide pyrophosphorylase [carboxylating] => putative nicotinate-nucleotide pyrophosphorylase [carboxylating]
[16:15:28] Modify product: Probable glutaredoxin ssr2061 => putative glutaredoxin
[16:15:28] Modify product: Probable adenylyl-sulfate kinase => putative adenylyl-sulfate kinase
[16:15:28] Modify product: Epimerase family protein SA0724 => Epimerase family protein
[16:15:28] Modify product: Protein aq_1857 => Protein
[16:15:28] Modify product: Vitamin K epoxide reductase homolog => Vitamin K epoxide reductase 
[16:15:29] Modify product: Uncharacterized ABC transporter ATP-binding protein YheS => putative ABC transporter ATP-binding protein YheS
[16:15:29] Modify product: Probable cysteine desulfurase => putative cysteine desulfurase
[16:15:29] Modify product: PKHD-type hydroxylase Sbal_3634 => PKHD-type hydroxylase
[16:15:29] Modify product: Uncharacterized protein alr4550 => putative protein
[16:15:29] Modify product: Uncharacterized PIN and TRAM-domain containing protein YacL => putative PIN and TRAM-domain containing protein YacL
[16:15:29] Modify product: Glycogen operon protein GlgX homolog => Glycogen operon protein GlgX 
[16:15:29] Modify product: UPF0053 protein Rv2366c => hypothetical protein
[16:15:29] Modify product: Probable nicotinate-nucleotide adenylyltransferase => putative nicotinate-nucleotide adenylyltransferase
[16:15:29] Modify product: Probable peptidoglycan glycosyltransferase FtsW => putative peptidoglycan glycosyltransferase FtsW
[16:15:29] Modify product: Probable helicase HelY => putative helicase HelY
[16:15:29] Modify product: Probable formate transporter 1 => putative formate transporter 1
[16:15:29] Modify product: Uncharacterized protein YbiB => putative protein YbiB
[16:15:29] Modify product: Probable bifunctional SAT/APS kinase => putative bifunctional SAT/APS kinase
[16:15:29] Modify product: UPF0053 inner membrane protein YtfL => hypothetical protein
[16:15:29] Modify product: Uncharacterized phycocyanin operon protein Z => putative phycocyanin operon protein Z
[16:15:29] Modify product: Probable phycoerythrobilin lyase CpeT => putative phycoerythrobilin lyase CpeT
[16:15:29] Modify product: Uncharacterized protein RP812 => putative protein RP812
[16:15:29] Modify product: Uncharacterized ABC transporter ATP-binding protein TM_0288 => putative ABC transporter ATP-binding protein
[16:15:29] Modify product: Bifunctional protein FolD => Bifunctional protein FolD protein
[16:15:29] Modify product: 1,4-alpha-glucan branching enzyme TTHA1902 => 1,4-alpha-glucan branching enzyme
[16:15:29] Modify product: Uncharacterized oxidoreductase MSMEG_1603/MSMEI_1564 => putative oxidoreductase/MSMEI_1564
[16:15:29] Modify product: Uncharacterized tRNA/rRNA methyltransferase HI_0380 => putative tRNA/rRNA methyltransferase
[16:15:29] Modify product: Uncharacterized protein Rv2411c => putative protein
[16:15:29] Modify product: Probable cysteine desulfurase => putative cysteine desulfurase
[16:15:29] Modify product: Phage shock protein A homolog => Phage shock protein A 
[16:15:29] Modify product: Uncharacterized ABC transporter ATP-binding protein YknY => putative ABC transporter ATP-binding protein YknY
[16:15:29] Modify product: Probable cytochrome c oxidase subunit 1 => putative cytochrome c oxidase subunit 1
[16:15:29] Modify product: Rqc2 homolog RqcH => Rqc2 RqcH
[16:15:29] Modify product: UPF0234 protein Rv0566c => hypothetical protein
[16:15:29] Modify product: Thylakoid-associated single-stranded DNA-binding protein slr1034 => Thylakoid-associated single-stranded DNA-binding protein
[16:15:29] Modify product: Probable multidrug resistance ABC transporter ATP-binding/permease protein YheH => putative multidrug resistance ABC transporter ATP-binding/permease protein YheH
[16:15:29] Modify product: Uncharacterized periplasmic iron-binding protein HI_0362 => putative periplasmic iron-binding protein
[16:15:29] Modify product: Probable 2-phosphosulfolactate phosphatase => putative 2-phosphosulfolactate phosphatase
[16:15:29] Modify product: Probable hydrolase YcaC => putative hydrolase YcaC
[16:15:29] Modify product: Probable ABC transporter phosphite binding protein PhnD1 => putative ABC transporter phosphite binding protein PhnD1
[16:15:29] Modify product: Uncharacterized zinc protease Rv2782c => putative zinc protease
[16:15:29] Modify product: Uncharacterized ABC transporter ATP-binding protein Rv0986 => putative ABC transporter ATP-binding protein
[16:15:29] Modify product: Uncharacterized sugar epimerase YhfK => putative sugar epimerase YhfK
[16:15:29] Modify product: Uncharacterized ABC transporter ATP-binding protein YlmA => putative ABC transporter ATP-binding protein YlmA
[16:15:29] Modify product: Probable membrane transporter protein YfcA => putative membrane transporter protein YfcA
[16:15:29] Modify product: Probable multidrug resistance ABC transporter ATP-binding/permease protein YheI => putative multidrug resistance ABC transporter ATP-binding/permease protein YheI
[16:15:29] Modify product: Putative multidrug export ATP-binding/permease protein SAV1866 => Putative multidrug export ATP-binding/permease protein
[16:15:29] Cleaned 53 /product names
[16:15:29] Deleting unwanted file: /home/fmt073/work/Zhang/Prokka/Prbc/Prbc.sprot.tmp.4078892.faa
[16:15:29] Deleting unwanted file: /home/fmt073/work/Zhang/Prokka/Prbc/Prbc.sprot.tmp.4078892.blast
[16:15:30] There are still 1341 unannotated CDS left (started with 2163)
[16:15:30] Will use hmmer3 to search against /usr/local/bioinfo/src/PROKKA/prokka-1.14.5/db/hmm/HAMAP.hmm with 1 CPUs
[16:15:30] Running: cat \/home\/fmt073\/work\/Zhang\/Prokka\/Prbc\/Prbc\.HAMAP\.hmm\.tmp\.4078892\.faa | parallel --gnu --plain -j 1 --block 123951 --recstart '>' --pipe hmmscan --noali --notextw --acc -E 1e-09 --cpu 1 /usr/local/bioinfo/src/PROKKA/prokka-1.14.5/db/hmm/HAMAP.hmm /dev/stdin > \/home\/fmt073\/work\/Zhang\/Prokka\/Prbc\/Prbc\.HAMAP\.hmm\.tmp\.4078892\.hmmer3 2> /dev/null
[16:27:46] Deleting unwanted file: /home/fmt073/work/Zhang/Prokka/Prbc/Prbc.HAMAP.hmm.tmp.4078892.faa
[16:27:46] Deleting unwanted file: /home/fmt073/work/Zhang/Prokka/Prbc/Prbc.HAMAP.hmm.tmp.4078892.hmmer3
[16:27:46] Labelling remaining 1185 proteins as 'hypothetical protein'
[16:27:46] Possible /pseudo 'Putative fluoride ion transporter CrcB' at gnl|Prokka|Prbc.g_4 position 26420
[16:27:46] Possible /pseudo 'ATP-dependent Clp protease proteolytic subunit' at gnl|Prokka|Prbc.g_10 position 89546
[16:27:46] Possible /pseudo 'DNA-directed RNA polymerase subunit beta'' at gnl|Prokka|Prbc.g_10 position 204251
[16:27:46] Possible /pseudo 'Photosystem I assembly protein Ycf3' at gnl|Prokka|Prbc.g_11 position 151013
[16:27:46] Possible /pseudo 'Glucosylglycerate phosphorylase' at gnl|Prokka|Prbc.g_15 position 418444
[16:27:46] Found 845 unique /gene codes.
[16:27:46] Fixed 2 duplicate /gene - crtI_1 crtI_2
[16:27:46] Fixed 2 duplicate /gene - cysQ_1 cysQ_2
[16:27:46] Fixed 2 duplicate /gene - trpC_1 trpC_2
[16:27:46] Fixed 3 duplicate /gene - sasA_1 sasA_2 sasA_3
[16:27:46] Fixed 4 duplicate /gene - btuD_1 btuD_2 btuD_3 btuD_4
[16:27:46] Fixed 3 duplicate /gene - ruvB_1 ruvB_2 ruvB_3
[16:27:46] Fixed 2 duplicate /gene - ndhD1_1 ndhD1_2
[16:27:46] Fixed 3 duplicate /gene - dnaJ_1 dnaJ_2 dnaJ_3
[16:27:46] Fixed 2 duplicate /gene - fabG_1 fabG_2
[16:27:46] Fixed 2 duplicate /gene - msrA_1 msrA_2
[16:27:46] Fixed 2 duplicate /gene - speA_1 speA_2
[16:27:46] Fixed 2 duplicate /gene - menF_1 menF_2
[16:27:46] Fixed 2 duplicate /gene - pcbB_1 pcbB_2
[16:27:46] Fixed 3 duplicate /gene - ubiB_1 ubiB_2 ubiB_3
[16:27:46] Fixed 2 duplicate /gene - mnmC_1 mnmC_2
[16:27:46] Fixed 2 duplicate /gene - nadK_1 nadK_2
[16:27:46] Fixed 2 duplicate /gene - atpG_1 atpG_2
[16:27:46] Fixed 3 duplicate /gene - mshA_1 mshA_2 mshA_3
[16:27:46] Fixed 3 duplicate /gene - ycf3_1 ycf3_2 ycf3_3
[16:27:46] Fixed 2 duplicate /gene - gyrA_1 gyrA_2
[16:27:46] Fixed 2 duplicate /gene - lpxB_1 lpxB_2
[16:27:46] Fixed 2 duplicate /gene - der_1 der_2
[16:27:46] Fixed 2 duplicate /gene - sir_1 sir_2
[16:27:46] Fixed 2 duplicate /gene - hhoA_1 hhoA_2
[16:27:46] Fixed 4 duplicate /gene - bcp_1 bcp_2 bcp_3 bcp_4
[16:27:46] Fixed 2 duplicate /gene - clpS_1 clpS_2
[16:27:46] Fixed 2 duplicate /gene - csd_1 csd_2
[16:27:46] Fixed 2 duplicate /gene - dfa3_1 dfa3_2
[16:27:46] Fixed 2 duplicate /gene - dsbD_1 dsbD_2
[16:27:46] Fixed 4 duplicate /gene - sigA2_1 sigA2_2 sigA2_3 sigA2_4
[16:27:46] Fixed 2 duplicate /gene - atpH_1 atpH_2
[16:27:46] Fixed 2 duplicate /gene - crcB_1 crcB_2
[16:27:46] Fixed 2 duplicate /gene - crtL_1 crtL_2
[16:27:46] Fixed 2 duplicate /gene - menA_1 menA_2
[16:27:46] Fixed 2 duplicate /gene - pnp_1 pnp_2
[16:27:46] Fixed 2 duplicate /gene - ftsH2_1 ftsH2_2
[16:27:46] Fixed 2 duplicate /gene - cbpA_1 cbpA_2
[16:27:46] Fixed 2 duplicate /gene - era_1 era_2
[16:27:46] Fixed 2 duplicate /gene - pds_1 pds_2
[16:27:46] Fixed 4 duplicate /gene - clpP_1 clpP_2 clpP_3 clpP_4
[16:27:46] Fixed 2 duplicate /gene - RBKS_1 RBKS_2
[16:27:46] Fixed 2 duplicate /gene - dnaK2_1 dnaK2_2
[16:27:46] Fixed 2 duplicate /gene - tnpR_1 tnpR_2
[16:27:46] Fixed 2 duplicate /gene - lpxD_1 lpxD_2
[16:27:46] Fixed 3 duplicate /gene - mntB_1 mntB_2 mntB_3
[16:27:46] Fixed 2 duplicate /gene - iscS_1 iscS_2
[16:27:46] Fixed 2 duplicate /gene - recD_1 recD_2
[16:27:46] Fixed 3 duplicate /gene - menH_1 menH_2 menH_3
[16:27:46] Fixed 2 duplicate /gene - clpB1_1 clpB1_2
[16:27:46] Fixed 4 duplicate /gene - ligA_1 ligA_2 ligA_3 ligA_4
[16:27:46] Fixed 2 duplicate /gene - arnT_1 arnT_2
[16:27:46] Fixed 2 duplicate /gene - rnr_1 rnr_2
[16:27:46] Fixed 2 duplicate /gene - tam_1 tam_2
[16:27:46] Fixed 2 duplicate /gene - cpoB_1 cpoB_2
[16:27:46] Fixed 2 duplicate /gene - ppa_1 ppa_2
[16:27:46] Fixed 55 colliding /gene names.
[16:27:46] Adding /locus_tag identifiers
[16:27:46] Assigned 2202 locus_tags to CDS and RNA features.
[16:27:46] Writing outputs to /home/fmt073/work/Zhang/Prokka/Prbc/
[16:27:47] Generating annotation statistics file
[16:27:47] Generating Genbank and Sequin files
[16:27:47] Running: tbl2asn -V b -a r10k -l paired-ends -M n -N 1 -y 'Annotated using prokka 1.14.5 from https://github.com/tseemann/prokka' -Z \/home\/fmt073\/work\/Zhang\/Prokka\/Prbc\/Prbc\.err -i \/home\/fmt073\/work\/Zhang\/Prokka\/Prbc\/Prbc\.fsa 2> /dev/null
[16:27:50] Deleting unwanted file: /home/fmt073/work/Zhang/Prokka/Prbc/errorsummary.val
[16:27:50] Deleting unwanted file: /home/fmt073/work/Zhang/Prokka/Prbc/Prbc.dr
[16:27:50] Deleting unwanted file: /home/fmt073/work/Zhang/Prokka/Prbc/Prbc.fixedproducts
[16:27:50] Deleting unwanted file: /home/fmt073/work/Zhang/Prokka/Prbc/Prbc.ecn
[16:27:50] Deleting unwanted file: /home/fmt073/work/Zhang/Prokka/Prbc/Prbc.val
[16:27:50] Repairing broken .GBK output that tbl2asn produces...
[16:27:50] Running: sed 's/COORDINATES: profile/COORDINATES:profile/' < \/home\/fmt073\/work\/Zhang\/Prokka\/Prbc\/Prbc\.gbf > \/home\/fmt073\/work\/Zhang\/Prokka\/Prbc\/Prbc\.gbk
[16:27:50] Deleting unwanted file: /home/fmt073/work/Zhang/Prokka/Prbc/Prbc.gbf
[16:27:50] Output files:
[16:27:50] /home/fmt073/work/Zhang/Prokka/Prbc/Prbc.fna
[16:27:50] /home/fmt073/work/Zhang/Prokka/Prbc/Prbc.sqn
[16:27:50] /home/fmt073/work/Zhang/Prokka/Prbc/Prbc.tsv
[16:27:50] /home/fmt073/work/Zhang/Prokka/Prbc/Prbc.txt
[16:27:50] /home/fmt073/work/Zhang/Prokka/Prbc/Prbc.faa
[16:27:50] /home/fmt073/work/Zhang/Prokka/Prbc/Prbc.tbl
[16:27:50] /home/fmt073/work/Zhang/Prokka/Prbc/Prbc.err
[16:27:50] /home/fmt073/work/Zhang/Prokka/Prbc/Prbc.gff
[16:27:50] /home/fmt073/work/Zhang/Prokka/Prbc/Prbc.ffn
[16:27:50] /home/fmt073/work/Zhang/Prokka/Prbc/Prbc.log
[16:27:50] /home/fmt073/work/Zhang/Prokka/Prbc/Prbc.gbk
[16:27:50] /home/fmt073/work/Zhang/Prokka/Prbc/Prbc.fsa
[16:27:50] Annotation finished successfully.
[16:27:50] Walltime used: 15.00 minutes
[16:27:50] If you use this result please cite the Prokka paper:
[16:27:50] Seemann T (2014) Prokka: rapid prokaryotic genome annotation. Bioinformatics. 30(14):2068-9.
[16:27:50] Type 'prokka --citation' for more details.
[16:27:50] Thank you, come again.
