[16:13:04] This is prokka 1.14.5
[16:13:04] Written by Torsten Seemann <torsten.seemann@gmail.com>
[16:13:04] Homepage is https://github.com/tseemann/prokka
[16:13:04] Local time is Thu Oct 16 16:13:04 2025
[16:13:04] You are fmt073
[16:13:04] Operating system is linux
[16:13:04] You have BioPerl 1.7.8
[16:13:04] System has 128 cores.
[16:13:04] Will use maximum of 1 cores.
[16:13:04] Annotating as >>> Bacteria <<<
[16:13:04] Enabling options to ensure Genbank/ENA/DDJB submission compliance.
[16:13:04] Creating new output folder: /home/fmt073/work/Zhang/Prokka/Prbm
[16:13:04] Running: mkdir -p \/home\/fmt073\/work\/Zhang\/Prokka\/Prbm
[16:13:04] Using filename prefix: Prbm.XXX
[16:13:04] Setting HMMER_NCPU=1
[16:13:04] Writing log to: /home/fmt073/work/Zhang/Prokka/Prbm/Prbm.log
[16:13:04] Command: /usr/local/bioinfo/src/PROKKA/prokka-1.14.5/bin/prokka /home/fmt073/work/Zhang/DNA/Prbm.fna --outdir /home/fmt073/work/Zhang/Prokka/Prbm --compliant --addgenes --prefix Prbm --locustag Prbm.g --genus Prochlorococcus --species Prochlorococcus sp. --strain MIT 0801 --kingdom Bacteria --cpus 1
[16:13:04] Appending to PATH: /usr/local/bioinfo/src/PROKKA/prokka-1.14.5/bin/../binaries/linux
[16:13:04] Appending to PATH: /usr/local/bioinfo/src/PROKKA/prokka-1.14.5/bin/../binaries/linux/../common
[16:13:04] Appending to PATH: /usr/local/bioinfo/src/PROKKA/prokka-1.14.5/bin
[16:13:04] Looking for 'aragorn' - found /usr/local/bioinfo/src/PROKKA/prokka-1.14.5/binaries/linux/aragorn
[16:13:04] Determined aragorn version is 001002 from 'ARAGORN v1.2.38 Dean Laslett'
[16:13:04] Looking for 'blastp' - found /usr/local/bioinfo/src/PROKKA/prokka-1.14.5/binaries/linux/blastp
[16:13:04] Determined blastp version is 002009 from 'blastp: 2.9.0+'
[16:13:04] Looking for 'cmpress' - found /usr/local/bioinfo/src/PROKKA/prokka-1.14.5/binaries/linux/cmpress
[16:13:04] Determined cmpress version is 001001 from '# INFERNAL 1.1.2 (July 2016)'
[16:13:04] Looking for 'cmscan' - found /usr/local/bioinfo/src/PROKKA/prokka-1.14.5/binaries/linux/cmscan
[16:13:04] Determined cmscan version is 001001 from '# INFERNAL 1.1.2 (July 2016)'
[16:13:04] Looking for 'egrep' - found /usr/bin/egrep
[16:13:04] Looking for 'find' - found /usr/bin/find
[16:13:04] Looking for 'grep' - found /usr/bin/grep
[16:13:04] Looking for 'hmmpress' - found /usr/local/bioinfo/src/PROKKA/prokka-1.14.5/binaries/linux/hmmpress
[16:13:04] Determined hmmpress version is 003001 from '# HMMER 3.1b2 (February 2015); http://hmmer.org/'
[16:13:04] Looking for 'hmmscan' - found /usr/local/bioinfo/src/PROKKA/prokka-1.14.5/binaries/linux/hmmscan
[16:13:04] Determined hmmscan version is 003001 from '# HMMER 3.1b2 (February 2015); http://hmmer.org/'
[16:13:04] Looking for 'java' - found /usr/bin/java
[16:13:04] Looking for 'makeblastdb' - found /usr/local/bioinfo/src/PROKKA/prokka-1.14.5/binaries/linux/makeblastdb
[16:13:04] Determined makeblastdb version is 002009 from 'makeblastdb: 2.9.0+'
[16:13:04] Looking for 'minced' - found /usr/local/bioinfo/src/PROKKA/prokka-1.14.5/binaries/common/minced
[16:13:04] Determined minced version is 002000 from 'minced 0.2.0'
[16:13:04] Looking for 'parallel' - found /usr/local/bioinfo/src/PROKKA/prokka-1.14.5/binaries/common/parallel
[16:13:04] Determined parallel version is 20150122 from 'GNU parallel 20150122'
[16:13:04] Looking for 'prodigal' - found /usr/local/bioinfo/src/PROKKA/prokka-1.14.5/binaries/linux/prodigal
[16:13:04] Determined prodigal version is 002006 from 'Prodigal V2.6.3: February, 2016'
[16:13:04] Looking for 'prokka-genbank_to_fasta_db' - found /usr/local/bioinfo/src/PROKKA/prokka-1.14.5/bin/prokka-genbank_to_fasta_db
[16:13:04] Looking for 'sed' - found /usr/bin/sed
[16:13:04] Looking for 'tbl2asn' - found /usr/local/bioinfo/src/PROKKA/prokka-1.14.5/binaries/linux/tbl2asn
[16:13:04] Determined tbl2asn version is 025008 from 'tbl2asn 25.8   arguments:'
[16:13:04] Using genetic code table 11.
[16:13:04] Loading and checking input file: /home/fmt073/work/Zhang/DNA/Prbm.fna
[16:13:04] Wrote 1 contigs totalling 1929203 bp.
[16:13:04] Predicting tRNAs and tmRNAs
[16:13:04] Running: aragorn -l -gc11  -w \/home\/fmt073\/work\/Zhang\/Prokka\/Prbm\/Prbm\.fna
[16:13:05] 1 tmRNA* c[108986,109294] 168,218 ANNIVSFSRQTAPVAA*
[16:13:05] 2 tRNA-Leu c[118262,118345] 36 (aag)
[16:13:05] 3 tRNA-Asn [181549,181620] 33 (gtt)
[16:13:05] 4 tRNA-Leu c[289474,289556] 35 (tag)
[16:13:05] 5 tRNA-Arg c[309057,309132] 36 (acg)
[16:13:05] 6 tRNA-Met c[324723,324797] 35 (cat)
[16:13:05] 7 tRNA-Phe c[364316,364391] 34 (gaa)
[16:13:05] 8 tRNA-Thr c[374611,374684] 34 (tgt)
[16:13:05] 9 tRNA-Ile [384372,384447] 36 (gat)
[16:13:05] 10 tRNA-Ala [384456,384529] 34 (tgc)
[16:13:05] 11 tRNA-Leu c[394610,394687] 33 (gag)
[16:13:05] 12 tRNA-Tyr c[394699,394780] 35 (gta)
[16:13:05] 13 tRNA-Thr c[397479,397550] 33 (ggt)
[16:13:05] 14 tRNA-Tyr c[397563,397644] 35 (gta)
[16:13:05] 15 tRNA-Asp c[510648,510723] 36 (gtc)
[16:13:05] 16 tRNA-Trp c[511147,511221] 35 (cca)
[16:13:05] 17 tRNA-Leu [598623,598709] 35 (taa)
[16:13:05] 18 tRNA-Ser c[688826,688914] 36 (tga)
[16:13:05] 19 tRNA-Met c[813566,813642] 35 (cat)
[16:13:05] 20 tRNA-Pro c[838665,838738] 35 (ggg)
[16:13:05] 21 tRNA-Ser [888349,888435] 35 (gga)
[16:13:05] 22 tRNA-Met [939060,939135] 36 (cat)
[16:13:05] 23 tRNA-Gly [1134289,1134360] 33 (ccc)
[16:13:05] 24 tRNA-Pro c[1203989,1204062] 35 (tgg)
[16:13:05] 25 tRNA-Lys c[1216364,1216435] 33 (ttt)
[16:13:05] 26 tRNA-Glu [1264531,1264605] 36 (ttc)
[16:13:05] 27 tRNA-Ser c[1362788,1362874] 35 (cga)
[16:13:05] 28 tRNA-Arg [1400897,1400970] 35 (tct)
[16:13:05] 29 tRNA-Ala c[1409208,1409282] 35 (ggc)
[16:13:05] 30 tRNA-Leu [1447663,1447745] 35 (caa)
[16:13:05] 31 tRNA-His [1453045,1453118] 34 (gtg)
[16:13:05] 32 tRNA-Gly c[1473441,1473511] 33 (tcc)
[16:13:05] 33 tRNA-Val [1506352,1506423] 33 (gac)
[16:13:05] 34 tRNA-Thr [1599957,1600030] 34 (cgt)
[16:13:05] 35 tRNA-Ser c[1678204,1678294] 36 (gct)
[16:13:05] 36 tRNA-Gln [1698702,1698773] 33 (ttg)
[16:13:05] 37 tRNA-Arg [1712017,1712092] 36 (ccg)
[16:13:05] 38 tRNA-Cys [1727990,1728060] 33 (gca)
[16:13:05] 39 tRNA-Arg c[1747619,1747692] 35 (cct)
[16:13:05] 40 tRNA-Gly c[1829639,1829710] 33 (gcc)
[16:13:05] 41 tRNA-Val c[1878571,1878645] 34 (tac)
[16:13:05] Found 41 tRNAs
[16:13:05] Predicting Ribosomal RNAs
[16:13:05] You need either Barrnap or RNAmmer installed to predict rRNAs!
[16:13:05] Skipping ncRNA search, enable with --rfam if desired.
[16:13:05] Total of 40 tRNA + rRNA features
[16:13:05] Searching for CRISPR repeats
[16:13:06] Found 0 CRISPRs
[16:13:06] Predicting coding sequences
[16:13:06] Contigs total 1929203 bp, so using single mode
[16:13:06] Running: prodigal -i \/home\/fmt073\/work\/Zhang\/Prokka\/Prbm\/Prbm\.fna -c -m -g 11 -p single -f sco -q
[16:13:09] Excluding CDS which overlaps existing RNA (tRNA) at gnl|Prokka|Prbm.g_1:509197..510675 on - strand
[16:13:09] Excluding CDS which overlaps existing RNA (tRNA) at gnl|Prokka|Prbm.g_1:598601..598981 on + strand
[16:13:09] Excluding CDS which overlaps existing RNA (tRNA) at gnl|Prokka|Prbm.g_1:838610..838741 on - strand
[16:13:09] Excluding CDS which overlaps existing RNA (tRNA) at gnl|Prokka|Prbm.g_1:1216363..1216596 on + strand
[16:13:09] Excluding CDS which overlaps existing RNA (tRNA) at gnl|Prokka|Prbm.g_1:1447672..1448934 on + strand
[16:13:09] Excluding CDS which overlaps existing RNA (tRNA) at gnl|Prokka|Prbm.g_1:1473425..1473604 on + strand
[16:13:09] Excluding CDS which overlaps existing RNA (tRNA) at gnl|Prokka|Prbm.g_1:1599655..1600020 on - strand
[16:13:09] Excluding CDS which overlaps existing RNA (tRNA) at gnl|Prokka|Prbm.g_1:1726712..1728136 on - strand
[16:13:10] Found 2192 CDS
[16:13:10] Connecting features back to sequences
[16:13:10] Not using genus-specific database. Try --usegenus to enable it.
[16:13:10] Annotating CDS, please be patient.
[16:13:10] Will use 1 CPUs for similarity searching.
[16:13:10] There are still 2192 unannotated CDS left (started with 2192)
[16:13:10] Will use blast to search against /usr/local/bioinfo/src/PROKKA/prokka-1.14.5/db/kingdom/Bacteria/IS with 1 CPUs
[16:13:10] Running: cat \/home\/fmt073\/work\/Zhang\/Prokka\/Prbm\/Prbm\.IS\.tmp\.4083198\.faa | parallel --gnu --plain -j 1 --block 285237 --recstart '>' --pipe blastp -query - -db /usr/local/bioinfo/src/PROKKA/prokka-1.14.5/db/kingdom/Bacteria/IS -evalue 1e-30 -qcov_hsp_perc 90 -num_threads 1 -num_descriptions 1 -num_alignments 1 -seg no > \/home\/fmt073\/work\/Zhang\/Prokka\/Prbm\/Prbm\.IS\.tmp\.4083198\.blast 2> /dev/null
[16:13:38] Deleting unwanted file: /home/fmt073/work/Zhang/Prokka/Prbm/Prbm.IS.tmp.4083198.faa
[16:13:38] Deleting unwanted file: /home/fmt073/work/Zhang/Prokka/Prbm/Prbm.IS.tmp.4083198.blast
[16:13:38] There are still 2192 unannotated CDS left (started with 2192)
[16:13:38] Will use blast to search against /usr/local/bioinfo/src/PROKKA/prokka-1.14.5/db/kingdom/Bacteria/AMR with 1 CPUs
[16:13:38] Running: cat \/home\/fmt073\/work\/Zhang\/Prokka\/Prbm\/Prbm\.AMR\.tmp\.4083198\.faa | parallel --gnu --plain -j 1 --block 285237 --recstart '>' --pipe blastp -query - -db /usr/local/bioinfo/src/PROKKA/prokka-1.14.5/db/kingdom/Bacteria/AMR -evalue 9.99999999999999e-301 -qcov_hsp_perc 90 -num_threads 1 -num_descriptions 1 -num_alignments 1 -seg no > \/home\/fmt073\/work\/Zhang\/Prokka\/Prbm\/Prbm\.AMR\.tmp\.4083198\.blast 2> /dev/null
[16:13:58] Deleting unwanted file: /home/fmt073/work/Zhang/Prokka/Prbm/Prbm.AMR.tmp.4083198.faa
[16:13:58] Deleting unwanted file: /home/fmt073/work/Zhang/Prokka/Prbm/Prbm.AMR.tmp.4083198.blast
[16:13:59] There are still 2192 unannotated CDS left (started with 2192)
[16:13:59] Will use blast to search against /usr/local/bioinfo/src/PROKKA/prokka-1.14.5/db/kingdom/Bacteria/sprot with 1 CPUs
[16:13:59] Running: cat \/home\/fmt073\/work\/Zhang\/Prokka\/Prbm\/Prbm\.sprot\.tmp\.4083198\.faa | parallel --gnu --plain -j 1 --block 285237 --recstart '>' --pipe blastp -query - -db /usr/local/bioinfo/src/PROKKA/prokka-1.14.5/db/kingdom/Bacteria/sprot -evalue 1e-09 -qcov_hsp_perc 80 -num_threads 1 -num_descriptions 1 -num_alignments 1 -seg no > \/home\/fmt073\/work\/Zhang\/Prokka\/Prbm\/Prbm\.sprot\.tmp\.4083198\.blast 2> /dev/null
[16:15:50] Modify product: Probable cysteine desulfurase => putative cysteine desulfurase
[16:15:50] Modify product: Probable ATP-dependent transporter SufC => putative ATP-dependent transporter SufC
[16:15:50] Modify product: Uncharacterized ABC transporter ATP-binding protein YheS => putative ABC transporter ATP-binding protein YheS
[16:15:50] Modify product: Vitamin K epoxide reductase homolog => Vitamin K epoxide reductase 
[16:15:50] Modify product: Protein aq_1857 => Protein
[16:15:50] Modify product: Epimerase family protein SA0724 => Epimerase family protein
[16:15:50] Modify product: Probable copper-transporting ATPase PacS => putative copper-transporting ATPase PacS
[16:15:50] Modify product: Probable adenylyl-sulfate kinase => putative adenylyl-sulfate kinase
[16:15:50] Modify product: Probable glutaredoxin ssr2061 => putative glutaredoxin
[16:15:50] Modify product: Probable nicotinate-nucleotide pyrophosphorylase [carboxylating] => putative nicotinate-nucleotide pyrophosphorylase [carboxylating]
[16:15:50] Modify product: Probable bifunctional SAT/APS kinase => putative bifunctional SAT/APS kinase
[16:15:50] Modify product: UPF0053 inner membrane protein YtfL => hypothetical protein
[16:15:50] Modify product: Uncharacterized phycocyanin operon protein Z => putative phycocyanin operon protein Z
[16:15:50] Modify product: Probable phycoerythrobilin lyase CpeT => putative phycoerythrobilin lyase CpeT
[16:15:50] Modify product: Probable cysteine desulfurase => putative cysteine desulfurase
[16:15:50] Modify product: Phage shock protein A homolog => Phage shock protein A 
[16:15:50] Modify product: Uncharacterized ABC transporter ATP-binding protein YknY => putative ABC transporter ATP-binding protein YknY
[16:15:50] Modify product: Probable cytochrome c oxidase subunit 1 => putative cytochrome c oxidase subunit 1
[16:15:50] Modify product: Rqc2 homolog RqcH => Rqc2 RqcH
[16:15:50] Modify product: UPF0234 protein MSMEG_1165/MSMEI_1134 => hypothetical protein
[16:15:51] Modify product: Thylakoid-associated single-stranded DNA-binding protein slr1034 => Thylakoid-associated single-stranded DNA-binding protein
[16:15:51] Modify product: Probable multidrug resistance ABC transporter ATP-binding/permease protein YheH => putative multidrug resistance ABC transporter ATP-binding/permease protein YheH
[16:15:51] Modify product: Uncharacterized periplasmic iron-binding protein HI_0362 => putative periplasmic iron-binding protein
[16:15:51] Modify product: Probable 2-phosphosulfolactate phosphatase => putative 2-phosphosulfolactate phosphatase
[16:15:51] Modify product: Probable hydrolase YcaC => putative hydrolase YcaC
[16:15:51] Modify product: Probable ABC transporter phosphite binding protein PhnD1 => putative ABC transporter phosphite binding protein PhnD1
[16:15:51] Modify product: Uncharacterized protein HI_0933 => putative protein
[16:15:51] Modify product: Uncharacterized zinc protease Rv2782c => putative zinc protease
[16:15:51] Modify product: Uncharacterized zinc protease Rv2782c => putative zinc protease
[16:15:51] Modify product: Uncharacterized ABC transporter ATP-binding protein Rv0986 => putative ABC transporter ATP-binding protein
[16:15:51] Modify product: GTP-binding protein TypA/BipA homolog => GTP-binding protein TypA/BipA 
[16:15:51] Modify product: Uncharacterized sugar epimerase YhfK => putative sugar epimerase YhfK
[16:15:51] Modify product: Uncharacterized ABC transporter ATP-binding protein YlmA => putative ABC transporter ATP-binding protein YlmA
[16:15:51] Modify product: Probable membrane transporter protein YfcA => putative membrane transporter protein YfcA
[16:15:51] Modify product: Probable multidrug resistance ABC transporter ATP-binding/permease protein YheI => putative multidrug resistance ABC transporter ATP-binding/permease protein YheI
[16:15:51] Modify product: Putative multidrug export ATP-binding/permease protein SAV1866 => Putative multidrug export ATP-binding/permease protein
[16:15:51] Modify product: Probable chromate transport protein => putative chromate transport protein
[16:15:51] Modify product: Uncharacterized protein RP812 => putative protein RP812
[16:15:51] Modify product: Uncharacterized ABC transporter ATP-binding protein TM_0288 => putative ABC transporter ATP-binding protein
[16:15:51] Modify product: Bifunctional protein FolD => Bifunctional protein FolD protein
[16:15:51] Modify product: 1,4-alpha-glucan branching enzyme TTHA1902 => 1,4-alpha-glucan branching enzyme
[16:15:51] Modify product: Uncharacterized oxidoreductase MSMEG_1603/MSMEI_1564 => putative oxidoreductase/MSMEI_1564
[16:15:51] Modify product: Uncharacterized tRNA/rRNA methyltransferase HI_0380 => putative tRNA/rRNA methyltransferase
[16:15:51] Modify product: Uncharacterized protein Rv2569c => putative protein
[16:15:51] Modify product: Uncharacterized protein Rv2411c => putative protein
[16:15:51] Modify product: PKHD-type hydroxylase Sbal_3634 => PKHD-type hydroxylase
[16:15:51] Modify product: PKHD-type hydroxylase Sbal_3634 => PKHD-type hydroxylase
[16:15:51] Modify product: Uncharacterized protein alr4550 => putative protein
[16:15:51] Modify product: Uncharacterized PIN and TRAM-domain containing protein YacL => putative PIN and TRAM-domain containing protein YacL
[16:15:51] Modify product: Glycogen operon protein GlgX homolog => Glycogen operon protein GlgX 
[16:15:51] Modify product: UPF0053 protein Rv2366c => hypothetical protein
[16:15:51] Modify product: Probable nicotinate-nucleotide adenylyltransferase => putative nicotinate-nucleotide adenylyltransferase
[16:15:51] Modify product: Probable peptidoglycan glycosyltransferase FtsW => putative peptidoglycan glycosyltransferase FtsW
[16:15:51] Modify product: Probable helicase HelY => putative helicase HelY
[16:15:51] Modify product: Probable ketoamine kinase HMPREF0351_12196 => putative ketoamine kinase
[16:15:51] Modify product: Probable adenylyltransferase/sulfurtransferase MoeZ => putative adenylyltransferase/sulfurtransferase MoeZ
[16:15:51] Modify product: Putative low molecular weight protein-tyrosine-phosphatase slr0328 => Putative low molecular weight protein-tyrosine-phosphatase
[16:15:51] Modify product: Probable formate transporter 1 => putative formate transporter 1
[16:15:51] Modify product: Uncharacterized protein YbiB => putative protein YbiB
[16:15:51] Cleaned 59 /product names
[16:15:51] Deleting unwanted file: /home/fmt073/work/Zhang/Prokka/Prbm/Prbm.sprot.tmp.4083198.faa
[16:15:51] Deleting unwanted file: /home/fmt073/work/Zhang/Prokka/Prbm/Prbm.sprot.tmp.4083198.blast
[16:15:52] There are still 1358 unannotated CDS left (started with 2192)
[16:15:52] Will use hmmer3 to search against /usr/local/bioinfo/src/PROKKA/prokka-1.14.5/db/hmm/HAMAP.hmm with 1 CPUs
[16:15:52] Running: cat \/home\/fmt073\/work\/Zhang\/Prokka\/Prbm\/Prbm\.HAMAP\.hmm\.tmp\.4083198\.faa | parallel --gnu --plain -j 1 --block 134408 --recstart '>' --pipe hmmscan --noali --notextw --acc -E 1e-09 --cpu 1 /usr/local/bioinfo/src/PROKKA/prokka-1.14.5/db/hmm/HAMAP.hmm /dev/stdin > \/home\/fmt073\/work\/Zhang\/Prokka\/Prbm\/Prbm\.HAMAP\.hmm\.tmp\.4083198\.hmmer3 2> /dev/null
[16:27:48] Deleting unwanted file: /home/fmt073/work/Zhang/Prokka/Prbm/Prbm.HAMAP.hmm.tmp.4083198.faa
[16:27:48] Deleting unwanted file: /home/fmt073/work/Zhang/Prokka/Prbm/Prbm.HAMAP.hmm.tmp.4083198.hmmer3
[16:27:48] Labelling remaining 1190 proteins as 'hypothetical protein'
[16:27:48] Possible /pseudo 'putative zinc protease' at gnl|Prokka|Prbm.g_1 position 743204
[16:27:48] Possible /pseudo 'Endonuclease 8' at gnl|Prokka|Prbm.g_1 position 1068265
[16:27:48] Possible /pseudo 'ATP-dependent Clp protease proteolytic subunit' at gnl|Prokka|Prbm.g_1 position 1462370
[16:27:48] Possible /pseudo 'DNA-directed RNA polymerase subunit beta'' at gnl|Prokka|Prbm.g_1 position 1583597
[16:27:48] Found 853 unique /gene codes.
[16:27:48] Fixed 2 duplicate /gene - menH_1 menH_2
[16:27:48] Fixed 2 duplicate /gene - ftsH2_1 ftsH2_2
[16:27:48] Fixed 2 duplicate /gene - pstS_1 pstS_2
[16:27:48] Fixed 3 duplicate /gene - ubiB_1 ubiB_2 ubiB_3
[16:27:48] Fixed 2 duplicate /gene - gyrA_1 gyrA_2
[16:27:48] Fixed 2 duplicate /gene - fabG_1 fabG_2
[16:27:48] Fixed 4 duplicate /gene - ycf3_1 ycf3_2 ycf3_3 ycf3_4
[16:27:48] Fixed 2 duplicate /gene - kmo_1 kmo_2
[16:27:48] Fixed 3 duplicate /gene - lapB_1 lapB_2 lapB_3
[16:27:48] Fixed 2 duplicate /gene - cysQ_1 cysQ_2
[16:27:48] Fixed 3 duplicate /gene - psbA_1 psbA_2 psbA_3
[16:27:48] Fixed 2 duplicate /gene - menF_1 menF_2
[16:27:48] Fixed 2 duplicate /gene - tam_1 tam_2
[16:27:48] Fixed 2 duplicate /gene - sigA_1 sigA_2
[16:27:48] Fixed 2 duplicate /gene - clpS_1 clpS_2
[16:27:48] Fixed 2 duplicate /gene - pcbB_1 pcbB_2
[16:27:48] Fixed 2 duplicate /gene - nadK_1 nadK_2
[16:27:48] Fixed 2 duplicate /gene - def_1 def_2
[16:27:48] Fixed 2 duplicate /gene - mnmC_1 mnmC_2
[16:27:48] Fixed 2 duplicate /gene - crtL_1 crtL_2
[16:27:48] Fixed 4 duplicate /gene - ligA_1 ligA_2 ligA_3 ligA_4
[16:27:48] Fixed 4 duplicate /gene - bcp_1 bcp_2 bcp_3 bcp_4
[16:27:48] Fixed 2 duplicate /gene - hhoA_1 hhoA_2
[16:27:48] Fixed 3 duplicate /gene - sigA2_1 sigA2_2 sigA2_3
[16:27:48] Fixed 5 duplicate /gene - mshA_1 mshA_2 mshA_3 mshA_4 mshA_5
[16:27:48] Fixed 2 duplicate /gene - pnp_1 pnp_2
[16:27:48] Fixed 2 duplicate /gene - recD_1 recD_2
[16:27:48] Fixed 4 duplicate /gene - cpoB_1 cpoB_2 cpoB_3 cpoB_4
[16:27:48] Fixed 4 duplicate /gene - btuD_1 btuD_2 btuD_3 btuD_4
[16:27:48] Fixed 2 duplicate /gene - menA_1 menA_2
[16:27:48] Fixed 2 duplicate /gene - iscS_1 iscS_2
[16:27:48] Fixed 2 duplicate /gene - clpB1_1 clpB1_2
[16:27:48] Fixed 2 duplicate /gene - gap3_1 gap3_2
[16:27:48] Fixed 2 duplicate /gene - lpxD_1 lpxD_2
[16:27:48] Fixed 2 duplicate /gene - dsbD_1 dsbD_2
[16:27:48] Fixed 2 duplicate /gene - sir_1 sir_2
[16:27:48] Fixed 2 duplicate /gene - der_1 der_2
[16:27:48] Fixed 2 duplicate /gene - era_1 era_2
[16:27:48] Fixed 3 duplicate /gene - dnaJ_1 dnaJ_2 dnaJ_3
[16:27:48] Fixed 2 duplicate /gene - atpG_1 atpG_2
[16:27:48] Fixed 2 duplicate /gene - cmoM_1 cmoM_2
[16:27:48] Fixed 2 duplicate /gene - lpxB_1 lpxB_2
[16:27:48] Fixed 2 duplicate /gene - speA_1 speA_2
[16:27:48] Fixed 3 duplicate /gene - sasA_1 sasA_2 sasA_3
[16:27:48] Fixed 3 duplicate /gene - mntB_1 mntB_2 mntB_3
[16:27:48] Fixed 2 duplicate /gene - csd_1 csd_2
[16:27:48] Fixed 2 duplicate /gene - bepA_1 bepA_2
[16:27:48] Fixed 2 duplicate /gene - msrA_1 msrA_2
[16:27:48] Fixed 2 duplicate /gene - gmd_1 gmd_2
[16:27:48] Fixed 3 duplicate /gene - ruvB_1 ruvB_2 ruvB_3
[16:27:48] Fixed 4 duplicate /gene - clpP_1 clpP_2 clpP_3 clpP_4
[16:27:48] Fixed 2 duplicate /gene - arnT_1 arnT_2
[16:27:48] Fixed 2 duplicate /gene - cbpA_1 cbpA_2
[16:27:48] Fixed 2 duplicate /gene - pds_1 pds_2
[16:27:48] Fixed 2 duplicate /gene - rnr_1 rnr_2
[16:27:48] Fixed 2 duplicate /gene - atpH_1 atpH_2
[16:27:48] Fixed 2 duplicate /gene - nei_1 nei_2
[16:27:48] Fixed 2 duplicate /gene - ndhD1_1 ndhD1_2
[16:27:48] Fixed 2 duplicate /gene - ppa_1 ppa_2
[16:27:48] Fixed 2 duplicate /gene - dnaK2_1 dnaK2_2
[16:27:48] Fixed 60 colliding /gene names.
[16:27:48] Adding /locus_tag identifiers
[16:27:49] Assigned 2233 locus_tags to CDS and RNA features.
[16:27:49] Writing outputs to /home/fmt073/work/Zhang/Prokka/Prbm/
[16:27:50] Generating annotation statistics file
[16:27:50] Generating Genbank and Sequin files
[16:27:50] Running: tbl2asn -V b -a r10k -l paired-ends -M n -N 1 -y 'Annotated using prokka 1.14.5 from https://github.com/tseemann/prokka' -Z \/home\/fmt073\/work\/Zhang\/Prokka\/Prbm\/Prbm\.err -i \/home\/fmt073\/work\/Zhang\/Prokka\/Prbm\/Prbm\.fsa 2> /dev/null
[16:27:53] Deleting unwanted file: /home/fmt073/work/Zhang/Prokka/Prbm/errorsummary.val
[16:27:53] Deleting unwanted file: /home/fmt073/work/Zhang/Prokka/Prbm/Prbm.dr
[16:27:53] Deleting unwanted file: /home/fmt073/work/Zhang/Prokka/Prbm/Prbm.fixedproducts
[16:27:53] Deleting unwanted file: /home/fmt073/work/Zhang/Prokka/Prbm/Prbm.ecn
[16:27:53] Deleting unwanted file: /home/fmt073/work/Zhang/Prokka/Prbm/Prbm.val
[16:27:53] Repairing broken .GBK output that tbl2asn produces...
[16:27:53] Running: sed 's/COORDINATES: profile/COORDINATES:profile/' < \/home\/fmt073\/work\/Zhang\/Prokka\/Prbm\/Prbm\.gbf > \/home\/fmt073\/work\/Zhang\/Prokka\/Prbm\/Prbm\.gbk
[16:27:53] Deleting unwanted file: /home/fmt073/work/Zhang/Prokka/Prbm/Prbm.gbf
[16:27:53] Output files:
[16:27:53] /home/fmt073/work/Zhang/Prokka/Prbm/Prbm.tbl
[16:27:53] /home/fmt073/work/Zhang/Prokka/Prbm/Prbm.tsv
[16:27:53] /home/fmt073/work/Zhang/Prokka/Prbm/Prbm.fsa
[16:27:53] /home/fmt073/work/Zhang/Prokka/Prbm/Prbm.ffn
[16:27:53] /home/fmt073/work/Zhang/Prokka/Prbm/Prbm.err
[16:27:53] /home/fmt073/work/Zhang/Prokka/Prbm/Prbm.log
[16:27:53] /home/fmt073/work/Zhang/Prokka/Prbm/Prbm.sqn
[16:27:53] /home/fmt073/work/Zhang/Prokka/Prbm/Prbm.txt
[16:27:53] /home/fmt073/work/Zhang/Prokka/Prbm/Prbm.fna
[16:27:53] /home/fmt073/work/Zhang/Prokka/Prbm/Prbm.faa
[16:27:53] /home/fmt073/work/Zhang/Prokka/Prbm/Prbm.gbk
[16:27:53] /home/fmt073/work/Zhang/Prokka/Prbm/Prbm.gff
[16:27:53] Annotation finished successfully.
[16:27:53] Walltime used: 14.82 minutes
[16:27:53] If you use this result please cite the Prokka paper:
[16:27:53] Seemann T (2014) Prokka: rapid prokaryotic genome annotation. Bioinformatics. 30(14):2068-9.
[16:27:53] Type 'prokka --citation' for more details.
[16:27:53] Share and enjoy!
