[16:15:39] This is prokka 1.14.5
[16:15:39] Written by Torsten Seemann <torsten.seemann@gmail.com>
[16:15:39] Homepage is https://github.com/tseemann/prokka
[16:15:39] Local time is Thu Oct 16 16:15:39 2025
[16:15:39] You are fmt073
[16:15:39] Operating system is linux
[16:15:39] You have BioPerl 1.7.8
[16:15:39] System has 128 cores.
[16:15:39] Will use maximum of 1 cores.
[16:15:39] Annotating as >>> Bacteria <<<
[16:15:39] Enabling options to ensure Genbank/ENA/DDJB submission compliance.
[16:15:39] Creating new output folder: /home/fmt073/work/Zhang/Prokka/Syaf
[16:15:39] Running: mkdir -p \/home\/fmt073\/work\/Zhang\/Prokka\/Syaf
[16:15:39] Using filename prefix: Syaf.XXX
[16:15:39] Setting HMMER_NCPU=1
[16:15:39] Writing log to: /home/fmt073/work/Zhang/Prokka/Syaf/Syaf.log
[16:15:39] Command: /usr/local/bioinfo/src/PROKKA/prokka-1.14.5/bin/prokka /home/fmt073/work/Zhang/DNA/Syaf.fna --outdir /home/fmt073/work/Zhang/Prokka/Syaf --compliant --addgenes --prefix Syaf --locustag Syaf.g --genus Synechococcus --species Synechococcus sp. --strain KORDI 52 --kingdom Bacteria --cpus 1
[16:15:39] Appending to PATH: /usr/local/bioinfo/src/PROKKA/prokka-1.14.5/bin/../binaries/linux
[16:15:39] Appending to PATH: /usr/local/bioinfo/src/PROKKA/prokka-1.14.5/bin/../binaries/linux/../common
[16:15:39] Appending to PATH: /usr/local/bioinfo/src/PROKKA/prokka-1.14.5/bin
[16:15:39] Looking for 'aragorn' - found /usr/local/bioinfo/src/PROKKA/prokka-1.14.5/binaries/linux/aragorn
[16:15:39] Determined aragorn version is 001002 from 'ARAGORN v1.2.38 Dean Laslett'
[16:15:39] Looking for 'blastp' - found /usr/local/bioinfo/src/PROKKA/prokka-1.14.5/binaries/linux/blastp
[16:15:39] Determined blastp version is 002009 from 'blastp: 2.9.0+'
[16:15:39] Looking for 'cmpress' - found /usr/local/bioinfo/src/PROKKA/prokka-1.14.5/binaries/linux/cmpress
[16:15:39] Determined cmpress version is 001001 from '# INFERNAL 1.1.2 (July 2016)'
[16:15:39] Looking for 'cmscan' - found /usr/local/bioinfo/src/PROKKA/prokka-1.14.5/binaries/linux/cmscan
[16:15:39] Determined cmscan version is 001001 from '# INFERNAL 1.1.2 (July 2016)'
[16:15:39] Looking for 'egrep' - found /usr/bin/egrep
[16:15:39] Looking for 'find' - found /usr/bin/find
[16:15:39] Looking for 'grep' - found /usr/bin/grep
[16:15:39] Looking for 'hmmpress' - found /usr/local/bioinfo/src/PROKKA/prokka-1.14.5/binaries/linux/hmmpress
[16:15:39] Determined hmmpress version is 003001 from '# HMMER 3.1b2 (February 2015); http://hmmer.org/'
[16:15:39] Looking for 'hmmscan' - found /usr/local/bioinfo/src/PROKKA/prokka-1.14.5/binaries/linux/hmmscan
[16:15:39] Determined hmmscan version is 003001 from '# HMMER 3.1b2 (February 2015); http://hmmer.org/'
[16:15:39] Looking for 'java' - found /usr/bin/java
[16:15:39] Looking for 'makeblastdb' - found /usr/local/bioinfo/src/PROKKA/prokka-1.14.5/binaries/linux/makeblastdb
[16:15:39] Determined makeblastdb version is 002009 from 'makeblastdb: 2.9.0+'
[16:15:39] Looking for 'minced' - found /usr/local/bioinfo/src/PROKKA/prokka-1.14.5/binaries/common/minced
[16:15:39] Determined minced version is 002000 from 'minced 0.2.0'
[16:15:39] Looking for 'parallel' - found /usr/local/bioinfo/src/PROKKA/prokka-1.14.5/binaries/common/parallel
[16:15:39] Determined parallel version is 20150122 from 'GNU parallel 20150122'
[16:15:39] Looking for 'prodigal' - found /usr/local/bioinfo/src/PROKKA/prokka-1.14.5/binaries/linux/prodigal
[16:15:39] Determined prodigal version is 002006 from 'Prodigal V2.6.3: February, 2016'
[16:15:39] Looking for 'prokka-genbank_to_fasta_db' - found /usr/local/bioinfo/src/PROKKA/prokka-1.14.5/bin/prokka-genbank_to_fasta_db
[16:15:39] Looking for 'sed' - found /usr/bin/sed
[16:15:39] Looking for 'tbl2asn' - found /usr/local/bioinfo/src/PROKKA/prokka-1.14.5/binaries/linux/tbl2asn
[16:15:39] Determined tbl2asn version is 025008 from 'tbl2asn 25.8   arguments:'
[16:15:39] Using genetic code table 11.
[16:15:39] Loading and checking input file: /home/fmt073/work/Zhang/DNA/Syaf.fna
[16:15:39] Wrote 1 contigs totalling 2572069 bp.
[16:15:39] Predicting tRNAs and tmRNAs
[16:15:39] Running: aragorn -l -gc11  -w \/home\/fmt073\/work\/Zhang\/Prokka\/Syaf\/Syaf\.fna
[16:15:41] 1 tRNA-Thr [7473,7544] 33 (tgt)
[16:15:41] 2 tRNA-Phe [20600,20672] 34 (gaa)
[16:15:41] 3 tRNA-Ser [53527,53613] 36 (gct)
[16:15:41] 4 tRNA-Cys c[56632,56702] 33 (gca)
[16:15:41] 5 tRNA-Arg c[72480,72555] 36 (ccg)
[16:15:41] 6 tRNA-Gln c[85847,85918] 33 (ttg)
[16:15:41] 7 tRNA-Ser [107706,107796] 36 (gct)
[16:15:41] 8 tRNA-Pro c[126320,126393] 35 (cgg)
[16:15:41] 9 tRNA-Ala [164061,164134] 34 (cgc)
[16:15:41] 10 tRNA-Leu c[178975,179058] 36 (tag)
[16:15:41] 11 tRNA-Arg c[211808,211881] 35 (acg)
[16:15:41] 12 tRNA-Met c[231802,231874] 34 (cat)
[16:15:41] 13 tRNA-Arg c[330522,330597] 36 (cct)
[16:15:41] 14 tRNA-Gly c[387365,387436] 33 (gcc)
[16:15:41] 15 tRNA-Gly [428781,428852] 33 (ccc)
[16:15:41] 16 tRNA-Val [581718,581789] 33 (tac)
[16:15:41] 17 tRNA-Asn c[809955,810027] 33 (gtt)
[16:15:41] 18 tRNA-Ile [860490,860565] 36 (gat)
[16:15:41] 19 tRNA-Ala [860574,860647] 34 (tgc)
[16:15:41] 20 tRNA-Ile [867301,867376] 36 (gat)
[16:15:41] 21 tRNA-Ala [867385,867458] 34 (tgc)
[16:15:41] 22 tRNA-Leu [931661,931742] 35 (gag)
[16:15:41] 23 tmRNA* [942048,942363] 175,225 ANNIVRFSRQAAPVAA*
[16:15:41] 24 tRNA-Val c[1018293,1018365] 33 (gac)
[16:15:41] 25 tRNA-Gly [1064080,1064151] 33 (tcc)
[16:15:41] 26 tRNA-Thr c[1097029,1097101] 34 (cgt)
[16:15:41] 27 tRNA-Glu c[1267539,1267611] 35 (ttc)
[16:15:41] 28 tRNA-Met [1394010,1394086] 35 (cat)
[16:15:41] 29 tRNA-Pro c[1463953,1464027] 35 (tgg)
[16:15:41] 30 tRNA-Lys c[1465404,1465475] 33 (ttt)
[16:15:41] 31 tRNA-Ser [1705245,1705332] 35 (gga)
[16:15:41] 32 tRNA-Met c[1778483,1778558] 36 (cat)
[16:15:41] 33 tRNA-Ser [1832041,1832129] 36 (tga)
[16:15:41] 34 tRNA-Pro [1950712,1950785] 35 (ggg)
[16:15:41] 35 tRNA-Leu [2150400,2150488] 35 (taa)
[16:15:41] 36 tRNA-Ala c[2177425,2177499] 35 (ggc)
[16:15:41] 37 tRNA-Leu c[2239126,2239210] 35 (cag)
[16:15:41] 38 tRNA-Leu [2240694,2240776] 35 (caa)
[16:15:41] 39 tRNA-His [2246848,2246921] 34 (gtg)
[16:15:41] 40 tRNA-Ser c[2286730,2286816] 37 (cga)
[16:15:41] 41 tRNA-Trp [2447001,2447077] 35 (cca)
[16:15:41] 42 tRNA-Asp [2447513,2447588] 36 (gtc)
[16:15:41] 43 tRNA-Val [2462351,2462422] 33 (cac)
[16:15:41] 44 tRNA-Arg [2517229,2517302] 35 (tct)
[16:15:41] 45 tRNA-Tyr [2551642,2551723] 35 (gta)
[16:15:41] 46 tRNA-Thr [2551734,2551805] 33 (ggt)
[16:15:41] 47 tRNA-Ala c[2569633,2569706] 34 (tgc)
[16:15:41] 48 tRNA-Ile c[2569715,2569790] 36 (gat)
[16:15:41] Found 48 tRNAs
[16:15:41] Predicting Ribosomal RNAs
[16:15:41] You need either Barrnap or RNAmmer installed to predict rRNAs!
[16:15:41] Skipping ncRNA search, enable with --rfam if desired.
[16:15:41] Total of 47 tRNA + rRNA features
[16:15:41] Searching for CRISPR repeats
[16:15:41] Found 0 CRISPRs
[16:15:41] Predicting coding sequences
[16:15:41] Contigs total 2572069 bp, so using single mode
[16:15:41] Running: prodigal -i \/home\/fmt073\/work\/Zhang\/Prokka\/Syaf\/Syaf\.fna -c -m -g 11 -p single -f sco -q
[16:15:50] Excluding CDS which overlaps existing RNA (tRNA) at gnl|Prokka|Syaf.g_1:7219..7521 on - strand
[16:15:50] Excluding CDS which overlaps existing RNA (tRNA) at gnl|Prokka|Syaf.g_1:20643..20933 on + strand
[16:15:50] Excluding CDS which overlaps existing RNA (tRNA) at gnl|Prokka|Syaf.g_1:53170..54207 on + strand
[16:15:50] Excluding CDS which overlaps existing RNA (tRNA) at gnl|Prokka|Syaf.g_1:56667..57977 on + strand
[16:15:50] Excluding CDS which overlaps existing RNA (tRNA) at gnl|Prokka|Syaf.g_1:581729..581911 on - strand
[16:15:51] Excluding CDS which overlaps existing RNA (tRNA) at gnl|Prokka|Syaf.g_1:2177277..2177462 on - strand
[16:15:51] Found 2766 CDS
[16:15:51] Connecting features back to sequences
[16:15:51] Not using genus-specific database. Try --usegenus to enable it.
[16:15:51] Annotating CDS, please be patient.
[16:15:51] Will use 1 CPUs for similarity searching.
[16:15:52] There are still 2766 unannotated CDS left (started with 2766)
[16:15:52] Will use blast to search against /usr/local/bioinfo/src/PROKKA/prokka-1.14.5/db/kingdom/Bacteria/IS with 1 CPUs
[16:15:52] Running: cat \/home\/fmt073\/work\/Zhang\/Prokka\/Syaf\/Syaf\.IS\.tmp\.2944662\.faa | parallel --gnu --plain -j 1 --block 383907 --recstart '>' --pipe blastp -query - -db /usr/local/bioinfo/src/PROKKA/prokka-1.14.5/db/kingdom/Bacteria/IS -evalue 1e-30 -qcov_hsp_perc 90 -num_threads 1 -num_descriptions 1 -num_alignments 1 -seg no > \/home\/fmt073\/work\/Zhang\/Prokka\/Syaf\/Syaf\.IS\.tmp\.2944662\.blast 2> /dev/null
[16:16:29] Deleting unwanted file: /home/fmt073/work/Zhang/Prokka/Syaf/Syaf.IS.tmp.2944662.faa
[16:16:29] Deleting unwanted file: /home/fmt073/work/Zhang/Prokka/Syaf/Syaf.IS.tmp.2944662.blast
[16:16:30] There are still 2766 unannotated CDS left (started with 2766)
[16:16:30] Will use blast to search against /usr/local/bioinfo/src/PROKKA/prokka-1.14.5/db/kingdom/Bacteria/AMR with 1 CPUs
[16:16:30] Running: cat \/home\/fmt073\/work\/Zhang\/Prokka\/Syaf\/Syaf\.AMR\.tmp\.2944662\.faa | parallel --gnu --plain -j 1 --block 383907 --recstart '>' --pipe blastp -query - -db /usr/local/bioinfo/src/PROKKA/prokka-1.14.5/db/kingdom/Bacteria/AMR -evalue 9.99999999999999e-301 -qcov_hsp_perc 90 -num_threads 1 -num_descriptions 1 -num_alignments 1 -seg no > \/home\/fmt073\/work\/Zhang\/Prokka\/Syaf\/Syaf\.AMR\.tmp\.2944662\.blast 2> /dev/null
[16:16:57] Deleting unwanted file: /home/fmt073/work/Zhang/Prokka/Syaf/Syaf.AMR.tmp.2944662.faa
[16:16:57] Deleting unwanted file: /home/fmt073/work/Zhang/Prokka/Syaf/Syaf.AMR.tmp.2944662.blast
[16:16:58] There are still 2766 unannotated CDS left (started with 2766)
[16:16:58] Will use blast to search against /usr/local/bioinfo/src/PROKKA/prokka-1.14.5/db/kingdom/Bacteria/sprot with 1 CPUs
[16:16:58] Running: cat \/home\/fmt073\/work\/Zhang\/Prokka\/Syaf\/Syaf\.sprot\.tmp\.2944662\.faa | parallel --gnu --plain -j 1 --block 383907 --recstart '>' --pipe blastp -query - -db /usr/local/bioinfo/src/PROKKA/prokka-1.14.5/db/kingdom/Bacteria/sprot -evalue 1e-09 -qcov_hsp_perc 80 -num_threads 1 -num_descriptions 1 -num_alignments 1 -seg no > \/home\/fmt073\/work\/Zhang\/Prokka\/Syaf\/Syaf\.sprot\.tmp\.2944662\.blast 2> /dev/null
[16:19:33] Modify product: Probable CtpA-like serine protease => putative CtpA-like serine protease
[16:19:33] Modify product: Putative esterase aq_1494 => Putative esterase
[16:19:33] Modify product: Probable phycoerythrobilin lyase CpeT => putative phycoerythrobilin lyase CpeT
[16:19:33] Modify product: Uncharacterized phycocyanin operon protein Z => putative phycocyanin operon protein Z
[16:19:33] Modify product: Putative low molecular weight protein-tyrosine-phosphatase slr0328 => Putative low molecular weight protein-tyrosine-phosphatase
[16:19:33] Modify product: Uncharacterized oxidoreductase Rv2298 => putative oxidoreductase
[16:19:34] Modify product: Probable adenylyltransferase/sulfurtransferase MoeZ => putative adenylyltransferase/sulfurtransferase MoeZ
[16:19:34] Modify product: Probable ketoamine kinase HMPREF0351_12196 => putative ketoamine kinase
[16:19:34] Modify product: Probable bifunctional SAT/APS kinase => putative bifunctional SAT/APS kinase
[16:19:34] Modify product: Uncharacterized protein Rv0628c => putative protein
[16:19:34] Modify product: Probable undecaprenyl-phosphate N-acetylglucosaminyl 1-phosphate transferase => putative undecaprenyl-phosphate N-acetylglucosaminyl 1-phosphate transferase
[16:19:34] Modify product: UPF0053 inner membrane protein YfjD => hypothetical protein
[16:19:34] Modify product: Uncharacterized glycosyltransferase sll0501 => putative glycosyltransferase
[16:19:34] Modify product: Probable formate transporter 1 => putative formate transporter 1
[16:19:34] Modify product: Uncharacterized protein Rv2569c => putative protein
[16:19:34] Modify product: Uncharacterized protein Rv2411c => putative protein
[16:19:34] Modify product: Monocarboxylate 2-oxoacid-binding periplasmic protein all3028 => Monocarboxylate 2-oxoacid-binding periplasmic protein
[16:19:34] Modify product: Probable protein kinase UbiB => putative protein kinase UbiB
[16:19:34] Modify product: Uncharacterized ABC transporter ATP-binding protein YejF => putative ABC transporter ATP-binding protein YejF
[16:19:34] Modify product: Probable nicotinate-nucleotide pyrophosphorylase [carboxylating] => putative nicotinate-nucleotide pyrophosphorylase [carboxylating]
[16:19:34] Modify product: Probable glutaredoxin ssr2061 => putative glutaredoxin
[16:19:34] Modify product: Putative transport protein Rv0205 => Putative transport protein
[16:19:34] Modify product: Probable adenylyl-sulfate kinase => putative adenylyl-sulfate kinase
[16:19:34] Modify product: Uncharacterized protein YciH => putative protein YciH
[16:19:34] Modify product: Uncharacterized protein alr4550 => putative protein
[16:19:34] Modify product: Uncharacterized protein alr4550 => putative protein
[16:19:34] Modify product: Epimerase family protein SA0724 => Epimerase family protein
[16:19:34] Modify product: Protein aq_1857 => Protein
[16:19:34] Modify product: Vitamin K epoxide reductase homolog => Vitamin K epoxide reductase 
[16:19:34] Modify product: Probable ATP-dependent transporter SufC => putative ATP-dependent transporter SufC
[16:19:34] Modify product: Probable cysteine desulfurase => putative cysteine desulfurase
[16:19:34] Modify product: Uncharacterized sugar epimerase YhfK => putative sugar epimerase YhfK
[16:19:34] Modify product: Probable peptidoglycan glycosyltransferase FtsW => putative peptidoglycan glycosyltransferase FtsW
[16:19:34] Modify product: UPF0225 protein YchJ => hypothetical protein
[16:19:34] Modify product: UPF0053 protein Rv2366c => hypothetical protein
[16:19:34] Modify product: Probable membrane transporter protein YfcA => putative membrane transporter protein YfcA
[16:19:34] Modify product: Probable transcriptional regulatory protein aq_1575 => putative transcriptional regulatory protein
[16:19:34] Modify product: Glycogen operon protein GlgX homolog => Glycogen operon protein GlgX 
[16:19:34] Modify product: Probable L,D-transpeptidase YnhG => putative L,D-transpeptidase YnhG
[16:19:34] Modify product: Probable dual-specificity RNA methyltransferase RlmN => putative dual-specificity RNA methyltransferase RlmN
[16:19:34] Modify product: Probable helicase HelY => putative helicase HelY
[16:19:34] Modify product: Probable peptidyl-prolyl cis-trans isomerase => putative peptidyl-prolyl cis-trans isomerase
[16:19:34] Modify product: Uncharacterized tRNA/rRNA methyltransferase HI_0380 => putative tRNA/rRNA methyltransferase
[16:19:34] Modify product: Uncharacterized oxidoreductase MSMEG_1603/MSMEI_1564 => putative oxidoreductase/MSMEI_1564
[16:19:34] Modify product: 1,4-alpha-glucan branching enzyme TTHA1902 => 1,4-alpha-glucan branching enzyme
[16:19:34] Modify product: Bifunctional protein FolD => Bifunctional protein FolD protein
[16:19:34] Modify product: UPF0056 inner membrane protein MarC => hypothetical protein
[16:19:34] Modify product: Probable murein peptide carboxypeptidase => putative murein peptide carboxypeptidase
[16:19:34] Modify product: Probable cyclic di-GMP phosphodiesterase PdeC => putative cyclic di-GMP phosphodiesterase PdeC
[16:19:34] Modify product: Putative multidrug export ATP-binding/permease protein SAV1866 => Putative multidrug export ATP-binding/permease protein
[16:19:34] Modify product: Leu/Ile/Val-binding protein homolog 3 => Leu/Ile/Val-binding protein 
[16:19:34] Modify product: Uncharacterized protein alr4550 => putative protein
[16:19:34] Modify product: PKHD-type hydroxylase Sbal_3634 => PKHD-type hydroxylase
[16:19:34] Modify product: Uncharacterized protein alr4550 => putative protein
[16:19:34] Modify product: Uncharacterized ABC transporter ATP-binding protein YlmA => putative ABC transporter ATP-binding protein YlmA
[16:19:34] Modify product: UPF0182 protein MSMEG_1959/MSMEI_1915 => hypothetical protein
[16:19:34] Modify product: Probable ABC transporter phosphite binding protein PhnD1 => putative ABC transporter phosphite binding protein PhnD1
[16:19:34] Modify product: Uncharacterized ABC transporter ATP-binding protein Rv0986 => putative ABC transporter ATP-binding protein
[16:19:34] Modify product: GTP-binding protein TypA/BipA homolog => GTP-binding protein TypA/BipA 
[16:19:34] Modify product: Uncharacterized zinc protease Rv2782c => putative zinc protease
[16:19:35] Modify product: Probable multidrug resistance ABC transporter ATP-binding/permease protein YheI => putative multidrug resistance ABC transporter ATP-binding/permease protein YheI
[16:19:35] Modify product: Probable 2-phosphosulfolactate phosphatase => putative 2-phosphosulfolactate phosphatase
[16:19:35] Modify product: Probable chromate transport protein => putative chromate transport protein
[16:19:35] Modify product: Probable ABC transporter phosphonate/phosphite binding protein PhnD2 => putative ABC transporter phosphonate/phosphite binding protein PhnD2
[16:19:35] Modify product: Probable transporter SCO4007 => putative transporter
[16:19:35] Modify product: Probable membrane transporter protein YfcA => putative membrane transporter protein YfcA
[16:19:35] Modify product: Probable cytochrome c oxidase subunit 1 => putative cytochrome c oxidase subunit 1
[16:19:35] Modify product: Uncharacterized ABC transporter ATP-binding protein TM_0288 => putative ABC transporter ATP-binding protein
[16:19:35] Modify product: Multidrug transporter PA4990 => Multidrug transporter
[16:19:35] Modify product: Uncharacterized protein HI_0103 => putative protein
[16:19:35] Modify product: Uncharacterized sugar kinase YdjH => putative sugar kinase YdjH
[16:19:35] Modify product: Thylakoid-associated single-stranded DNA-binding protein slr1034 => Thylakoid-associated single-stranded DNA-binding protein
[16:19:35] Modify product: Uncharacterized FAD-linked oxidoreductase Rv2280 => putative FAD-linked oxidoreductase
[16:19:35] Modify product: UPF0234 protein MSMEG_1165/MSMEI_1134 => hypothetical protein
[16:19:35] Modify product: Rqc2 homolog RqcH => Rqc2 RqcH
[16:19:35] Modify product: Probable murein peptide carboxypeptidase => putative murein peptide carboxypeptidase
[16:19:35] Modify product: Probable cytochrome c oxidase subunit 1 => putative cytochrome c oxidase subunit 1
[16:19:35] Modify product: Uncharacterized protein Rv1829 => putative protein
[16:19:35] Modify product: Uncharacterized ABC transporter ATP-binding protein YknY => putative ABC transporter ATP-binding protein YknY
[16:19:35] Modify product: Phage shock protein A homolog => Phage shock protein A 
[16:19:35] Modify product: Putative zinc metalloprotease aq_1964 => Putative zinc metalloprotease
[16:19:35] Cleaned 81 /product names
[16:19:35] Deleting unwanted file: /home/fmt073/work/Zhang/Prokka/Syaf/Syaf.sprot.tmp.2944662.faa
[16:19:35] Deleting unwanted file: /home/fmt073/work/Zhang/Prokka/Syaf/Syaf.sprot.tmp.2944662.blast
[16:19:35] There are still 1729 unannotated CDS left (started with 2766)
[16:19:35] Will use hmmer3 to search against /usr/local/bioinfo/src/PROKKA/prokka-1.14.5/db/hmm/HAMAP.hmm with 1 CPUs
[16:19:35] Running: cat \/home\/fmt073\/work\/Zhang\/Prokka\/Syaf\/Syaf\.HAMAP\.hmm\.tmp\.2944662\.faa | parallel --gnu --plain -j 1 --block 199965 --recstart '>' --pipe hmmscan --noali --notextw --acc -E 1e-09 --cpu 1 /usr/local/bioinfo/src/PROKKA/prokka-1.14.5/db/hmm/HAMAP.hmm /dev/stdin > \/home\/fmt073\/work\/Zhang\/Prokka\/Syaf\/Syaf\.HAMAP\.hmm\.tmp\.2944662\.hmmer3 2> /dev/null
[16:21:35] Deleting unwanted file: /home/fmt073/work/Zhang/Prokka/Syaf/Syaf.HAMAP.hmm.tmp.2944662.faa
[16:21:35] Deleting unwanted file: /home/fmt073/work/Zhang/Prokka/Syaf/Syaf.HAMAP.hmm.tmp.2944662.hmmer3
[16:21:35] Labelling remaining 1528 proteins as 'hypothetical protein'
[16:21:35] Possible /pseudo 'Photosystem I assembly protein Ycf3' at gnl|Prokka|Syaf.g_1 position 171564
[16:21:35] Possible /pseudo 'D-inositol-3-phosphate glycosyltransferase' at gnl|Prokka|Syaf.g_1 position 300549
[16:21:35] Possible /pseudo 'Putative fluoride ion transporter CrcB' at gnl|Prokka|Syaf.g_1 position 377253
[16:21:35] Possible /pseudo 'Formamidase' at gnl|Prokka|Syaf.g_1 position 559489
[16:21:35] Possible /pseudo 'putative protein' at gnl|Prokka|Syaf.g_1 position 823395
[16:21:35] Possible /pseudo 'DNA-directed RNA polymerase subunit beta'' at gnl|Prokka|Syaf.g_1 position 1118003
[16:21:35] Possible /pseudo 'Pantothenate precursors transporter PanS' at gnl|Prokka|Syaf.g_1 position 1135350
[16:21:35] Possible /pseudo 'Phosphate-binding protein PstS' at gnl|Prokka|Syaf.g_1 position 1952838
[16:21:35] Possible /pseudo 'S-(hydroxymethyl)glutathione dehydrogenase' at gnl|Prokka|Syaf.g_1 position 2032246
[16:21:35] Possible /pseudo 'S-(hydroxymethyl)glutathione dehydrogenase' at gnl|Prokka|Syaf.g_1 position 2032399
[16:21:35] Possible /pseudo 'ATP-dependent Clp protease proteolytic subunit' at gnl|Prokka|Syaf.g_1 position 2258179
[16:21:35] Found 1021 unique /gene codes.
[16:21:35] Fixed 2 duplicate /gene - ctaE_1 ctaE_2
[16:21:35] Fixed 2 duplicate /gene - der_1 der_2
[16:21:35] Fixed 2 duplicate /gene - nusA_1 nusA_2
[16:21:35] Fixed 2 duplicate /gene - lptD_1 lptD_2
[16:21:35] Fixed 2 duplicate /gene - speA_1 speA_2
[16:21:35] Fixed 3 duplicate /gene - bcp_1 bcp_2 bcp_3
[16:21:35] Fixed 2 duplicate /gene - crcB_1 crcB_2
[16:21:35] Fixed 2 duplicate /gene - fabF_1 fabF_2
[16:21:35] Fixed 2 duplicate /gene - sir_1 sir_2
[16:21:35] Fixed 2 duplicate /gene - psbA2_1 psbA2_2
[16:21:35] Fixed 4 duplicate /gene - COQ5_1 COQ5_2 COQ5_3 COQ5_4
[16:21:35] Fixed 2 duplicate /gene - moaA_1 moaA_2
[16:21:35] Fixed 2 duplicate /gene - nadK_1 nadK_2
[16:21:35] Fixed 3 duplicate /gene - mntB_1 mntB_2 mntB_3
[16:21:35] Fixed 2 duplicate /gene - ftsH2_1 ftsH2_2
[16:21:35] Fixed 2 duplicate /gene - algA_1 algA_2
[16:21:35] Fixed 2 duplicate /gene - rlpA_1 rlpA_2
[16:21:35] Fixed 3 duplicate /gene - dsbD_1 dsbD_2 dsbD_3
[16:21:35] Fixed 2 duplicate /gene - msbA_1 msbA_2
[16:21:35] Fixed 2 duplicate /gene - mreB_1 mreB_2
[16:21:35] Fixed 4 duplicate /gene - mshA_1 mshA_2 mshA_3 mshA_4
[16:21:35] Fixed 2 duplicate /gene - mnmE_1 mnmE_2
[16:21:35] Fixed 2 duplicate /gene - pstS_1 pstS_2
[16:21:35] Fixed 2 duplicate /gene - hlyD_1 hlyD_2
[16:21:35] Fixed 2 duplicate /gene - dcd_1 dcd_2
[16:21:35] Fixed 2 duplicate /gene - yciC_1 yciC_2
[16:21:35] Fixed 2 duplicate /gene - msrB_1 msrB_2
[16:21:35] Fixed 2 duplicate /gene - dnaK2_1 dnaK2_2
[16:21:35] Fixed 2 duplicate /gene - iscS_1 iscS_2
[16:21:35] Fixed 2 duplicate /gene - tagU_1 tagU_2
[16:21:35] Fixed 2 duplicate /gene - ettA_1 ettA_2
[16:21:35] Fixed 2 duplicate /gene - def_1 def_2
[16:21:35] Fixed 2 duplicate /gene - ruvB_1 ruvB_2
[16:21:35] Fixed 5 duplicate /gene - mprA_1 mprA_2 mprA_3 mprA_4 mprA_5
[16:21:35] Fixed 2 duplicate /gene - gltS_1 gltS_2
[16:21:35] Fixed 2 duplicate /gene - psbD1_1 psbD1_2
[16:21:35] Fixed 3 duplicate /gene - petJ_1 petJ_2 petJ_3
[16:21:35] Fixed 2 duplicate /gene - msrA_1 msrA_2
[16:21:35] Fixed 2 duplicate /gene - aroB_1 aroB_2
[16:21:35] Fixed 2 duplicate /gene - gyrA_1 gyrA_2
[16:21:35] Fixed 4 duplicate /gene - sasA_1 sasA_2 sasA_3 sasA_4
[16:21:35] Fixed 2 duplicate /gene - atpG_1 atpG_2
[16:21:35] Fixed 2 duplicate /gene - yfcA_1 yfcA_2
[16:21:35] Fixed 2 duplicate /gene - fabG_1 fabG_2
[16:21:35] Fixed 3 duplicate /gene - ndhD1_1 ndhD1_2 ndhD1_3
[16:21:35] Fixed 2 duplicate /gene - pyrB_1 pyrB_2
[16:21:35] Fixed 2 duplicate /gene - dfa3_1 dfa3_2
[16:21:35] Fixed 2 duplicate /gene - zur_1 zur_2
[16:21:35] Fixed 2 duplicate /gene - rlmB_1 rlmB_2
[16:21:35] Fixed 2 duplicate /gene - recD_1 recD_2
[16:21:35] Fixed 5 duplicate /gene - ycf3_1 ycf3_2 ycf3_3 ycf3_4 ycf3_5
[16:21:35] Fixed 5 duplicate /gene - btuD_1 btuD_2 btuD_3 btuD_4 btuD_5
[16:21:35] Fixed 2 duplicate /gene - ctaD_1 ctaD_2
[16:21:35] Fixed 3 duplicate /gene - livQ_1 livQ_2 livQ_3
[16:21:35] Fixed 2 duplicate /gene - ppa_1 ppa_2
[16:21:35] Fixed 3 duplicate /gene - frmA_1 frmA_2 frmA_3
[16:21:35] Fixed 2 duplicate /gene - menA_1 menA_2
[16:21:35] Fixed 2 duplicate /gene - ndhB_1 ndhB_2
[16:21:35] Fixed 3 duplicate /gene - mdtA_1 mdtA_2 mdtA_3
[16:21:35] Fixed 2 duplicate /gene - atpH_1 atpH_2
[16:21:35] Fixed 3 duplicate /gene - ubiB_1 ubiB_2 ubiB_3
[16:21:35] Fixed 2 duplicate /gene - panS_1 panS_2
[16:21:35] Fixed 2 duplicate /gene - acpP_1 acpP_2
[16:21:35] Fixed 2 duplicate /gene - hhoA_1 hhoA_2
[16:21:35] Fixed 2 duplicate /gene - mpeC_1 mpeC_2
[16:21:35] Fixed 2 duplicate /gene - pilT_1 pilT_2
[16:21:35] Fixed 2 duplicate /gene - trxA_1 trxA_2
[16:21:35] Fixed 2 duplicate /gene - ykfA_1 ykfA_2
[16:21:35] Fixed 3 duplicate /gene - bicA_1 bicA_2 bicA_3
[16:21:35] Fixed 2 duplicate /gene - iolG_1 iolG_2
[16:21:35] Fixed 2 duplicate /gene - dapL_1 dapL_2
[16:21:35] Fixed 2 duplicate /gene - pyrC_1 pyrC_2
[16:21:35] Fixed 3 duplicate /gene - sigA2_1 sigA2_2 sigA2_3
[16:21:35] Fixed 3 duplicate /gene - petF_1 petF_2 petF_3
[16:21:35] Fixed 2 duplicate /gene - ndhI_1 ndhI_2
[16:21:35] Fixed 2 duplicate /gene - glnQ_1 glnQ_2
[16:21:35] Fixed 2 duplicate /gene - pds_1 pds_2
[16:21:35] Fixed 2 duplicate /gene - murF_1 murF_2
[16:21:35] Fixed 4 duplicate /gene - dnaJ_1 dnaJ_2 dnaJ_3 dnaJ_4
[16:21:35] Fixed 2 duplicate /gene - nuoL_1 nuoL_2
[16:21:35] Fixed 3 duplicate /gene - mexB_1 mexB_2 mexB_3
[16:21:35] Fixed 2 duplicate /gene - cpcS_1 cpcS_2
[16:21:35] Fixed 2 duplicate /gene - cobN_1 cobN_2
[16:21:35] Fixed 2 duplicate /gene - clpS_1 clpS_2
[16:21:35] Fixed 3 duplicate /gene - gph_1 gph_2 gph_3
[16:21:35] Fixed 2 duplicate /gene - rnr_1 rnr_2
[16:21:35] Fixed 2 duplicate /gene - tam_1 tam_2
[16:21:35] Fixed 2 duplicate /gene - ppiB_1 ppiB_2
[16:21:35] Fixed 4 duplicate /gene - clpP_1 clpP_2 clpP_3 clpP_4
[16:21:35] Fixed 89 colliding /gene names.
[16:21:35] Adding /locus_tag identifiers
[16:21:35] Assigned 2814 locus_tags to CDS and RNA features.
[16:21:35] Writing outputs to /home/fmt073/work/Zhang/Prokka/Syaf/
[16:21:36] Generating annotation statistics file
[16:21:36] Generating Genbank and Sequin files
[16:21:36] Running: tbl2asn -V b -a r10k -l paired-ends -M n -N 1 -y 'Annotated using prokka 1.14.5 from https://github.com/tseemann/prokka' -Z \/home\/fmt073\/work\/Zhang\/Prokka\/Syaf\/Syaf\.err -i \/home\/fmt073\/work\/Zhang\/Prokka\/Syaf\/Syaf\.fsa 2> /dev/null
[16:21:42] Deleting unwanted file: /home/fmt073/work/Zhang/Prokka/Syaf/errorsummary.val
[16:21:42] Deleting unwanted file: /home/fmt073/work/Zhang/Prokka/Syaf/Syaf.dr
[16:21:42] Deleting unwanted file: /home/fmt073/work/Zhang/Prokka/Syaf/Syaf.fixedproducts
[16:21:42] Deleting unwanted file: /home/fmt073/work/Zhang/Prokka/Syaf/Syaf.ecn
[16:21:42] Deleting unwanted file: /home/fmt073/work/Zhang/Prokka/Syaf/Syaf.val
[16:21:42] Repairing broken .GBK output that tbl2asn produces...
[16:21:42] Running: sed 's/COORDINATES: profile/COORDINATES:profile/' < \/home\/fmt073\/work\/Zhang\/Prokka\/Syaf\/Syaf\.gbf > \/home\/fmt073\/work\/Zhang\/Prokka\/Syaf\/Syaf\.gbk
[16:21:42] Deleting unwanted file: /home/fmt073/work/Zhang/Prokka/Syaf/Syaf.gbf
[16:21:42] Output files:
[16:21:42] /home/fmt073/work/Zhang/Prokka/Syaf/Syaf.ffn
[16:21:42] /home/fmt073/work/Zhang/Prokka/Syaf/Syaf.log
[16:21:42] /home/fmt073/work/Zhang/Prokka/Syaf/Syaf.tsv
[16:21:42] /home/fmt073/work/Zhang/Prokka/Syaf/Syaf.txt
[16:21:42] /home/fmt073/work/Zhang/Prokka/Syaf/Syaf.faa
[16:21:42] /home/fmt073/work/Zhang/Prokka/Syaf/Syaf.fna
[16:21:42] /home/fmt073/work/Zhang/Prokka/Syaf/Syaf.gbk
[16:21:42] /home/fmt073/work/Zhang/Prokka/Syaf/Syaf.err
[16:21:42] /home/fmt073/work/Zhang/Prokka/Syaf/Syaf.fsa
[16:21:42] /home/fmt073/work/Zhang/Prokka/Syaf/Syaf.gff
[16:21:42] /home/fmt073/work/Zhang/Prokka/Syaf/Syaf.sqn
[16:21:42] /home/fmt073/work/Zhang/Prokka/Syaf/Syaf.tbl
[16:21:42] Annotation finished successfully.
[16:21:42] Walltime used: 6.05 minutes
[16:21:42] If you use this result please cite the Prokka paper:
[16:21:42] Seemann T (2014) Prokka: rapid prokaryotic genome annotation. Bioinformatics. 30(14):2068-9.
[16:21:42] Type 'prokka --citation' for more details.
[16:21:42] Share and enjoy!
