[16:15:38] This is prokka 1.14.5
[16:15:38] Written by Torsten Seemann <torsten.seemann@gmail.com>
[16:15:38] Homepage is https://github.com/tseemann/prokka
[16:15:38] Local time is Thu Oct 16 16:15:38 2025
[16:15:38] You are fmt073
[16:15:38] Operating system is linux
[16:15:38] You have BioPerl 1.7.8
[16:15:38] System has 128 cores.
[16:15:38] Will use maximum of 1 cores.
[16:15:38] Annotating as >>> Bacteria <<<
[16:15:38] Enabling options to ensure Genbank/ENA/DDJB submission compliance.
[16:15:38] Creating new output folder: /home/fmt073/work/Zhang/Prokka/Syaj
[16:15:38] Running: mkdir -p \/home\/fmt073\/work\/Zhang\/Prokka\/Syaj
[16:15:38] Using filename prefix: Syaj.XXX
[16:15:38] Setting HMMER_NCPU=1
[16:15:38] Writing log to: /home/fmt073/work/Zhang/Prokka/Syaj/Syaj.log
[16:15:38] Command: /usr/local/bioinfo/src/PROKKA/prokka-1.14.5/bin/prokka /home/fmt073/work/Zhang/DNA/Syaj.fna --outdir /home/fmt073/work/Zhang/Prokka/Syaj --compliant --addgenes --prefix Syaj --locustag Syaj.g --genus Synechococcus --species Synechococcus sp. --strain CC9616 --kingdom Bacteria --cpus 1
[16:15:38] Appending to PATH: /usr/local/bioinfo/src/PROKKA/prokka-1.14.5/bin/../binaries/linux
[16:15:38] Appending to PATH: /usr/local/bioinfo/src/PROKKA/prokka-1.14.5/bin/../binaries/linux/../common
[16:15:38] Appending to PATH: /usr/local/bioinfo/src/PROKKA/prokka-1.14.5/bin
[16:15:38] Looking for 'aragorn' - found /usr/local/bioinfo/src/PROKKA/prokka-1.14.5/binaries/linux/aragorn
[16:15:38] Determined aragorn version is 001002 from 'ARAGORN v1.2.38 Dean Laslett'
[16:15:38] Looking for 'blastp' - found /usr/local/bioinfo/src/PROKKA/prokka-1.14.5/binaries/linux/blastp
[16:15:38] Determined blastp version is 002009 from 'blastp: 2.9.0+'
[16:15:38] Looking for 'cmpress' - found /usr/local/bioinfo/src/PROKKA/prokka-1.14.5/binaries/linux/cmpress
[16:15:38] Determined cmpress version is 001001 from '# INFERNAL 1.1.2 (July 2016)'
[16:15:38] Looking for 'cmscan' - found /usr/local/bioinfo/src/PROKKA/prokka-1.14.5/binaries/linux/cmscan
[16:15:38] Determined cmscan version is 001001 from '# INFERNAL 1.1.2 (July 2016)'
[16:15:38] Looking for 'egrep' - found /usr/bin/egrep
[16:15:38] Looking for 'find' - found /usr/bin/find
[16:15:38] Looking for 'grep' - found /usr/bin/grep
[16:15:38] Looking for 'hmmpress' - found /usr/local/bioinfo/src/PROKKA/prokka-1.14.5/binaries/linux/hmmpress
[16:15:38] Determined hmmpress version is 003001 from '# HMMER 3.1b2 (February 2015); http://hmmer.org/'
[16:15:38] Looking for 'hmmscan' - found /usr/local/bioinfo/src/PROKKA/prokka-1.14.5/binaries/linux/hmmscan
[16:15:38] Determined hmmscan version is 003001 from '# HMMER 3.1b2 (February 2015); http://hmmer.org/'
[16:15:38] Looking for 'java' - found /usr/bin/java
[16:15:38] Looking for 'makeblastdb' - found /usr/local/bioinfo/src/PROKKA/prokka-1.14.5/binaries/linux/makeblastdb
[16:15:38] Determined makeblastdb version is 002009 from 'makeblastdb: 2.9.0+'
[16:15:38] Looking for 'minced' - found /usr/local/bioinfo/src/PROKKA/prokka-1.14.5/binaries/common/minced
[16:15:38] Determined minced version is 002000 from 'minced 0.2.0'
[16:15:38] Looking for 'parallel' - found /usr/local/bioinfo/src/PROKKA/prokka-1.14.5/binaries/common/parallel
[16:15:38] Determined parallel version is 20150122 from 'GNU parallel 20150122'
[16:15:38] Looking for 'prodigal' - found /usr/local/bioinfo/src/PROKKA/prokka-1.14.5/binaries/linux/prodigal
[16:15:38] Determined prodigal version is 002006 from 'Prodigal V2.6.3: February, 2016'
[16:15:38] Looking for 'prokka-genbank_to_fasta_db' - found /usr/local/bioinfo/src/PROKKA/prokka-1.14.5/bin/prokka-genbank_to_fasta_db
[16:15:38] Looking for 'sed' - found /usr/bin/sed
[16:15:38] Looking for 'tbl2asn' - found /usr/local/bioinfo/src/PROKKA/prokka-1.14.5/binaries/linux/tbl2asn
[16:15:38] Determined tbl2asn version is 025008 from 'tbl2asn 25.8   arguments:'
[16:15:38] Using genetic code table 11.
[16:15:38] Loading and checking input file: /home/fmt073/work/Zhang/DNA/Syaj.fna
[16:15:38] Wrote 1 contigs totalling 2645910 bp.
[16:15:38] Predicting tRNAs and tmRNAs
[16:15:38] Running: aragorn -l -gc11  -w \/home\/fmt073\/work\/Zhang\/Prokka\/Syaj\/Syaj\.fna
[16:15:39] 1 tRNA-Arg c[25128,25204] 36 (tct)
[16:15:39] 2 tRNA-Val c[82064,82135] 33 (cac)
[16:15:39] 3 tRNA-Asp c[96864,96939] 36 (gtc)
[16:15:39] 4 tRNA-Trp c[97364,97440] 35 (cca)
[16:15:39] 5 tRNA-Glu c[290438,290510] 35 (ttc)
[16:15:39] 6 tRNA-Met [372094,372170] 35 (cat)
[16:15:39] 7 tRNA-Pro c[461395,461469] 35 (tgg)
[16:15:39] 8 tRNA-Lys c[466267,466338] 33 (ttt)
[16:15:39] 9 tRNA-Pro c[628366,628439] 35 (ggg)
[16:15:39] 10 tRNA-Met c[713803,713876] 35 (cat)
[16:15:39] 11 tRNA-Ser c[810582,810669] 35 (gga)
[16:15:39] 12 tRNA-Ser [856571,856658] 35 (tga)
[16:15:39] 13 tRNA-Leu [1115014,1115099] 35 (taa)
[16:15:39] 14 tRNA-Ala c[1154835,1154908] 34 (ggc)
[16:15:39] 15 tRNA-Leu c[1202036,1202119] 35 (cag)
[16:15:39] 16 tRNA-Leu [1203613,1203695] 35 (caa)
[16:15:39] 17 tRNA-His [1209729,1209802] 34 (gtg)
[16:15:39] 18 tRNA-Ser c[1228932,1229020] 38 (cga)
[16:15:39] 19 tRNA-Thr [1408415,1408487] 34 (cgt)
[16:15:39] 20 tRNA-Gly c[1421592,1421662] 33 (tcc)
[16:15:39] 21 tRNA-Val [1478057,1478129] 33 (gac)
[16:15:39] 22 tmRNA* c[1566265,1566582] 177,227 ANNIVRFSRQAAPVAA*
[16:15:39] 23 tRNA-Leu c[1577840,1577922] 35 (gag)
[16:15:39] 24 tRNA-Ala c[1648827,1648900] 34 (tgc)
[16:15:39] 25 tRNA-Ile c[1648909,1648984] 36 (gat)
[16:15:39] 26 tRNA-Asn [1712708,1712780] 33 (gtt)
[16:15:39] 27 tRNA-Val c[1923864,1923935] 33 (tac)
[16:15:39] 28 tRNA-Gly c[2070349,2070420] 33 (ccc)
[16:15:39] 29 tRNA-Gly [2140143,2140214] 33 (gcc)
[16:15:39] 30 tRNA-Arg [2223623,2223698] 36 (cct)
[16:15:39] 31 tRNA-Met [2325776,2325850] 35 (cat)
[16:15:39] 32 tRNA-Arg [2345856,2345930] 35 (acg)
[16:15:39] 33 tRNA-Leu [2379783,2379867] 36 (tag)
[16:15:39] 34 tRNA-Ala c[2388301,2388373] 34 (cgc)
[16:15:39] 35 tRNA-Pro [2433324,2433397] 35 (cgg)
[16:15:39] 36 tRNA-Ser c[2470738,2470828] 36 (gct)
[16:15:39] 37 tRNA-Gln [2492773,2492846] 34 (ttg)
[16:15:39] 38 tRNA-Arg [2506256,2506331] 36 (ccg)
[16:15:39] 39 tRNA-Cys [2522186,2522256] 33 (gca)
[16:15:39] 40 tRNA-Phe c[2555280,2555352] 34 (gaa)
[16:15:39] 41 tRNA-Thr c[2568342,2568413] 33 (tgt)
[16:15:39] 42 tRNA-Thr c[2588354,2588425] 33 (ggt)
[16:15:39] 43 tRNA-Tyr c[2588436,2588517] 35 (gta)
[16:15:39] Found 43 tRNAs
[16:15:39] Predicting Ribosomal RNAs
[16:15:39] You need either Barrnap or RNAmmer installed to predict rRNAs!
[16:15:39] Skipping ncRNA search, enable with --rfam if desired.
[16:15:39] Total of 42 tRNA + rRNA features
[16:15:39] Searching for CRISPR repeats
[16:15:40] Found 0 CRISPRs
[16:15:40] Predicting coding sequences
[16:15:40] Contigs total 2645910 bp, so using single mode
[16:15:40] Running: prodigal -i \/home\/fmt073\/work\/Zhang\/Prokka\/Syaj\/Syaj\.fna -c -m -g 11 -p single -f sco -q
[16:15:47] Excluding CDS which overlaps existing RNA (tRNA) at gnl|Prokka|Syaj.g_1:97142..97396 on - strand
[16:15:47] Excluding CDS which overlaps existing RNA (tRNA) at gnl|Prokka|Syaj.g_1:1228996..1230885 on - strand
[16:15:47] Excluding CDS which overlaps existing RNA (tRNA) at gnl|Prokka|Syaj.g_1:1923757..1923924 on + strand
[16:15:48] Excluding CDS which overlaps existing RNA (tRNA) at gnl|Prokka|Syaj.g_1:2345769..2346032 on + strand
[16:15:48] Excluding CDS which overlaps existing RNA (tRNA) at gnl|Prokka|Syaj.g_1:2379115..2379789 on - strand
[16:15:48] Excluding CDS which overlaps existing RNA (tRNA) at gnl|Prokka|Syaj.g_1:2520905..2522266 on - strand
[16:15:48] Excluding CDS which overlaps existing RNA (tRNA) at gnl|Prokka|Syaj.g_1:2555093..2555341 on + strand
[16:15:48] Excluding CDS which overlaps existing RNA (tRNA) at gnl|Prokka|Syaj.g_1:2555343..2555981 on - strand
[16:15:48] Excluding CDS which overlaps existing RNA (tRNA) at gnl|Prokka|Syaj.g_1:2568404..2568613 on - strand
[16:15:48] Excluding CDS which overlaps existing RNA (tRNA) at gnl|Prokka|Syaj.g_1:2586921..2588372 on + strand
[16:15:48] Found 2863 CDS
[16:15:48] Connecting features back to sequences
[16:15:48] Not using genus-specific database. Try --usegenus to enable it.
[16:15:48] Annotating CDS, please be patient.
[16:15:48] Will use 1 CPUs for similarity searching.
[16:15:48] There are still 2863 unannotated CDS left (started with 2863)
[16:15:48] Will use blast to search against /usr/local/bioinfo/src/PROKKA/prokka-1.14.5/db/kingdom/Bacteria/IS with 1 CPUs
[16:15:48] Running: cat \/home\/fmt073\/work\/Zhang\/Prokka\/Syaj\/Syaj\.IS\.tmp\.1463114\.faa | parallel --gnu --plain -j 1 --block 402348 --recstart '>' --pipe blastp -query - -db /usr/local/bioinfo/src/PROKKA/prokka-1.14.5/db/kingdom/Bacteria/IS -evalue 1e-30 -qcov_hsp_perc 90 -num_threads 1 -num_descriptions 1 -num_alignments 1 -seg no > \/home\/fmt073\/work\/Zhang\/Prokka\/Syaj\/Syaj\.IS\.tmp\.1463114\.blast 2> /dev/null
[16:16:22] Deleting unwanted file: /home/fmt073/work/Zhang/Prokka/Syaj/Syaj.IS.tmp.1463114.faa
[16:16:22] Deleting unwanted file: /home/fmt073/work/Zhang/Prokka/Syaj/Syaj.IS.tmp.1463114.blast
[16:16:22] There are still 2863 unannotated CDS left (started with 2863)
[16:16:22] Will use blast to search against /usr/local/bioinfo/src/PROKKA/prokka-1.14.5/db/kingdom/Bacteria/AMR with 1 CPUs
[16:16:22] Running: cat \/home\/fmt073\/work\/Zhang\/Prokka\/Syaj\/Syaj\.AMR\.tmp\.1463114\.faa | parallel --gnu --plain -j 1 --block 402348 --recstart '>' --pipe blastp -query - -db /usr/local/bioinfo/src/PROKKA/prokka-1.14.5/db/kingdom/Bacteria/AMR -evalue 9.99999999999999e-301 -qcov_hsp_perc 90 -num_threads 1 -num_descriptions 1 -num_alignments 1 -seg no > \/home\/fmt073\/work\/Zhang\/Prokka\/Syaj\/Syaj\.AMR\.tmp\.1463114\.blast 2> /dev/null
[16:16:46] Deleting unwanted file: /home/fmt073/work/Zhang/Prokka/Syaj/Syaj.AMR.tmp.1463114.faa
[16:16:46] Deleting unwanted file: /home/fmt073/work/Zhang/Prokka/Syaj/Syaj.AMR.tmp.1463114.blast
[16:16:46] There are still 2863 unannotated CDS left (started with 2863)
[16:16:46] Will use blast to search against /usr/local/bioinfo/src/PROKKA/prokka-1.14.5/db/kingdom/Bacteria/sprot with 1 CPUs
[16:16:46] Running: cat \/home\/fmt073\/work\/Zhang\/Prokka\/Syaj\/Syaj\.sprot\.tmp\.1463114\.faa | parallel --gnu --plain -j 1 --block 402348 --recstart '>' --pipe blastp -query - -db /usr/local/bioinfo/src/PROKKA/prokka-1.14.5/db/kingdom/Bacteria/sprot -evalue 1e-09 -qcov_hsp_perc 80 -num_threads 1 -num_descriptions 1 -num_alignments 1 -seg no > \/home\/fmt073\/work\/Zhang\/Prokka\/Syaj\/Syaj\.sprot\.tmp\.1463114\.blast 2> /dev/null
[16:19:05] Modify product: Phage shock protein A homolog => Phage shock protein A 
[16:19:05] Modify product: Uncharacterized ABC transporter ATP-binding protein YknY => putative ABC transporter ATP-binding protein YknY
[16:19:05] Modify product: Uncharacterized protein Rv1829 => putative protein
[16:19:05] Modify product: Probable cytochrome c oxidase subunit 1 => putative cytochrome c oxidase subunit 1
[16:19:05] Modify product: Probable murein peptide carboxypeptidase => putative murein peptide carboxypeptidase
[16:19:05] Modify product: Rqc2 homolog RqcH => Rqc2 RqcH
[16:19:05] Modify product: UPF0234 protein MSMEG_1165/MSMEI_1134 => hypothetical protein
[16:19:05] Modify product: Uncharacterized FAD-linked oxidoreductase Rv2280 => putative FAD-linked oxidoreductase
[16:19:05] Modify product: Thylakoid-associated single-stranded DNA-binding protein slr1034 => Thylakoid-associated single-stranded DNA-binding protein
[16:19:05] Modify product: Uncharacterized protein HI_0103 => putative protein
[16:19:05] Modify product: Probable peptidoglycan D,D-transpeptidase PenA => putative peptidoglycan D,D-transpeptidase PenA
[16:19:05] Modify product: Uncharacterized oxidoreductase MSMEG_1603/MSMEI_1564 => putative oxidoreductase/MSMEI_1564
[16:19:05] Modify product: 1,4-alpha-glucan branching enzyme TTHA1902 => 1,4-alpha-glucan branching enzyme
[16:19:05] Modify product: Bifunctional protein FolD => Bifunctional protein FolD protein
[16:19:05] Modify product: Probable L,D-transpeptidase YnhG => putative L,D-transpeptidase YnhG
[16:19:05] Modify product: Probable murein peptide carboxypeptidase => putative murein peptide carboxypeptidase
[16:19:05] Modify product: Uncharacterized ABC transporter ATP-binding protein TM_0288 => putative ABC transporter ATP-binding protein
[16:19:05] Modify product: Uncharacterized ABC transporter ATP-binding protein TM_0288 => putative ABC transporter ATP-binding protein
[16:19:05] Modify product: UPF0276 protein CCNA_03364 => hypothetical protein
[16:19:05] Modify product: Probable 2-phosphosulfolactate phosphatase => putative 2-phosphosulfolactate phosphatase
[16:19:05] Modify product: Probable multidrug resistance ABC transporter ATP-binding/permease protein YheI => putative multidrug resistance ABC transporter ATP-binding/permease protein YheI
[16:19:06] Modify product: Probable ABC transporter phosphite binding protein PhnD1 => putative ABC transporter phosphite binding protein PhnD1
[16:19:06] Modify product: Uncharacterized ABC transporter ATP-binding protein YknY => putative ABC transporter ATP-binding protein YknY
[16:19:06] Modify product: Uncharacterized ABC transporter ATP-binding protein Rv0986 => putative ABC transporter ATP-binding protein
[16:19:06] Modify product: GTP-binding protein TypA/BipA homolog => GTP-binding protein TypA/BipA 
[16:19:06] Modify product: Uncharacterized zinc protease Rv2782c => putative zinc protease
[16:19:06] Modify product: Uncharacterized zinc protease Rv2782c => putative zinc protease
[16:19:06] Modify product: UPF0102 protein RPA0323 => hypothetical protein
[16:19:06] Modify product: Probable chromate transport protein => putative chromate transport protein
[16:19:06] Modify product: Uncharacterized ABC transporter ATP-binding protein YlmA => putative ABC transporter ATP-binding protein YlmA
[16:19:06] Modify product: Uncharacterized periplasmic iron-binding protein HI_0362 => putative periplasmic iron-binding protein
[16:19:06] Modify product: Uncharacterized protein HI_0828 => putative protein
[16:19:06] Modify product: Probable cytochrome c oxidase subunit 1 => putative cytochrome c oxidase subunit 1
[16:19:06] Modify product: Uncharacterized ABC transporter ATP-binding protein TM_0288 => putative ABC transporter ATP-binding protein
[16:19:06] Modify product: Uncharacterized MFS-type transporter Rv0037c => putative MFS-type transporter
[16:19:06] Modify product: Probable helicase HelY => putative helicase HelY
[16:19:06] Modify product: Probable dual-specificity RNA methyltransferase RlmN => putative dual-specificity RNA methyltransferase RlmN
[16:19:06] Modify product: Glycogen operon protein GlgX homolog => Glycogen operon protein GlgX 
[16:19:06] Modify product: Probable transcriptional regulatory protein aq_1575 => putative transcriptional regulatory protein
[16:19:06] Modify product: Probable glucosamine-6-phosphate deaminase 2 => putative glucosamine-6-phosphate deaminase 2
[16:19:06] Modify product: UPF0053 protein Rv2366c => hypothetical protein
[16:19:06] Modify product: Probable peptidoglycan glycosyltransferase FtsW => putative peptidoglycan glycosyltransferase FtsW
[16:19:06] Modify product: Probable cysteine desulfurase => putative cysteine desulfurase
[16:19:06] Modify product: Uncharacterized ABC transporter ATP-binding protein YheS => putative ABC transporter ATP-binding protein YheS
[16:19:06] Modify product: Vitamin K epoxide reductase homolog => Vitamin K epoxide reductase 
[16:19:06] Modify product: Probable xylitol oxidase => putative xylitol oxidase
[16:19:06] Modify product: Uncharacterized protein slr1565 => putative protein
[16:19:06] Modify product: Epimerase family protein Rv2216 => Epimerase family protein
[16:19:06] Modify product: Uncharacterized protein alr4550 => putative protein
[16:19:06] Modify product: Uncharacterized protein alr4550 => putative protein
[16:19:06] Modify product: Uncharacterized protein alr4550 => putative protein
[16:19:06] Modify product: Uncharacterized protein YciH => putative protein YciH
[16:19:06] Modify product: Probable adenylyl-sulfate kinase => putative adenylyl-sulfate kinase
[16:19:06] Modify product: Putative transport protein Rv0205 => Putative transport protein
[16:19:06] Modify product: Probable glutaredoxin ssr2061 => putative glutaredoxin
[16:19:06] Modify product: Uncharacterized ABC transporter ATP-binding protein YejF => putative ABC transporter ATP-binding protein YejF
[16:19:06] Modify product: Uncharacterized protein Rv2411c => putative protein
[16:19:06] Modify product: Uncharacterized protein Rv2569c => putative protein
[16:19:06] Modify product: Uncharacterized membrane protein Rv2637 => putative membrane protein
[16:19:06] Modify product: Uncharacterized glycosyltransferase sll0501 => putative glycosyltransferase
[16:19:06] Modify product: UPF0053 inner membrane protein YfjD => hypothetical protein
[16:19:06] Modify product: Probable undecaprenyl-phosphate N-acetylglucosaminyl 1-phosphate transferase => putative undecaprenyl-phosphate N-acetylglucosaminyl 1-phosphate transferase
[16:19:06] Modify product: Uncharacterized protein Rv0628c => putative protein
[16:19:06] Modify product: Probable bifunctional SAT/APS kinase => putative bifunctional SAT/APS kinase
[16:19:06] Modify product: Uncharacterized protein alr4550 => putative protein
[16:19:06] Modify product: PKHD-type hydroxylase Sbal_3634 => PKHD-type hydroxylase
[16:19:06] Modify product: Uncharacterized protein alr4550 => putative protein
[16:19:06] Modify product: Probable ketoamine kinase HMPREF0351_12196 => putative ketoamine kinase
[16:19:06] Modify product: Probable adenylyltransferase/sulfurtransferase MoeZ => putative adenylyltransferase/sulfurtransferase MoeZ
[16:19:06] Modify product: Uncharacterized oxidoreductase Rv2298 => putative oxidoreductase
[16:19:06] Modify product: Putative low molecular weight protein-tyrosine-phosphatase slr0328 => Putative low molecular weight protein-tyrosine-phosphatase
[16:19:06] Modify product: Uncharacterized phycocyanin operon protein Z => putative phycocyanin operon protein Z
[16:19:06] Modify product: Probable phycoerythrobilin lyase CpeT => putative phycoerythrobilin lyase CpeT
[16:19:06] Modify product: Glycogen operon protein GlgX homolog => Glycogen operon protein GlgX 
[16:19:06] Cleaned 74 /product names
[16:19:06] Deleting unwanted file: /home/fmt073/work/Zhang/Prokka/Syaj/Syaj.sprot.tmp.1463114.faa
[16:19:06] Deleting unwanted file: /home/fmt073/work/Zhang/Prokka/Syaj/Syaj.sprot.tmp.1463114.blast
[16:19:07] There are still 1835 unannotated CDS left (started with 2863)
[16:19:07] Will use hmmer3 to search against /usr/local/bioinfo/src/PROKKA/prokka-1.14.5/db/hmm/HAMAP.hmm with 1 CPUs
[16:19:07] Running: cat \/home\/fmt073\/work\/Zhang\/Prokka\/Syaj\/Syaj\.HAMAP\.hmm\.tmp\.1463114\.faa | parallel --gnu --plain -j 1 --block 219097 --recstart '>' --pipe hmmscan --noali --notextw --acc -E 1e-09 --cpu 1 /usr/local/bioinfo/src/PROKKA/prokka-1.14.5/db/hmm/HAMAP.hmm /dev/stdin > \/home\/fmt073\/work\/Zhang\/Prokka\/Syaj\/Syaj\.HAMAP\.hmm\.tmp\.1463114\.hmmer3 2> /dev/null
[16:20:32] Deleting unwanted file: /home/fmt073/work/Zhang/Prokka/Syaj/Syaj.HAMAP.hmm.tmp.1463114.faa
[16:20:32] Deleting unwanted file: /home/fmt073/work/Zhang/Prokka/Syaj/Syaj.HAMAP.hmm.tmp.1463114.hmmer3
[16:20:32] Labelling remaining 1604 proteins as 'hypothetical protein'
[16:20:32] Possible /pseudo 'L-amino acid dehydrogenase' at gnl|Prokka|Syaj.g_1 position 198484
[16:20:32] Possible /pseudo 'Arsenical-resistance protein Acr3' at gnl|Prokka|Syaj.g_1 position 656736
[16:20:32] Possible /pseudo 'Ribulose-phosphate 3-epimerase' at gnl|Prokka|Syaj.g_1 position 889824
[16:20:32] Possible /pseudo 'putative zinc protease' at gnl|Prokka|Syaj.g_1 position 920962
[16:20:32] Possible /pseudo 'Cell division coordinator CpoB' at gnl|Prokka|Syaj.g_1 position 961412
[16:20:32] Possible /pseudo 'ATP-dependent Clp protease proteolytic subunit' at gnl|Prokka|Syaj.g_1 position 1221037
[16:20:32] Possible /pseudo 'Vitamin B12 import ATP-binding protein BtuD' at gnl|Prokka|Syaj.g_1 position 1251919
[16:20:32] Possible /pseudo 'DNA-directed RNA polymerase subunit beta'' at gnl|Prokka|Syaj.g_1 position 1388153
[16:20:32] Possible /pseudo 'putative protein' at gnl|Prokka|Syaj.g_1 position 1698359
[16:20:32] Possible /pseudo 'Formamidase' at gnl|Prokka|Syaj.g_1 position 1952308
[16:20:32] Possible /pseudo 'Putative fluoride ion transporter CrcB' at gnl|Prokka|Syaj.g_1 position 2169767
[16:20:32] Possible /pseudo 'D-inositol-3-phosphate glycosyltransferase' at gnl|Prokka|Syaj.g_1 position 2255109
[16:20:32] Possible /pseudo 'D-inositol-3-phosphate glycosyltransferase' at gnl|Prokka|Syaj.g_1 position 2256410
[16:20:32] Possible /pseudo 'Glycine betaine transporter 2' at gnl|Prokka|Syaj.g_1 position 2315745
[16:20:32] Possible /pseudo 'Molybdenum storage protein subunit beta' at gnl|Prokka|Syaj.g_1 position 2401373
[16:20:32] Found 1027 unique /gene codes.
[16:20:32] Fixed 2 duplicate /gene - crtI_1 crtI_2
[16:20:32] Fixed 2 duplicate /gene - mpeC_1 mpeC_2
[16:20:32] Fixed 2 duplicate /gene - malT_1 malT_2
[16:20:32] Fixed 2 duplicate /gene - bcp_1 bcp_2
[16:20:32] Fixed 2 duplicate /gene - rnr_1 rnr_2
[16:20:32] Fixed 2 duplicate /gene - ppa_1 ppa_2
[16:20:32] Fixed 2 duplicate /gene - psaE_1 psaE_2
[16:20:32] Fixed 2 duplicate /gene - prmC_1 prmC_2
[16:20:32] Fixed 2 duplicate /gene - acr3_1 acr3_2
[16:20:32] Fixed 3 duplicate /gene - gph_1 gph_2 gph_3
[16:20:32] Fixed 2 duplicate /gene - mtgA_1 mtgA_2
[16:20:32] Fixed 2 duplicate /gene - pilT_1 pilT_2
[16:20:32] Fixed 2 duplicate /gene - phoP_1 phoP_2
[16:20:32] Fixed 3 duplicate /gene - arnC_1 arnC_2 arnC_3
[16:20:32] Fixed 2 duplicate /gene - speA_1 speA_2
[16:20:32] Fixed 2 duplicate /gene - hisF_1 hisF_2
[16:20:32] Fixed 2 duplicate /gene - menF_1 menF_2
[16:20:32] Fixed 2 duplicate /gene - tagU_1 tagU_2
[16:20:32] Fixed 2 duplicate /gene - msrB_1 msrB_2
[16:20:32] Fixed 2 duplicate /gene - mexB_1 mexB_2
[16:20:32] Fixed 2 duplicate /gene - nusA_1 nusA_2
[16:20:32] Fixed 2 duplicate /gene - pnp_1 pnp_2
[16:20:32] Fixed 2 duplicate /gene - dsbD_1 dsbD_2
[16:20:32] Fixed 2 duplicate /gene - ftsH2_1 ftsH2_2
[16:20:32] Fixed 2 duplicate /gene - sepF_1 sepF_2
[16:20:32] Fixed 2 duplicate /gene - tam_1 tam_2
[16:20:32] Fixed 2 duplicate /gene - pyrB_1 pyrB_2
[16:20:32] Fixed 2 duplicate /gene - cpcS_1 cpcS_2
[16:20:32] Fixed 2 duplicate /gene - ykfA_1 ykfA_2
[16:20:32] Fixed 2 duplicate /gene - nuoL_1 nuoL_2
[16:20:32] Fixed 2 duplicate /gene - nadK_1 nadK_2
[16:20:32] Fixed 4 duplicate /gene - mprA_1 mprA_2 mprA_3 mprA_4
[16:20:32] Fixed 2 duplicate /gene - speB_1 speB_2
[16:20:32] Fixed 2 duplicate /gene - ndhB_1 ndhB_2
[16:20:32] Fixed 2 duplicate /gene - atpH_1 atpH_2
[16:20:32] Fixed 2 duplicate /gene - nth_1 nth_2
[16:20:32] Fixed 2 duplicate /gene - yknY_1 yknY_2
[16:20:32] Fixed 3 duplicate /gene - dnaJ_1 dnaJ_2 dnaJ_3
[16:20:32] Fixed 2 duplicate /gene - ruvB_1 ruvB_2
[16:20:32] Fixed 2 duplicate /gene - hhoA_1 hhoA_2
[16:20:32] Fixed 2 duplicate /gene - thiL_1 thiL_2
[16:20:32] Fixed 2 duplicate /gene - mosB_1 mosB_2
[16:20:32] Fixed 2 duplicate /gene - fabF_1 fabF_2
[16:20:32] Fixed 2 duplicate /gene - petJ_1 petJ_2
[16:20:32] Fixed 8 duplicate /gene - cpoB_1 cpoB_2 cpoB_3 cpoB_4 cpoB_5 cpoB_6 cpoB_7 cpoB_8
[16:20:32] Fixed 2 duplicate /gene - clpS_1 clpS_2
[16:20:32] Fixed 2 duplicate /gene - dnaK2_1 dnaK2_2
[16:20:32] Fixed 3 duplicate /gene - der_1 der_2 der_3
[16:20:32] Fixed 6 duplicate /gene - sasA_1 sasA_2 sasA_3 sasA_4 sasA_5 sasA_6
[16:20:32] Fixed 2 duplicate /gene - ctaD_1 ctaD_2
[16:20:32] Fixed 2 duplicate /gene - gyrA_1 gyrA_2
[16:20:32] Fixed 2 duplicate /gene - trxB_1 trxB_2
[16:20:32] Fixed 2 duplicate /gene - clpB1_1 clpB1_2
[16:20:32] Fixed 9 duplicate /gene - btuD_1 btuD_2 btuD_3 btuD_4 btuD_5 btuD_6 btuD_7 btuD_8 btuD_9
[16:20:32] Fixed 2 duplicate /gene - psbY_1 psbY_2
[16:20:32] Fixed 3 duplicate /gene - ubiB_1 ubiB_2 ubiB_3
[16:20:32] Fixed 2 duplicate /gene - thiO_1 thiO_2
[16:20:32] Fixed 4 duplicate /gene - clpP_1 clpP_2 clpP_3 clpP_4
[16:20:32] Fixed 6 duplicate /gene - mshA_1 mshA_2 mshA_3 mshA_4 mshA_5 mshA_6
[16:20:32] Fixed 2 duplicate /gene - lptD_1 lptD_2
[16:20:32] Fixed 2 duplicate /gene - iscS_1 iscS_2
[16:20:32] Fixed 2 duplicate /gene - recD_1 recD_2
[16:20:32] Fixed 2 duplicate /gene - yciC_1 yciC_2
[16:20:32] Fixed 2 duplicate /gene - menA_1 menA_2
[16:20:32] Fixed 3 duplicate /gene - rlpA_1 rlpA_2 rlpA_3
[16:20:32] Fixed 2 duplicate /gene - pyrC_1 pyrC_2
[16:20:32] Fixed 3 duplicate /gene - sigA2_1 sigA2_2 sigA2_3
[16:20:32] Fixed 2 duplicate /gene - nifF_1 nifF_2
[16:20:32] Fixed 4 duplicate /gene - COQ5_1 COQ5_2 COQ5_3 COQ5_4
[16:20:32] Fixed 2 duplicate /gene - ndhI_1 ndhI_2
[16:20:32] Fixed 2 duplicate /gene - rpe_1 rpe_2
[16:20:32] Fixed 2 duplicate /gene - hemL_1 hemL_2
[16:20:32] Fixed 2 duplicate /gene - moaA_1 moaA_2
[16:20:32] Fixed 2 duplicate /gene - atpG_1 atpG_2
[16:20:32] Fixed 2 duplicate /gene - cysQ_1 cysQ_2
[16:20:32] Fixed 2 duplicate /gene - lpxB_1 lpxB_2
[16:20:32] Fixed 3 duplicate /gene - ndhD1_1 ndhD1_2 ndhD1_3
[16:20:32] Fixed 2 duplicate /gene - lepB_1 lepB_2
[16:20:32] Fixed 2 duplicate /gene - crcB_1 crcB_2
[16:20:32] Fixed 3 duplicate /gene - petF_1 petF_2 petF_3
[16:20:32] Fixed 2 duplicate /gene - ctaE_1 ctaE_2
[16:20:32] Fixed 2 duplicate /gene - ccmK_1 ccmK_2
[16:20:32] Fixed 2 duplicate /gene - glgX_1 glgX_2
[16:20:32] Fixed 2 duplicate /gene - psaL_1 psaL_2
[16:20:32] Fixed 2 duplicate /gene - bicA_1 bicA_2
[16:20:32] Fixed 3 duplicate /gene - pstS_1 pstS_2 pstS_3
[16:20:32] Fixed 2 duplicate /gene - cobN_1 cobN_2
[16:20:32] Fixed 2 duplicate /gene - smpB_1 smpB_2
[16:20:32] Fixed 2 duplicate /gene - sir_1 sir_2
[16:20:32] Fixed 2 duplicate /gene - cbpA_1 cbpA_2
[16:20:32] Fixed 2 duplicate /gene - pds_1 pds_2
[16:20:32] Fixed 3 duplicate /gene - mntB_1 mntB_2 mntB_3
[16:20:32] Fixed 2 duplicate /gene - iolG_1 iolG_2
[16:20:32] Fixed 2 duplicate /gene - bepA_1 bepA_2
[16:20:32] Fixed 2 duplicate /gene - cobD_1 cobD_2
[16:20:32] Fixed 2 duplicate /gene - hisH_1 hisH_2
[16:20:32] Fixed 96 colliding /gene names.
[16:20:32] Adding /locus_tag identifiers
[16:20:32] Assigned 2906 locus_tags to CDS and RNA features.
[16:20:32] Writing outputs to /home/fmt073/work/Zhang/Prokka/Syaj/
[16:20:33] Generating annotation statistics file
[16:20:33] Generating Genbank and Sequin files
[16:20:33] Running: tbl2asn -V b -a r10k -l paired-ends -M n -N 1 -y 'Annotated using prokka 1.14.5 from https://github.com/tseemann/prokka' -Z \/home\/fmt073\/work\/Zhang\/Prokka\/Syaj\/Syaj\.err -i \/home\/fmt073\/work\/Zhang\/Prokka\/Syaj\/Syaj\.fsa 2> /dev/null
[16:20:38] Deleting unwanted file: /home/fmt073/work/Zhang/Prokka/Syaj/errorsummary.val
[16:20:38] Deleting unwanted file: /home/fmt073/work/Zhang/Prokka/Syaj/Syaj.dr
[16:20:38] Deleting unwanted file: /home/fmt073/work/Zhang/Prokka/Syaj/Syaj.fixedproducts
[16:20:38] Deleting unwanted file: /home/fmt073/work/Zhang/Prokka/Syaj/Syaj.ecn
[16:20:38] Deleting unwanted file: /home/fmt073/work/Zhang/Prokka/Syaj/Syaj.val
[16:20:38] Repairing broken .GBK output that tbl2asn produces...
[16:20:38] Running: sed 's/COORDINATES: profile/COORDINATES:profile/' < \/home\/fmt073\/work\/Zhang\/Prokka\/Syaj\/Syaj\.gbf > \/home\/fmt073\/work\/Zhang\/Prokka\/Syaj\/Syaj\.gbk
[16:20:38] Deleting unwanted file: /home/fmt073/work/Zhang/Prokka/Syaj/Syaj.gbf
[16:20:38] Output files:
[16:20:38] /home/fmt073/work/Zhang/Prokka/Syaj/Syaj.tbl
[16:20:38] /home/fmt073/work/Zhang/Prokka/Syaj/Syaj.fna
[16:20:38] /home/fmt073/work/Zhang/Prokka/Syaj/Syaj.txt
[16:20:38] /home/fmt073/work/Zhang/Prokka/Syaj/Syaj.gff
[16:20:38] /home/fmt073/work/Zhang/Prokka/Syaj/Syaj.gbk
[16:20:38] /home/fmt073/work/Zhang/Prokka/Syaj/Syaj.log
[16:20:38] /home/fmt073/work/Zhang/Prokka/Syaj/Syaj.fsa
[16:20:38] /home/fmt073/work/Zhang/Prokka/Syaj/Syaj.tsv
[16:20:38] /home/fmt073/work/Zhang/Prokka/Syaj/Syaj.ffn
[16:20:38] /home/fmt073/work/Zhang/Prokka/Syaj/Syaj.sqn
[16:20:38] /home/fmt073/work/Zhang/Prokka/Syaj/Syaj.err
[16:20:38] /home/fmt073/work/Zhang/Prokka/Syaj/Syaj.faa
[16:20:38] Annotation finished successfully.
[16:20:38] Walltime used: 5.00 minutes
[16:20:38] If you use this result please cite the Prokka paper:
[16:20:38] Seemann T (2014) Prokka: rapid prokaryotic genome annotation. Bioinformatics. 30(14):2068-9.
[16:20:38] Type 'prokka --citation' for more details.
[16:20:38] Thank you, come again.
