[16:15:37] This is prokka 1.14.5
[16:15:37] Written by Torsten Seemann <torsten.seemann@gmail.com>
[16:15:37] Homepage is https://github.com/tseemann/prokka
[16:15:37] Local time is Thu Oct 16 16:15:37 2025
[16:15:37] You are fmt073
[16:15:37] Operating system is linux
[16:15:37] You have BioPerl 1.7.8
[16:15:37] System has 128 cores.
[16:15:37] Will use maximum of 1 cores.
[16:15:37] Annotating as >>> Bacteria <<<
[16:15:37] Enabling options to ensure Genbank/ENA/DDJB submission compliance.
[16:15:37] Creating new output folder: /home/fmt073/work/Zhang/Prokka/Syac
[16:15:37] Running: mkdir -p \/home\/fmt073\/work\/Zhang\/Prokka\/Syac
[16:15:37] Using filename prefix: Syac.XXX
[16:15:37] Setting HMMER_NCPU=1
[16:15:37] Writing log to: /home/fmt073/work/Zhang/Prokka/Syac/Syac.log
[16:15:37] Command: /usr/local/bioinfo/src/PROKKA/prokka-1.14.5/bin/prokka /home/fmt073/work/Zhang/DNA/Syac.fna --outdir /home/fmt073/work/Zhang/Prokka/Syac --compliant --addgenes --prefix Syac --locustag Syac.g --genus Synechococcus --species Synechococcus sp. --strain CC9902 --kingdom Bacteria --cpus 1
[16:15:37] Appending to PATH: /usr/local/bioinfo/src/PROKKA/prokka-1.14.5/bin/../binaries/linux
[16:15:37] Appending to PATH: /usr/local/bioinfo/src/PROKKA/prokka-1.14.5/bin/../binaries/linux/../common
[16:15:37] Appending to PATH: /usr/local/bioinfo/src/PROKKA/prokka-1.14.5/bin
[16:15:37] Looking for 'aragorn' - found /usr/local/bioinfo/src/PROKKA/prokka-1.14.5/binaries/linux/aragorn
[16:15:37] Determined aragorn version is 001002 from 'ARAGORN v1.2.38 Dean Laslett'
[16:15:37] Looking for 'blastp' - found /usr/local/bioinfo/src/PROKKA/prokka-1.14.5/binaries/linux/blastp
[16:15:37] Determined blastp version is 002009 from 'blastp: 2.9.0+'
[16:15:37] Looking for 'cmpress' - found /usr/local/bioinfo/src/PROKKA/prokka-1.14.5/binaries/linux/cmpress
[16:15:37] Determined cmpress version is 001001 from '# INFERNAL 1.1.2 (July 2016)'
[16:15:37] Looking for 'cmscan' - found /usr/local/bioinfo/src/PROKKA/prokka-1.14.5/binaries/linux/cmscan
[16:15:37] Determined cmscan version is 001001 from '# INFERNAL 1.1.2 (July 2016)'
[16:15:37] Looking for 'egrep' - found /usr/bin/egrep
[16:15:37] Looking for 'find' - found /usr/bin/find
[16:15:37] Looking for 'grep' - found /usr/bin/grep
[16:15:37] Looking for 'hmmpress' - found /usr/local/bioinfo/src/PROKKA/prokka-1.14.5/binaries/linux/hmmpress
[16:15:37] Determined hmmpress version is 003001 from '# HMMER 3.1b2 (February 2015); http://hmmer.org/'
[16:15:37] Looking for 'hmmscan' - found /usr/local/bioinfo/src/PROKKA/prokka-1.14.5/binaries/linux/hmmscan
[16:15:37] Determined hmmscan version is 003001 from '# HMMER 3.1b2 (February 2015); http://hmmer.org/'
[16:15:37] Looking for 'java' - found /usr/bin/java
[16:15:37] Looking for 'makeblastdb' - found /usr/local/bioinfo/src/PROKKA/prokka-1.14.5/binaries/linux/makeblastdb
[16:15:37] Determined makeblastdb version is 002009 from 'makeblastdb: 2.9.0+'
[16:15:37] Looking for 'minced' - found /usr/local/bioinfo/src/PROKKA/prokka-1.14.5/binaries/common/minced
[16:15:37] Determined minced version is 002000 from 'minced 0.2.0'
[16:15:37] Looking for 'parallel' - found /usr/local/bioinfo/src/PROKKA/prokka-1.14.5/binaries/common/parallel
[16:15:37] Determined parallel version is 20150122 from 'GNU parallel 20150122'
[16:15:37] Looking for 'prodigal' - found /usr/local/bioinfo/src/PROKKA/prokka-1.14.5/binaries/linux/prodigal
[16:15:37] Determined prodigal version is 002006 from 'Prodigal V2.6.3: February, 2016'
[16:15:37] Looking for 'prokka-genbank_to_fasta_db' - found /usr/local/bioinfo/src/PROKKA/prokka-1.14.5/bin/prokka-genbank_to_fasta_db
[16:15:37] Looking for 'sed' - found /usr/bin/sed
[16:15:37] Looking for 'tbl2asn' - found /usr/local/bioinfo/src/PROKKA/prokka-1.14.5/binaries/linux/tbl2asn
[16:15:37] Determined tbl2asn version is 025008 from 'tbl2asn 25.8   arguments:'
[16:15:37] Using genetic code table 11.
[16:15:37] Loading and checking input file: /home/fmt073/work/Zhang/DNA/Syac.fna
[16:15:37] Wrote 1 contigs totalling 2234828 bp.
[16:15:37] Predicting tRNAs and tmRNAs
[16:15:37] Running: aragorn -l -gc11  -w \/home\/fmt073\/work\/Zhang\/Prokka\/Syac\/Syac\.fna
[16:15:38] 1 tRNA-Gly c[37495,37566] 33 (ccc)
[16:15:38] 2 tRNA-Gly c[82790,82861] 33 (gcc)
[16:15:38] 3 tRNA-Arg [185994,186070] 36 (cct)
[16:15:38] 4 tRNA-Met [273874,273946] 34 (cat)
[16:15:38] 5 tRNA-Asn c[326596,326669] 34 (gtt)
[16:15:38] 6 tRNA-Ile [374981,375056] 36 (gat)
[16:15:38] 7 tRNA-Ala [375065,375138] 34 (tgc)
[16:15:38] 8 tRNA-Leu [435379,435460] 35 (gag)
[16:15:38] 9 tmRNA* [444505,444822] 177,227 ANNIVRFSRQAAPVAA*
[16:15:38] 10 tRNA-Val c[536143,536214] 33 (gac)
[16:15:38] 11 tRNA-Gly [582310,582380] 33 (tcc)
[16:15:38] 12 tRNA-Thr c[595601,595673] 34 (cgt)
[16:15:38] 13 tRNA-Glu c[767229,767302] 35 (ttc)
[16:15:38] 14 tRNA-Met [842899,842975] 35 (cat)
[16:15:38] 15 tRNA-Leu c[890757,890842] 35 (taa)
[16:15:38] 16 tRNA-Ser [1047607,1047696] 36 (gga)
[16:15:38] 17 tRNA-Met c[1115621,1115696] 36 (cat)
[16:15:38] 18 tRNA-Ser [1164330,1164417] 35 (tga)
[16:15:38] 19 tRNA-Pro [1270496,1270569] 35 (ggg)
[16:15:38] 20 tRNA-Lys [1390974,1391045] 33 (ttt)
[16:15:38] 21 tRNA-Pro [1392403,1392477] 35 (tgg)
[16:15:38] 22 tRNA-Ala c[1432801,1432876] 35 (ggc)
[16:15:38] 23 tRNA-Leu c[1482119,1482203] 35 (cag)
[16:15:38] 24 tRNA-Leu [1483715,1483797] 35 (caa)
[16:15:38] 25 tRNA-His [1489927,1490000] 34 (gtg)
[16:15:38] 26 tRNA-Ser c[1508809,1508895] 37 (cga)
[16:15:38] 27 tRNA-Trp [1655548,1655624] 35 (cca)
[16:15:38] 28 tRNA-Asp [1656112,1656187] 36 (gtc)
[16:15:38] 29 tRNA-Val [1670904,1670975] 33 (cac)
[16:15:38] 30 tRNA-Arg [1726445,1726520] 36 (tct)
[16:15:38] 31 tRNA-Tyr [1758329,1758412] 35 (gta)
[16:15:38] 32 tRNA-Thr [1758421,1758492] 33 (ggt)
[16:15:38] 33 tRNA-Ala c[1776931,1777004] 34 (tgc)
[16:15:38] 34 tRNA-Ile c[1777013,1777088] 36 (gat)
[16:15:38] 35 tRNA-Thr [1786870,1786941] 33 (tgt)
[16:15:38] 36 tRNA-Phe [1801122,1801194] 34 (gaa)
[16:15:38] 37 tRNA-Cys c[1835071,1835141] 33 (gca)
[16:15:38] 38 tRNA-Arg c[1850951,1851026] 36 (ccg)
[16:15:38] 39 tRNA-Gln c[1865880,1865951] 33 (ttg)
[16:15:38] 40 tRNA-Ser [1887732,1887822] 36 (gct)
[16:15:38] 41 tRNA-Pro c[1917906,1917980] 35 (cgg)
[16:15:38] 42 tRNA-Ala [1956937,1957010] 34 (cgc)
[16:15:38] 43 tRNA-Leu c[1965703,1965786] 36 (tag)
[16:15:38] 44 tRNA-Arg c[1998797,1998871] 35 (acg)
[16:15:38] 45 tRNA-Val c[2134910,2134981] 33 (tac)
[16:15:38] Found 45 tRNAs
[16:15:38] Predicting Ribosomal RNAs
[16:15:38] You need either Barrnap or RNAmmer installed to predict rRNAs!
[16:15:38] Skipping ncRNA search, enable with --rfam if desired.
[16:15:38] Total of 44 tRNA + rRNA features
[16:15:38] Searching for CRISPR repeats
[16:15:39] Found 0 CRISPRs
[16:15:39] Predicting coding sequences
[16:15:39] Contigs total 2234828 bp, so using single mode
[16:15:39] Running: prodigal -i \/home\/fmt073\/work\/Zhang\/Prokka\/Syac\/Syac\.fna -c -m -g 11 -p single -f sco -q
[16:15:47] Excluding CDS which overlaps existing RNA (tRNA) at gnl|Prokka|Syac.g_1:435351..436742 on + strand
[16:15:47] Excluding CDS which overlaps existing RNA (tRNA) at gnl|Prokka|Syac.g_1:1047185..1047640 on - strand
[16:15:47] Excluding CDS which overlaps existing RNA (tRNA) at gnl|Prokka|Syac.g_1:1164294..1164557 on + strand
[16:15:47] Excluding CDS which overlaps existing RNA (tRNA) at gnl|Prokka|Syac.g_1:1432762..1432941 on + strand
[16:15:47] Excluding CDS which overlaps existing RNA (tRNA) at gnl|Prokka|Syac.g_1:1483721..1484989 on + strand
[16:15:47] Excluding CDS which overlaps existing RNA (tRNA) at gnl|Prokka|Syac.g_1:1508696..1508926 on + strand
[16:15:47] Excluding CDS which overlaps existing RNA (tRNA) at gnl|Prokka|Syac.g_1:1655592..1655846 on + strand
[16:15:48] Excluding CDS which overlaps existing RNA (tRNA) at gnl|Prokka|Syac.g_1:1834977..1836410 on + strand
[16:15:48] Excluding CDS which overlaps existing RNA (tRNA) at gnl|Prokka|Syac.g_1:1851020..1851217 on + strand
[16:15:48] Excluding CDS which overlaps existing RNA (tRNA) at gnl|Prokka|Syac.g_1:1865119..1865952 on - strand
[16:15:48] Excluding CDS which overlaps existing RNA (tRNA) at gnl|Prokka|Syac.g_1:1964618..1965742 on - strand
[16:15:48] Found 2449 CDS
[16:15:48] Connecting features back to sequences
[16:15:48] Not using genus-specific database. Try --usegenus to enable it.
[16:15:48] Annotating CDS, please be patient.
[16:15:48] Will use 1 CPUs for similarity searching.
[16:15:48] There are still 2449 unannotated CDS left (started with 2449)
[16:15:48] Will use blast to search against /usr/local/bioinfo/src/PROKKA/prokka-1.14.5/db/kingdom/Bacteria/IS with 1 CPUs
[16:15:48] Running: cat \/home\/fmt073\/work\/Zhang\/Prokka\/Syac\/Syac\.IS\.tmp\.4096887\.faa | parallel --gnu --plain -j 1 --block 343563 --recstart '>' --pipe blastp -query - -db /usr/local/bioinfo/src/PROKKA/prokka-1.14.5/db/kingdom/Bacteria/IS -evalue 1e-30 -qcov_hsp_perc 90 -num_threads 1 -num_descriptions 1 -num_alignments 1 -seg no > \/home\/fmt073\/work\/Zhang\/Prokka\/Syac\/Syac\.IS\.tmp\.4096887\.blast 2> /dev/null
[16:16:22] Deleting unwanted file: /home/fmt073/work/Zhang/Prokka/Syac/Syac.IS.tmp.4096887.faa
[16:16:22] Deleting unwanted file: /home/fmt073/work/Zhang/Prokka/Syac/Syac.IS.tmp.4096887.blast
[16:16:22] There are still 2449 unannotated CDS left (started with 2449)
[16:16:22] Will use blast to search against /usr/local/bioinfo/src/PROKKA/prokka-1.14.5/db/kingdom/Bacteria/AMR with 1 CPUs
[16:16:22] Running: cat \/home\/fmt073\/work\/Zhang\/Prokka\/Syac\/Syac\.AMR\.tmp\.4096887\.faa | parallel --gnu --plain -j 1 --block 343563 --recstart '>' --pipe blastp -query - -db /usr/local/bioinfo/src/PROKKA/prokka-1.14.5/db/kingdom/Bacteria/AMR -evalue 9.99999999999999e-301 -qcov_hsp_perc 90 -num_threads 1 -num_descriptions 1 -num_alignments 1 -seg no > \/home\/fmt073\/work\/Zhang\/Prokka\/Syac\/Syac\.AMR\.tmp\.4096887\.blast 2> /dev/null
[16:16:47] Deleting unwanted file: /home/fmt073/work/Zhang/Prokka/Syac/Syac.AMR.tmp.4096887.faa
[16:16:47] Deleting unwanted file: /home/fmt073/work/Zhang/Prokka/Syac/Syac.AMR.tmp.4096887.blast
[16:16:47] There are still 2449 unannotated CDS left (started with 2449)
[16:16:47] Will use blast to search against /usr/local/bioinfo/src/PROKKA/prokka-1.14.5/db/kingdom/Bacteria/sprot with 1 CPUs
[16:16:47] Running: cat \/home\/fmt073\/work\/Zhang\/Prokka\/Syac\/Syac\.sprot\.tmp\.4096887\.faa | parallel --gnu --plain -j 1 --block 343563 --recstart '>' --pipe blastp -query - -db /usr/local/bioinfo/src/PROKKA/prokka-1.14.5/db/kingdom/Bacteria/sprot -evalue 1e-09 -qcov_hsp_perc 80 -num_threads 1 -num_descriptions 1 -num_alignments 1 -seg no > \/home\/fmt073\/work\/Zhang\/Prokka\/Syac\/Syac\.sprot\.tmp\.4096887\.blast 2> /dev/null
[16:19:05] Modify product: Uncharacterized membrane protein Rv0364 => putative membrane protein
[16:19:06] Modify product: Uncharacterized glycosyltransferase sll0501 => putative glycosyltransferase
[16:19:06] Modify product: Probable ribonucleotide transport ATP-binding protein mkl => putative ribonucleotide transport ATP-binding protein mkl
[16:19:06] Modify product: UPF0053 inner membrane protein YfjD => hypothetical protein
[16:19:06] Modify product: Uncharacterized protein alr4550 => putative protein
[16:19:06] Modify product: Uncharacterized protein alr4550 => putative protein
[16:19:06] Modify product: Epimerase family protein Rv2216 => Epimerase family protein
[16:19:06] Modify product: Vitamin K epoxide reductase homolog => Vitamin K epoxide reductase 
[16:19:06] Modify product: Uncharacterized ABC transporter ATP-binding protein YheS => putative ABC transporter ATP-binding protein YheS
[16:19:06] Modify product: Probable ATP-dependent transporter SufC => putative ATP-dependent transporter SufC
[16:19:06] Modify product: Probable cysteine desulfurase => putative cysteine desulfurase
[16:19:06] Modify product: Probable peptidoglycan glycosyltransferase FtsW => putative peptidoglycan glycosyltransferase FtsW
[16:19:06] Modify product: UPF0225 protein YchJ => hypothetical protein
[16:19:06] Modify product: UPF0053 protein Rv2366c => hypothetical protein
[16:19:06] Modify product: Probable glucosamine-6-phosphate deaminase 2 => putative glucosamine-6-phosphate deaminase 2
[16:19:06] Modify product: Probable transcriptional regulatory protein aq_1575 => putative transcriptional regulatory protein
[16:19:06] Modify product: Glycogen operon protein GlgX homolog => Glycogen operon protein GlgX 
[16:19:06] Modify product: Probable dual-specificity RNA methyltransferase RlmN => putative dual-specificity RNA methyltransferase RlmN
[16:19:06] Modify product: Probable helicase HelY => putative helicase HelY
[16:19:06] Modify product: Uncharacterized tRNA/rRNA methyltransferase HI_0380 => putative tRNA/rRNA methyltransferase
[16:19:06] Modify product: Uncharacterized oxidoreductase MSMEG_1603/MSMEI_1564 => putative oxidoreductase/MSMEI_1564
[16:19:06] Modify product: 1,4-alpha-glucan branching enzyme TTHA1902 => 1,4-alpha-glucan branching enzyme
[16:19:06] Modify product: Bifunctional protein FolD => Bifunctional protein FolD protein
[16:19:06] Modify product: Probable murein peptide carboxypeptidase => putative murein peptide carboxypeptidase
[16:19:06] Modify product: Uncharacterized ABC transporter ATP-binding protein TM_0288 => putative ABC transporter ATP-binding protein
[16:19:06] Modify product: Uncharacterized protein HI_0828 => putative protein
[16:19:06] Modify product: Probable membrane transporter protein YfcA => putative membrane transporter protein YfcA
[16:19:06] Modify product: Probable csgAB operon transcriptional regulatory protein => putative csgAB operon transcriptional regulatory protein
[16:19:06] Modify product: Uncharacterized ABC transporter ATP-binding protein YlmA => putative ABC transporter ATP-binding protein YlmA
[16:19:06] Modify product: Probable CtpA-like serine protease => putative CtpA-like serine protease
[16:19:06] Modify product: Probable ABC transporter phosphite binding protein PhnD1 => putative ABC transporter phosphite binding protein PhnD1
[16:19:06] Modify product: GTP-binding protein TypA/BipA homolog => GTP-binding protein TypA/BipA 
[16:19:06] Modify product: Uncharacterized ABC transporter ATP-binding protein Rv0986 => putative ABC transporter ATP-binding protein
[16:19:06] Modify product: Uncharacterized zinc protease Rv2782c => putative zinc protease
[16:19:06] Modify product: Uncharacterized zinc protease Rv2782c => putative zinc protease
[16:19:06] Modify product: Probable multidrug resistance ABC transporter ATP-binding/permease protein YheI => putative multidrug resistance ABC transporter ATP-binding/permease protein YheI
[16:19:06] Modify product: Phosphorylated carbohydrates phosphatase TM_1254 => Phosphorylated carbohydrates phosphatase
[16:19:06] Modify product: Probable 2-phosphosulfolactate phosphatase => putative 2-phosphosulfolactate phosphatase
[16:19:06] Modify product: Probable L,D-transpeptidase YnhG => putative L,D-transpeptidase YnhG
[16:19:06] Modify product: Uncharacterized oxidoreductase SA2266 => putative oxidoreductase
[16:19:06] Modify product: UPF0276 protein CCNA_03000 => hypothetical protein
[16:19:06] Modify product: UPF0176 protein lpg2838 => hypothetical protein
[16:19:06] Modify product: Putative multidrug export ATP-binding/permease protein SAV1866 => Putative multidrug export ATP-binding/permease protein
[16:19:06] Modify product: Uncharacterized protein RP812 => putative protein RP812
[16:19:06] Modify product: Uncharacterized protein HI_0103 => putative protein
[16:19:06] Modify product: Uncharacterized sugar kinase YdjH => putative sugar kinase YdjH
[16:19:06] Modify product: Uncharacterized FAD-linked oxidoreductase Rv2280 => putative FAD-linked oxidoreductase
[16:19:06] Modify product: UPF0234 protein MSMEG_1165/MSMEI_1134 => hypothetical protein
[16:19:06] Modify product: Rqc2 homolog RqcH => Rqc2 RqcH
[16:19:06] Modify product: Probable murein peptide carboxypeptidase => putative murein peptide carboxypeptidase
[16:19:06] Modify product: Probable cytochrome c oxidase subunit 1 => putative cytochrome c oxidase subunit 1
[16:19:06] Modify product: Uncharacterized protein Rv1829 => putative protein
[16:19:06] Modify product: Uncharacterized ABC transporter ATP-binding protein YknY => putative ABC transporter ATP-binding protein YknY
[16:19:06] Modify product: Probable CtpA-like serine protease => putative CtpA-like serine protease
[16:19:06] Modify product: Probable phycoerythrobilin lyase CpeT => putative phycoerythrobilin lyase CpeT
[16:19:06] Modify product: Uncharacterized phycocyanin operon protein Z => putative phycocyanin operon protein Z
[16:19:06] Modify product: Putative low molecular weight protein-tyrosine-phosphatase slr0328 => Putative low molecular weight protein-tyrosine-phosphatase
[16:19:06] Modify product: Uncharacterized oxidoreductase Rv2298 => putative oxidoreductase
[16:19:06] Modify product: Probable adenylyltransferase/sulfurtransferase MoeZ => putative adenylyltransferase/sulfurtransferase MoeZ
[16:19:06] Modify product: Probable ketoamine kinase HMPREF0351_12196 => putative ketoamine kinase
[16:19:06] Modify product: Uncharacterized protein alr4550 => putative protein
[16:19:06] Modify product: PKHD-type hydroxylase Sbal_3634 => PKHD-type hydroxylase
[16:19:06] Modify product: Uncharacterized protein alr4550 => putative protein
[16:19:06] Modify product: Probable bifunctional SAT/APS kinase => putative bifunctional SAT/APS kinase
[16:19:07] Modify product: Uncharacterized protein Rv0628c => putative protein
[16:19:07] Modify product: Probable undecaprenyl-phosphate N-acetylglucosaminyl 1-phosphate transferase => putative undecaprenyl-phosphate N-acetylglucosaminyl 1-phosphate transferase
[16:19:07] Modify product: Probable adenylyl-sulfate kinase => putative adenylyl-sulfate kinase
[16:19:07] Modify product: Probable glutaredoxin ssr2061 => putative glutaredoxin
[16:19:07] Modify product: Probable nicotinate-nucleotide pyrophosphorylase [carboxylating] => putative nicotinate-nucleotide pyrophosphorylase [carboxylating]
[16:19:07] Modify product: Uncharacterized protein Rv2411c => putative protein
[16:19:07] Modify product: Uncharacterized protein Rv2569c => putative protein
[16:19:07] Modify product: Probable formate transporter 1 => putative formate transporter 1
[16:19:07] Modify product: Uncharacterized protein YbiB => putative protein YbiB
[16:19:07] Cleaned 73 /product names
[16:19:07] Deleting unwanted file: /home/fmt073/work/Zhang/Prokka/Syac/Syac.sprot.tmp.4096887.faa
[16:19:07] Deleting unwanted file: /home/fmt073/work/Zhang/Prokka/Syac/Syac.sprot.tmp.4096887.blast
[16:19:07] There are still 1480 unannotated CDS left (started with 2449)
[16:19:07] Will use hmmer3 to search against /usr/local/bioinfo/src/PROKKA/prokka-1.14.5/db/hmm/HAMAP.hmm with 1 CPUs
[16:19:07] Running: cat \/home\/fmt073\/work\/Zhang\/Prokka\/Syac\/Syac\.HAMAP\.hmm\.tmp\.4096887\.faa | parallel --gnu --plain -j 1 --block 169478 --recstart '>' --pipe hmmscan --noali --notextw --acc -E 1e-09 --cpu 1 /usr/local/bioinfo/src/PROKKA/prokka-1.14.5/db/hmm/HAMAP.hmm /dev/stdin > \/home\/fmt073\/work\/Zhang\/Prokka\/Syac\/Syac\.HAMAP\.hmm\.tmp\.4096887\.hmmer3 2> /dev/null
[16:21:59] Deleting unwanted file: /home/fmt073/work/Zhang/Prokka/Syac/Syac.HAMAP.hmm.tmp.4096887.faa
[16:21:59] Deleting unwanted file: /home/fmt073/work/Zhang/Prokka/Syac/Syac.HAMAP.hmm.tmp.4096887.hmmer3
[16:21:59] Labelling remaining 1284 proteins as 'hypothetical protein'
[16:21:59] Possible /pseudo 'Putative fluoride ion transporter CrcB' at gnl|Prokka|Syac.g_1 position 145225
[16:21:59] Possible /pseudo 'putative protein' at gnl|Prokka|Syac.g_1 position 337693
[16:21:59] Possible /pseudo 'DNA-directed RNA polymerase subunit beta'' at gnl|Prokka|Syac.g_1 position 615979
[16:21:59] Possible /pseudo 'putative zinc protease' at gnl|Prokka|Syac.g_1 position 1219112
[16:21:59] Possible /pseudo 'ATP-dependent Clp protease proteolytic subunit' at gnl|Prokka|Syac.g_1 position 1499179
[16:21:59] Found 978 unique /gene codes.
[16:21:59] Fixed 2 duplicate /gene - ftsH2_1 ftsH2_2
[16:21:59] Fixed 2 duplicate /gene - cysQ_1 cysQ_2
[16:21:59] Fixed 2 duplicate /gene - bcp_1 bcp_2
[16:21:59] Fixed 2 duplicate /gene - mpeC_1 mpeC_2
[16:21:59] Fixed 2 duplicate /gene - ndhB_1 ndhB_2
[16:21:59] Fixed 2 duplicate /gene - ndhI_1 ndhI_2
[16:21:59] Fixed 3 duplicate /gene - ubiB_1 ubiB_2 ubiB_3
[16:21:59] Fixed 2 duplicate /gene - trxA_1 trxA_2
[16:21:59] Fixed 2 duplicate /gene - ykfA_1 ykfA_2
[16:21:59] Fixed 2 duplicate /gene - nusA_1 nusA_2
[16:21:59] Fixed 2 duplicate /gene - hhoA_1 hhoA_2
[16:21:59] Fixed 3 duplicate /gene - pds_1 pds_2 pds_3
[16:21:59] Fixed 2 duplicate /gene - iscS_1 iscS_2
[16:21:59] Fixed 2 duplicate /gene - petF_1 petF_2
[16:21:59] Fixed 3 duplicate /gene - dnaJ_1 dnaJ_2 dnaJ_3
[16:21:59] Fixed 8 duplicate /gene - mshA_1 mshA_2 mshA_3 mshA_4 mshA_5 mshA_6 mshA_7 mshA_8
[16:21:59] Fixed 2 duplicate /gene - COQ5_1 COQ5_2
[16:21:59] Fixed 3 duplicate /gene - ruvB_1 ruvB_2 ruvB_3
[16:21:59] Fixed 2 duplicate /gene - cobD_1 cobD_2
[16:21:59] Fixed 2 duplicate /gene - cobN_1 cobN_2
[16:21:59] Fixed 2 duplicate /gene - psbD1_1 psbD1_2
[16:21:59] Fixed 2 duplicate /gene - dfa3_1 dfa3_2
[16:21:59] Fixed 2 duplicate /gene - dsbD_1 dsbD_2
[16:21:59] Fixed 2 duplicate /gene - pyrB_1 pyrB_2
[16:21:59] Fixed 2 duplicate /gene - atpH_1 atpH_2
[16:21:59] Fixed 3 duplicate /gene - gph_1 gph_2 gph_3
[16:21:59] Fixed 4 duplicate /gene - clpP_1 clpP_2 clpP_3 clpP_4
[16:21:59] Fixed 4 duplicate /gene - btuD_1 btuD_2 btuD_3 btuD_4
[16:21:59] Fixed 2 duplicate /gene - psaE_1 psaE_2
[16:21:59] Fixed 5 duplicate /gene - sasA_1 sasA_2 sasA_3 sasA_4 sasA_5
[16:21:59] Fixed 2 duplicate /gene - clpS_1 clpS_2
[16:21:59] Fixed 2 duplicate /gene - selO_1 selO_2
[16:21:59] Fixed 2 duplicate /gene - rlpA_1 rlpA_2
[16:21:59] Fixed 2 duplicate /gene - pyrC_1 pyrC_2
[16:21:59] Fixed 2 duplicate /gene - bepA_1 bepA_2
[16:21:59] Fixed 2 duplicate /gene - yciC_1 yciC_2
[16:21:59] Fixed 2 duplicate /gene - pcyA_1 pcyA_2
[16:21:59] Fixed 2 duplicate /gene - msrB_1 msrB_2
[16:21:59] Fixed 2 duplicate /gene - petJ_1 petJ_2
[16:21:59] Fixed 2 duplicate /gene - speA_1 speA_2
[16:21:59] Fixed 2 duplicate /gene - rnr_1 rnr_2
[16:21:59] Fixed 2 duplicate /gene - gyrA_1 gyrA_2
[16:21:59] Fixed 4 duplicate /gene - mntB_1 mntB_2 mntB_3 mntB_4
[16:21:59] Fixed 2 duplicate /gene - lptD_1 lptD_2
[16:21:59] Fixed 2 duplicate /gene - recD_1 recD_2
[16:21:59] Fixed 2 duplicate /gene - mreB_1 mreB_2
[16:21:59] Fixed 2 duplicate /gene - menH_1 menH_2
[16:21:59] Fixed 2 duplicate /gene - msbA_1 msbA_2
[16:21:59] Fixed 2 duplicate /gene - sir_1 sir_2
[16:21:59] Fixed 2 duplicate /gene - dnaK2_1 dnaK2_2
[16:21:59] Fixed 2 duplicate /gene - der_1 der_2
[16:21:59] Fixed 2 duplicate /gene - cbpA_1 cbpA_2
[16:21:59] Fixed 2 duplicate /gene - ykuD_1 ykuD_2
[16:21:59] Fixed 3 duplicate /gene - psbA2_1 psbA2_2 psbA2_3
[16:21:59] Fixed 3 duplicate /gene - ndhD1_1 ndhD1_2 ndhD1_3
[16:21:59] Fixed 2 duplicate /gene - tam_1 tam_2
[16:21:59] Fixed 2 duplicate /gene - mnmE_1 mnmE_2
[16:21:59] Fixed 2 duplicate /gene - rlmB_1 rlmB_2
[16:21:59] Fixed 3 duplicate /gene - sigA2_1 sigA2_2 sigA2_3
[16:21:59] Fixed 2 duplicate /gene - ppa_1 ppa_2
[16:21:59] Fixed 2 duplicate /gene - menA_1 menA_2
[16:21:59] Fixed 2 duplicate /gene - nadK_1 nadK_2
[16:21:59] Fixed 2 duplicate /gene - acpP_1 acpP_2
[16:21:59] Fixed 2 duplicate /gene - clpX_1 clpX_2
[16:21:59] Fixed 2 duplicate /gene - cpcS_1 cpcS_2
[16:21:59] Fixed 2 duplicate /gene - mprA_1 mprA_2
[16:21:59] Fixed 2 duplicate /gene - lip1_1 lip1_2
[16:21:59] Fixed 2 duplicate /gene - bicA_1 bicA_2
[16:21:59] Fixed 2 duplicate /gene - atpG_1 atpG_2
[16:21:59] Fixed 2 duplicate /gene - crcB_1 crcB_2
[16:21:59] Fixed 2 duplicate /gene - hemL_1 hemL_2
[16:21:59] Fixed 2 duplicate /gene - prmC_1 prmC_2
[16:21:59] Fixed 72 colliding /gene names.
[16:21:59] Adding /locus_tag identifiers
[16:21:59] Assigned 2494 locus_tags to CDS and RNA features.
[16:21:59] Writing outputs to /home/fmt073/work/Zhang/Prokka/Syac/
[16:22:00] Generating annotation statistics file
[16:22:00] Generating Genbank and Sequin files
[16:22:00] Running: tbl2asn -V b -a r10k -l paired-ends -M n -N 1 -y 'Annotated using prokka 1.14.5 from https://github.com/tseemann/prokka' -Z \/home\/fmt073\/work\/Zhang\/Prokka\/Syac\/Syac\.err -i \/home\/fmt073\/work\/Zhang\/Prokka\/Syac\/Syac\.fsa 2> /dev/null
[16:22:04] Deleting unwanted file: /home/fmt073/work/Zhang/Prokka/Syac/errorsummary.val
[16:22:04] Deleting unwanted file: /home/fmt073/work/Zhang/Prokka/Syac/Syac.dr
[16:22:04] Deleting unwanted file: /home/fmt073/work/Zhang/Prokka/Syac/Syac.fixedproducts
[16:22:04] Deleting unwanted file: /home/fmt073/work/Zhang/Prokka/Syac/Syac.ecn
[16:22:04] Deleting unwanted file: /home/fmt073/work/Zhang/Prokka/Syac/Syac.val
[16:22:04] Repairing broken .GBK output that tbl2asn produces...
[16:22:04] Running: sed 's/COORDINATES: profile/COORDINATES:profile/' < \/home\/fmt073\/work\/Zhang\/Prokka\/Syac\/Syac\.gbf > \/home\/fmt073\/work\/Zhang\/Prokka\/Syac\/Syac\.gbk
[16:22:04] Deleting unwanted file: /home/fmt073/work/Zhang/Prokka/Syac/Syac.gbf
[16:22:04] Output files:
[16:22:04] /home/fmt073/work/Zhang/Prokka/Syac/Syac.tbl
[16:22:04] /home/fmt073/work/Zhang/Prokka/Syac/Syac.fsa
[16:22:04] /home/fmt073/work/Zhang/Prokka/Syac/Syac.log
[16:22:04] /home/fmt073/work/Zhang/Prokka/Syac/Syac.gbk
[16:22:04] /home/fmt073/work/Zhang/Prokka/Syac/Syac.ffn
[16:22:04] /home/fmt073/work/Zhang/Prokka/Syac/Syac.err
[16:22:04] /home/fmt073/work/Zhang/Prokka/Syac/Syac.txt
[16:22:04] /home/fmt073/work/Zhang/Prokka/Syac/Syac.tsv
[16:22:04] /home/fmt073/work/Zhang/Prokka/Syac/Syac.gff
[16:22:04] /home/fmt073/work/Zhang/Prokka/Syac/Syac.faa
[16:22:04] /home/fmt073/work/Zhang/Prokka/Syac/Syac.fna
[16:22:04] /home/fmt073/work/Zhang/Prokka/Syac/Syac.sqn
[16:22:04] Annotation finished successfully.
[16:22:04] Walltime used: 6.45 minutes
[16:22:04] If you use this result please cite the Prokka paper:
[16:22:04] Seemann T (2014) Prokka: rapid prokaryotic genome annotation. Bioinformatics. 30(14):2068-9.
[16:22:04] Type 'prokka --citation' for more details.
[16:22:04] Share and enjoy!
