[16:12:40] This is prokka 1.14.5
[16:12:40] Written by Torsten Seemann <torsten.seemann@gmail.com>
[16:12:40] Homepage is https://github.com/tseemann/prokka
[16:12:40] Local time is Thu Oct 16 16:12:40 2025
[16:12:40] You are fmt073
[16:12:40] Operating system is linux
[16:12:40] You have BioPerl 1.7.8
[16:12:40] System has 128 cores.
[16:12:40] Will use maximum of 1 cores.
[16:12:40] Annotating as >>> Bacteria <<<
[16:12:40] Enabling options to ensure Genbank/ENA/DDJB submission compliance.
[16:12:40] Creating new output folder: /home/fmt073/work/Zhang/Prokka/Prab
[16:12:40] Running: mkdir -p \/home\/fmt073\/work\/Zhang\/Prokka\/Prab
[16:12:40] Using filename prefix: Prab.XXX
[16:12:40] Setting HMMER_NCPU=1
[16:12:40] Writing log to: /home/fmt073/work/Zhang/Prokka/Prab/Prab.log
[16:12:40] Command: /usr/local/bioinfo/src/PROKKA/prokka-1.14.5/bin/prokka /home/fmt073/work/Zhang/DNA/Prab.fna --outdir /home/fmt073/work/Zhang/Prokka/Prab --compliant --addgenes --prefix Prab --locustag Prab.g --genus Prochlorococcus --species Prochlorococcus marinus --strain MED4 --kingdom Bacteria --cpus 1
[16:12:40] Appending to PATH: /usr/local/bioinfo/src/PROKKA/prokka-1.14.5/bin/../binaries/linux
[16:12:40] Appending to PATH: /usr/local/bioinfo/src/PROKKA/prokka-1.14.5/bin/../binaries/linux/../common
[16:12:40] Appending to PATH: /usr/local/bioinfo/src/PROKKA/prokka-1.14.5/bin
[16:12:40] Looking for 'aragorn' - found /usr/local/bioinfo/src/PROKKA/prokka-1.14.5/binaries/linux/aragorn
[16:12:40] Determined aragorn version is 001002 from 'ARAGORN v1.2.38 Dean Laslett'
[16:12:40] Looking for 'blastp' - found /usr/local/bioinfo/src/PROKKA/prokka-1.14.5/binaries/linux/blastp
[16:12:40] Determined blastp version is 002009 from 'blastp: 2.9.0+'
[16:12:40] Looking for 'cmpress' - found /usr/local/bioinfo/src/PROKKA/prokka-1.14.5/binaries/linux/cmpress
[16:12:40] Determined cmpress version is 001001 from '# INFERNAL 1.1.2 (July 2016)'
[16:12:40] Looking for 'cmscan' - found /usr/local/bioinfo/src/PROKKA/prokka-1.14.5/binaries/linux/cmscan
[16:12:40] Determined cmscan version is 001001 from '# INFERNAL 1.1.2 (July 2016)'
[16:12:40] Looking for 'egrep' - found /usr/bin/egrep
[16:12:40] Looking for 'find' - found /usr/bin/find
[16:12:40] Looking for 'grep' - found /usr/bin/grep
[16:12:40] Looking for 'hmmpress' - found /usr/local/bioinfo/src/PROKKA/prokka-1.14.5/binaries/linux/hmmpress
[16:12:40] Determined hmmpress version is 003001 from '# HMMER 3.1b2 (February 2015); http://hmmer.org/'
[16:12:40] Looking for 'hmmscan' - found /usr/local/bioinfo/src/PROKKA/prokka-1.14.5/binaries/linux/hmmscan
[16:12:40] Determined hmmscan version is 003001 from '# HMMER 3.1b2 (February 2015); http://hmmer.org/'
[16:12:40] Looking for 'java' - found /usr/bin/java
[16:12:40] Looking for 'makeblastdb' - found /usr/local/bioinfo/src/PROKKA/prokka-1.14.5/binaries/linux/makeblastdb
[16:12:40] Determined makeblastdb version is 002009 from 'makeblastdb: 2.9.0+'
[16:12:40] Looking for 'minced' - found /usr/local/bioinfo/src/PROKKA/prokka-1.14.5/binaries/common/minced
[16:12:40] Determined minced version is 002000 from 'minced 0.2.0'
[16:12:40] Looking for 'parallel' - found /usr/local/bioinfo/src/PROKKA/prokka-1.14.5/binaries/common/parallel
[16:12:41] Determined parallel version is 20150122 from 'GNU parallel 20150122'
[16:12:41] Looking for 'prodigal' - found /usr/local/bioinfo/src/PROKKA/prokka-1.14.5/binaries/linux/prodigal
[16:12:41] Determined prodigal version is 002006 from 'Prodigal V2.6.3: February, 2016'
[16:12:41] Looking for 'prokka-genbank_to_fasta_db' - found /usr/local/bioinfo/src/PROKKA/prokka-1.14.5/bin/prokka-genbank_to_fasta_db
[16:12:41] Looking for 'sed' - found /usr/bin/sed
[16:12:41] Looking for 'tbl2asn' - found /usr/local/bioinfo/src/PROKKA/prokka-1.14.5/binaries/linux/tbl2asn
[16:12:41] Determined tbl2asn version is 025008 from 'tbl2asn 25.8   arguments:'
[16:12:41] Using genetic code table 11.
[16:12:41] Loading and checking input file: /home/fmt073/work/Zhang/DNA/Prab.fna
[16:12:41] Wrote 1 contigs totalling 1657990 bp.
[16:12:41] Predicting tRNAs and tmRNAs
[16:12:41] Running: aragorn -l -gc11  -w \/home\/fmt073\/work\/Zhang\/Prokka\/Prab\/Prab\.fna
[16:12:41] 1 tmRNA* c[56316,56628] 172,222 ANKIVSFSRQTAPVAA*
[16:12:41] 2 tRNA-Leu c[65453,65536] 36 (aag)
[16:12:41] 3 tRNA-Asn [122895,122968] 34 (gtt)
[16:12:41] 4 tRNA-Leu [229473,229554] 35 (tag)
[16:12:41] 5 tRNA-Arg c[249344,249419] 36 (acg)
[16:12:41] 6 tRNA-Met c[264443,264518] 35 (cat)
[16:12:41] 7 tRNA-Phe c[296378,296452] 34 (gaa)
[16:12:41] 8 tRNA-Thr c[305095,305168] 34 (tgt)
[16:12:41] 9 tRNA-Ile [314648,314723] 36 (gat)
[16:12:41] 10 tRNA-Ala [314735,314808] 34 (tgc)
[16:12:41] 11 tRNA-Thr c[368348,368419] 33 (ggt)
[16:12:41] 12 tRNA-Tyr c[368429,368511] 35 (gta)
[16:12:41] 13 tRNA-Asp c[450063,450138] 36 (gtc)
[16:12:41] 14 tRNA-Trp c[450519,450593] 35 (cca)
[16:12:41] 15 tRNA-Leu [538179,538266] 36 (taa)
[16:12:41] 16 tRNA-Ser c[625757,625846] 35 (tga)
[16:12:41] 17 tRNA-Met c[776396,776472] 35 (cat)
[16:12:41] 18 tRNA-Trp c[785950,786046] 35 (cca)
[16:12:41] 19 tRNA-Thr [818171,818244] 34 (cgt)
[16:12:41] 20 tRNA-Met c[819740,819813] 35 (cat)
[16:12:41] 21 tRNA-Ser c[861144,861230] 35 (gga)
[16:12:41] 22 tRNA-Pro [914442,914515] 35 (ggg)
[16:12:41] 23 tRNA-Glu c[1020082,1020156] 36 (ttc)
[16:12:41] 24 tRNA-Lys [1063867,1063939] 33 (ttt)
[16:12:41] 25 tRNA-Pro [1071431,1071504] 35 (tgg)
[16:12:41] 26 tRNA-Ser c[1115985,1116071] 36 (cga)
[16:12:41] 27 tRNA-Arg [1143409,1143484] 36 (tct)
[16:12:41] 28 tRNA-Ala c[1208564,1208638] 35 (ggc)
[16:12:41] 29 tRNA-Leu [1252993,1253075] 35 (caa)
[16:12:41] 30 tRNA-His [1258262,1258335] 34 (gtg)
[16:12:41] 31 tRNA-Gly c[1274670,1274740] 33 (tcc)
[16:12:41] 32 tRNA-Val [1306262,1306333] 33 (gac)
[16:12:41] 33 tRNA-Ser c[1469550,1469640] 36 (gct)
[16:12:41] 34 tRNA-Gln [1489482,1489555] 34 (ttg)
[16:12:41] 35 tRNA-Arg [1502203,1502276] 35 (ccg)
[16:12:41] 36 tRNA-Cys [1516866,1516936] 33 (gca)
[16:12:41] 37 tRNA-Arg c[1533817,1533892] 36 (cct)
[16:12:41] 38 tRNA-Gly c[1570753,1570824] 33 (gcc)
[16:12:41] 39 tRNA-Val c[1617346,1617417] 33 (tac)
[16:12:41] Found 39 tRNAs
[16:12:41] Predicting Ribosomal RNAs
[16:12:41] You need either Barrnap or RNAmmer installed to predict rRNAs!
[16:12:41] Skipping ncRNA search, enable with --rfam if desired.
[16:12:41] Total of 38 tRNA + rRNA features
[16:12:41] Searching for CRISPR repeats
[16:12:42] Found 0 CRISPRs
[16:12:42] Predicting coding sequences
[16:12:42] Contigs total 1657990 bp, so using single mode
[16:12:42] Running: prodigal -i \/home\/fmt073\/work\/Zhang\/Prokka\/Prab\/Prab\.fna -c -m -g 11 -p single -f sco -q
[16:12:44] Excluding CDS which overlaps existing RNA (tRNA) at gnl|Prokka|Prab.g_1:538068..538235 on + strand
[16:12:44] Excluding CDS which overlaps existing RNA (tRNA) at gnl|Prokka|Prab.g_1:785324..786166 on + strand
[16:12:45] Excluding CDS which overlaps existing RNA (tRNA) at gnl|Prokka|Prab.g_1:1252981..1254255 on + strand
[16:12:45] Excluding CDS which overlaps existing RNA (tRNA) at gnl|Prokka|Prab.g_1:1502134..1502298 on + strand
[16:12:45] Excluding CDS which overlaps existing RNA (tRNA) at gnl|Prokka|Prab.g_1:1515594..1517012 on - strand
[16:12:45] Found 1916 CDS
[16:12:45] Connecting features back to sequences
[16:12:45] Not using genus-specific database. Try --usegenus to enable it.
[16:12:45] Annotating CDS, please be patient.
[16:12:45] Will use 1 CPUs for similarity searching.
[16:12:45] There are still 1916 unannotated CDS left (started with 1916)
[16:12:45] Will use blast to search against /usr/local/bioinfo/src/PROKKA/prokka-1.14.5/db/kingdom/Bacteria/IS with 1 CPUs
[16:12:45] Running: cat \/home\/fmt073\/work\/Zhang\/Prokka\/Prab\/Prab\.IS\.tmp\.898968\.faa | parallel --gnu --plain -j 1 --block 254104 --recstart '>' --pipe blastp -query - -db /usr/local/bioinfo/src/PROKKA/prokka-1.14.5/db/kingdom/Bacteria/IS -evalue 1e-30 -qcov_hsp_perc 90 -num_threads 1 -num_descriptions 1 -num_alignments 1 -seg no > \/home\/fmt073\/work\/Zhang\/Prokka\/Prab\/Prab\.IS\.tmp\.898968\.blast 2> /dev/null
[16:13:10] Deleting unwanted file: /home/fmt073/work/Zhang/Prokka/Prab/Prab.IS.tmp.898968.faa
[16:13:10] Deleting unwanted file: /home/fmt073/work/Zhang/Prokka/Prab/Prab.IS.tmp.898968.blast
[16:13:10] There are still 1916 unannotated CDS left (started with 1916)
[16:13:10] Will use blast to search against /usr/local/bioinfo/src/PROKKA/prokka-1.14.5/db/kingdom/Bacteria/AMR with 1 CPUs
[16:13:10] Running: cat \/home\/fmt073\/work\/Zhang\/Prokka\/Prab\/Prab\.AMR\.tmp\.898968\.faa | parallel --gnu --plain -j 1 --block 254104 --recstart '>' --pipe blastp -query - -db /usr/local/bioinfo/src/PROKKA/prokka-1.14.5/db/kingdom/Bacteria/AMR -evalue 9.99999999999999e-301 -qcov_hsp_perc 90 -num_threads 1 -num_descriptions 1 -num_alignments 1 -seg no > \/home\/fmt073\/work\/Zhang\/Prokka\/Prab\/Prab\.AMR\.tmp\.898968\.blast 2> /dev/null
[16:13:28] Deleting unwanted file: /home/fmt073/work/Zhang/Prokka/Prab/Prab.AMR.tmp.898968.faa
[16:13:28] Deleting unwanted file: /home/fmt073/work/Zhang/Prokka/Prab/Prab.AMR.tmp.898968.blast
[16:13:29] There are still 1916 unannotated CDS left (started with 1916)
[16:13:29] Will use blast to search against /usr/local/bioinfo/src/PROKKA/prokka-1.14.5/db/kingdom/Bacteria/sprot with 1 CPUs
[16:13:29] Running: cat \/home\/fmt073\/work\/Zhang\/Prokka\/Prab\/Prab\.sprot\.tmp\.898968\.faa | parallel --gnu --plain -j 1 --block 254104 --recstart '>' --pipe blastp -query - -db /usr/local/bioinfo/src/PROKKA/prokka-1.14.5/db/kingdom/Bacteria/sprot -evalue 1e-09 -qcov_hsp_perc 80 -num_threads 1 -num_descriptions 1 -num_alignments 1 -seg no > \/home\/fmt073\/work\/Zhang\/Prokka\/Prab\/Prab\.sprot\.tmp\.898968\.blast 2> /dev/null
[16:15:07] Modify product: Uncharacterized oxidoreductase Rv2298 => putative oxidoreductase
[16:15:07] Modify product: Probable cysteine desulfurase => putative cysteine desulfurase
[16:15:07] Modify product: Probable ATP-dependent transporter SufC => putative ATP-dependent transporter SufC
[16:15:07] Modify product: Uncharacterized AAA domain-containing protein Rv2559c => putative AAA domain-containing protein
[16:15:07] Modify product: Uncharacterized ABC transporter ATP-binding protein YheS => putative ABC transporter ATP-binding protein YheS
[16:15:07] Modify product: Vitamin K epoxide reductase homolog => Vitamin K epoxide reductase 
[16:15:07] Modify product: Epimerase family protein SA0724 => Epimerase family protein
[16:15:07] Modify product: Probable copper-transporting ATPase PacS => putative copper-transporting ATPase PacS
[16:15:07] Modify product: Probable glutaredoxin ssr2061 => putative glutaredoxin
[16:15:07] Modify product: Probable nicotinate-nucleotide pyrophosphorylase [carboxylating] => putative nicotinate-nucleotide pyrophosphorylase [carboxylating]
[16:15:07] Modify product: Uncharacterized ABC transporter ATP-binding protein YejF => putative ABC transporter ATP-binding protein YejF
[16:15:07] Modify product: Probable protein kinase UbiB => putative protein kinase UbiB
[16:15:07] Modify product: Probable bifunctional SAT/APS kinase => putative bifunctional SAT/APS kinase
[16:15:07] Modify product: UPF0053 protein Rv1842c => hypothetical protein
[16:15:07] Modify product: Probable ribonucleotide transport ATP-binding protein mkl => putative ribonucleotide transport ATP-binding protein mkl
[16:15:07] Modify product: Putative peroxiredoxin Rv1608c => Putative peroxiredoxin
[16:15:07] Modify product: Uncharacterized ABC transporter ATP-binding protein YknY => putative ABC transporter ATP-binding protein YknY
[16:15:07] Modify product: Probable cytochrome c oxidase subunit 1 => putative cytochrome c oxidase subunit 1
[16:15:07] Modify product: Probable murein peptide carboxypeptidase => putative murein peptide carboxypeptidase
[16:15:07] Modify product: Rqc2 homolog RqcH => Rqc2 RqcH
[16:15:07] Modify product: UPF0234 protein MSMEG_1165/MSMEI_1134 => hypothetical protein
[16:15:07] Modify product: Uncharacterized ABC transporter ATP-binding protein TM_0288 => putative ABC transporter ATP-binding protein
[16:15:07] Modify product: Uncharacterized periplasmic iron-binding protein HI_0362 => putative periplasmic iron-binding protein
[16:15:07] Modify product: Probable 2-phosphosulfolactate phosphatase => putative 2-phosphosulfolactate phosphatase
[16:15:07] Modify product: Probable ABC transporter phosphite binding protein PhnD1 => putative ABC transporter phosphite binding protein PhnD1
[16:15:07] Modify product: Probable chromate transport protein => putative chromate transport protein
[16:15:07] Modify product: Uncharacterized zinc protease Rv2782c => putative zinc protease
[16:15:07] Modify product: Uncharacterized ABC transporter ATP-binding protein Rv0986 => putative ABC transporter ATP-binding protein
[16:15:07] Modify product: GTP-binding protein TypA/BipA homolog => GTP-binding protein TypA/BipA 
[16:15:07] Modify product: Uncharacterized ABC transporter ATP-binding protein YlmA => putative ABC transporter ATP-binding protein YlmA
[16:15:07] Modify product: Putative multidrug export ATP-binding/permease protein SAV1866 => Putative multidrug export ATP-binding/permease protein
[16:15:07] Modify product: Probable flavin reductase => putative flavin reductase
[16:15:07] Modify product: Probable multidrug resistance ABC transporter ATP-binding/permease protein YheI => putative multidrug resistance ABC transporter ATP-binding/permease protein YheI
[16:15:07] Modify product: Uncharacterized protein Rv2411c => putative protein
[16:15:07] Modify product: Uncharacterized tRNA/rRNA methyltransferase HI_0380 => putative tRNA/rRNA methyltransferase
[16:15:07] Modify product: Uncharacterized oxidoreductase MSMEG_1603/MSMEI_1564 => putative oxidoreductase/MSMEI_1564
[16:15:07] Modify product: 1,4-alpha-glucan branching enzyme TTHA1902 => 1,4-alpha-glucan branching enzyme
[16:15:07] Modify product: Bifunctional protein FolD => Bifunctional protein FolD protein
[16:15:07] Modify product: Uncharacterized ABC transporter ATP-binding protein TM_0288 => putative ABC transporter ATP-binding protein
[16:15:07] Modify product: Uncharacterized glycosyltransferase sll0501 => putative glycosyltransferase
[16:15:07] Modify product: Probable undecaprenyl-phosphate N-acetylglucosaminyl 1-phosphate transferase => putative undecaprenyl-phosphate N-acetylglucosaminyl 1-phosphate transferase
[16:15:07] Modify product: Uncharacterized PIN and TRAM-domain containing protein YacL => putative PIN and TRAM-domain containing protein YacL
[16:15:07] Modify product: Glycogen operon protein GlgX homolog => Glycogen operon protein GlgX 
[16:15:07] Modify product: Probable cytosol aminopeptidase => putative cytosol aminopeptidase
[16:15:07] Modify product: UPF0053 protein Rv2366c => hypothetical protein
[16:15:07] Modify product: Probable peptidoglycan glycosyltransferase FtsW => putative peptidoglycan glycosyltransferase FtsW
[16:15:07] Modify product: Probable helicase HelY => putative helicase HelY
[16:15:07] Modify product: Probable dual-specificity RNA methyltransferase RlmN => putative dual-specificity RNA methyltransferase RlmN
[16:15:07] Modify product: Probable ketoamine kinase HMPREF0351_12196 => putative ketoamine kinase
[16:15:07] Modify product: Probable adenylyltransferase/sulfurtransferase MoeZ => putative adenylyltransferase/sulfurtransferase MoeZ
[16:15:07] Modify product: Putative low molecular weight protein-tyrosine-phosphatase slr0328 => Putative low molecular weight protein-tyrosine-phosphatase
[16:15:08] Cleaned 51 /product names
[16:15:08] Deleting unwanted file: /home/fmt073/work/Zhang/Prokka/Prab/Prab.sprot.tmp.898968.faa
[16:15:08] Deleting unwanted file: /home/fmt073/work/Zhang/Prokka/Prab/Prab.sprot.tmp.898968.blast
[16:15:08] There are still 1096 unannotated CDS left (started with 1916)
[16:15:08] Will use hmmer3 to search against /usr/local/bioinfo/src/PROKKA/prokka-1.14.5/db/hmm/HAMAP.hmm with 1 CPUs
[16:15:08] Running: cat \/home\/fmt073\/work\/Zhang\/Prokka\/Prab\/Prab\.HAMAP\.hmm\.tmp\.898968\.faa | parallel --gnu --plain -j 1 --block 106048 --recstart '>' --pipe hmmscan --noali --notextw --acc -E 1e-09 --cpu 1 /usr/local/bioinfo/src/PROKKA/prokka-1.14.5/db/hmm/HAMAP.hmm /dev/stdin > \/home\/fmt073\/work\/Zhang\/Prokka\/Prab\/Prab\.HAMAP\.hmm\.tmp\.898968\.hmmer3 2> /dev/null
[16:16:15] Deleting unwanted file: /home/fmt073/work/Zhang/Prokka/Prab/Prab.HAMAP.hmm.tmp.898968.faa
[16:16:15] Deleting unwanted file: /home/fmt073/work/Zhang/Prokka/Prab/Prab.HAMAP.hmm.tmp.898968.hmmer3
[16:16:15] Labelling remaining 944 proteins as 'hypothetical protein'
[16:16:15] Possible /pseudo 'dTDP-3-amino-3,6-dideoxy-alpha-D-galactopyranose transaminase' at gnl|Prokka|Prab.g_1 position 1212737
[16:16:15] Possible /pseudo 'ATP-dependent Clp protease proteolytic subunit' at gnl|Prokka|Prab.g_1 position 1267406
[16:16:15] Possible /pseudo 'DNA-directed RNA polymerase subunit beta'' at gnl|Prokka|Prab.g_1 position 1418077
[16:16:15] Possible /pseudo 'Putative fluoride ion transporter CrcB' at gnl|Prokka|Prab.g_1 position 1560152
[16:16:15] Found 845 unique /gene codes.
[16:16:15] Fixed 2 duplicate /gene - cysQ_1 cysQ_2
[16:16:15] Fixed 2 duplicate /gene - novN_1 novN_2
[16:16:15] Fixed 2 duplicate /gene - cobN_1 cobN_2
[16:16:15] Fixed 2 duplicate /gene - nadK_1 nadK_2
[16:16:15] Fixed 2 duplicate /gene - COQ3_1 COQ3_2
[16:16:15] Fixed 2 duplicate /gene - murE_1 murE_2
[16:16:15] Fixed 2 duplicate /gene - yciC_1 yciC_2
[16:16:15] Fixed 2 duplicate /gene - pyrC_1 pyrC_2
[16:16:15] Fixed 2 duplicate /gene - pds_1 pds_2
[16:16:15] Fixed 2 duplicate /gene - cugP_1 cugP_2
[16:16:15] Fixed 2 duplicate /gene - ftsH2_1 ftsH2_2
[16:16:15] Fixed 2 duplicate /gene - rnr_1 rnr_2
[16:16:15] Fixed 2 duplicate /gene - tam_1 tam_2
[16:16:15] Fixed 2 duplicate /gene - mnmC_1 mnmC_2
[16:16:15] Fixed 2 duplicate /gene - atpH_1 atpH_2
[16:16:15] Fixed 2 duplicate /gene - crtL_1 crtL_2
[16:16:15] Fixed 2 duplicate /gene - crtNb_1 crtNb_2
[16:16:15] Fixed 4 duplicate /gene - sasA_1 sasA_2 sasA_3 sasA_4
[16:16:15] Fixed 2 duplicate /gene - cobD_1 cobD_2
[16:16:15] Fixed 2 duplicate /gene - gyrA_1 gyrA_2
[16:16:15] Fixed 2 duplicate /gene - iscS_1 iscS_2
[16:16:15] Fixed 2 duplicate /gene - atpG_1 atpG_2
[16:16:15] Fixed 2 duplicate /gene - glmM_1 glmM_2
[16:16:15] Fixed 2 duplicate /gene - galE_1 galE_2
[16:16:15] Fixed 2 duplicate /gene - pnp_1 pnp_2
[16:16:15] Fixed 4 duplicate /gene - menH_1 menH_2 menH_3 menH_4
[16:16:15] Fixed 2 duplicate /gene - prmC_1 prmC_2
[16:16:15] Fixed 2 duplicate /gene - menF_1 menF_2
[16:16:15] Fixed 2 duplicate /gene - ruvB_1 ruvB_2
[16:16:15] Fixed 3 duplicate /gene - fdtB_1 fdtB_2 fdtB_3
[16:16:15] Fixed 2 duplicate /gene - ndhD1_1 ndhD1_2
[16:16:15] Fixed 2 duplicate /gene - hhoA_1 hhoA_2
[16:16:15] Fixed 2 duplicate /gene - clpB1_1 clpB1_2
[16:16:15] Fixed 2 duplicate /gene - era_1 era_2
[16:16:15] Fixed 2 duplicate /gene - lpxB_1 lpxB_2
[16:16:15] Fixed 2 duplicate /gene - dsbD_1 dsbD_2
[16:16:15] Fixed 4 duplicate /gene - mntB_1 mntB_2 mntB_3 mntB_4
[16:16:15] Fixed 2 duplicate /gene - lig_1 lig_2
[16:16:15] Fixed 4 duplicate /gene - dnaJ_1 dnaJ_2 dnaJ_3 dnaJ_4
[16:16:15] Fixed 2 duplicate /gene - crcB_1 crcB_2
[16:16:15] Fixed 2 duplicate /gene - arnT_1 arnT_2
[16:16:15] Fixed 3 duplicate /gene - ubiB_1 ubiB_2 ubiB_3
[16:16:15] Fixed 2 duplicate /gene - hisB_1 hisB_2
[16:16:15] Fixed 4 duplicate /gene - clpP_1 clpP_2 clpP_3 clpP_4
[16:16:15] Fixed 2 duplicate /gene - speA_1 speA_2
[16:16:15] Fixed 2 duplicate /gene - dnaK2_1 dnaK2_2
[16:16:15] Fixed 2 duplicate /gene - menA_1 menA_2
[16:16:15] Fixed 2 duplicate /gene - COQ5_1 COQ5_2
[16:16:15] Fixed 2 duplicate /gene - der_1 der_2
[16:16:15] Fixed 4 duplicate /gene - sigA2_1 sigA2_2 sigA2_3 sigA2_4
[16:16:15] Fixed 2 duplicate /gene - ppa_1 ppa_2
[16:16:15] Fixed 51 colliding /gene names.
[16:16:15] Adding /locus_tag identifiers
[16:16:15] Assigned 1955 locus_tags to CDS and RNA features.
[16:16:15] Writing outputs to /home/fmt073/work/Zhang/Prokka/Prab/
[16:16:16] Generating annotation statistics file
[16:16:16] Generating Genbank and Sequin files
[16:16:16] Running: tbl2asn -V b -a r10k -l paired-ends -M n -N 1 -y 'Annotated using prokka 1.14.5 from https://github.com/tseemann/prokka' -Z \/home\/fmt073\/work\/Zhang\/Prokka\/Prab\/Prab\.err -i \/home\/fmt073\/work\/Zhang\/Prokka\/Prab\/Prab\.fsa 2> /dev/null
[16:16:19] Deleting unwanted file: /home/fmt073/work/Zhang/Prokka/Prab/errorsummary.val
[16:16:19] Deleting unwanted file: /home/fmt073/work/Zhang/Prokka/Prab/Prab.dr
[16:16:19] Deleting unwanted file: /home/fmt073/work/Zhang/Prokka/Prab/Prab.fixedproducts
[16:16:19] Deleting unwanted file: /home/fmt073/work/Zhang/Prokka/Prab/Prab.ecn
[16:16:19] Deleting unwanted file: /home/fmt073/work/Zhang/Prokka/Prab/Prab.val
[16:16:19] Repairing broken .GBK output that tbl2asn produces...
[16:16:19] Running: sed 's/COORDINATES: profile/COORDINATES:profile/' < \/home\/fmt073\/work\/Zhang\/Prokka\/Prab\/Prab\.gbf > \/home\/fmt073\/work\/Zhang\/Prokka\/Prab\/Prab\.gbk
[16:16:19] Deleting unwanted file: /home/fmt073/work/Zhang/Prokka/Prab/Prab.gbf
[16:16:19] Output files:
[16:16:19] /home/fmt073/work/Zhang/Prokka/Prab/Prab.tbl
[16:16:19] /home/fmt073/work/Zhang/Prokka/Prab/Prab.txt
[16:16:19] /home/fmt073/work/Zhang/Prokka/Prab/Prab.gff
[16:16:19] /home/fmt073/work/Zhang/Prokka/Prab/Prab.fsa
[16:16:19] /home/fmt073/work/Zhang/Prokka/Prab/Prab.sqn
[16:16:19] /home/fmt073/work/Zhang/Prokka/Prab/Prab.ffn
[16:16:19] /home/fmt073/work/Zhang/Prokka/Prab/Prab.tsv
[16:16:19] /home/fmt073/work/Zhang/Prokka/Prab/Prab.faa
[16:16:19] /home/fmt073/work/Zhang/Prokka/Prab/Prab.gbk
[16:16:19] /home/fmt073/work/Zhang/Prokka/Prab/Prab.fna
[16:16:19] /home/fmt073/work/Zhang/Prokka/Prab/Prab.err
[16:16:19] /home/fmt073/work/Zhang/Prokka/Prab/Prab.log
[16:16:19] Annotation finished successfully.
[16:16:19] Walltime used: 3.65 minutes
[16:16:19] If you use this result please cite the Prokka paper:
[16:16:19] Seemann T (2014) Prokka: rapid prokaryotic genome annotation. Bioinformatics. 30(14):2068-9.
[16:16:19] Type 'prokka --citation' for more details.
[16:16:19] Share and enjoy!
