[16:15:37] This is prokka 1.14.5
[16:15:37] Written by Torsten Seemann <torsten.seemann@gmail.com>
[16:15:37] Homepage is https://github.com/tseemann/prokka
[16:15:37] Local time is Thu Oct 16 16:15:37 2025
[16:15:37] You are fmt073
[16:15:37] Operating system is linux
[16:15:37] You have BioPerl 1.7.8
[16:15:37] System has 128 cores.
[16:15:37] Will use maximum of 1 cores.
[16:15:37] Annotating as >>> Bacteria <<<
[16:15:37] Enabling options to ensure Genbank/ENA/DDJB submission compliance.
[16:15:37] Creating new output folder: /home/fmt073/work/Zhang/Prokka/Syaq
[16:15:37] Running: mkdir -p \/home\/fmt073\/work\/Zhang\/Prokka\/Syaq
[16:15:37] Using filename prefix: Syaq.XXX
[16:15:37] Setting HMMER_NCPU=1
[16:15:37] Writing log to: /home/fmt073/work/Zhang/Prokka/Syaq/Syaq.log
[16:15:37] Command: /usr/local/bioinfo/src/PROKKA/prokka-1.14.5/bin/prokka /home/fmt073/work/Zhang/DNA/Syaq.fna --outdir /home/fmt073/work/Zhang/Prokka/Syaq --compliant --addgenes --prefix Syaq --locustag Syaq.g --genus Synechococcus --species Synechococcus sp. --strain RS9917; RCC556 --kingdom Bacteria --cpus 1
[16:15:37] Appending to PATH: /usr/local/bioinfo/src/PROKKA/prokka-1.14.5/bin/../binaries/linux
[16:15:37] Appending to PATH: /usr/local/bioinfo/src/PROKKA/prokka-1.14.5/bin/../binaries/linux/../common
[16:15:37] Appending to PATH: /usr/local/bioinfo/src/PROKKA/prokka-1.14.5/bin
[16:15:37] Looking for 'aragorn' - found /usr/local/bioinfo/src/PROKKA/prokka-1.14.5/binaries/linux/aragorn
[16:15:37] Determined aragorn version is 001002 from 'ARAGORN v1.2.38 Dean Laslett'
[16:15:37] Looking for 'blastp' - found /usr/local/bioinfo/src/PROKKA/prokka-1.14.5/binaries/linux/blastp
[16:15:37] Determined blastp version is 002009 from 'blastp: 2.9.0+'
[16:15:37] Looking for 'cmpress' - found /usr/local/bioinfo/src/PROKKA/prokka-1.14.5/binaries/linux/cmpress
[16:15:37] Determined cmpress version is 001001 from '# INFERNAL 1.1.2 (July 2016)'
[16:15:37] Looking for 'cmscan' - found /usr/local/bioinfo/src/PROKKA/prokka-1.14.5/binaries/linux/cmscan
[16:15:37] Determined cmscan version is 001001 from '# INFERNAL 1.1.2 (July 2016)'
[16:15:37] Looking for 'egrep' - found /usr/bin/egrep
[16:15:37] Looking for 'find' - found /usr/bin/find
[16:15:37] Looking for 'grep' - found /usr/bin/grep
[16:15:37] Looking for 'hmmpress' - found /usr/local/bioinfo/src/PROKKA/prokka-1.14.5/binaries/linux/hmmpress
[16:15:37] Determined hmmpress version is 003001 from '# HMMER 3.1b2 (February 2015); http://hmmer.org/'
[16:15:37] Looking for 'hmmscan' - found /usr/local/bioinfo/src/PROKKA/prokka-1.14.5/binaries/linux/hmmscan
[16:15:37] Determined hmmscan version is 003001 from '# HMMER 3.1b2 (February 2015); http://hmmer.org/'
[16:15:37] Looking for 'java' - found /usr/bin/java
[16:15:37] Looking for 'makeblastdb' - found /usr/local/bioinfo/src/PROKKA/prokka-1.14.5/binaries/linux/makeblastdb
[16:15:37] Determined makeblastdb version is 002009 from 'makeblastdb: 2.9.0+'
[16:15:37] Looking for 'minced' - found /usr/local/bioinfo/src/PROKKA/prokka-1.14.5/binaries/common/minced
[16:15:37] Determined minced version is 002000 from 'minced 0.2.0'
[16:15:37] Looking for 'parallel' - found /usr/local/bioinfo/src/PROKKA/prokka-1.14.5/binaries/common/parallel
[16:15:37] Determined parallel version is 20150122 from 'GNU parallel 20150122'
[16:15:37] Looking for 'prodigal' - found /usr/local/bioinfo/src/PROKKA/prokka-1.14.5/binaries/linux/prodigal
[16:15:37] Determined prodigal version is 002006 from 'Prodigal V2.6.3: February, 2016'
[16:15:37] Looking for 'prokka-genbank_to_fasta_db' - found /usr/local/bioinfo/src/PROKKA/prokka-1.14.5/bin/prokka-genbank_to_fasta_db
[16:15:37] Looking for 'sed' - found /usr/bin/sed
[16:15:37] Looking for 'tbl2asn' - found /usr/local/bioinfo/src/PROKKA/prokka-1.14.5/binaries/linux/tbl2asn
[16:15:37] Determined tbl2asn version is 025008 from 'tbl2asn 25.8   arguments:'
[16:15:37] Using genetic code table 11.
[16:15:37] Loading and checking input file: /home/fmt073/work/Zhang/DNA/Syaq.fna
[16:15:37] Wrote 1 contigs totalling 2584918 bp.
[16:15:37] Predicting tRNAs and tmRNAs
[16:15:37] Running: aragorn -l -gc11  -w \/home\/fmt073\/work\/Zhang\/Prokka\/Syaq\/Syaq\.fna
[16:15:39] 1 tRNA-Ser c[18031,18115] 35 (tga)
[16:15:39] 2 tRNA-Lys c[131344,131415] 33 (ttt)
[16:15:39] 3 tRNA-Glu [202827,202899] 35 (ttc)
[16:15:39] 4 tRNA-Ala c[394533,394607] 35 (ggc)
[16:15:39] 5 tRNA-Leu c[442036,442119] 35 (cag)
[16:15:39] 6 tRNA-Leu [443618,443700] 35 (caa)
[16:15:39] 7 tRNA-His [449808,449881] 34 (gtg)
[16:15:39] 8 tRNA-Ser c[479853,479941] 38 (cga)
[16:15:39] 9 tRNA-Tyr [553564,553647] 35 (gta)
[16:15:39] 10 tRNA-Thr [553656,553727] 33 (ggt)
[16:15:39] 11 tRNA-Thr [586614,586685] 33 (tgt)
[16:15:39] 12 tRNA-Phe [599791,599863] 34 (gaa)
[16:15:39] 13 tRNA-Cys c[615345,615415] 33 (gca)
[16:15:39] 14 tRNA-Arg c[631227,631303] 36 (ccg)
[16:15:39] 15 tRNA-Gln c[646370,646443] 34 (ttg)
[16:15:39] 16 tRNA-Ser [668544,668634] 36 (gct)
[16:15:39] 17 tRNA-Pro c[686955,687029] 35 (cgg)
[16:15:39] 18 tRNA-Ala [736438,736510] 34 (cgc)
[16:15:39] 19 tRNA-Leu c[743977,744061] 36 (tag)
[16:15:39] 20 tRNA-Arg c[780510,780583] 35 (acg)
[16:15:39] 21 tRNA-Met c[863500,863572] 34 (cat)
[16:15:39] 22 tRNA-Arg c[1038199,1038272] 35 (cct)
[16:15:39] 23 tRNA-Gly c[1101344,1101415] 33 (gcc)
[16:15:39] 24 tRNA-Gly [1148155,1148226] 33 (ccc)
[16:15:39] 25 tRNA-Ser c[1264588,1264678] 34 (gga)
[16:15:39] 26 tRNA-Val [1274123,1274194] 33 (tac)
[16:15:39] 27 tRNA-Asn c[1458749,1458821] 33 (gtt)
[16:15:39] 28 tRNA-Ile [1507736,1507811] 36 (gat)
[16:15:39] 29 tRNA-Ala [1507820,1507893] 34 (tgc)
[16:15:39] 30 tRNA-Leu [1581523,1581604] 35 (gag)
[16:15:39] 31 tmRNA* [1590471,1590786] 175,225 ANNIVRFSRQTAPVAA*
[16:15:39] 32 tRNA-Thr c[1614243,1614315] 34 (cgt)
[16:15:39] 33 tRNA-Val c[1704618,1704690] 33 (gac)
[16:15:39] 34 tRNA-Gly [1742740,1742810] 33 (tcc)
[16:15:39] 35 tRNA-Arg c[1749550,1749625] 36 (tct)
[16:15:39] 36 tRNA-Val c[1804186,1804257] 33 (cac)
[16:15:39] 37 tRNA-Asp c[1818598,1818673] 36 (gtc)
[16:15:39] 38 tRNA-Trp c[1819220,1819296] 35 (cca)
[16:15:39] 39 tRNA-Leu c[2008430,2008515] 35 (taa)
[16:15:39] 40 tRNA-Pro c[2173550,2173623] 35 (ggg)
[16:15:39] 41 tRNA-Thr [2271551,2271618] 27 (tgt)
[16:15:39] 42 tRNA-Ser [2364521,2364609] 36 (gga)
[16:15:39] 43 tRNA-Asp c[2374854,2374949] 35 (gtc)
[16:15:39] 44 tRNA-Met [2431192,2431265] 35 (cat)
[16:15:39] 45 tRNA-Pro [2433478,2433552] 35 (tgg)
[16:15:39] 46 tRNA-Val [2435698,2435788] 34 (tac)
[16:15:39] 47 tRNA-Met c[2534156,2534232] 35 (cat)
[16:15:39] Found 47 tRNAs
[16:15:39] Predicting Ribosomal RNAs
[16:15:39] You need either Barrnap or RNAmmer installed to predict rRNAs!
[16:15:39] Skipping ncRNA search, enable with --rfam if desired.
[16:15:39] Total of 46 tRNA + rRNA features
[16:15:39] Searching for CRISPR repeats
[16:15:40] Found 0 CRISPRs
[16:15:40] Predicting coding sequences
[16:15:40] Contigs total 2584918 bp, so using single mode
[16:15:40] Running: prodigal -i \/home\/fmt073\/work\/Zhang\/Prokka\/Syaq\/Syaq\.fna -c -m -g 11 -p single -f sco -q
[16:15:49] Excluding CDS which overlaps existing RNA (tRNA) at gnl|Prokka|Syaq.g_1:586381..586623 on + strand
[16:15:50] Excluding CDS which overlaps existing RNA (tRNA) at gnl|Prokka|Syaq.g_1:599102..599800 on + strand
[16:15:50] Excluding CDS which overlaps existing RNA (tRNA) at gnl|Prokka|Syaq.g_1:736246..736692 on + strand
[16:15:50] Excluding CDS which overlaps existing RNA (tRNA) at gnl|Prokka|Syaq.g_1:1264033..1265163 on - strand
[16:15:50] Excluding CDS which overlaps existing RNA (tRNA) at gnl|Prokka|Syaq.g_1:2271491..2271973 on + strand
[16:15:50] Excluding CDS which overlaps existing RNA (tRNA) at gnl|Prokka|Syaq.g_1:2373326..2375002 on - strand
[16:15:51] Excluding CDS which overlaps existing RNA (tRNA) at gnl|Prokka|Syaq.g_1:2433661..2437065 on - strand
[16:15:51] Excluding CDS which overlaps existing RNA (tRNA) at gnl|Prokka|Syaq.g_1:2533803..2534177 on + strand
[16:15:51] Found 2692 CDS
[16:15:51] Connecting features back to sequences
[16:15:51] Not using genus-specific database. Try --usegenus to enable it.
[16:15:51] Annotating CDS, please be patient.
[16:15:51] Will use 1 CPUs for similarity searching.
[16:15:51] There are still 2692 unannotated CDS left (started with 2692)
[16:15:51] Will use blast to search against /usr/local/bioinfo/src/PROKKA/prokka-1.14.5/db/kingdom/Bacteria/IS with 1 CPUs
[16:15:51] Running: cat \/home\/fmt073\/work\/Zhang\/Prokka\/Syaq\/Syaq\.IS\.tmp\.3373210\.faa | parallel --gnu --plain -j 1 --block 406863 --recstart '>' --pipe blastp -query - -db /usr/local/bioinfo/src/PROKKA/prokka-1.14.5/db/kingdom/Bacteria/IS -evalue 1e-30 -qcov_hsp_perc 90 -num_threads 1 -num_descriptions 1 -num_alignments 1 -seg no > \/home\/fmt073\/work\/Zhang\/Prokka\/Syaq\/Syaq\.IS\.tmp\.3373210\.blast 2> /dev/null
[16:16:34] Deleting unwanted file: /home/fmt073/work/Zhang/Prokka/Syaq/Syaq.IS.tmp.3373210.faa
[16:16:34] Deleting unwanted file: /home/fmt073/work/Zhang/Prokka/Syaq/Syaq.IS.tmp.3373210.blast
[16:16:35] There are still 2663 unannotated CDS left (started with 2692)
[16:16:35] Will use blast to search against /usr/local/bioinfo/src/PROKKA/prokka-1.14.5/db/kingdom/Bacteria/AMR with 1 CPUs
[16:16:35] Running: cat \/home\/fmt073\/work\/Zhang\/Prokka\/Syaq\/Syaq\.AMR\.tmp\.3373210\.faa | parallel --gnu --plain -j 1 --block 403182 --recstart '>' --pipe blastp -query - -db /usr/local/bioinfo/src/PROKKA/prokka-1.14.5/db/kingdom/Bacteria/AMR -evalue 9.99999999999999e-301 -qcov_hsp_perc 90 -num_threads 1 -num_descriptions 1 -num_alignments 1 -seg no > \/home\/fmt073\/work\/Zhang\/Prokka\/Syaq\/Syaq\.AMR\.tmp\.3373210\.blast 2> /dev/null
[16:17:04] Deleting unwanted file: /home/fmt073/work/Zhang/Prokka/Syaq/Syaq.AMR.tmp.3373210.faa
[16:17:04] Deleting unwanted file: /home/fmt073/work/Zhang/Prokka/Syaq/Syaq.AMR.tmp.3373210.blast
[16:17:04] There are still 2663 unannotated CDS left (started with 2692)
[16:17:04] Will use blast to search against /usr/local/bioinfo/src/PROKKA/prokka-1.14.5/db/kingdom/Bacteria/sprot with 1 CPUs
[16:17:04] Running: cat \/home\/fmt073\/work\/Zhang\/Prokka\/Syaq\/Syaq\.sprot\.tmp\.3373210\.faa | parallel --gnu --plain -j 1 --block 403182 --recstart '>' --pipe blastp -query - -db /usr/local/bioinfo/src/PROKKA/prokka-1.14.5/db/kingdom/Bacteria/sprot -evalue 1e-09 -qcov_hsp_perc 80 -num_threads 1 -num_descriptions 1 -num_alignments 1 -seg no > \/home\/fmt073\/work\/Zhang\/Prokka\/Syaq\/Syaq\.sprot\.tmp\.3373210\.blast 2> /dev/null
[16:19:57] Modify product: Uncharacterized ABC transporter ATP-binding protein YknY => putative ABC transporter ATP-binding protein YknY
[16:19:57] Modify product: Probable ABC transporter phosphite binding protein PhnD1 => putative ABC transporter phosphite binding protein PhnD1
[16:19:57] Modify product: UPF0182 protein MSMEG_1959/MSMEI_1915 => hypothetical protein
[16:19:57] Modify product: Probable cation-transporting ATPase F => putative cation-transporting ATPase F
[16:19:57] Modify product: Uncharacterized protein alr4550 => putative protein
[16:19:57] Modify product: Probable metabolite transport protein CsbC => putative metabolite transport protein CsbC
[16:19:57] Modify product: Uncharacterized ABC transporter ATP-binding protein TM_0288 => putative ABC transporter ATP-binding protein
[16:19:57] Modify product: UPF0176 protein lpg2838 => hypothetical protein
[16:19:57] Modify product: Bifunctional protein FolD => Bifunctional protein FolD protein
[16:19:57] Modify product: 1,4-alpha-glucan branching enzyme TTHA1902 => 1,4-alpha-glucan branching enzyme
[16:19:57] Modify product: Uncharacterized oxidoreductase MSMEG_1603/MSMEI_1564 => putative oxidoreductase/MSMEI_1564
[16:19:58] Modify product: Putative low molecular weight protein-tyrosine-phosphatase slr0328 => Putative low molecular weight protein-tyrosine-phosphatase
[16:19:58] Modify product: Uncharacterized oxidoreductase Rv2298 => putative oxidoreductase
[16:19:58] Modify product: Probable adenylyltransferase/sulfurtransferase MoeZ => putative adenylyltransferase/sulfurtransferase MoeZ
[16:19:58] Modify product: Probable ketoamine kinase SAOUHSC_02908 => putative ketoamine kinase
[16:19:58] Modify product: Probable bifunctional SAT/APS kinase => putative bifunctional SAT/APS kinase
[16:19:58] Modify product: Probable cation-transporting ATPase F => putative cation-transporting ATPase F
[16:19:58] Modify product: UPF0053 inner membrane protein YtfL => hypothetical protein
[16:19:58] Modify product: Uncharacterized sugar transferase EpsL => putative sugar transferase EpsL
[16:19:58] Modify product: Uncharacterized glycosyltransferase sll0501 => putative glycosyltransferase
[16:19:58] Modify product: Uncharacterized membrane protein Rv2637 => putative membrane protein
[16:19:58] Modify product: Probable formate transporter 1 => putative formate transporter 1
[16:19:58] Modify product: Uncharacterized protein Rv2569c => putative protein
[16:19:58] Modify product: Uncharacterized protein Rv2411c => putative protein
[16:19:58] Modify product: Uncharacterized ABC transporter ATP-binding protein YejF => putative ABC transporter ATP-binding protein YejF
[16:19:58] Modify product: Probable nicotinate-nucleotide pyrophosphorylase [carboxylating] => putative nicotinate-nucleotide pyrophosphorylase [carboxylating]
[16:19:58] Modify product: Probable glutaredoxin ssr2061 => putative glutaredoxin
[16:19:58] Modify product: Probable adenylyl-sulfate kinase => putative adenylyl-sulfate kinase
[16:19:58] Modify product: Probable copper-importing P-type ATPase A => putative copper-importing P-type ATPase A
[16:19:58] Modify product: Uncharacterized protein alr4550 => putative protein
[16:19:58] Modify product: Uncharacterized protein alr4550 => putative protein
[16:19:58] Modify product: Uncharacterized protein alr4550 => putative protein
[16:19:58] Modify product: Epimerase family protein Rv2216 => Epimerase family protein
[16:19:58] Modify product: Vitamin K epoxide reductase homolog => Vitamin K epoxide reductase 
[16:19:58] Modify product: Uncharacterized ABC transporter ATP-binding protein YheS => putative ABC transporter ATP-binding protein YheS
[16:19:58] Modify product: Probable cysteine desulfurase => putative cysteine desulfurase
[16:19:58] Modify product: Probable dual-specificity RNA methyltransferase RlmN => putative dual-specificity RNA methyltransferase RlmN
[16:19:58] Modify product: Probable helicase HelY => putative helicase HelY
[16:19:58] Modify product: Probable peptidoglycan glycosyltransferase FtsW => putative peptidoglycan glycosyltransferase FtsW
[16:19:58] Modify product: UPF0053 protein Rv2366c => hypothetical protein
[16:19:58] Modify product: Uncharacterized protein BHWA1_00569 => putative protein
[16:19:58] Modify product: Probable glucosamine-6-phosphate deaminase 2 => putative glucosamine-6-phosphate deaminase 2
[16:19:58] Modify product: Probable transcriptional regulatory protein aq_1575 => putative transcriptional regulatory protein
[16:19:58] Modify product: Glycogen operon protein GlgX homolog => Glycogen operon protein GlgX 
[16:19:58] Modify product: Phage shock protein A homolog => Phage shock protein A 
[16:19:58] Modify product: Uncharacterized ABC transporter ATP-binding protein YknY => putative ABC transporter ATP-binding protein YknY
[16:19:58] Modify product: Uncharacterized protein Rv1829 => putative protein
[16:19:58] Modify product: Probable cytochrome c oxidase subunit 1 => putative cytochrome c oxidase subunit 1
[16:19:58] Modify product: Rqc2 homolog RqcH => Rqc2 RqcH
[16:19:58] Modify product: UPF0234 protein MSMEG_1165/MSMEI_1134 => hypothetical protein
[16:19:58] Modify product: Uncharacterized FAD-linked oxidoreductase Rv2280 => putative FAD-linked oxidoreductase
[16:19:58] Modify product: Probable metabolite transport protein CsbC => putative metabolite transport protein CsbC
[16:19:58] Modify product: UPF0056 inner membrane protein MarC => hypothetical protein
[16:19:58] Modify product: Thylakoid-associated single-stranded DNA-binding protein slr1034 => Thylakoid-associated single-stranded DNA-binding protein
[16:19:58] Modify product: Uncharacterized sugar kinase YdjH => putative sugar kinase YdjH
[16:19:58] Modify product: Uncharacterized protein HI_0103 => putative protein
[16:19:58] Modify product: Probable peptidoglycan D,D-transpeptidase PenA => putative peptidoglycan D,D-transpeptidase PenA
[16:19:58] Modify product: Probable multidrug resistance ABC transporter ATP-binding/permease protein YheH => putative multidrug resistance ABC transporter ATP-binding/permease protein YheH
[16:19:58] Modify product: Uncharacterized HTH-type transcriptional regulator Rv0081 => putative HTH-type transcriptional regulator
[16:19:58] Modify product: Probable iron export permease protein FetB => putative iron export permease protein FetB
[16:19:58] Modify product: Uncharacterized periplasmic iron-binding protein HI_0362 => putative periplasmic iron-binding protein
[16:19:58] Modify product: Uncharacterized protein alr4550 => putative protein
[16:19:58] Modify product: Probable 2-phosphosulfolactate phosphatase => putative 2-phosphosulfolactate phosphatase
[16:19:58] Modify product: Phosphorylated carbohydrates phosphatase TM_1254 => Phosphorylated carbohydrates phosphatase
[16:19:58] Modify product: Probable multidrug resistance ABC transporter ATP-binding/permease protein YheI => putative multidrug resistance ABC transporter ATP-binding/permease protein YheI
[16:19:58] Modify product: Uncharacterized zinc protease Rv2782c => putative zinc protease
[16:19:58] Modify product: Uncharacterized zinc protease Rv2782c => putative zinc protease
[16:19:58] Modify product: Uncharacterized ABC transporter ATP-binding protein Rv0986 => putative ABC transporter ATP-binding protein
[16:19:58] Modify product: GTP-binding protein TypA/BipA homolog => GTP-binding protein TypA/BipA 
[16:19:59] Modify product: Uncharacterized protein alr4550 => putative protein
[16:19:59] Modify product: Uncharacterized ABC transporter ATP-binding protein YlmA => putative ABC transporter ATP-binding protein YlmA
[16:19:59] Modify product: Probable chromate transport protein => putative chromate transport protein
[16:19:59] Modify product: Uncharacterized protein Rv2004c => putative protein
[16:19:59] Modify product: Putative multidrug export ATP-binding/permease protein SAV1866 => Putative multidrug export ATP-binding/permease protein
[16:19:59] Cleaned 74 /product names
[16:19:59] Deleting unwanted file: /home/fmt073/work/Zhang/Prokka/Syaq/Syaq.sprot.tmp.3373210.faa
[16:19:59] Deleting unwanted file: /home/fmt073/work/Zhang/Prokka/Syaq/Syaq.sprot.tmp.3373210.blast
[16:19:59] There are still 1600 unannotated CDS left (started with 2692)
[16:19:59] Will use hmmer3 to search against /usr/local/bioinfo/src/PROKKA/prokka-1.14.5/db/hmm/HAMAP.hmm with 1 CPUs
[16:19:59] Running: cat \/home\/fmt073\/work\/Zhang\/Prokka\/Syaq\/Syaq\.HAMAP\.hmm\.tmp\.3373210\.faa | parallel --gnu --plain -j 1 --block 212989 --recstart '>' --pipe hmmscan --noali --notextw --acc -E 1e-09 --cpu 1 /usr/local/bioinfo/src/PROKKA/prokka-1.14.5/db/hmm/HAMAP.hmm /dev/stdin > \/home\/fmt073\/work\/Zhang\/Prokka\/Syaq\/Syaq\.HAMAP\.hmm\.tmp\.3373210\.hmmer3 2> /dev/null
[16:21:20] Deleting unwanted file: /home/fmt073/work/Zhang/Prokka/Syaq/Syaq.HAMAP.hmm.tmp.3373210.faa
[16:21:20] Deleting unwanted file: /home/fmt073/work/Zhang/Prokka/Syaq/Syaq.HAMAP.hmm.tmp.3373210.hmmer3
[16:21:20] Labelling remaining 1390 proteins as 'hypothetical protein'
[16:21:20] Possible /pseudo 'ATP-dependent Clp protease proteolytic subunit' at gnl|Prokka|Syaq.g_1 position 461263
[16:21:20] Possible /pseudo 'D-inositol-3-phosphate glycosyltransferase' at gnl|Prokka|Syaq.g_1 position 1007457
[16:21:20] Possible /pseudo 'Putative fluoride ion transporter CrcB' at gnl|Prokka|Syaq.g_1 position 1090522
[16:21:20] Possible /pseudo 'putative protein' at gnl|Prokka|Syaq.g_1 position 1466526
[16:21:20] Possible /pseudo 'putative protein' at gnl|Prokka|Syaq.g_1 position 1468585
[16:21:20] Possible /pseudo 'DNA-directed RNA polymerase subunit beta'' at gnl|Prokka|Syaq.g_1 position 1638344
[16:21:20] Possible /pseudo 'putative zinc protease' at gnl|Prokka|Syaq.g_1 position 2237181
[16:21:20] Found 1036 unique /gene codes.
[16:21:20] Fixed 2 duplicate /gene - rapA_1 rapA_2
[16:21:20] Fixed 2 duplicate /gene - ddpX_1 ddpX_2
[16:21:20] Fixed 2 duplicate /gene - psbA2_1 psbA2_2
[16:21:20] Fixed 2 duplicate /gene - mfd_1 mfd_2
[16:21:20] Fixed 2 duplicate /gene - sphX_1 sphX_2
[16:21:20] Fixed 2 duplicate /gene - hhoA_1 hhoA_2
[16:21:20] Fixed 2 duplicate /gene - mtgA_1 mtgA_2
[16:21:20] Fixed 3 duplicate /gene - menH_1 menH_2 menH_3
[16:21:20] Fixed 2 duplicate /gene - psbD1_1 psbD1_2
[16:21:20] Fixed 2 duplicate /gene - petF_1 petF_2
[16:21:20] Fixed 2 duplicate /gene - sigF_1 sigF_2
[16:21:20] Fixed 2 duplicate /gene - pilT_1 pilT_2
[16:21:20] Fixed 6 duplicate /gene - sasA_1 sasA_2 sasA_3 sasA_4 sasA_5 sasA_6
[16:21:20] Fixed 2 duplicate /gene - msrB_1 msrB_2
[16:21:20] Fixed 2 duplicate /gene - yciC_1 yciC_2
[16:21:20] Fixed 2 duplicate /gene - acr3_1 acr3_2
[16:21:20] Fixed 2 duplicate /gene - iscS_1 iscS_2
[16:21:20] Fixed 2 duplicate /gene - cobN_1 cobN_2
[16:21:20] Fixed 2 duplicate /gene - alsT_1 alsT_2
[16:21:20] Fixed 2 duplicate /gene - sir_1 sir_2
[16:21:20] Fixed 3 duplicate /gene - pds_1 pds_2 pds_3
[16:21:20] Fixed 2 duplicate /gene - ctaE_1 ctaE_2
[16:21:20] Fixed 2 duplicate /gene - lptD_1 lptD_2
[16:21:20] Fixed 2 duplicate /gene - ruvB_1 ruvB_2
[16:21:20] Fixed 2 duplicate /gene - prmC_1 prmC_2
[16:21:20] Fixed 2 duplicate /gene - ndhB_1 ndhB_2
[16:21:20] Fixed 5 duplicate /gene - sigA2_1 sigA2_2 sigA2_3 sigA2_4 sigA2_5
[16:21:20] Fixed 2 duplicate /gene - ctaD_1 ctaD_2
[16:21:20] Fixed 2 duplicate /gene - csbC_1 csbC_2
[16:21:20] Fixed 3 duplicate /gene - livQ_1 livQ_2 livQ_3
[16:21:20] Fixed 4 duplicate /gene - clpP_1 clpP_2 clpP_3 clpP_4
[16:21:20] Fixed 3 duplicate /gene - ndhD1_1 ndhD1_2 ndhD1_3
[16:21:20] Fixed 2 duplicate /gene - pnp_1 pnp_2
[16:21:20] Fixed 2 duplicate /gene - tagU_1 tagU_2
[16:21:20] Fixed 2 duplicate /gene - cpcA_1 cpcA_2
[16:21:20] Fixed 2 duplicate /gene - ndhI_1 ndhI_2
[16:21:20] Fixed 2 duplicate /gene - gshB_1 gshB_2
[16:21:20] Fixed 2 duplicate /gene - lpxB_1 lpxB_2
[16:21:20] Fixed 3 duplicate /gene - ubiB_1 ubiB_2 ubiB_3
[16:21:20] Fixed 2 duplicate /gene - recD_1 recD_2
[16:21:20] Fixed 4 duplicate /gene - petJ_1 petJ_2 petJ_3 petJ_4
[16:21:20] Fixed 2 duplicate /gene - mnmC_1 mnmC_2
[16:21:20] Fixed 2 duplicate /gene - atpG_1 atpG_2
[16:21:20] Fixed 2 duplicate /gene - dcd_1 dcd_2
[16:21:20] Fixed 2 duplicate /gene - dnaK2_1 dnaK2_2
[16:21:20] Fixed 3 duplicate /gene - mprA_1 mprA_2 mprA_3
[16:21:20] Fixed 2 duplicate /gene - bcp_1 bcp_2
[16:21:20] Fixed 2 duplicate /gene - tam_1 tam_2
[16:21:20] Fixed 3 duplicate /gene - pstS_1 pstS_2 pstS_3
[16:21:20] Fixed 2 duplicate /gene - pyrB_1 pyrB_2
[16:21:20] Fixed 2 duplicate /gene - cysQ_1 cysQ_2
[16:21:20] Fixed 2 duplicate /gene - algA_1 algA_2
[16:21:20] Fixed 2 duplicate /gene - clpS_1 clpS_2
[16:21:20] Fixed 2 duplicate /gene - lapB_1 lapB_2
[16:21:20] Fixed 2 duplicate /gene - cpcS_1 cpcS_2
[16:21:20] Fixed 3 duplicate /gene - vapC_1 vapC_2 vapC_3
[16:21:20] Fixed 2 duplicate /gene - cobD_1 cobD_2
[16:21:20] Fixed 2 duplicate /gene - rnr_1 rnr_2
[16:21:20] Fixed 3 duplicate /gene - gmd_1 gmd_2 gmd_3
[16:21:20] Fixed 2 duplicate /gene - der_1 der_2
[16:21:20] Fixed 2 duplicate /gene - smc_1 smc_2
[16:21:20] Fixed 2 duplicate /gene - ppa_1 ppa_2
[16:21:20] Fixed 2 duplicate /gene - nuoL_1 nuoL_2
[16:21:20] Fixed 2 duplicate /gene - speA_1 speA_2
[16:21:20] Fixed 2 duplicate /gene - yknY_1 yknY_2
[16:21:20] Fixed 2 duplicate /gene - glnQ_1 glnQ_2
[16:21:20] Fixed 2 duplicate /gene - rlmB_1 rlmB_2
[16:21:20] Fixed 2 duplicate /gene - macB_1 macB_2
[16:21:20] Fixed 2 duplicate /gene - yagG_1 yagG_2
[16:21:20] Fixed 2 duplicate /gene - pbsA1_1 pbsA1_2
[16:21:20] Fixed 2 duplicate /gene - ugpC_1 ugpC_2
[16:21:20] Fixed 2 duplicate /gene - perR_1 perR_2
[16:21:20] Fixed 2 duplicate /gene - crcB_1 crcB_2
[16:21:20] Fixed 2 duplicate /gene - mnmE_1 mnmE_2
[16:21:20] Fixed 2 duplicate /gene - gyrA_1 gyrA_2
[16:21:20] Fixed 2 duplicate /gene - cpeC_1 cpeC_2
[16:21:20] Fixed 5 duplicate /gene - mshA_1 mshA_2 mshA_3 mshA_4 mshA_5
[16:21:20] Fixed 2 duplicate /gene - menA_1 menA_2
[16:21:20] Fixed 2 duplicate /gene - psbA1_1 psbA1_2
[16:21:20] Fixed 2 duplicate /gene - ctpF_1 ctpF_2
[16:21:20] Fixed 2 duplicate /gene - rpcB_1 rpcB_2
[16:21:20] Fixed 2 duplicate /gene - clpB1_1 clpB1_2
[16:21:20] Fixed 3 duplicate /gene - gph_1 gph_2 gph_3
[16:21:20] Fixed 2 duplicate /gene - pdxH_1 pdxH_2
[16:21:20] Fixed 2 duplicate /gene - clcA_1 clcA_2
[16:21:20] Fixed 2 duplicate /gene - nadK_1 nadK_2
[16:21:20] Fixed 2 duplicate /gene - nusA_1 nusA_2
[16:21:20] Fixed 2 duplicate /gene - gloB_1 gloB_2
[16:21:20] Fixed 2 duplicate /gene - nhaP2_1 nhaP2_2
[16:21:20] Fixed 3 duplicate /gene - mntB_1 mntB_2 mntB_3
[16:21:20] Fixed 3 duplicate /gene - glnA_1 glnA_2 glnA_3
[16:21:20] Fixed 3 duplicate /gene - COQ5_1 COQ5_2 COQ5_3
[16:21:20] Fixed 3 duplicate /gene - dnaJ_1 dnaJ_2 dnaJ_3
[16:21:20] Fixed 2 duplicate /gene - pyrC_1 pyrC_2
[16:21:20] Fixed 2 duplicate /gene - uvrA_1 uvrA_2
[16:21:20] Fixed 2 duplicate /gene - atpH_1 atpH_2
[16:21:20] Fixed 2 duplicate /gene - idiA_1 idiA_2
[16:21:20] Fixed 2 duplicate /gene - bicA_1 bicA_2
[16:21:20] Fixed 2 duplicate /gene - ftsH2_1 ftsH2_2
[16:21:20] Fixed 99 colliding /gene names.
[16:21:20] Adding /locus_tag identifiers
[16:21:20] Assigned 2739 locus_tags to CDS and RNA features.
[16:21:20] Writing outputs to /home/fmt073/work/Zhang/Prokka/Syaq/
[16:21:21] Generating annotation statistics file
[16:21:21] Generating Genbank and Sequin files
[16:21:21] Running: tbl2asn -V b -a r10k -l paired-ends -M n -N 1 -y 'Annotated using prokka 1.14.5 from https://github.com/tseemann/prokka' -Z \/home\/fmt073\/work\/Zhang\/Prokka\/Syaq\/Syaq\.err -i \/home\/fmt073\/work\/Zhang\/Prokka\/Syaq\/Syaq\.fsa 2> /dev/null
[16:21:26] Deleting unwanted file: /home/fmt073/work/Zhang/Prokka/Syaq/errorsummary.val
[16:21:26] Deleting unwanted file: /home/fmt073/work/Zhang/Prokka/Syaq/Syaq.dr
[16:21:26] Deleting unwanted file: /home/fmt073/work/Zhang/Prokka/Syaq/Syaq.fixedproducts
[16:21:26] Deleting unwanted file: /home/fmt073/work/Zhang/Prokka/Syaq/Syaq.ecn
[16:21:26] Deleting unwanted file: /home/fmt073/work/Zhang/Prokka/Syaq/Syaq.val
[16:21:26] Repairing broken .GBK output that tbl2asn produces...
[16:21:26] Running: sed 's/COORDINATES: profile/COORDINATES:profile/' < \/home\/fmt073\/work\/Zhang\/Prokka\/Syaq\/Syaq\.gbf > \/home\/fmt073\/work\/Zhang\/Prokka\/Syaq\/Syaq\.gbk
[16:21:26] Deleting unwanted file: /home/fmt073/work/Zhang/Prokka/Syaq/Syaq.gbf
[16:21:26] Output files:
[16:21:26] /home/fmt073/work/Zhang/Prokka/Syaq/Syaq.gbk
[16:21:26] /home/fmt073/work/Zhang/Prokka/Syaq/Syaq.tbl
[16:21:26] /home/fmt073/work/Zhang/Prokka/Syaq/Syaq.txt
[16:21:26] /home/fmt073/work/Zhang/Prokka/Syaq/Syaq.err
[16:21:26] /home/fmt073/work/Zhang/Prokka/Syaq/Syaq.tsv
[16:21:26] /home/fmt073/work/Zhang/Prokka/Syaq/Syaq.log
[16:21:26] /home/fmt073/work/Zhang/Prokka/Syaq/Syaq.fna
[16:21:26] /home/fmt073/work/Zhang/Prokka/Syaq/Syaq.sqn
[16:21:26] /home/fmt073/work/Zhang/Prokka/Syaq/Syaq.fsa
[16:21:26] /home/fmt073/work/Zhang/Prokka/Syaq/Syaq.gff
[16:21:26] /home/fmt073/work/Zhang/Prokka/Syaq/Syaq.faa
[16:21:26] /home/fmt073/work/Zhang/Prokka/Syaq/Syaq.ffn
[16:21:26] Annotation finished successfully.
[16:21:26] Walltime used: 5.82 minutes
[16:21:26] If you use this result please cite the Prokka paper:
[16:21:26] Seemann T (2014) Prokka: rapid prokaryotic genome annotation. Bioinformatics. 30(14):2068-9.
[16:21:26] Type 'prokka --citation' for more details.
[16:21:26] Share and enjoy!
