[16:15:39] This is prokka 1.14.5
[16:15:39] Written by Torsten Seemann <torsten.seemann@gmail.com>
[16:15:39] Homepage is https://github.com/tseemann/prokka
[16:15:39] Local time is Thu Oct 16 16:15:39 2025
[16:15:39] You are fmt073
[16:15:39] Operating system is linux
[16:15:39] You have BioPerl 1.7.8
[16:15:39] System has 128 cores.
[16:15:39] Will use maximum of 1 cores.
[16:15:39] Annotating as >>> Bacteria <<<
[16:15:39] Enabling options to ensure Genbank/ENA/DDJB submission compliance.
[16:15:39] Creating new output folder: /home/fmt073/work/Zhang/Prokka/Syao
[16:15:39] Running: mkdir -p \/home\/fmt073\/work\/Zhang\/Prokka\/Syao
[16:15:39] Using filename prefix: Syao.XXX
[16:15:39] Setting HMMER_NCPU=1
[16:15:39] Writing log to: /home/fmt073/work/Zhang/Prokka/Syao/Syao.log
[16:15:39] Command: /usr/local/bioinfo/src/PROKKA/prokka-1.14.5/bin/prokka /home/fmt073/work/Zhang/DNA/Syao.fna --outdir /home/fmt073/work/Zhang/Prokka/Syao --compliant --addgenes --prefix Syao --locustag Syao.g --genus Synechococcus --species Synechococcus sp. --strain CB0205 --kingdom Bacteria --cpus 1
[16:15:39] Appending to PATH: /usr/local/bioinfo/src/PROKKA/prokka-1.14.5/bin/../binaries/linux
[16:15:39] Appending to PATH: /usr/local/bioinfo/src/PROKKA/prokka-1.14.5/bin/../binaries/linux/../common
[16:15:39] Appending to PATH: /usr/local/bioinfo/src/PROKKA/prokka-1.14.5/bin
[16:15:39] Looking for 'aragorn' - found /usr/local/bioinfo/src/PROKKA/prokka-1.14.5/binaries/linux/aragorn
[16:15:39] Determined aragorn version is 001002 from 'ARAGORN v1.2.38 Dean Laslett'
[16:15:39] Looking for 'blastp' - found /usr/local/bioinfo/src/PROKKA/prokka-1.14.5/binaries/linux/blastp
[16:15:39] Determined blastp version is 002009 from 'blastp: 2.9.0+'
[16:15:39] Looking for 'cmpress' - found /usr/local/bioinfo/src/PROKKA/prokka-1.14.5/binaries/linux/cmpress
[16:15:39] Determined cmpress version is 001001 from '# INFERNAL 1.1.2 (July 2016)'
[16:15:39] Looking for 'cmscan' - found /usr/local/bioinfo/src/PROKKA/prokka-1.14.5/binaries/linux/cmscan
[16:15:39] Determined cmscan version is 001001 from '# INFERNAL 1.1.2 (July 2016)'
[16:15:39] Looking for 'egrep' - found /usr/bin/egrep
[16:15:39] Looking for 'find' - found /usr/bin/find
[16:15:39] Looking for 'grep' - found /usr/bin/grep
[16:15:39] Looking for 'hmmpress' - found /usr/local/bioinfo/src/PROKKA/prokka-1.14.5/binaries/linux/hmmpress
[16:15:39] Determined hmmpress version is 003001 from '# HMMER 3.1b2 (February 2015); http://hmmer.org/'
[16:15:39] Looking for 'hmmscan' - found /usr/local/bioinfo/src/PROKKA/prokka-1.14.5/binaries/linux/hmmscan
[16:15:39] Determined hmmscan version is 003001 from '# HMMER 3.1b2 (February 2015); http://hmmer.org/'
[16:15:39] Looking for 'java' - found /usr/bin/java
[16:15:39] Looking for 'makeblastdb' - found /usr/local/bioinfo/src/PROKKA/prokka-1.14.5/binaries/linux/makeblastdb
[16:15:39] Determined makeblastdb version is 002009 from 'makeblastdb: 2.9.0+'
[16:15:39] Looking for 'minced' - found /usr/local/bioinfo/src/PROKKA/prokka-1.14.5/binaries/common/minced
[16:15:39] Determined minced version is 002000 from 'minced 0.2.0'
[16:15:39] Looking for 'parallel' - found /usr/local/bioinfo/src/PROKKA/prokka-1.14.5/binaries/common/parallel
[16:15:39] Determined parallel version is 20150122 from 'GNU parallel 20150122'
[16:15:39] Looking for 'prodigal' - found /usr/local/bioinfo/src/PROKKA/prokka-1.14.5/binaries/linux/prodigal
[16:15:39] Determined prodigal version is 002006 from 'Prodigal V2.6.3: February, 2016'
[16:15:39] Looking for 'prokka-genbank_to_fasta_db' - found /usr/local/bioinfo/src/PROKKA/prokka-1.14.5/bin/prokka-genbank_to_fasta_db
[16:15:39] Looking for 'sed' - found /usr/bin/sed
[16:15:39] Looking for 'tbl2asn' - found /usr/local/bioinfo/src/PROKKA/prokka-1.14.5/binaries/linux/tbl2asn
[16:15:39] Determined tbl2asn version is 025008 from 'tbl2asn 25.8   arguments:'
[16:15:39] Using genetic code table 11.
[16:15:39] Loading and checking input file: /home/fmt073/work/Zhang/DNA/Syao.fna
[16:15:39] Wrote 78 contigs totalling 2427308 bp.
[16:15:39] Predicting tRNAs and tmRNAs
[16:15:39] Running: aragorn -l -gc11  -w \/home\/fmt073\/work\/Zhang\/Prokka\/Syao\/Syao\.fna
[16:15:40] 1 tRNA-Ile [665,740] 36 (gat)
[16:15:40] 2 tRNA-Ala [765,838] 34 (tgc)
[16:15:40] 1 tRNA-Leu c[30743,30827] 35 (cag)
[16:15:40] 2 tRNA-Leu [32329,32410] 35 (caa)
[16:15:40] 3 tRNA-His [38533,38607] 34 (gtg)
[16:15:40] 4 tRNA-Ser c[55037,55123] 36 (cga)
[16:15:40] 1 tRNA-Val [31632,31704] 33 (cac)
[16:15:40] 1 tRNA-Glu [13847,13919] 35 (ttc)
[16:15:40] 1 tRNA-Lys c[7265,7336] 33 (ttt)
[16:15:40] 1 tRNA-Met c[34203,34279] 35 (cat)
[16:15:40] 1 tRNA-Ser [58019,58104] 35 (tga)
[16:15:40] 1 tRNA-Ser c[31794,31882] 36 (gga)
[16:15:40] 1 tRNA-Met c[62472,62545] 35 (cat)
[16:15:40] 1 tRNA-Pro c[112653,112726] 35 (ggg)
[16:15:40] 1 tRNA-Pro c[122250,122324] 35 (tgg)
[16:15:40] 1 tRNA-Leu [19467,19551] 35 (taa)
[16:15:40] 1 tRNA-Asp c[3077,3150] 35 (gtc)
[16:15:40] 2 tRNA-Trp c[3583,3657] 35 (cca)
[16:15:40] 1 tRNA-Ala c[11632,11705] 34 (ggc)
[16:15:40] 1 tRNA-Val c[30013,30085] 33 (gac)
[16:15:40] 1 tRNA-Thr c[4474,4545] 33 (cgt)
[16:15:40] 1 tRNA-Gly c[11602,11693] 37 (gcc)
[16:15:40] 1 tRNA-Thr c[12073,12144] 33 (ggt)
[16:15:40] 2 tRNA-Tyr c[12153,12236] 35 (gta)
[16:15:40] 3 tRNA-Gly [26503,26573] 33 (tcc)
[16:15:40] 1 tRNA-Thr c[298,369] 33 (tgt)
[16:15:40] 1 tRNA-Ser [21423,21513] 36 (gct)
[16:15:40] 1 tRNA-Gln c[7402,7475] 34 (ttg)
[16:15:40] 1 tRNA-Cys c[2642,2713] 33 (gca)
[16:15:40] 2 tRNA-Arg c[18732,18807] 36 (ccg)
[16:15:40] 1 tRNA-Phe [16742,16814] 34 (gaa)
[16:15:40] 1 tRNA-Pro [17487,17562] 36 (cgg)
[16:15:40] 1 tRNA-Met [99113,99187] 35 (cat)
[16:15:40] 2 tRNA-Arg [117578,117653] 35 (acg)
[16:15:40] 3 tRNA-Leu [151448,151533] 36 (tag)
[16:15:40] 4 tRNA-Ala c[156558,156630] 34 (cgc)
[16:15:40] 1 tRNA-Gly [69873,69944] 33 (gcc)
[16:15:41] 1 tRNA-Gly [39137,39208] 33 (ccc)
[16:15:41] 2 tRNA-Arg c[71649,71722] 35 (cct)
[16:15:41] 1 tRNA-Val c[2611,2682] 33 (tac)
[16:15:41] 1 tRNA-Asn [1456,1529] 34 (gtt)
[16:15:41] 1 tmRNA* c[6783,7092] 169,219 ANNIVRFSRQTAPVAA*
[16:15:41] 2 tRNA-Leu c[16963,17044] 35 (gag)
[16:15:41] 1 tRNA-Arg [29041,29114] 35 (tct)
[16:15:41] Found 44 tRNAs
[16:15:41] Predicting Ribosomal RNAs
[16:15:41] You need either Barrnap or RNAmmer installed to predict rRNAs!
[16:15:41] Skipping ncRNA search, enable with --rfam if desired.
[16:15:41] Total of 43 tRNA + rRNA features
[16:15:41] Searching for CRISPR repeats
[16:15:41] Found 0 CRISPRs
[16:15:41] Predicting coding sequences
[16:15:41] Contigs total 2427308 bp, so using single mode
[16:15:41] Running: prodigal -i \/home\/fmt073\/work\/Zhang\/Prokka\/Syao\/Syao\.fna -c -m -g 11 -p single -f sco -q
[16:15:49] Excluding CDS which overlaps existing RNA (tRNA) at gnl|Prokka|Syao.g_47:11195..11836 on - strand
[16:15:49] Found 2683 CDS
[16:15:49] Connecting features back to sequences
[16:15:49] Not using genus-specific database. Try --usegenus to enable it.
[16:15:49] Annotating CDS, please be patient.
[16:15:49] Will use 1 CPUs for similarity searching.
[16:15:50] There are still 2683 unannotated CDS left (started with 2683)
[16:15:50] Will use blast to search against /usr/local/bioinfo/src/PROKKA/prokka-1.14.5/db/kingdom/Bacteria/IS with 1 CPUs
[16:15:50] Running: cat \/home\/fmt073\/work\/Zhang\/Prokka\/Syao\/Syao\.IS\.tmp\.1497731\.faa | parallel --gnu --plain -j 1 --block 372114 --recstart '>' --pipe blastp -query - -db /usr/local/bioinfo/src/PROKKA/prokka-1.14.5/db/kingdom/Bacteria/IS -evalue 1e-30 -qcov_hsp_perc 90 -num_threads 1 -num_descriptions 1 -num_alignments 1 -seg no > \/home\/fmt073\/work\/Zhang\/Prokka\/Syao\/Syao\.IS\.tmp\.1497731\.blast 2> /dev/null
[16:16:27] Deleting unwanted file: /home/fmt073/work/Zhang/Prokka/Syao/Syao.IS.tmp.1497731.faa
[16:16:27] Deleting unwanted file: /home/fmt073/work/Zhang/Prokka/Syao/Syao.IS.tmp.1497731.blast
[16:16:28] There are still 2676 unannotated CDS left (started with 2683)
[16:16:28] Will use blast to search against /usr/local/bioinfo/src/PROKKA/prokka-1.14.5/db/kingdom/Bacteria/AMR with 1 CPUs
[16:16:28] Running: cat \/home\/fmt073\/work\/Zhang\/Prokka\/Syao\/Syao\.AMR\.tmp\.1497731\.faa | parallel --gnu --plain -j 1 --block 371331 --recstart '>' --pipe blastp -query - -db /usr/local/bioinfo/src/PROKKA/prokka-1.14.5/db/kingdom/Bacteria/AMR -evalue 9.99999999999999e-301 -qcov_hsp_perc 90 -num_threads 1 -num_descriptions 1 -num_alignments 1 -seg no > \/home\/fmt073\/work\/Zhang\/Prokka\/Syao\/Syao\.AMR\.tmp\.1497731\.blast 2> /dev/null
[16:16:55] Deleting unwanted file: /home/fmt073/work/Zhang/Prokka/Syao/Syao.AMR.tmp.1497731.faa
[16:16:55] Deleting unwanted file: /home/fmt073/work/Zhang/Prokka/Syao/Syao.AMR.tmp.1497731.blast
[16:16:55] There are still 2676 unannotated CDS left (started with 2683)
[16:16:55] Will use blast to search against /usr/local/bioinfo/src/PROKKA/prokka-1.14.5/db/kingdom/Bacteria/sprot with 1 CPUs
[16:16:55] Running: cat \/home\/fmt073\/work\/Zhang\/Prokka\/Syao\/Syao\.sprot\.tmp\.1497731\.faa | parallel --gnu --plain -j 1 --block 371331 --recstart '>' --pipe blastp -query - -db /usr/local/bioinfo/src/PROKKA/prokka-1.14.5/db/kingdom/Bacteria/sprot -evalue 1e-09 -qcov_hsp_perc 80 -num_threads 1 -num_descriptions 1 -num_alignments 1 -seg no > \/home\/fmt073\/work\/Zhang\/Prokka\/Syao\/Syao\.sprot\.tmp\.1497731\.blast 2> /dev/null
[16:19:26] Modify product: Putative phosphoribosyl transferase Rv0571c => Putative phosphoribosyl transferase
[16:19:26] Modify product: Uncharacterized ABC transporter ATP-binding protein YknY => putative ABC transporter ATP-binding protein YknY
[16:19:26] Modify product: Phage shock protein A homolog => Phage shock protein A 
[16:19:26] Modify product: Uncharacterized PIN and TRAM-domain containing protein YacL => putative PIN and TRAM-domain containing protein YacL
[16:19:26] Modify product: Uncharacterized protein Rv1829 => putative protein
[16:19:26] Modify product: Rqc2 homolog RqcH => Rqc2 RqcH
[16:19:26] Modify product: Bifunctional protein FolD => Bifunctional protein FolD protein
[16:19:26] Modify product: 1,4-alpha-glucan branching enzyme TTHA1902 => 1,4-alpha-glucan branching enzyme
[16:19:26] Modify product: Uncharacterized oxidoreductase MSMEG_1603/MSMEI_1564 => putative oxidoreductase/MSMEI_1564
[16:19:26] Modify product: Putative multidrug export ATP-binding/permease protein SAV1866 => Putative multidrug export ATP-binding/permease protein
[16:19:26] Modify product: Probable chromate transport protein => putative chromate transport protein
[16:19:26] Modify product: Uncharacterized protein alr4550 => putative protein
[16:19:26] Modify product: Probable cation-transporting ATPase F => putative cation-transporting ATPase F
[16:19:26] Modify product: Uncharacterized ABC transporter ATP-binding protein TM_0288 => putative ABC transporter ATP-binding protein
[16:19:26] Modify product: Probable ABC transporter phosphite binding protein PhnD1 => putative ABC transporter phosphite binding protein PhnD1
[16:19:27] Modify product: Probable ABC transporter-binding protein DR_1438 => putative ABC transporter-binding protein
[16:19:27] Modify product: Uncharacterized protein Rv2411c => putative protein
[16:19:27] Modify product: Uncharacterized protein Rv2567 => putative protein
[16:19:27] Modify product: Uncharacterized protein Rv2569c => putative protein
[16:19:27] Modify product: Uncharacterized ABC transporter ATP-binding protein YlmA => putative ABC transporter ATP-binding protein YlmA
[16:19:27] Modify product: Uncharacterized zinc protease Rv2782c => putative zinc protease
[16:19:27] Modify product: Uncharacterized ABC transporter ATP-binding protein Rv0986 => putative ABC transporter ATP-binding protein
[16:19:27] Modify product: GTP-binding protein TypA/BipA homolog => GTP-binding protein TypA/BipA 
[16:19:27] Modify product: Probable murein peptide carboxypeptidase => putative murein peptide carboxypeptidase
[16:19:27] Modify product: Uncharacterized protein HI_0103 => putative protein
[16:19:27] Modify product: Uncharacterized sugar kinase YdjH => putative sugar kinase YdjH
[16:19:27] Modify product: Probable 2-phosphosulfolactate phosphatase => putative 2-phosphosulfolactate phosphatase
[16:19:27] Modify product: Phosphorylated carbohydrates phosphatase TM_1254 => Phosphorylated carbohydrates phosphatase
[16:19:27] Modify product: Probable multidrug resistance ABC transporter ATP-binding/permease protein YheI => putative multidrug resistance ABC transporter ATP-binding/permease protein YheI
[16:19:27] Modify product: Uncharacterized protein YxeI => putative protein YxeI
[16:19:27] Modify product: UPF0053 protein Rv2366c => hypothetical protein
[16:19:27] Modify product: Uncharacterized oxidoreductase Rv2073c => putative oxidoreductase
[16:19:27] Modify product: Uncharacterized sugar transferase EpsL => putative sugar transferase EpsL
[16:19:27] Modify product: Uncharacterized ABC transporter ATP-binding protein TM_0288 => putative ABC transporter ATP-binding protein
[16:19:27] Modify product: Probable cytochrome c oxidase subunit 1 => putative cytochrome c oxidase subunit 1
[16:19:27] Modify product: UPF0234 protein MSMEG_1165/MSMEI_1134 => hypothetical protein
[16:19:27] Modify product: Monocarboxylate 2-oxoacid-binding periplasmic protein all3028 => Monocarboxylate 2-oxoacid-binding periplasmic protein
[16:19:27] Modify product: Uncharacterized FAD-linked oxidoreductase Rv2280 => putative FAD-linked oxidoreductase
[16:19:27] Modify product: Uncharacterized sugar epimerase YhfK => putative sugar epimerase YhfK
[16:19:27] Modify product: Probable transcriptional regulatory protein aq_1575 => putative transcriptional regulatory protein
[16:19:27] Modify product: Probable dual-specificity RNA methyltransferase RlmN => putative dual-specificity RNA methyltransferase RlmN
[16:19:27] Modify product: Probable helicase HelY => putative helicase HelY
[16:19:27] Modify product: Probable peptidoglycan glycosyltransferase FtsW => putative peptidoglycan glycosyltransferase FtsW
[16:19:27] Modify product: UPF0225 protein YchJ => hypothetical protein
[16:19:27] Modify product: Glycogen operon protein GlgX homolog => Glycogen operon protein GlgX 
[16:19:27] Modify product: Probable adenylyltransferase/sulfurtransferase MoeZ => putative adenylyltransferase/sulfurtransferase MoeZ
[16:19:27] Modify product: Probable ketoamine kinase HMPREF0351_12196 => putative ketoamine kinase
[16:19:27] Modify product: Putative low molecular weight protein-tyrosine-phosphatase slr0328 => Putative low molecular weight protein-tyrosine-phosphatase
[16:19:27] Modify product: Uncharacterized oxidoreductase Rv2298 => putative oxidoreductase
[16:19:27] Modify product: Probable phycoerythrobilin lyase CpeT => putative phycoerythrobilin lyase CpeT
[16:19:27] Modify product: Uncharacterized phycocyanin operon protein Z => putative phycocyanin operon protein Z
[16:19:27] Modify product: Uncharacterized glycosyltransferase sll0501 => putative glycosyltransferase
[16:19:27] Modify product: Probable ribonucleotide transport ATP-binding protein mkl => putative ribonucleotide transport ATP-binding protein mkl
[16:19:27] Modify product: UPF0053 inner membrane protein YtfL => hypothetical protein
[16:19:27] Modify product: Probable undecaprenyl-phosphate N-acetylglucosaminyl 1-phosphate transferase => putative undecaprenyl-phosphate N-acetylglucosaminyl 1-phosphate transferase
[16:19:27] Modify product: Uncharacterized protein Rv0628c => putative protein
[16:19:27] Modify product: Putative cystathionine beta-synthase Rv1077 => Putative cystathionine beta-synthase
[16:19:27] Modify product: Uncharacterized protein HI_1349 => putative protein
[16:19:27] Modify product: Probable formate transporter 1 => putative formate transporter 1
[16:19:27] Modify product: Probable protein kinase UbiB => putative protein kinase UbiB
[16:19:27] Modify product: Probable glutaredoxin ssr2061 => putative glutaredoxin
[16:19:27] Modify product: Probable nicotinate-nucleotide pyrophosphorylase [carboxylating] => putative nicotinate-nucleotide pyrophosphorylase [carboxylating]
[16:19:27] Modify product: Uncharacterized ABC transporter ATP-binding protein YejF => putative ABC transporter ATP-binding protein YejF
[16:19:27] Modify product: Probable copper-transporting ATPase PacS => putative copper-transporting ATPase PacS
[16:19:27] Modify product: Uncharacterized protein Rv2715 => putative protein
[16:19:27] Modify product: Sulfurtransferase Alvin_2599 => Sulfurtransferase
[16:19:27] Modify product: Probable adenylyl-sulfate kinase => putative adenylyl-sulfate kinase
[16:19:27] Modify product: Putative transport protein Rv0205 => Putative transport protein
[16:19:27] Modify product: Epimerase family protein Rv2216 => Epimerase family protein
[16:19:27] Modify product: Uncharacterized protein alr4550 => putative protein
[16:19:27] Modify product: Uncharacterized protein alr4550 => putative protein
[16:19:27] Modify product: Uncharacterized protein alr4550 => putative protein
[16:19:27] Modify product: Vitamin K epoxide reductase homolog => Vitamin K epoxide reductase 
[16:19:28] Modify product: Uncharacterized ABC transporter ATP-binding protein YheS => putative ABC transporter ATP-binding protein YheS
[16:19:28] Modify product: Probable cysteine desulfurase => putative cysteine desulfurase
[16:19:28] Modify product: Probable ATP-dependent transporter SufC => putative ATP-dependent transporter SufC
[16:19:28] Modify product: Probable malate:quinone oxidoreductase 1 => putative malate:quinone oxidoreductase 1
[16:19:28] Modify product: Putative multidrug export ATP-binding/permease protein SAV1866 => Putative multidrug export ATP-binding/permease protein
[16:19:28] Cleaned 78 /product names
[16:19:28] Deleting unwanted file: /home/fmt073/work/Zhang/Prokka/Syao/Syao.sprot.tmp.1497731.faa
[16:19:28] Deleting unwanted file: /home/fmt073/work/Zhang/Prokka/Syao/Syao.sprot.tmp.1497731.blast
[16:19:28] There are still 1613 unannotated CDS left (started with 2683)
[16:19:28] Will use hmmer3 to search against /usr/local/bioinfo/src/PROKKA/prokka-1.14.5/db/hmm/HAMAP.hmm with 1 CPUs
[16:19:28] Running: cat \/home\/fmt073\/work\/Zhang\/Prokka\/Syao\/Syao\.HAMAP\.hmm\.tmp\.1497731\.faa | parallel --gnu --plain -j 1 --block 182933 --recstart '>' --pipe hmmscan --noali --notextw --acc -E 1e-09 --cpu 1 /usr/local/bioinfo/src/PROKKA/prokka-1.14.5/db/hmm/HAMAP.hmm /dev/stdin > \/home\/fmt073\/work\/Zhang\/Prokka\/Syao\/Syao\.HAMAP\.hmm\.tmp\.1497731\.hmmer3 2> /dev/null
[16:20:47] Deleting unwanted file: /home/fmt073/work/Zhang/Prokka/Syao/Syao.HAMAP.hmm.tmp.1497731.faa
[16:20:47] Deleting unwanted file: /home/fmt073/work/Zhang/Prokka/Syao/Syao.HAMAP.hmm.tmp.1497731.hmmer3
[16:20:47] Labelling remaining 1414 proteins as 'hypothetical protein'
[16:20:47] Possible /pseudo 'IS630 family transposase ISGdi5' at gnl|Prokka|Syao.g_6 position 806
[16:20:47] Possible /pseudo 'ATP-dependent Clp protease proteolytic subunit' at gnl|Prokka|Syao.g_9 position 50036
[16:20:47] Possible /pseudo 'RecBCD enzyme subunit RecB' at gnl|Prokka|Syao.g_15 position 14808
[16:20:47] Possible /pseudo 'NAD-reducing hydrogenase HoxS subunit beta' at gnl|Prokka|Syao.g_18 position 9405
[16:20:47] Possible /pseudo 'putative protein' at gnl|Prokka|Syao.g_28 position 55545
[16:20:47] Possible /pseudo 'putative protein' at gnl|Prokka|Syao.g_28 position 56567
[16:20:47] Possible /pseudo 'UDP-N-acetylmuramoyl-tripeptide--D-alanyl-D-alanine ligase' at gnl|Prokka|Syao.g_30 position 96379
[16:20:47] Possible /pseudo 'D-inositol-3-phosphate glycosyltransferase' at gnl|Prokka|Syao.g_33 position 38498
[16:20:47] Possible /pseudo 'DNA repair protein RecO' at gnl|Prokka|Syao.g_44 position 67539
[16:20:47] Possible /pseudo 'Transcription termination/antitermination protein NusA' at gnl|Prokka|Syao.g_45 position 1354
[16:20:47] Possible /pseudo 'DNA-directed RNA polymerase subunit beta'' at gnl|Prokka|Syao.g_45 position 14133
[16:20:47] Possible /pseudo 'Putative fluoride ion transporter CrcB' at gnl|Prokka|Syao.g_58 position 76271
[16:20:47] Possible /pseudo 'putative protein' at gnl|Prokka|Syao.g_67 position 13385
[16:20:47] Possible /pseudo 'putative protein' at gnl|Prokka|Syao.g_67 position 15404
[16:20:47] Found 1034 unique /gene codes.
[16:20:47] Fixed 2 duplicate /gene - murE_1 murE_2
[16:20:47] Fixed 2 duplicate /gene - clpS_1 clpS_2
[16:20:47] Fixed 2 duplicate /gene - pglK_1 pglK_2
[16:20:47] Fixed 2 duplicate /gene - galE_1 galE_2
[16:20:47] Fixed 2 duplicate /gene - gmd_1 gmd_2
[16:20:47] Fixed 2 duplicate /gene - COQ5_1 COQ5_2
[16:20:47] Fixed 2 duplicate /gene - dsbD_1 dsbD_2
[16:20:47] Fixed 2 duplicate /gene - rpoD_1 rpoD_2
[16:20:47] Fixed 3 duplicate /gene - glnA_1 glnA_2 glnA_3
[16:20:47] Fixed 2 duplicate /gene - pyrE_1 pyrE_2
[16:20:47] Fixed 2 duplicate /gene - rnr_1 rnr_2
[16:20:47] Fixed 2 duplicate /gene - atpH_1 atpH_2
[16:20:47] Fixed 2 duplicate /gene - trmH_1 trmH_2
[16:20:47] Fixed 2 duplicate /gene - speA_1 speA_2
[16:20:47] Fixed 2 duplicate /gene - dfa3_1 dfa3_2
[16:20:47] Fixed 2 duplicate /gene - hisF_1 hisF_2
[16:20:47] Fixed 4 duplicate /gene - btuD_1 btuD_2 btuD_3 btuD_4
[16:20:47] Fixed 2 duplicate /gene - pstS_1 pstS_2
[16:20:47] Fixed 3 duplicate /gene - dnaJ_1 dnaJ_2 dnaJ_3
[16:20:47] Fixed 2 duplicate /gene - lpxB_1 lpxB_2
[16:20:47] Fixed 2 duplicate /gene - uvrY_1 uvrY_2
[16:20:47] Fixed 3 duplicate /gene - cysQ_1 cysQ_2 cysQ_3
[16:20:47] Fixed 4 duplicate /gene - sasA_1 sasA_2 sasA_3 sasA_4
[16:20:47] Fixed 2 duplicate /gene - ppk_1 ppk_2
[16:20:47] Fixed 2 duplicate /gene - petJ_1 petJ_2
[16:20:47] Fixed 2 duplicate /gene - tadA_1 tadA_2
[16:20:47] Fixed 2 duplicate /gene - gph_1 gph_2
[16:20:47] Fixed 2 duplicate /gene - ftsH2_1 ftsH2_2
[16:20:47] Fixed 2 duplicate /gene - pds_1 pds_2
[16:20:47] Fixed 2 duplicate /gene - nadK_1 nadK_2
[16:20:47] Fixed 2 duplicate /gene - tal_1 tal_2
[16:20:47] Fixed 2 duplicate /gene - mtgA_1 mtgA_2
[16:20:47] Fixed 2 duplicate /gene - fbiC_1 fbiC_2
[16:20:47] Fixed 2 duplicate /gene - arnC_1 arnC_2
[16:20:47] Fixed 2 duplicate /gene - hrdA_1 hrdA_2
[16:20:47] Fixed 2 duplicate /gene - malP_1 malP_2
[16:20:47] Fixed 2 duplicate /gene - hhoA_1 hhoA_2
[16:20:47] Fixed 2 duplicate /gene - gyrA_1 gyrA_2
[16:20:47] Fixed 2 duplicate /gene - msrB_1 msrB_2
[16:20:47] Fixed 2 duplicate /gene - clcA_1 clcA_2
[16:20:47] Fixed 2 duplicate /gene - ddpX_1 ddpX_2
[16:20:47] Fixed 2 duplicate /gene - iolG_1 iolG_2
[16:20:47] Fixed 2 duplicate /gene - garR_1 garR_2
[16:20:47] Fixed 3 duplicate /gene - ubiB_1 ubiB_2 ubiB_3
[16:20:47] Fixed 2 duplicate /gene - walR_1 walR_2
[16:20:47] Fixed 2 duplicate /gene - mnmE_1 mnmE_2
[16:20:47] Fixed 2 duplicate /gene - recQ_1 recQ_2
[16:20:47] Fixed 2 duplicate /gene - ndhB_1 ndhB_2
[16:20:47] Fixed 2 duplicate /gene - hypB_1 hypB_2
[16:20:47] Fixed 2 duplicate /gene - aspC_1 aspC_2
[16:20:47] Fixed 2 duplicate /gene - pyrB_1 pyrB_2
[16:20:47] Fixed 2 duplicate /gene - fcl_1 fcl_2
[16:20:47] Fixed 2 duplicate /gene - speB_1 speB_2
[16:20:47] Fixed 2 duplicate /gene - glnQ_1 glnQ_2
[16:20:47] Fixed 2 duplicate /gene - recD_1 recD_2
[16:20:47] Fixed 2 duplicate /gene - dapL_1 dapL_2
[16:20:47] Fixed 2 duplicate /gene - atpG_1 atpG_2
[16:20:47] Fixed 3 duplicate /gene - ndhD1_1 ndhD1_2 ndhD1_3
[16:20:47] Fixed 2 duplicate /gene - asnB_1 asnB_2
[16:20:47] Fixed 2 duplicate /gene - clpB1_1 clpB1_2
[16:20:47] Fixed 2 duplicate /gene - glgM_1 glgM_2
[16:20:47] Fixed 2 duplicate /gene - sir_1 sir_2
[16:20:47] Fixed 2 duplicate /gene - ntcA_1 ntcA_2
[16:20:47] Fixed 4 duplicate /gene - clpP_1 clpP_2 clpP_3 clpP_4
[16:20:47] Fixed 2 duplicate /gene - cpcS_1 cpcS_2
[16:20:47] Fixed 3 duplicate /gene - arnT_1 arnT_2 arnT_3
[16:20:47] Fixed 2 duplicate /gene - pstB3_1 pstB3_2
[16:20:47] Fixed 14 duplicate /gene - mshA_1 mshA_2 mshA_3 mshA_4 mshA_5 mshA_6 mshA_7 mshA_8 mshA_9 mshA_10 mshA_11 mshA_12 mshA_13 mshA_14
[16:20:47] Fixed 3 duplicate /gene - petF1_1 petF1_2 petF1_3
[16:20:47] Fixed 2 duplicate /gene - trxA_1 trxA_2
[16:20:47] Fixed 2 duplicate /gene - iscR_1 iscR_2
[16:20:47] Fixed 2 duplicate /gene - mreB_1 mreB_2
[16:20:47] Fixed 2 duplicate /gene - cobD_1 cobD_2
[16:20:47] Fixed 3 duplicate /gene - sepF_1 sepF_2 sepF_3
[16:20:47] Fixed 2 duplicate /gene - pilT_1 pilT_2
[16:20:47] Fixed 3 duplicate /gene - sigA_1 sigA_2 sigA_3
[16:20:47] Fixed 2 duplicate /gene - ndhI_1 ndhI_2
[16:20:47] Fixed 2 duplicate /gene - trpB_1 trpB_2
[16:20:47] Fixed 2 duplicate /gene - ppa_1 ppa_2
[16:20:47] Fixed 2 duplicate /gene - bicA_1 bicA_2
[16:20:47] Fixed 2 duplicate /gene - pstA_1 pstA_2
[16:20:47] Fixed 2 duplicate /gene - recO_1 recO_2
[16:20:47] Fixed 2 duplicate /gene - mexB_1 mexB_2
[16:20:47] Fixed 3 duplicate /gene - tagU_1 tagU_2 tagU_3
[16:20:47] Fixed 2 duplicate /gene - pstC_1 pstC_2
[16:20:47] Fixed 2 duplicate /gene - ctaD_1 ctaD_2
[16:20:47] Fixed 2 duplicate /gene - dnaK2_1 dnaK2_2
[16:20:47] Fixed 2 duplicate /gene - menH_1 menH_2
[16:20:47] Fixed 2 duplicate /gene - ruvB_1 ruvB_2
[16:20:47] Fixed 2 duplicate /gene - menA_1 menA_2
[16:20:47] Fixed 2 duplicate /gene - crcB_1 crcB_2
[16:20:47] Fixed 2 duplicate /gene - murF_1 murF_2
[16:20:47] Fixed 2 duplicate /gene - algA_1 algA_2
[16:20:47] Fixed 2 duplicate /gene - cobN_1 cobN_2
[16:20:47] Fixed 2 duplicate /gene - cbpA_1 cbpA_2
[16:20:47] Fixed 2 duplicate /gene - iscS_1 iscS_2
[16:20:47] Fixed 2 duplicate /gene - gloB_1 gloB_2
[16:20:47] Fixed 2 duplicate /gene - dnaG_1 dnaG_2
[16:20:47] Fixed 2 duplicate /gene - pyrC_1 pyrC_2
[16:20:47] Fixed 2 duplicate /gene - sigA2_1 sigA2_2
[16:20:47] Fixed 3 duplicate /gene - nusA_1 nusA_2 nusA_3
[16:20:47] Fixed 3 duplicate /gene - bcp_1 bcp_2 bcp_3
[16:20:47] Fixed 2 duplicate /gene - hoxH_1 hoxH_2
[16:20:47] Fixed 2 duplicate /gene - recB_1 recB_2
[16:20:47] Fixed 2 duplicate /gene - hypA_1 hypA_2
[16:20:47] Fixed 105 colliding /gene names.
[16:20:47] Adding /locus_tag identifiers
[16:20:47] Assigned 2727 locus_tags to CDS and RNA features.
[16:20:47] Writing outputs to /home/fmt073/work/Zhang/Prokka/Syao/
[16:20:48] Generating annotation statistics file
[16:20:48] Generating Genbank and Sequin files
[16:20:48] Running: tbl2asn -V b -a r10k -l paired-ends -M n -N 1 -y 'Annotated using prokka 1.14.5 from https://github.com/tseemann/prokka' -Z \/home\/fmt073\/work\/Zhang\/Prokka\/Syao\/Syao\.err -i \/home\/fmt073\/work\/Zhang\/Prokka\/Syao\/Syao\.fsa 2> /dev/null
[16:20:52] Deleting unwanted file: /home/fmt073/work/Zhang/Prokka/Syao/errorsummary.val
[16:20:52] Deleting unwanted file: /home/fmt073/work/Zhang/Prokka/Syao/Syao.dr
[16:20:52] Deleting unwanted file: /home/fmt073/work/Zhang/Prokka/Syao/Syao.fixedproducts
[16:20:52] Deleting unwanted file: /home/fmt073/work/Zhang/Prokka/Syao/Syao.ecn
[16:20:52] Deleting unwanted file: /home/fmt073/work/Zhang/Prokka/Syao/Syao.val
[16:20:52] Repairing broken .GBK output that tbl2asn produces...
[16:20:52] Running: sed 's/COORDINATES: profile/COORDINATES:profile/' < \/home\/fmt073\/work\/Zhang\/Prokka\/Syao\/Syao\.gbf > \/home\/fmt073\/work\/Zhang\/Prokka\/Syao\/Syao\.gbk
[16:20:52] Deleting unwanted file: /home/fmt073/work/Zhang/Prokka/Syao/Syao.gbf
[16:20:52] Output files:
[16:20:52] /home/fmt073/work/Zhang/Prokka/Syao/Syao.tbl
[16:20:52] /home/fmt073/work/Zhang/Prokka/Syao/Syao.fna
[16:20:52] /home/fmt073/work/Zhang/Prokka/Syao/Syao.tsv
[16:20:52] /home/fmt073/work/Zhang/Prokka/Syao/Syao.faa
[16:20:52] /home/fmt073/work/Zhang/Prokka/Syao/Syao.log
[16:20:52] /home/fmt073/work/Zhang/Prokka/Syao/Syao.gff
[16:20:52] /home/fmt073/work/Zhang/Prokka/Syao/Syao.ffn
[16:20:52] /home/fmt073/work/Zhang/Prokka/Syao/Syao.err
[16:20:52] /home/fmt073/work/Zhang/Prokka/Syao/Syao.fsa
[16:20:52] /home/fmt073/work/Zhang/Prokka/Syao/Syao.gbk
[16:20:52] /home/fmt073/work/Zhang/Prokka/Syao/Syao.txt
[16:20:52] /home/fmt073/work/Zhang/Prokka/Syao/Syao.sqn
[16:20:52] Annotation finished successfully.
[16:20:52] Walltime used: 5.22 minutes
[16:20:52] If you use this result please cite the Prokka paper:
[16:20:52] Seemann T (2014) Prokka: rapid prokaryotic genome annotation. Bioinformatics. 30(14):2068-9.
[16:20:52] Type 'prokka --citation' for more details.
[16:20:52] Share and enjoy!
