[16:12:58] This is prokka 1.14.5
[16:12:58] Written by Torsten Seemann <torsten.seemann@gmail.com>
[16:12:58] Homepage is https://github.com/tseemann/prokka
[16:12:58] Local time is Thu Oct 16 16:12:58 2025
[16:12:58] You are fmt073
[16:12:58] Operating system is linux
[16:12:58] You have BioPerl 1.7.8
[16:12:58] System has 128 cores.
[16:12:58] Will use maximum of 1 cores.
[16:12:58] Annotating as >>> Bacteria <<<
[16:12:58] Enabling options to ensure Genbank/ENA/DDJB submission compliance.
[16:12:58] Creating new output folder: /home/fmt073/work/Zhang/Prokka/Prbi
[16:12:58] Running: mkdir -p \/home\/fmt073\/work\/Zhang\/Prokka\/Prbi
[16:12:58] Using filename prefix: Prbi.XXX
[16:12:58] Setting HMMER_NCPU=1
[16:12:58] Writing log to: /home/fmt073/work/Zhang/Prokka/Prbi/Prbi.log
[16:12:58] Command: /usr/local/bioinfo/src/PROKKA/prokka-1.14.5/bin/prokka /home/fmt073/work/Zhang/DNA/Prbi.fna --outdir /home/fmt073/work/Zhang/Prokka/Prbi --compliant --addgenes --prefix Prbi --locustag Prbi.g --genus Prochlorococcus --species Prochlorococcus sp. --strain MIT 0604 --kingdom Bacteria --cpus 1
[16:12:58] Appending to PATH: /usr/local/bioinfo/src/PROKKA/prokka-1.14.5/bin/../binaries/linux
[16:12:58] Appending to PATH: /usr/local/bioinfo/src/PROKKA/prokka-1.14.5/bin/../binaries/linux/../common
[16:12:58] Appending to PATH: /usr/local/bioinfo/src/PROKKA/prokka-1.14.5/bin
[16:12:58] Looking for 'aragorn' - found /usr/local/bioinfo/src/PROKKA/prokka-1.14.5/binaries/linux/aragorn
[16:12:58] Determined aragorn version is 001002 from 'ARAGORN v1.2.38 Dean Laslett'
[16:12:58] Looking for 'blastp' - found /usr/local/bioinfo/src/PROKKA/prokka-1.14.5/binaries/linux/blastp
[16:12:58] Determined blastp version is 002009 from 'blastp: 2.9.0+'
[16:12:58] Looking for 'cmpress' - found /usr/local/bioinfo/src/PROKKA/prokka-1.14.5/binaries/linux/cmpress
[16:12:58] Determined cmpress version is 001001 from '# INFERNAL 1.1.2 (July 2016)'
[16:12:58] Looking for 'cmscan' - found /usr/local/bioinfo/src/PROKKA/prokka-1.14.5/binaries/linux/cmscan
[16:12:58] Determined cmscan version is 001001 from '# INFERNAL 1.1.2 (July 2016)'
[16:12:58] Looking for 'egrep' - found /usr/bin/egrep
[16:12:58] Looking for 'find' - found /usr/bin/find
[16:12:58] Looking for 'grep' - found /usr/bin/grep
[16:12:58] Looking for 'hmmpress' - found /usr/local/bioinfo/src/PROKKA/prokka-1.14.5/binaries/linux/hmmpress
[16:12:58] Determined hmmpress version is 003001 from '# HMMER 3.1b2 (February 2015); http://hmmer.org/'
[16:12:58] Looking for 'hmmscan' - found /usr/local/bioinfo/src/PROKKA/prokka-1.14.5/binaries/linux/hmmscan
[16:12:58] Determined hmmscan version is 003001 from '# HMMER 3.1b2 (February 2015); http://hmmer.org/'
[16:12:58] Looking for 'java' - found /usr/bin/java
[16:12:58] Looking for 'makeblastdb' - found /usr/local/bioinfo/src/PROKKA/prokka-1.14.5/binaries/linux/makeblastdb
[16:12:58] Determined makeblastdb version is 002009 from 'makeblastdb: 2.9.0+'
[16:12:58] Looking for 'minced' - found /usr/local/bioinfo/src/PROKKA/prokka-1.14.5/binaries/common/minced
[16:12:58] Determined minced version is 002000 from 'minced 0.2.0'
[16:12:58] Looking for 'parallel' - found /usr/local/bioinfo/src/PROKKA/prokka-1.14.5/binaries/common/parallel
[16:12:58] Determined parallel version is 20150122 from 'GNU parallel 20150122'
[16:12:58] Looking for 'prodigal' - found /usr/local/bioinfo/src/PROKKA/prokka-1.14.5/binaries/linux/prodigal
[16:12:58] Determined prodigal version is 002006 from 'Prodigal V2.6.3: February, 2016'
[16:12:58] Looking for 'prokka-genbank_to_fasta_db' - found /usr/local/bioinfo/src/PROKKA/prokka-1.14.5/bin/prokka-genbank_to_fasta_db
[16:12:58] Looking for 'sed' - found /usr/bin/sed
[16:12:58] Looking for 'tbl2asn' - found /usr/local/bioinfo/src/PROKKA/prokka-1.14.5/binaries/linux/tbl2asn
[16:12:58] Determined tbl2asn version is 025008 from 'tbl2asn 25.8   arguments:'
[16:12:58] Using genetic code table 11.
[16:12:58] Loading and checking input file: /home/fmt073/work/Zhang/DNA/Prbi.fna
[16:12:59] Wrote 1 contigs totalling 1780061 bp.
[16:12:59] Predicting tRNAs and tmRNAs
[16:12:59] Running: aragorn -l -gc11  -w \/home\/fmt073\/work\/Zhang\/Prokka\/Prbi\/Prbi\.fna
[16:12:59] 1 tmRNA* c[74553,74862] 169,219 ANKIVSFSRQTAPVAA*
[16:12:59] 2 tRNA-Leu c[83704,83787] 36 (aag)
[16:12:59] 3 tRNA-Asn [141308,141381] 34 (gtt)
[16:12:59] 4 tRNA-Leu [256039,256121] 35 (tag)
[16:12:59] 5 tRNA-Arg c[275903,275978] 36 (acg)
[16:12:59] 6 tRNA-Met c[291045,291119] 35 (cat)
[16:12:59] 7 tRNA-Phe c[322912,322986] 34 (gaa)
[16:12:59] 8 tRNA-Thr c[331619,331692] 34 (tgt)
[16:12:59] 9 tRNA-Ile [341168,341243] 36 (gat)
[16:12:59] 10 tRNA-Ala [341255,341328] 34 (tgc)
[16:12:59] 11 tRNA-Thr c[372644,372717] 34 (ggt)
[16:12:59] 12 tRNA-Tyr c[372726,372808] 35 (gta)
[16:12:59] 13 tRNA-Asp c[452850,452925] 36 (gtc)
[16:12:59] 14 tRNA-Trp c[453305,453379] 35 (cca)
[16:12:59] 15 tRNA-Leu [539842,539929] 36 (taa)
[16:12:59] 16 tRNA-Ser c[631147,631235] 36 (tga)
[16:12:59] 17 tRNA-Pro c[797727,797800] 35 (ggg)
[16:12:59] 18 tRNA-Ser [850694,850780] 35 (gga)
[16:12:59] 19 tRNA-Met [891494,891569] 36 (cat)
[16:12:59] 20 tRNA-Met [933119,933195] 35 (cat)
[16:12:59] 21 tRNA-Glu c[1019095,1019169] 36 (ttc)
[16:12:59] 22 tRNA-Lys [1062768,1062840] 33 (ttt)
[16:12:59] 23 tRNA-Pro [1075748,1075821] 35 (tgg)
[16:12:59] 24 tRNA-Ser c[1168456,1168542] 36 (cga)
[16:12:59] 25 tRNA-Arg [1198170,1198243] 35 (tct)
[16:12:59] 26 tRNA-Ala c[1276331,1276406] 35 (ggc)
[16:12:59] 27 tRNA-Leu [1348222,1348304] 35 (caa)
[16:12:59] 28 tRNA-His [1353484,1353557] 34 (gtg)
[16:12:59] 29 tRNA-Gly c[1369849,1369919] 33 (tcc)
[16:12:59] 30 tRNA-Val [1401420,1401491] 33 (gac)
[16:12:59] 31 tRNA-Thr [1537604,1537677] 34 (cgt)
[16:12:59] 32 tRNA-Ser c[1580954,1581044] 36 (gct)
[16:12:59] 33 tRNA-Gln [1600871,1600942] 33 (ttg)
[16:12:59] 34 tRNA-Arg [1613569,1613642] 35 (ccg)
[16:12:59] 35 tRNA-Cys [1628213,1628283] 33 (gca)
[16:12:59] 36 tRNA-Arg c[1645054,1645129] 36 (cct)
[16:12:59] 37 tRNA-Gly c[1692858,1692929] 33 (gcc)
[16:12:59] 38 tRNA-Val c[1739441,1739512] 33 (tac)
[16:12:59] Found 38 tRNAs
[16:12:59] Predicting Ribosomal RNAs
[16:12:59] You need either Barrnap or RNAmmer installed to predict rRNAs!
[16:12:59] Skipping ncRNA search, enable with --rfam if desired.
[16:12:59] Total of 37 tRNA + rRNA features
[16:12:59] Searching for CRISPR repeats
[16:13:00] Found 0 CRISPRs
[16:13:00] Predicting coding sequences
[16:13:00] Contigs total 1780061 bp, so using single mode
[16:13:00] Running: prodigal -i \/home\/fmt073\/work\/Zhang\/Prokka\/Prbi\/Prbi\.fna -c -m -g 11 -p single -f sco -q
[16:13:02] Excluding CDS which overlaps existing RNA (tRNA) at gnl|Prokka|Prbi.g_1:291038..291238 on + strand
[16:13:03] Excluding CDS which overlaps existing RNA (tRNA) at gnl|Prokka|Prbi.g_1:1348231..1349484 on + strand
[16:13:03] Excluding CDS which overlaps existing RNA (tRNA) at gnl|Prokka|Prbi.g_1:1626941..1628359 on - strand
[16:13:03] Found 2065 CDS
[16:13:03] Connecting features back to sequences
[16:13:03] Not using genus-specific database. Try --usegenus to enable it.
[16:13:03] Annotating CDS, please be patient.
[16:13:03] Will use 1 CPUs for similarity searching.
[16:13:03] There are still 2065 unannotated CDS left (started with 2065)
[16:13:03] Will use blast to search against /usr/local/bioinfo/src/PROKKA/prokka-1.14.5/db/kingdom/Bacteria/IS with 1 CPUs
[16:13:03] Running: cat \/home\/fmt073\/work\/Zhang\/Prokka\/Prbi\/Prbi\.IS\.tmp\.4080954\.faa | parallel --gnu --plain -j 1 --block 272412 --recstart '>' --pipe blastp -query - -db /usr/local/bioinfo/src/PROKKA/prokka-1.14.5/db/kingdom/Bacteria/IS -evalue 1e-30 -qcov_hsp_perc 90 -num_threads 1 -num_descriptions 1 -num_alignments 1 -seg no > \/home\/fmt073\/work\/Zhang\/Prokka\/Prbi\/Prbi\.IS\.tmp\.4080954\.blast 2> /dev/null
[16:13:30] Deleting unwanted file: /home/fmt073/work/Zhang/Prokka/Prbi/Prbi.IS.tmp.4080954.faa
[16:13:30] Deleting unwanted file: /home/fmt073/work/Zhang/Prokka/Prbi/Prbi.IS.tmp.4080954.blast
[16:13:31] There are still 2065 unannotated CDS left (started with 2065)
[16:13:31] Will use blast to search against /usr/local/bioinfo/src/PROKKA/prokka-1.14.5/db/kingdom/Bacteria/AMR with 1 CPUs
[16:13:31] Running: cat \/home\/fmt073\/work\/Zhang\/Prokka\/Prbi\/Prbi\.AMR\.tmp\.4080954\.faa | parallel --gnu --plain -j 1 --block 272412 --recstart '>' --pipe blastp -query - -db /usr/local/bioinfo/src/PROKKA/prokka-1.14.5/db/kingdom/Bacteria/AMR -evalue 9.99999999999999e-301 -qcov_hsp_perc 90 -num_threads 1 -num_descriptions 1 -num_alignments 1 -seg no > \/home\/fmt073\/work\/Zhang\/Prokka\/Prbi\/Prbi\.AMR\.tmp\.4080954\.blast 2> /dev/null
[16:13:49] Deleting unwanted file: /home/fmt073/work/Zhang/Prokka/Prbi/Prbi.AMR.tmp.4080954.faa
[16:13:49] Deleting unwanted file: /home/fmt073/work/Zhang/Prokka/Prbi/Prbi.AMR.tmp.4080954.blast
[16:13:50] There are still 2065 unannotated CDS left (started with 2065)
[16:13:50] Will use blast to search against /usr/local/bioinfo/src/PROKKA/prokka-1.14.5/db/kingdom/Bacteria/sprot with 1 CPUs
[16:13:50] Running: cat \/home\/fmt073\/work\/Zhang\/Prokka\/Prbi\/Prbi\.sprot\.tmp\.4080954\.faa | parallel --gnu --plain -j 1 --block 272412 --recstart '>' --pipe blastp -query - -db /usr/local/bioinfo/src/PROKKA/prokka-1.14.5/db/kingdom/Bacteria/sprot -evalue 1e-09 -qcov_hsp_perc 80 -num_threads 1 -num_descriptions 1 -num_alignments 1 -seg no > \/home\/fmt073\/work\/Zhang\/Prokka\/Prbi\/Prbi\.sprot\.tmp\.4080954\.blast 2> /dev/null
[16:15:35] Modify product: Probable cysteine desulfurase => putative cysteine desulfurase
[16:15:35] Modify product: Probable ATP-dependent transporter SufC => putative ATP-dependent transporter SufC
[16:15:35] Modify product: Uncharacterized AAA domain-containing protein Rv2559c => putative AAA domain-containing protein
[16:15:35] Modify product: Uncharacterized ABC transporter ATP-binding protein YheS => putative ABC transporter ATP-binding protein YheS
[16:15:35] Modify product: Vitamin K epoxide reductase homolog => Vitamin K epoxide reductase 
[16:15:35] Modify product: Epimerase family protein Rv2216 => Epimerase family protein
[16:15:35] Modify product: Probable adenylyl-sulfate kinase => putative adenylyl-sulfate kinase
[16:15:35] Modify product: Probable glutaredoxin ssr2061 => putative glutaredoxin
[16:15:35] Modify product: Probable nicotinate-nucleotide pyrophosphorylase [carboxylating] => putative nicotinate-nucleotide pyrophosphorylase [carboxylating]
[16:15:35] Modify product: Uncharacterized ABC transporter ATP-binding protein YejF => putative ABC transporter ATP-binding protein YejF
[16:15:35] Modify product: Probable protein kinase UbiB => putative protein kinase UbiB
[16:15:35] Modify product: Probable bifunctional SAT/APS kinase => putative bifunctional SAT/APS kinase
[16:15:35] Modify product: UPF0053 protein Rv1842c => hypothetical protein
[16:15:35] Modify product: Probable ribonucleotide transport ATP-binding protein mkl => putative ribonucleotide transport ATP-binding protein mkl
[16:15:35] Modify product: Uncharacterized ABC transporter ATP-binding protein YknY => putative ABC transporter ATP-binding protein YknY
[16:15:35] Modify product: Probable cytochrome c oxidase subunit 1 => putative cytochrome c oxidase subunit 1
[16:15:35] Modify product: Probable murein peptide carboxypeptidase => putative murein peptide carboxypeptidase
[16:15:35] Modify product: Rqc2 homolog RqcH => Rqc2 RqcH
[16:15:35] Modify product: UPF0234 protein Rv0566c => hypothetical protein
[16:15:35] Modify product: Uncharacterized sugar kinase YdjH => putative sugar kinase YdjH
[16:15:35] Modify product: Uncharacterized ABC transporter ATP-binding protein TM_0288 => putative ABC transporter ATP-binding protein
[16:15:36] Modify product: Probable 2-phosphosulfolactate phosphatase => putative 2-phosphosulfolactate phosphatase
[16:15:36] Modify product: Probable ABC transporter phosphite binding protein PhnD1 => putative ABC transporter phosphite binding protein PhnD1
[16:15:36] Modify product: Uncharacterized zinc protease Rv2782c => putative zinc protease
[16:15:36] Modify product: Uncharacterized ABC transporter ATP-binding protein Rv0986 => putative ABC transporter ATP-binding protein
[16:15:36] Modify product: GTP-binding protein TypA/BipA homolog => GTP-binding protein TypA/BipA 
[16:15:36] Modify product: Uncharacterized ABC transporter ATP-binding protein YlmA => putative ABC transporter ATP-binding protein YlmA
[16:15:36] Modify product: Probable multidrug resistance ABC transporter ATP-binding/permease protein YheI => putative multidrug resistance ABC transporter ATP-binding/permease protein YheI
[16:15:36] Modify product: Putative multidrug export ATP-binding/permease protein SAV1866 => Putative multidrug export ATP-binding/permease protein
[16:15:36] Modify product: Uncharacterized protein Rv2411c => putative protein
[16:15:36] Modify product: Uncharacterized tRNA/rRNA methyltransferase HI_0380 => putative tRNA/rRNA methyltransferase
[16:15:36] Modify product: Uncharacterized oxidoreductase MSMEG_1603/MSMEI_1564 => putative oxidoreductase/MSMEI_1564
[16:15:36] Modify product: 1,4-alpha-glucan branching enzyme TTHA1902 => 1,4-alpha-glucan branching enzyme
[16:15:36] Modify product: Bifunctional protein FolD => Bifunctional protein FolD protein
[16:15:36] Modify product: Putative multidrug export ATP-binding/permease protein SAV1866 => Putative multidrug export ATP-binding/permease protein
[16:15:36] Modify product: PKHD-type hydroxylase Sbal_3634 => PKHD-type hydroxylase
[16:15:36] Modify product: Uncharacterized protein alr4550 => putative protein
[16:15:36] Modify product: Uncharacterized PIN and TRAM-domain containing protein YacL => putative PIN and TRAM-domain containing protein YacL
[16:15:36] Modify product: Glycogen operon protein GlgX homolog => Glycogen operon protein GlgX 
[16:15:36] Modify product: Probable cytosol aminopeptidase => putative cytosol aminopeptidase
[16:15:36] Modify product: Uncharacterized protein HI_0933 => putative protein
[16:15:36] Modify product: UPF0053 protein Rv2366c => hypothetical protein
[16:15:36] Modify product: Probable nicotinate-nucleotide adenylyltransferase => putative nicotinate-nucleotide adenylyltransferase
[16:15:36] Modify product: Probable peptidoglycan glycosyltransferase FtsW => putative peptidoglycan glycosyltransferase FtsW
[16:15:36] Modify product: Probable dual-specificity RNA methyltransferase RlmN => putative dual-specificity RNA methyltransferase RlmN
[16:15:36] Modify product: Probable ketoamine kinase HMPREF0351_12196 => putative ketoamine kinase
[16:15:36] Modify product: Probable adenylyltransferase/sulfurtransferase MoeZ => putative adenylyltransferase/sulfurtransferase MoeZ
[16:15:36] Modify product: Putative low molecular weight protein-tyrosine-phosphatase slr0328 => Putative low molecular weight protein-tyrosine-phosphatase
[16:15:36] Cleaned 48 /product names
[16:15:36] Deleting unwanted file: /home/fmt073/work/Zhang/Prokka/Prbi/Prbi.sprot.tmp.4080954.faa
[16:15:36] Deleting unwanted file: /home/fmt073/work/Zhang/Prokka/Prbi/Prbi.sprot.tmp.4080954.blast
[16:15:36] There are still 1226 unannotated CDS left (started with 2065)
[16:15:36] Will use hmmer3 to search against /usr/local/bioinfo/src/PROKKA/prokka-1.14.5/db/hmm/HAMAP.hmm with 1 CPUs
[16:15:36] Running: cat \/home\/fmt073\/work\/Zhang\/Prokka\/Prbi\/Prbi\.HAMAP\.hmm\.tmp\.4080954\.faa | parallel --gnu --plain -j 1 --block 121661 --recstart '>' --pipe hmmscan --noali --notextw --acc -E 1e-09 --cpu 1 /usr/local/bioinfo/src/PROKKA/prokka-1.14.5/db/hmm/HAMAP.hmm /dev/stdin > \/home\/fmt073\/work\/Zhang\/Prokka\/Prbi\/Prbi\.HAMAP\.hmm\.tmp\.4080954\.hmmer3 2> /dev/null
[16:27:27] Deleting unwanted file: /home/fmt073/work/Zhang/Prokka/Prbi/Prbi.HAMAP.hmm.tmp.4080954.faa
[16:27:27] Deleting unwanted file: /home/fmt073/work/Zhang/Prokka/Prbi/Prbi.HAMAP.hmm.tmp.4080954.hmmer3
[16:27:27] Labelling remaining 1062 proteins as 'hypothetical protein'
[16:27:27] Possible /pseudo 'ATP-dependent Clp protease proteolytic subunit' at gnl|Prokka|Prbi.g_1 position 1362622
[16:27:27] Possible /pseudo 'DNA-directed RNA polymerase subunit beta'' at gnl|Prokka|Prbi.g_1 position 1521696
[16:27:27] Possible /pseudo 'Putative fluoride ion transporter CrcB' at gnl|Prokka|Prbi.g_1 position 1671403
[16:27:27] Found 859 unique /gene codes.
[16:27:27] Fixed 2 duplicate /gene - hhoA_1 hhoA_2
[16:27:27] Fixed 2 duplicate /gene - arnB_1 arnB_2
[16:27:27] Fixed 2 duplicate /gene - moaC2_1 moaC2_2
[16:27:27] Fixed 2 duplicate /gene - nadK_1 nadK_2
[16:27:27] Fixed 2 duplicate /gene - bcp_1 bcp_2
[16:27:27] Fixed 2 duplicate /gene - crtNb_1 crtNb_2
[16:27:27] Fixed 2 duplicate /gene - lpxB_1 lpxB_2
[16:27:27] Fixed 2 duplicate /gene - crtL_1 crtL_2
[16:27:27] Fixed 2 duplicate /gene - uvrB_1 uvrB_2
[16:27:27] Fixed 2 duplicate /gene - petJ_1 petJ_2
[16:27:27] Fixed 2 duplicate /gene - mobA_1 mobA_2
[16:27:27] Fixed 2 duplicate /gene - narB_1 narB_2
[16:27:27] Fixed 2 duplicate /gene - glmM_1 glmM_2
[16:27:27] Fixed 3 duplicate /gene - psbF_1 psbF_2 psbF_3
[16:27:27] Fixed 3 duplicate /gene - sasA_1 sasA_2 sasA_3
[16:27:27] Fixed 2 duplicate /gene - iscS_1 iscS_2
[16:27:27] Fixed 3 duplicate /gene - sigA2_1 sigA2_2 sigA2_3
[16:27:27] Fixed 2 duplicate /gene - galE_1 galE_2
[16:27:27] Fixed 2 duplicate /gene - cysQ_1 cysQ_2
[16:27:27] Fixed 2 duplicate /gene - dsbD_1 dsbD_2
[16:27:27] Fixed 2 duplicate /gene - glmU_1 glmU_2
[16:27:27] Fixed 3 duplicate /gene - dnaJ_1 dnaJ_2 dnaJ_3
[16:27:27] Fixed 2 duplicate /gene - ddpX_1 ddpX_2
[16:27:27] Fixed 3 duplicate /gene - ubiB_1 ubiB_2 ubiB_3
[16:27:27] Fixed 3 duplicate /gene - hin_1 hin_2 hin_3
[16:27:27] Fixed 2 duplicate /gene - ndhD1_1 ndhD1_2
[16:27:27] Fixed 2 duplicate /gene - hemL_1 hemL_2
[16:27:27] Fixed 2 duplicate /gene - petF_1 petF_2
[16:27:27] Fixed 2 duplicate /gene - cobD_1 cobD_2
[16:27:27] Fixed 2 duplicate /gene - crcB_1 crcB_2
[16:27:27] Fixed 2 duplicate /gene - mnmC_1 mnmC_2
[16:27:27] Fixed 2 duplicate /gene - menF_1 menF_2
[16:27:27] Fixed 2 duplicate /gene - rnr_1 rnr_2
[16:27:27] Fixed 2 duplicate /gene - arnT_1 arnT_2
[16:27:27] Fixed 2 duplicate /gene - fmt_1 fmt_2
[16:27:27] Fixed 2 duplicate /gene - der_1 der_2
[16:27:27] Fixed 2 duplicate /gene - menA_1 menA_2
[16:27:27] Fixed 3 duplicate /gene - sir_1 sir_2 sir_3
[16:27:27] Fixed 4 duplicate /gene - clpP_1 clpP_2 clpP_3 clpP_4
[16:27:27] Fixed 2 duplicate /gene - clpS_1 clpS_2
[16:27:27] Fixed 2 duplicate /gene - dnaK2_1 dnaK2_2
[16:27:27] Fixed 2 duplicate /gene - moeA_1 moeA_2
[16:27:27] Fixed 2 duplicate /gene - pnp_1 pnp_2
[16:27:27] Fixed 2 duplicate /gene - ruvB_1 ruvB_2
[16:27:27] Fixed 2 duplicate /gene - COQ5_1 COQ5_2
[16:27:27] Fixed 2 duplicate /gene - hisB_1 hisB_2
[16:27:27] Fixed 2 duplicate /gene - cobN_1 cobN_2
[16:27:27] Fixed 2 duplicate /gene - era_1 era_2
[16:27:27] Fixed 2 duplicate /gene - clpB1_1 clpB1_2
[16:27:27] Fixed 3 duplicate /gene - iolG_1 iolG_2 iolG_3
[16:27:27] Fixed 2 duplicate /gene - ftsH2_1 ftsH2_2
[16:27:27] Fixed 2 duplicate /gene - moaE_1 moaE_2
[16:27:27] Fixed 2 duplicate /gene - atpG_1 atpG_2
[16:27:27] Fixed 2 duplicate /gene - atpH_1 atpH_2
[16:27:27] Fixed 2 duplicate /gene - bicA_1 bicA_2
[16:27:27] Fixed 3 duplicate /gene - moaA_1 moaA_2 moaA_3
[16:27:27] Fixed 4 duplicate /gene - mntB_1 mntB_2 mntB_3 mntB_4
[16:27:27] Fixed 2 duplicate /gene - moaB_1 moaB_2
[16:27:27] Fixed 2 duplicate /gene - nrtP_1 nrtP_2
[16:27:27] Fixed 2 duplicate /gene - prmC_1 prmC_2
[16:27:27] Fixed 2 duplicate /gene - ppa_1 ppa_2
[16:27:27] Fixed 2 duplicate /gene - gyrA_1 gyrA_2
[16:27:27] Fixed 2 duplicate /gene - pds_1 pds_2
[16:27:27] Fixed 3 duplicate /gene - menH_1 menH_2 menH_3
[16:27:27] Fixed 2 duplicate /gene - speA_1 speA_2
[16:27:27] Fixed 2 duplicate /gene - lig_1 lig_2
[16:27:27] Fixed 2 duplicate /gene - lpxD_1 lpxD_2
[16:27:27] Fixed 67 colliding /gene names.
[16:27:27] Adding /locus_tag identifiers
[16:27:27] Assigned 2103 locus_tags to CDS and RNA features.
[16:27:27] Writing outputs to /home/fmt073/work/Zhang/Prokka/Prbi/
[16:27:28] Generating annotation statistics file
[16:27:28] Generating Genbank and Sequin files
[16:27:28] Running: tbl2asn -V b -a r10k -l paired-ends -M n -N 1 -y 'Annotated using prokka 1.14.5 from https://github.com/tseemann/prokka' -Z \/home\/fmt073\/work\/Zhang\/Prokka\/Prbi\/Prbi\.err -i \/home\/fmt073\/work\/Zhang\/Prokka\/Prbi\/Prbi\.fsa 2> /dev/null
[16:27:32] Deleting unwanted file: /home/fmt073/work/Zhang/Prokka/Prbi/errorsummary.val
[16:27:32] Deleting unwanted file: /home/fmt073/work/Zhang/Prokka/Prbi/Prbi.dr
[16:27:32] Deleting unwanted file: /home/fmt073/work/Zhang/Prokka/Prbi/Prbi.fixedproducts
[16:27:32] Deleting unwanted file: /home/fmt073/work/Zhang/Prokka/Prbi/Prbi.ecn
[16:27:32] Deleting unwanted file: /home/fmt073/work/Zhang/Prokka/Prbi/Prbi.val
[16:27:32] Repairing broken .GBK output that tbl2asn produces...
[16:27:32] Running: sed 's/COORDINATES: profile/COORDINATES:profile/' < \/home\/fmt073\/work\/Zhang\/Prokka\/Prbi\/Prbi\.gbf > \/home\/fmt073\/work\/Zhang\/Prokka\/Prbi\/Prbi\.gbk
[16:27:32] Deleting unwanted file: /home/fmt073/work/Zhang/Prokka/Prbi/Prbi.gbf
[16:27:32] Output files:
[16:27:32] /home/fmt073/work/Zhang/Prokka/Prbi/Prbi.gbk
[16:27:32] /home/fmt073/work/Zhang/Prokka/Prbi/Prbi.fna
[16:27:32] /home/fmt073/work/Zhang/Prokka/Prbi/Prbi.txt
[16:27:32] /home/fmt073/work/Zhang/Prokka/Prbi/Prbi.err
[16:27:32] /home/fmt073/work/Zhang/Prokka/Prbi/Prbi.log
[16:27:32] /home/fmt073/work/Zhang/Prokka/Prbi/Prbi.gff
[16:27:32] /home/fmt073/work/Zhang/Prokka/Prbi/Prbi.faa
[16:27:32] /home/fmt073/work/Zhang/Prokka/Prbi/Prbi.fsa
[16:27:32] /home/fmt073/work/Zhang/Prokka/Prbi/Prbi.sqn
[16:27:32] /home/fmt073/work/Zhang/Prokka/Prbi/Prbi.ffn
[16:27:32] /home/fmt073/work/Zhang/Prokka/Prbi/Prbi.tbl
[16:27:32] /home/fmt073/work/Zhang/Prokka/Prbi/Prbi.tsv
[16:27:32] Annotation finished successfully.
[16:27:32] Walltime used: 14.57 minutes
[16:27:32] If you use this result please cite the Prokka paper:
[16:27:32] Seemann T (2014) Prokka: rapid prokaryotic genome annotation. Bioinformatics. 30(14):2068-9.
[16:27:32] Type 'prokka --citation' for more details.
[16:27:32] Thank you, come again.
