[16:13:14] This is prokka 1.14.5
[16:13:14] Written by Torsten Seemann <torsten.seemann@gmail.com>
[16:13:14] Homepage is https://github.com/tseemann/prokka
[16:13:14] Local time is Thu Oct 16 16:13:14 2025
[16:13:14] You are fmt073
[16:13:14] Operating system is linux
[16:13:14] You have BioPerl 1.7.8
[16:13:15] System has 128 cores.
[16:13:15] Will use maximum of 1 cores.
[16:13:15] Annotating as >>> Bacteria <<<
[16:13:15] Enabling options to ensure Genbank/ENA/DDJB submission compliance.
[16:13:15] Creating new output folder: /home/fmt073/work/Zhang/Prokka/Prbb
[16:13:15] Running: mkdir -p \/home\/fmt073\/work\/Zhang\/Prokka\/Prbb
[16:13:15] Using filename prefix: Prbb.XXX
[16:13:15] Setting HMMER_NCPU=1
[16:13:15] Writing log to: /home/fmt073/work/Zhang/Prokka/Prbb/Prbb.log
[16:13:15] Command: /usr/local/bioinfo/src/PROKKA/prokka-1.14.5/bin/prokka /home/fmt073/work/Zhang/DNA/Prbb.fna --outdir /home/fmt073/work/Zhang/Prokka/Prbb --compliant --addgenes --prefix Prbb --locustag Prbb.g --genus Prochlorococcus --species Prochlorococcus marinus --strain NATL1A --kingdom Bacteria --cpus 1
[16:13:15] Appending to PATH: /usr/local/bioinfo/src/PROKKA/prokka-1.14.5/bin/../binaries/linux
[16:13:15] Appending to PATH: /usr/local/bioinfo/src/PROKKA/prokka-1.14.5/bin/../binaries/linux/../common
[16:13:15] Appending to PATH: /usr/local/bioinfo/src/PROKKA/prokka-1.14.5/bin
[16:13:15] Looking for 'aragorn' - found /usr/local/bioinfo/src/PROKKA/prokka-1.14.5/binaries/linux/aragorn
[16:13:15] Determined aragorn version is 001002 from 'ARAGORN v1.2.38 Dean Laslett'
[16:13:15] Looking for 'blastp' - found /usr/local/bioinfo/src/PROKKA/prokka-1.14.5/binaries/linux/blastp
[16:13:15] Determined blastp version is 002009 from 'blastp: 2.9.0+'
[16:13:15] Looking for 'cmpress' - found /usr/local/bioinfo/src/PROKKA/prokka-1.14.5/binaries/linux/cmpress
[16:13:15] Determined cmpress version is 001001 from '# INFERNAL 1.1.2 (July 2016)'
[16:13:15] Looking for 'cmscan' - found /usr/local/bioinfo/src/PROKKA/prokka-1.14.5/binaries/linux/cmscan
[16:13:15] Determined cmscan version is 001001 from '# INFERNAL 1.1.2 (July 2016)'
[16:13:15] Looking for 'egrep' - found /usr/bin/egrep
[16:13:15] Looking for 'find' - found /usr/bin/find
[16:13:15] Looking for 'grep' - found /usr/bin/grep
[16:13:15] Looking for 'hmmpress' - found /usr/local/bioinfo/src/PROKKA/prokka-1.14.5/binaries/linux/hmmpress
[16:13:15] Determined hmmpress version is 003001 from '# HMMER 3.1b2 (February 2015); http://hmmer.org/'
[16:13:15] Looking for 'hmmscan' - found /usr/local/bioinfo/src/PROKKA/prokka-1.14.5/binaries/linux/hmmscan
[16:13:15] Determined hmmscan version is 003001 from '# HMMER 3.1b2 (February 2015); http://hmmer.org/'
[16:13:15] Looking for 'java' - found /usr/bin/java
[16:13:15] Looking for 'makeblastdb' - found /usr/local/bioinfo/src/PROKKA/prokka-1.14.5/binaries/linux/makeblastdb
[16:13:15] Determined makeblastdb version is 002009 from 'makeblastdb: 2.9.0+'
[16:13:15] Looking for 'minced' - found /usr/local/bioinfo/src/PROKKA/prokka-1.14.5/binaries/common/minced
[16:13:15] Determined minced version is 002000 from 'minced 0.2.0'
[16:13:15] Looking for 'parallel' - found /usr/local/bioinfo/src/PROKKA/prokka-1.14.5/binaries/common/parallel
[16:13:15] Determined parallel version is 20150122 from 'GNU parallel 20150122'
[16:13:15] Looking for 'prodigal' - found /usr/local/bioinfo/src/PROKKA/prokka-1.14.5/binaries/linux/prodigal
[16:13:15] Determined prodigal version is 002006 from 'Prodigal V2.6.3: February, 2016'
[16:13:15] Looking for 'prokka-genbank_to_fasta_db' - found /usr/local/bioinfo/src/PROKKA/prokka-1.14.5/bin/prokka-genbank_to_fasta_db
[16:13:15] Looking for 'sed' - found /usr/bin/sed
[16:13:15] Looking for 'tbl2asn' - found /usr/local/bioinfo/src/PROKKA/prokka-1.14.5/binaries/linux/tbl2asn
[16:13:15] Determined tbl2asn version is 025008 from 'tbl2asn 25.8   arguments:'
[16:13:15] Using genetic code table 11.
[16:13:15] Loading and checking input file: /home/fmt073/work/Zhang/DNA/Prbb.fna
[16:13:15] Wrote 1 contigs totalling 1864731 bp.
[16:13:15] Predicting tRNAs and tmRNAs
[16:13:15] Running: aragorn -l -gc11  -w \/home\/fmt073\/work\/Zhang\/Prokka\/Prbb\/Prbb\.fna
[16:13:16] 1 tmRNA* c[112467,112775] 168,218 ANNIVSFSRQTAPVAA*
[16:13:16] 2 tRNA-Leu c[121740,121823] 36 (aag)
[16:13:16] 3 tRNA-Asn [184995,185066] 33 (gtt)
[16:13:16] 4 tRNA-Leu c[292934,293016] 35 (tag)
[16:13:16] 5 tRNA-Arg c[311854,311929] 36 (acg)
[16:13:16] 6 tRNA-Met c[327520,327594] 35 (cat)
[16:13:16] 7 tRNA-Phe c[367429,367504] 34 (gaa)
[16:13:16] 8 tRNA-Thr c[377709,377782] 34 (tgt)
[16:13:16] 9 tRNA-Ile [387468,387543] 36 (gat)
[16:13:16] 10 tRNA-Ala [387552,387625] 34 (tgc)
[16:13:16] 11 tRNA-Thr c[402169,402240] 33 (ggt)
[16:13:16] 12 tRNA-Tyr c[402252,402333] 35 (gta)
[16:13:16] 13 tRNA-Asp c[481453,481528] 36 (gtc)
[16:13:16] 14 tRNA-Trp c[481953,482027] 35 (cca)
[16:13:16] 15 tRNA-Leu c[569394,569481] 36 (taa)
[16:13:16] 16 tRNA-Ser c[659767,659855] 36 (tga)
[16:13:16] 17 tRNA-Met c[825916,825992] 35 (cat)
[16:13:16] 18 tRNA-Pro c[851006,851079] 35 (ggg)
[16:13:16] 19 tRNA-Ser [900647,900733] 35 (gga)
[16:13:16] 20 tRNA-Met [951623,951696] 35 (cat)
[16:13:16] 21 tRNA-Gly [1092399,1092470] 33 (ccc)
[16:13:16] 22 tRNA-Pro c[1164253,1164326] 35 (tgg)
[16:13:16] 23 tRNA-Lys c[1173518,1173589] 33 (ttt)
[16:13:16] 24 tRNA-Glu [1220977,1221051] 36 (ttc)
[16:13:16] 25 tRNA-Ser c[1322000,1322087] 35 (cga)
[16:13:16] 26 tRNA-Arg [1362132,1362207] 36 (tct)
[16:13:16] 27 tRNA-Ala c[1365192,1365266] 35 (ggc)
[16:13:16] 28 tRNA-Leu [1406107,1406189] 35 (caa)
[16:13:16] 29 tRNA-His [1411489,1411562] 34 (gtg)
[16:13:16] 30 tRNA-Gly c[1431885,1431955] 33 (tcc)
[16:13:16] 31 tRNA-Val [1464793,1464864] 33 (gac)
[16:13:16] 32 tRNA-Thr [1560859,1560932] 34 (cgt)
[16:13:16] 33 tRNA-Ser c[1629145,1629235] 36 (gct)
[16:13:16] 34 tRNA-Gln [1649641,1649712] 33 (ttg)
[16:13:16] 35 tRNA-Arg [1662951,1663026] 36 (ccg)
[16:13:16] 36 tRNA-Cys [1678924,1678994] 33 (gca)
[16:13:16] 37 tRNA-Arg c[1698544,1698617] 35 (cct)
[16:13:16] 38 tRNA-Gly c[1765039,1765110] 33 (gcc)
[16:13:16] 39 tRNA-Val c[1813934,1814008] 34 (tac)
[16:13:16] Found 39 tRNAs
[16:13:16] Predicting Ribosomal RNAs
[16:13:16] You need either Barrnap or RNAmmer installed to predict rRNAs!
[16:13:16] Skipping ncRNA search, enable with --rfam if desired.
[16:13:16] Total of 38 tRNA + rRNA features
[16:13:16] Searching for CRISPR repeats
[16:13:16] Found 0 CRISPRs
[16:13:16] Predicting coding sequences
[16:13:16] Contigs total 1864731 bp, so using single mode
[16:13:16] Running: prodigal -i \/home\/fmt073\/work\/Zhang\/Prokka\/Prbb\/Prbb\.fna -c -m -g 11 -p single -f sco -q
[16:13:19] Excluding CDS which overlaps existing RNA (tRNA) at gnl|Prokka|Prbb.g_1:311929..312408 on + strand
[16:13:19] Excluding CDS which overlaps existing RNA (tRNA) at gnl|Prokka|Prbb.g_1:480002..481480 on - strand
[16:13:20] Excluding CDS which overlaps existing RNA (tRNA) at gnl|Prokka|Prbb.g_1:1406116..1407378 on + strand
[16:13:20] Excluding CDS which overlaps existing RNA (tRNA) at gnl|Prokka|Prbb.g_1:1560560..1560922 on - strand
[16:13:20] Excluding CDS which overlaps existing RNA (tRNA) at gnl|Prokka|Prbb.g_1:1677646..1679070 on - strand
[16:13:20] Found 2150 CDS
[16:13:20] Connecting features back to sequences
[16:13:20] Not using genus-specific database. Try --usegenus to enable it.
[16:13:20] Annotating CDS, please be patient.
[16:13:20] Will use 1 CPUs for similarity searching.
[16:13:20] There are still 2150 unannotated CDS left (started with 2150)
[16:13:20] Will use blast to search against /usr/local/bioinfo/src/PROKKA/prokka-1.14.5/db/kingdom/Bacteria/IS with 1 CPUs
[16:13:20] Running: cat \/home\/fmt073\/work\/Zhang\/Prokka\/Prbb\/Prbb\.IS\.tmp\.4088264\.faa | parallel --gnu --plain -j 1 --block 275855 --recstart '>' --pipe blastp -query - -db /usr/local/bioinfo/src/PROKKA/prokka-1.14.5/db/kingdom/Bacteria/IS -evalue 1e-30 -qcov_hsp_perc 90 -num_threads 1 -num_descriptions 1 -num_alignments 1 -seg no > \/home\/fmt073\/work\/Zhang\/Prokka\/Prbb\/Prbb\.IS\.tmp\.4088264\.blast 2> /dev/null
[16:13:47] Deleting unwanted file: /home/fmt073/work/Zhang/Prokka/Prbb/Prbb.IS.tmp.4088264.faa
[16:13:47] Deleting unwanted file: /home/fmt073/work/Zhang/Prokka/Prbb/Prbb.IS.tmp.4088264.blast
[16:13:48] There are still 2149 unannotated CDS left (started with 2150)
[16:13:48] Will use blast to search against /usr/local/bioinfo/src/PROKKA/prokka-1.14.5/db/kingdom/Bacteria/AMR with 1 CPUs
[16:13:48] Running: cat \/home\/fmt073\/work\/Zhang\/Prokka\/Prbb\/Prbb\.AMR\.tmp\.4088264\.faa | parallel --gnu --plain -j 1 --block 275699 --recstart '>' --pipe blastp -query - -db /usr/local/bioinfo/src/PROKKA/prokka-1.14.5/db/kingdom/Bacteria/AMR -evalue 9.99999999999999e-301 -qcov_hsp_perc 90 -num_threads 1 -num_descriptions 1 -num_alignments 1 -seg no > \/home\/fmt073\/work\/Zhang\/Prokka\/Prbb\/Prbb\.AMR\.tmp\.4088264\.blast 2> /dev/null
[16:14:07] Deleting unwanted file: /home/fmt073/work/Zhang/Prokka/Prbb/Prbb.AMR.tmp.4088264.faa
[16:14:07] Deleting unwanted file: /home/fmt073/work/Zhang/Prokka/Prbb/Prbb.AMR.tmp.4088264.blast
[16:14:07] There are still 2149 unannotated CDS left (started with 2150)
[16:14:07] Will use blast to search against /usr/local/bioinfo/src/PROKKA/prokka-1.14.5/db/kingdom/Bacteria/sprot with 1 CPUs
[16:14:07] Running: cat \/home\/fmt073\/work\/Zhang\/Prokka\/Prbb\/Prbb\.sprot\.tmp\.4088264\.faa | parallel --gnu --plain -j 1 --block 275699 --recstart '>' --pipe blastp -query - -db /usr/local/bioinfo/src/PROKKA/prokka-1.14.5/db/kingdom/Bacteria/sprot -evalue 1e-09 -qcov_hsp_perc 80 -num_threads 1 -num_descriptions 1 -num_alignments 1 -seg no > \/home\/fmt073\/work\/Zhang\/Prokka\/Prbb\/Prbb\.sprot\.tmp\.4088264\.blast 2> /dev/null
[16:15:56] Modify product: Probable cysteine desulfurase => putative cysteine desulfurase
[16:15:56] Modify product: Uncharacterized ABC transporter ATP-binding protein YheS => putative ABC transporter ATP-binding protein YheS
[16:15:56] Modify product: Vitamin K epoxide reductase homolog => Vitamin K epoxide reductase 
[16:15:56] Modify product: Protein aq_1857 => Protein
[16:15:56] Modify product: Epimerase family protein SA0724 => Epimerase family protein
[16:15:56] Modify product: Probable adenylyl-sulfate kinase => putative adenylyl-sulfate kinase
[16:15:56] Modify product: Probable glutaredoxin ssr2061 => putative glutaredoxin
[16:15:56] Modify product: Probable nicotinate-nucleotide pyrophosphorylase [carboxylating] => putative nicotinate-nucleotide pyrophosphorylase [carboxylating]
[16:15:56] Modify product: Probable protein kinase UbiB => putative protein kinase UbiB
[16:15:56] Modify product: Probable bifunctional SAT/APS kinase => putative bifunctional SAT/APS kinase
[16:15:56] Modify product: UPF0053 inner membrane protein YtfL => hypothetical protein
[16:15:56] Modify product: Uncharacterized phycocyanin operon protein Z => putative phycocyanin operon protein Z
[16:15:56] Modify product: Probable phycoerythrobilin lyase CpeT => putative phycoerythrobilin lyase CpeT
[16:15:56] Modify product: Probable cysteine desulfurase => putative cysteine desulfurase
[16:15:56] Modify product: Phage shock protein A homolog => Phage shock protein A 
[16:15:56] Modify product: Uncharacterized ABC transporter ATP-binding protein YknY => putative ABC transporter ATP-binding protein YknY
[16:15:56] Modify product: Probable cytochrome c oxidase subunit 1 => putative cytochrome c oxidase subunit 1
[16:15:56] Modify product: Rqc2 homolog RqcH => Rqc2 RqcH
[16:15:56] Modify product: UPF0234 protein Rv0566c => hypothetical protein
[16:15:56] Modify product: Thylakoid-associated single-stranded DNA-binding protein slr1034 => Thylakoid-associated single-stranded DNA-binding protein
[16:15:56] Modify product: Probable multidrug resistance ABC transporter ATP-binding/permease protein YheH => putative multidrug resistance ABC transporter ATP-binding/permease protein YheH
[16:15:56] Modify product: Uncharacterized periplasmic iron-binding protein HI_0362 => putative periplasmic iron-binding protein
[16:15:56] Modify product: Probable 2-phosphosulfolactate phosphatase => putative 2-phosphosulfolactate phosphatase
[16:15:56] Modify product: Probable hydrolase YcaC => putative hydrolase YcaC
[16:15:56] Modify product: Probable ABC transporter phosphite binding protein PhnD1 => putative ABC transporter phosphite binding protein PhnD1
[16:15:56] Modify product: Uncharacterized protein HI_0933 => putative protein
[16:15:56] Modify product: Uncharacterized zinc protease Rv2782c => putative zinc protease
[16:15:56] Modify product: Uncharacterized ABC transporter ATP-binding protein Rv0986 => putative ABC transporter ATP-binding protein
[16:15:56] Modify product: Uncharacterized sugar epimerase YhfK => putative sugar epimerase YhfK
[16:15:57] Modify product: Uncharacterized ABC transporter ATP-binding protein YlmA => putative ABC transporter ATP-binding protein YlmA
[16:15:57] Modify product: Probable undecaprenyl-phosphate N-acetylglucosaminyl 1-phosphate transferase => putative undecaprenyl-phosphate N-acetylglucosaminyl 1-phosphate transferase
[16:15:57] Modify product: Probable membrane transporter protein YfcA => putative membrane transporter protein YfcA
[16:15:57] Modify product: Probable multidrug resistance ABC transporter ATP-binding/permease protein YheI => putative multidrug resistance ABC transporter ATP-binding/permease protein YheI
[16:15:57] Modify product: Putative multidrug export ATP-binding/permease protein SAV1866 => Putative multidrug export ATP-binding/permease protein
[16:15:57] Modify product: Probable chromate transport protein => putative chromate transport protein
[16:15:57] Modify product: Uncharacterized protein RP812 => putative protein RP812
[16:15:57] Modify product: Uncharacterized ABC transporter ATP-binding protein TM_0288 => putative ABC transporter ATP-binding protein
[16:15:57] Modify product: Bifunctional protein FolD => Bifunctional protein FolD protein
[16:15:57] Modify product: 1,4-alpha-glucan branching enzyme TTHA1902 => 1,4-alpha-glucan branching enzyme
[16:15:57] Modify product: Uncharacterized oxidoreductase MSMEG_1603/MSMEI_1564 => putative oxidoreductase/MSMEI_1564
[16:15:57] Modify product: Uncharacterized tRNA/rRNA methyltransferase HI_0380 => putative tRNA/rRNA methyltransferase
[16:15:57] Modify product: Uncharacterized protein Rv2411c => putative protein
[16:15:57] Modify product: PKHD-type hydroxylase Sbal_3634 => PKHD-type hydroxylase
[16:15:57] Modify product: Uncharacterized protein alr4550 => putative protein
[16:15:57] Modify product: Uncharacterized PIN and TRAM-domain containing protein YacL => putative PIN and TRAM-domain containing protein YacL
[16:15:57] Modify product: Glycogen operon protein GlgX homolog => Glycogen operon protein GlgX 
[16:15:57] Modify product: UPF0053 protein Rv2366c => hypothetical protein
[16:15:57] Modify product: Probable nicotinate-nucleotide adenylyltransferase => putative nicotinate-nucleotide adenylyltransferase
[16:15:57] Modify product: Probable peptidoglycan glycosyltransferase FtsW => putative peptidoglycan glycosyltransferase FtsW
[16:15:57] Modify product: Probable helicase HelY => putative helicase HelY
[16:15:57] Modify product: Probable ketoamine kinase HMPREF0351_12196 => putative ketoamine kinase
[16:15:57] Modify product: Probable adenylyltransferase/sulfurtransferase MoeZ => putative adenylyltransferase/sulfurtransferase MoeZ
[16:15:57] Modify product: Putative low molecular weight protein-tyrosine-phosphatase slr0328 => Putative low molecular weight protein-tyrosine-phosphatase
[16:15:57] Modify product: Probable formate transporter 1 => putative formate transporter 1
[16:15:57] Modify product: Uncharacterized protein YbiB => putative protein YbiB
[16:15:57] Cleaned 55 /product names
[16:15:57] Deleting unwanted file: /home/fmt073/work/Zhang/Prokka/Prbb/Prbb.sprot.tmp.4088264.faa
[16:15:57] Deleting unwanted file: /home/fmt073/work/Zhang/Prokka/Prbb/Prbb.sprot.tmp.4088264.blast
[16:15:57] There are still 1317 unannotated CDS left (started with 2150)
[16:15:57] Will use hmmer3 to search against /usr/local/bioinfo/src/PROKKA/prokka-1.14.5/db/hmm/HAMAP.hmm with 1 CPUs
[16:15:57] Running: cat \/home\/fmt073\/work\/Zhang\/Prokka\/Prbb\/Prbb\.HAMAP\.hmm\.tmp\.4088264\.faa | parallel --gnu --plain -j 1 --block 125838 --recstart '>' --pipe hmmscan --noali --notextw --acc -E 1e-09 --cpu 1 /usr/local/bioinfo/src/PROKKA/prokka-1.14.5/db/hmm/HAMAP.hmm /dev/stdin > \/home\/fmt073\/work\/Zhang\/Prokka\/Prbb\/Prbb\.HAMAP\.hmm\.tmp\.4088264\.hmmer3 2> /dev/null
[16:27:49] Deleting unwanted file: /home/fmt073/work/Zhang/Prokka/Prbb/Prbb.HAMAP.hmm.tmp.4088264.faa
[16:27:49] Deleting unwanted file: /home/fmt073/work/Zhang/Prokka/Prbb/Prbb.HAMAP.hmm.tmp.4088264.hmmer3
[16:27:49] Labelling remaining 1152 proteins as 'hypothetical protein'
[16:27:49] Possible /pseudo 'NAD(P)H-quinone oxidoreductase subunit 2' at gnl|Prokka|Prbb.g_1 position 444918
[16:27:49] Possible /pseudo 'Bifunctional protein GlmU' at gnl|Prokka|Prbb.g_1 position 615012
[16:27:49] Possible /pseudo 'ATP-dependent Clp protease proteolytic subunit' at gnl|Prokka|Prbb.g_1 position 1420814
[16:27:49] Possible /pseudo 'DNA-directed RNA polymerase subunit beta'' at gnl|Prokka|Prbb.g_1 position 1544451
[16:27:49] Possible /pseudo 'Putative fluoride ion transporter CrcB' at gnl|Prokka|Prbb.g_1 position 1728506
[16:27:49] Possible /pseudo 'D-inositol-3-phosphate glycosyltransferase' at gnl|Prokka|Prbb.g_1 position 1748701
[16:27:49] Found 850 unique /gene codes.
[16:27:49] Fixed 2 duplicate /gene - csd_1 csd_2
[16:27:49] Fixed 2 duplicate /gene - mnmC_1 mnmC_2
[16:27:49] Fixed 2 duplicate /gene - msrA_1 msrA_2
[16:27:49] Fixed 2 duplicate /gene - gmd_1 gmd_2
[16:27:49] Fixed 3 duplicate /gene - menH_1 menH_2 menH_3
[16:27:49] Fixed 3 duplicate /gene - psbA_1 psbA_2 psbA_3
[16:27:49] Fixed 2 duplicate /gene - sir_1 sir_2
[16:27:49] Fixed 4 duplicate /gene - clpP_1 clpP_2 clpP_3 clpP_4
[16:27:49] Fixed 2 duplicate /gene - clpS_1 clpS_2
[16:27:49] Fixed 2 duplicate /gene - COQ3_1 COQ3_2
[16:27:49] Fixed 2 duplicate /gene - cbpA_1 cbpA_2
[16:27:49] Fixed 2 duplicate /gene - speA_1 speA_2
[16:27:49] Fixed 2 duplicate /gene - atpG_1 atpG_2
[16:27:49] Fixed 3 duplicate /gene - mntB_1 mntB_2 mntB_3
[16:27:49] Fixed 2 duplicate /gene - hisF_1 hisF_2
[16:27:49] Fixed 2 duplicate /gene - dfa3_1 dfa3_2
[16:27:49] Fixed 2 duplicate /gene - crtL_1 crtL_2
[16:27:49] Fixed 3 duplicate /gene - dnaJ_1 dnaJ_2 dnaJ_3
[16:27:49] Fixed 2 duplicate /gene - dnaK2_1 dnaK2_2
[16:27:49] Fixed 3 duplicate /gene - sasA_1 sasA_2 sasA_3
[16:27:49] Fixed 2 duplicate /gene - crcB_1 crcB_2
[16:27:49] Fixed 2 duplicate /gene - hisH_1 hisH_2
[16:27:49] Fixed 3 duplicate /gene - cpoB_1 cpoB_2 cpoB_3
[16:27:49] Fixed 2 duplicate /gene - pds_1 pds_2
[16:27:49] Fixed 2 duplicate /gene - menA_1 menA_2
[16:27:49] Fixed 2 duplicate /gene - der_1 der_2
[16:27:49] Fixed 2 duplicate /gene - tam_1 tam_2
[16:27:49] Fixed 2 duplicate /gene - arnT_1 arnT_2
[16:27:49] Fixed 2 duplicate /gene - pnp_1 pnp_2
[16:27:49] Fixed 2 duplicate /gene - ndhD1_1 ndhD1_2
[16:27:49] Fixed 2 duplicate /gene - cmoM_1 cmoM_2
[16:27:49] Fixed 2 duplicate /gene - nadK_1 nadK_2
[16:27:49] Fixed 3 duplicate /gene - ruvB_1 ruvB_2 ruvB_3
[16:27:49] Fixed 2 duplicate /gene - glmU_1 glmU_2
[16:27:49] Fixed 2 duplicate /gene - COQ5_1 COQ5_2
[16:27:49] Fixed 3 duplicate /gene - ubiB_1 ubiB_2 ubiB_3
[16:27:49] Fixed 2 duplicate /gene - era_1 era_2
[16:27:49] Fixed 2 duplicate /gene - menF_1 menF_2
[16:27:49] Fixed 6 duplicate /gene - mshA_1 mshA_2 mshA_3 mshA_4 mshA_5 mshA_6
[16:27:49] Fixed 2 duplicate /gene - gph_1 gph_2
[16:27:49] Fixed 2 duplicate /gene - ndhB_1 ndhB_2
[16:27:49] Fixed 3 duplicate /gene - ligA_1 ligA_2 ligA_3
[16:27:49] Fixed 2 duplicate /gene - ftsH2_1 ftsH2_2
[16:27:49] Fixed 2 duplicate /gene - rnr_1 rnr_2
[16:27:49] Fixed 2 duplicate /gene - kmo_1 kmo_2
[16:27:49] Fixed 2 duplicate /gene - trpC_1 trpC_2
[16:27:49] Fixed 2 duplicate /gene - lpxB_1 lpxB_2
[16:27:49] Fixed 4 duplicate /gene - sigA2_1 sigA2_2 sigA2_3 sigA2_4
[16:27:49] Fixed 2 duplicate /gene - sphR_1 sphR_2
[16:27:49] Fixed 2 duplicate /gene - ppa_1 ppa_2
[16:27:49] Fixed 2 duplicate /gene - iscS_1 iscS_2
[16:27:49] Fixed 2 duplicate /gene - clpB1_1 clpB1_2
[16:27:49] Fixed 2 duplicate /gene - hhoA_1 hhoA_2
[16:27:49] Fixed 2 duplicate /gene - lpxD_1 lpxD_2
[16:27:49] Fixed 2 duplicate /gene - gyrA_1 gyrA_2
[16:27:49] Fixed 2 duplicate /gene - recD_1 recD_2
[16:27:49] Fixed 2 duplicate /gene - atpH_1 atpH_2
[16:27:49] Fixed 2 duplicate /gene - mfd_1 mfd_2
[16:27:49] Fixed 2 duplicate /gene - dsbD_1 dsbD_2
[16:27:49] Fixed 4 duplicate /gene - bcp_1 bcp_2 bcp_3 bcp_4
[16:27:49] Fixed 2 duplicate /gene - cysQ_1 cysQ_2
[16:27:49] Fixed 2 duplicate /gene - pcbB_1 pcbB_2
[16:27:49] Fixed 3 duplicate /gene - btuD_1 btuD_2 btuD_3
[16:27:49] Fixed 63 colliding /gene names.
[16:27:49] Adding /locus_tag identifiers
[16:27:49] Assigned 2189 locus_tags to CDS and RNA features.
[16:27:49] Writing outputs to /home/fmt073/work/Zhang/Prokka/Prbb/
[16:27:50] Generating annotation statistics file
[16:27:50] Generating Genbank and Sequin files
[16:27:50] Running: tbl2asn -V b -a r10k -l paired-ends -M n -N 1 -y 'Annotated using prokka 1.14.5 from https://github.com/tseemann/prokka' -Z \/home\/fmt073\/work\/Zhang\/Prokka\/Prbb\/Prbb\.err -i \/home\/fmt073\/work\/Zhang\/Prokka\/Prbb\/Prbb\.fsa 2> /dev/null
[16:27:53] Deleting unwanted file: /home/fmt073/work/Zhang/Prokka/Prbb/errorsummary.val
[16:27:53] Deleting unwanted file: /home/fmt073/work/Zhang/Prokka/Prbb/Prbb.dr
[16:27:53] Deleting unwanted file: /home/fmt073/work/Zhang/Prokka/Prbb/Prbb.fixedproducts
[16:27:53] Deleting unwanted file: /home/fmt073/work/Zhang/Prokka/Prbb/Prbb.ecn
[16:27:53] Deleting unwanted file: /home/fmt073/work/Zhang/Prokka/Prbb/Prbb.val
[16:27:53] Repairing broken .GBK output that tbl2asn produces...
[16:27:53] Running: sed 's/COORDINATES: profile/COORDINATES:profile/' < \/home\/fmt073\/work\/Zhang\/Prokka\/Prbb\/Prbb\.gbf > \/home\/fmt073\/work\/Zhang\/Prokka\/Prbb\/Prbb\.gbk
[16:27:53] Deleting unwanted file: /home/fmt073/work/Zhang/Prokka/Prbb/Prbb.gbf
[16:27:53] Output files:
[16:27:53] /home/fmt073/work/Zhang/Prokka/Prbb/Prbb.gff
[16:27:53] /home/fmt073/work/Zhang/Prokka/Prbb/Prbb.sqn
[16:27:53] /home/fmt073/work/Zhang/Prokka/Prbb/Prbb.txt
[16:27:53] /home/fmt073/work/Zhang/Prokka/Prbb/Prbb.tsv
[16:27:53] /home/fmt073/work/Zhang/Prokka/Prbb/Prbb.err
[16:27:53] /home/fmt073/work/Zhang/Prokka/Prbb/Prbb.gbk
[16:27:53] /home/fmt073/work/Zhang/Prokka/Prbb/Prbb.log
[16:27:53] /home/fmt073/work/Zhang/Prokka/Prbb/Prbb.faa
[16:27:53] /home/fmt073/work/Zhang/Prokka/Prbb/Prbb.fsa
[16:27:53] /home/fmt073/work/Zhang/Prokka/Prbb/Prbb.ffn
[16:27:53] /home/fmt073/work/Zhang/Prokka/Prbb/Prbb.tbl
[16:27:53] /home/fmt073/work/Zhang/Prokka/Prbb/Prbb.fna
[16:27:53] Annotation finished successfully.
[16:27:53] Walltime used: 14.65 minutes
[16:27:53] If you use this result please cite the Prokka paper:
[16:27:53] Seemann T (2014) Prokka: rapid prokaryotic genome annotation. Bioinformatics. 30(14):2068-9.
[16:27:53] Type 'prokka --citation' for more details.
[16:27:53] Share and enjoy!
