#  emapper-2.1.13
# emapper.py  -i /home/fmt073/work/Zhang/Prokka/Prbd/Prbd.faa --cpu 4 --output /home/fmt073/work/Zhang/EggNOG/Prbd -m diamond
[1;33m  /usr/local/bioinfo/src/eggNOG-mapper/eggnog-mapper-2.1.13/eggnog-mapper-2.1.13_venv/lib/python3.7/site-packages/eggnog_mapper-2.1.13-py3.7.egg/eggnogmapper/bin/diamond blastp -d '/work/bank2/eggnog-mapper/eggnog-mapper-2.1.13/data/eggnog_proteins.dmnd' -q '/work/user/fmt073/Zhang/Prokka/Prbd/Prbd.faa' --threads 4 -o '/home/fmt073/work/Zhang/EggNOG/Prbd.emapper.hits' --tmpdir '/work/user/fmt073/Prochlorococcus/script/emappertmp_dmdn_ns8g0pyi' --sensitive --iterate -e 0.001 --top 3  --outfmt 6 qseqid sseqid pident length mismatch gapopen qstart qend sstart send evalue bitscore qcovhsp scovhsp[0m
[32mDone[0m
[1;33mResult files:[0m
   /home/fmt073/work/Zhang/EggNOG/Prbd.emapper.hits
   /home/fmt073/work/Zhang/EggNOG/Prbd.emapper.seed_orthologs
   /home/fmt073/work/Zhang/EggNOG/Prbd.emapper.annotations

================================================================================
CITATION:
If you use this software, please cite:

[1] eggNOG-mapper v2: functional annotation, orthology assignments, and domain 
      prediction at the metagenomic scale. Carlos P. Cantalapiedra, 
      Ana Hernandez-Plaza, Ivica Letunic, Peer Bork, Jaime Huerta-Cepas. 2021.
      Molecular Biology and Evolution, msab293, https://doi.org/10.1093/molbev/msab293

[2] eggNOG 5.0: a hierarchical, functionally and phylogenetically annotated
      orthology resource based on 5090 organisms and 2502 viruses. Jaime
      Huerta-Cepas, Damian Szklarczyk, Davide Heller, Ana Hernandez-Plaza,
      Sofia K Forslund, Helen Cook, Daniel R Mende, Ivica Letunic, Thomas
      Rattei, Lars J Jensen, Christian von Mering and Peer Bork. Nucleic Acids
      Research, Volume 47, Issue D1, 8 January 2019, Pages D309-D314,
      https://doi.org/10.1093/nar/gky1085 

[3] Sensitive protein alignments at tree-of-life scale using DIAMOND.
       Buchfink B, Reuter K, Drost HG. 2021.
       Nature Methods 18, 366–368 (2021). https://doi.org/10.1038/s41592-021-01101-x

e.g. Functional annotation was performed using eggNOG-mapper (version emapper-2.1.13) [1]
 based on eggNOG orthology data [2]. Sequence searches were performed using [3].

================================================================================

Total hits processed: 1847
Total time: 404 secs
FINISHED
