[16:12:38] This is prokka 1.14.5
[16:12:38] Written by Torsten Seemann <torsten.seemann@gmail.com>
[16:12:38] Homepage is https://github.com/tseemann/prokka
[16:12:38] Local time is Thu Oct 16 16:12:38 2025
[16:12:38] You are fmt073
[16:12:38] Operating system is linux
[16:12:38] You have BioPerl 1.7.8
[16:12:38] System has 128 cores.
[16:12:38] Will use maximum of 1 cores.
[16:12:38] Annotating as >>> Bacteria <<<
[16:12:38] Enabling options to ensure Genbank/ENA/DDJB submission compliance.
[16:12:38] Creating new output folder: /home/fmt073/work/Zhang/Prokka/Prak
[16:12:38] Running: mkdir -p \/home\/fmt073\/work\/Zhang\/Prokka\/Prak
[16:12:38] Using filename prefix: Prak.XXX
[16:12:38] Setting HMMER_NCPU=1
[16:12:38] Writing log to: /home/fmt073/work/Zhang/Prokka/Prak/Prak.log
[16:12:38] Command: /usr/local/bioinfo/src/PROKKA/prokka-1.14.5/bin/prokka /home/fmt073/work/Zhang/DNA/Prak.fna --outdir /home/fmt073/work/Zhang/Prokka/Prak --compliant --addgenes --prefix Prak --locustag Prak.g --genus Prochlorococcus --species Prochlorococcus marinus --strain CCMP1375; SS120 --kingdom Bacteria --cpus 1
[16:12:38] Appending to PATH: /usr/local/bioinfo/src/PROKKA/prokka-1.14.5/bin/../binaries/linux
[16:12:38] Appending to PATH: /usr/local/bioinfo/src/PROKKA/prokka-1.14.5/bin/../binaries/linux/../common
[16:12:38] Appending to PATH: /usr/local/bioinfo/src/PROKKA/prokka-1.14.5/bin
[16:12:38] Looking for 'aragorn' - found /usr/local/bioinfo/src/PROKKA/prokka-1.14.5/binaries/linux/aragorn
[16:12:38] Determined aragorn version is 001002 from 'ARAGORN v1.2.38 Dean Laslett'
[16:12:38] Looking for 'blastp' - found /usr/local/bioinfo/src/PROKKA/prokka-1.14.5/binaries/linux/blastp
[16:12:38] Determined blastp version is 002009 from 'blastp: 2.9.0+'
[16:12:38] Looking for 'cmpress' - found /usr/local/bioinfo/src/PROKKA/prokka-1.14.5/binaries/linux/cmpress
[16:12:38] Determined cmpress version is 001001 from '# INFERNAL 1.1.2 (July 2016)'
[16:12:38] Looking for 'cmscan' - found /usr/local/bioinfo/src/PROKKA/prokka-1.14.5/binaries/linux/cmscan
[16:12:38] Determined cmscan version is 001001 from '# INFERNAL 1.1.2 (July 2016)'
[16:12:38] Looking for 'egrep' - found /usr/bin/egrep
[16:12:38] Looking for 'find' - found /usr/bin/find
[16:12:38] Looking for 'grep' - found /usr/bin/grep
[16:12:38] Looking for 'hmmpress' - found /usr/local/bioinfo/src/PROKKA/prokka-1.14.5/binaries/linux/hmmpress
[16:12:38] Determined hmmpress version is 003001 from '# HMMER 3.1b2 (February 2015); http://hmmer.org/'
[16:12:38] Looking for 'hmmscan' - found /usr/local/bioinfo/src/PROKKA/prokka-1.14.5/binaries/linux/hmmscan
[16:12:38] Determined hmmscan version is 003001 from '# HMMER 3.1b2 (February 2015); http://hmmer.org/'
[16:12:38] Looking for 'java' - found /usr/bin/java
[16:12:38] Looking for 'makeblastdb' - found /usr/local/bioinfo/src/PROKKA/prokka-1.14.5/binaries/linux/makeblastdb
[16:12:38] Determined makeblastdb version is 002009 from 'makeblastdb: 2.9.0+'
[16:12:38] Looking for 'minced' - found /usr/local/bioinfo/src/PROKKA/prokka-1.14.5/binaries/common/minced
[16:12:38] Determined minced version is 002000 from 'minced 0.2.0'
[16:12:38] Looking for 'parallel' - found /usr/local/bioinfo/src/PROKKA/prokka-1.14.5/binaries/common/parallel
[16:12:38] Determined parallel version is 20150122 from 'GNU parallel 20150122'
[16:12:38] Looking for 'prodigal' - found /usr/local/bioinfo/src/PROKKA/prokka-1.14.5/binaries/linux/prodigal
[16:12:38] Determined prodigal version is 002006 from 'Prodigal V2.6.3: February, 2016'
[16:12:38] Looking for 'prokka-genbank_to_fasta_db' - found /usr/local/bioinfo/src/PROKKA/prokka-1.14.5/bin/prokka-genbank_to_fasta_db
[16:12:38] Looking for 'sed' - found /usr/bin/sed
[16:12:38] Looking for 'tbl2asn' - found /usr/local/bioinfo/src/PROKKA/prokka-1.14.5/binaries/linux/tbl2asn
[16:12:38] Determined tbl2asn version is 025008 from 'tbl2asn 25.8   arguments:'
[16:12:38] Using genetic code table 11.
[16:12:38] Loading and checking input file: /home/fmt073/work/Zhang/DNA/Prak.fna
[16:12:38] Wrote 1 contigs totalling 1751080 bp.
[16:12:38] Predicting tRNAs and tmRNAs
[16:12:38] Running: aragorn -l -gc11  -w \/home\/fmt073\/work\/Zhang\/Prokka\/Prak\/Prak\.fna
[16:12:39] 1 tmRNA* c[75304,75615] 171,221 ANKIVSFSRQTAPVAA*
[16:12:39] 2 tRNA-Leu c[84969,85052] 36 (aag)
[16:12:39] 3 tRNA-Asn [146967,147038] 33 (gtt)
[16:12:39] 4 tRNA-Leu c[262281,262362] 35 (tag)
[16:12:39] 5 tRNA-Arg c[282703,282778] 36 (acg)
[16:12:39] 6 tRNA-Met c[298481,298553] 34 (cat)
[16:12:39] 7 tRNA-Phe c[334895,334970] 34 (gaa)
[16:12:39] 8 tRNA-Thr c[345077,345151] 34 (tgt)
[16:12:39] 9 tRNA-Ile [354972,355047] 36 (gat)
[16:12:39] 10 tRNA-Ala [355056,355129] 34 (tgc)
[16:12:39] 11 tRNA-Thr c[366468,366538] 33 (agt)
[16:12:39] 12 tRNA-Thr c[370506,370578] 33 (ggt)
[16:12:39] 13 tRNA-Tyr c[370587,370670] 35 (gta)
[16:12:39] 14 tRNA-Asp c[451915,451990] 36 (gtc)
[16:12:39] 15 tRNA-Trp c[452381,452455] 35 (cca)
[16:12:39] 16 tRNA-Leu [544513,544600] 36 (taa)
[16:12:39] 17 tRNA-Lys [554562,554635] 34 (ttt)
[16:12:39] 18 tRNA-Pro [562384,562458] 35 (tgg)
[16:12:39] 19 tRNA-SeC [600120,600192] 33 (tca)
[16:12:39] 20 tRNA-Gly [651118,651189] 33 (ccc)
[16:12:39] 21 tRNA-Pro c[670780,670855] 36 (ggg)
[16:12:39] 22 tRNA-Ser c[736097,736185] 36 (tga)
[16:12:39] 23 tRNA-Met c[811193,811269] 35 (cat)
[16:12:39] 24 tRNA-Ser [852209,852295] 35 (gga)
[16:12:39] 25 tRNA-Met [896720,896793] 35 (cat)
[16:12:39] 26 tRNA-Glu [1049321,1049395] 36 (ttc)
[16:12:39] 27 tRNA-Ser [1173899,1173985] 35 (cga)
[16:12:39] 28 tRNA-Arg [1212078,1212151] 35 (tct)
[16:12:39] 29 tRNA-Ala c[1237211,1237286] 35 (ggc)
[16:12:39] 30 tRNA-Leu c[1275824,1275908] 36 (cag)
[16:12:39] 31 tRNA-Leu [1277487,1277569] 35 (caa)
[16:12:39] 32 tRNA-His [1282673,1282746] 34 (gtg)
[16:12:39] 33 tRNA-Gly c[1304181,1304251] 33 (tcc)
[16:12:39] 34 tRNA-Val [1337241,1337312] 33 (gac)
[16:12:39] 35 tRNA-Thr [1510408,1510479] 33 (cgt)
[16:12:39] 36 tRNA-Ser c[1546423,1546512] 35 (gct)
[16:12:39] 37 tRNA-Gln [1566956,1567027] 33 (ttg)
[16:12:39] 38 tRNA-Arg [1580264,1580339] 36 (ccg)
[16:12:39] 39 tRNA-Cys [1595707,1595777] 33 (gca)
[16:12:39] 40 tRNA-Arg c[1616669,1616744] 36 (cct)
[16:12:39] 41 tRNA-Gly c[1656288,1656359] 33 (gcc)
[16:12:39] 42 tRNA-Val c[1704853,1704924] 33 (tac)
[16:12:39] Found 42 tRNAs
[16:12:39] Predicting Ribosomal RNAs
[16:12:39] You need either Barrnap or RNAmmer installed to predict rRNAs!
[16:12:39] Skipping ncRNA search, enable with --rfam if desired.
[16:12:39] Total of 41 tRNA + rRNA features
[16:12:39] Searching for CRISPR repeats
[16:12:40] Found 0 CRISPRs
[16:12:40] Predicting coding sequences
[16:12:40] Contigs total 1751080 bp, so using single mode
[16:12:40] Running: prodigal -i \/home\/fmt073\/work\/Zhang\/Prokka\/Prak\/Prak\.fna -c -m -g 11 -p single -f sco -q
[16:12:43] Excluding CDS which overlaps existing RNA (tRNA) at gnl|Prokka|Prak.g_1:452157..452411 on - strand
[16:12:43] Excluding CDS which overlaps existing RNA (tRNA) at gnl|Prokka|Prak.g_1:544429..544614 on + strand
[16:12:43] Excluding CDS which overlaps existing RNA (tRNA) at gnl|Prokka|Prak.g_1:600113..600295 on + strand
[16:12:43] Excluding CDS which overlaps existing RNA (tRNA) at gnl|Prokka|Prak.g_1:1049395..1049916 on - strand
[16:12:43] Excluding CDS which overlaps existing RNA (tRNA) at gnl|Prokka|Prak.g_1:1277496..1278761 on + strand
[16:12:44] Found 1903 CDS
[16:12:44] Connecting features back to sequences
[16:12:44] Not using genus-specific database. Try --usegenus to enable it.
[16:12:44] Annotating CDS, please be patient.
[16:12:44] Will use 1 CPUs for similarity searching.
[16:12:44] There are still 1903 unannotated CDS left (started with 1903)
[16:12:44] Will use blast to search against /usr/local/bioinfo/src/PROKKA/prokka-1.14.5/db/kingdom/Bacteria/IS with 1 CPUs
[16:12:44] Running: cat \/home\/fmt073\/work\/Zhang\/Prokka\/Prak\/Prak\.IS\.tmp\.2794468\.faa | parallel --gnu --plain -j 1 --block 264853 --recstart '>' --pipe blastp -query - -db /usr/local/bioinfo/src/PROKKA/prokka-1.14.5/db/kingdom/Bacteria/IS -evalue 1e-30 -qcov_hsp_perc 90 -num_threads 1 -num_descriptions 1 -num_alignments 1 -seg no > \/home\/fmt073\/work\/Zhang\/Prokka\/Prak\/Prak\.IS\.tmp\.2794468\.blast 2> /dev/null
[16:13:11] Deleting unwanted file: /home/fmt073/work/Zhang/Prokka/Prak/Prak.IS.tmp.2794468.faa
[16:13:11] Deleting unwanted file: /home/fmt073/work/Zhang/Prokka/Prak/Prak.IS.tmp.2794468.blast
[16:13:12] There are still 1903 unannotated CDS left (started with 1903)
[16:13:12] Will use blast to search against /usr/local/bioinfo/src/PROKKA/prokka-1.14.5/db/kingdom/Bacteria/AMR with 1 CPUs
[16:13:12] Running: cat \/home\/fmt073\/work\/Zhang\/Prokka\/Prak\/Prak\.AMR\.tmp\.2794468\.faa | parallel --gnu --plain -j 1 --block 264853 --recstart '>' --pipe blastp -query - -db /usr/local/bioinfo/src/PROKKA/prokka-1.14.5/db/kingdom/Bacteria/AMR -evalue 9.99999999999999e-301 -qcov_hsp_perc 90 -num_threads 1 -num_descriptions 1 -num_alignments 1 -seg no > \/home\/fmt073\/work\/Zhang\/Prokka\/Prak\/Prak\.AMR\.tmp\.2794468\.blast 2> /dev/null
[16:13:32] Deleting unwanted file: /home/fmt073/work/Zhang/Prokka/Prak/Prak.AMR.tmp.2794468.faa
[16:13:32] Deleting unwanted file: /home/fmt073/work/Zhang/Prokka/Prak/Prak.AMR.tmp.2794468.blast
[16:13:33] There are still 1903 unannotated CDS left (started with 1903)
[16:13:33] Will use blast to search against /usr/local/bioinfo/src/PROKKA/prokka-1.14.5/db/kingdom/Bacteria/sprot with 1 CPUs
[16:13:33] Running: cat \/home\/fmt073\/work\/Zhang\/Prokka\/Prak\/Prak\.sprot\.tmp\.2794468\.faa | parallel --gnu --plain -j 1 --block 264853 --recstart '>' --pipe blastp -query - -db /usr/local/bioinfo/src/PROKKA/prokka-1.14.5/db/kingdom/Bacteria/sprot -evalue 1e-09 -qcov_hsp_perc 80 -num_threads 1 -num_descriptions 1 -num_alignments 1 -seg no > \/home\/fmt073\/work\/Zhang\/Prokka\/Prak\/Prak\.sprot\.tmp\.2794468\.blast 2> /dev/null
[16:15:23] Modify product: Nucleoid-associated protein Cthe_2143 => Nucleoid-associated protein
[16:15:23] Modify product: Probable cysteine desulfurase => putative cysteine desulfurase
[16:15:23] Modify product: Uncharacterized ABC transporter ATP-binding protein YheS => putative ABC transporter ATP-binding protein YheS
[16:15:23] Modify product: Vitamin K epoxide reductase homolog => Vitamin K epoxide reductase 
[16:15:23] Modify product: Protein aq_1857 => Protein
[16:15:23] Modify product: Epimerase family protein Rv2216 => Epimerase family protein
[16:15:23] Modify product: Uncharacterized protein YciH => putative protein YciH
[16:15:23] Modify product: Probable adenylyl-sulfate kinase => putative adenylyl-sulfate kinase
[16:15:23] Modify product: Probable nicotinate-nucleotide pyrophosphorylase [carboxylating] => putative nicotinate-nucleotide pyrophosphorylase [carboxylating]
[16:15:23] Modify product: Uncharacterized ABC transporter ATP-binding protein YejF => putative ABC transporter ATP-binding protein YejF
[16:15:23] Modify product: Probable bifunctional SAT/APS kinase => putative bifunctional SAT/APS kinase
[16:15:23] Modify product: Probable lipid II flippase MurJ => putative lipid II flippase MurJ
[16:15:23] Modify product: UPF0053 inner membrane protein YfjD => hypothetical protein
[16:15:23] Modify product: Uncharacterized phycocyanin operon protein Z => putative phycocyanin operon protein Z
[16:15:23] Modify product: Probable phycoerythrobilin lyase CpeT => putative phycoerythrobilin lyase CpeT
[16:15:23] Modify product: Uncharacterized glycosyltransferase sll0501 => putative glycosyltransferase
[16:15:23] Modify product: Uncharacterized ABC transporter ATP-binding protein YknY => putative ABC transporter ATP-binding protein YknY
[16:15:23] Modify product: Probable cytochrome c oxidase subunit 1 => putative cytochrome c oxidase subunit 1
[16:15:23] Modify product: Probable murein peptide carboxypeptidase => putative murein peptide carboxypeptidase
[16:15:23] Modify product: Rqc2 homolog RqcH => Rqc2 RqcH
[16:15:23] Modify product: UPF0234 protein Rv0566c => hypothetical protein
[16:15:23] Modify product: Thylakoid-associated single-stranded DNA-binding protein slr1034 => Thylakoid-associated single-stranded DNA-binding protein
[16:15:23] Modify product: Uncharacterized sugar kinase YdjH => putative sugar kinase YdjH
[16:15:23] Modify product: Probable multidrug resistance ABC transporter ATP-binding/permease protein YheH => putative multidrug resistance ABC transporter ATP-binding/permease protein YheH
[16:15:23] Modify product: Probable undecaprenyl-phosphate N-acetylglucosaminyl 1-phosphate transferase => putative undecaprenyl-phosphate N-acetylglucosaminyl 1-phosphate transferase
[16:15:23] Modify product: Probable membrane transporter protein YfcA => putative membrane transporter protein YfcA
[16:15:23] Modify product: Probable multidrug resistance ABC transporter ATP-binding/permease protein YheI => putative multidrug resistance ABC transporter ATP-binding/permease protein YheI
[16:15:23] Modify product: Uncharacterized zinc protease Rv2782c => putative zinc protease
[16:15:23] Modify product: Uncharacterized ABC transporter ATP-binding protein Rv0986 => putative ABC transporter ATP-binding protein
[16:15:24] Modify product: GTP-binding protein TypA/BipA homolog => GTP-binding protein TypA/BipA 
[16:15:24] Modify product: Putative multidrug export ATP-binding/permease protein SAV1866 => Putative multidrug export ATP-binding/permease protein
[16:15:24] Modify product: Probable ABC transporter phosphite binding protein PhnD1 => putative ABC transporter phosphite binding protein PhnD1
[16:15:24] Modify product: Uncharacterized ABC transporter ATP-binding protein Rv0986 => putative ABC transporter ATP-binding protein
[16:15:24] Modify product: Probable 2-phosphosulfolactate phosphatase => putative 2-phosphosulfolactate phosphatase
[16:15:24] Modify product: Uncharacterized periplasmic iron-binding protein HI_0362 => putative periplasmic iron-binding protein
[16:15:24] Modify product: Uncharacterized protein RP812 => putative protein RP812
[16:15:24] Modify product: Uncharacterized ABC transporter ATP-binding protein TM_0288 => putative ABC transporter ATP-binding protein
[16:15:24] Modify product: Bifunctional protein FolD => Bifunctional protein FolD protein
[16:15:24] Modify product: 1,4-alpha-glucan branching enzyme TTHA1902 => 1,4-alpha-glucan branching enzyme
[16:15:24] Modify product: Uncharacterized oxidoreductase MSMEG_1603/MSMEI_1564 => putative oxidoreductase/MSMEI_1564
[16:15:24] Modify product: Uncharacterized protein Rv2715 => putative protein
[16:15:24] Modify product: Uncharacterized protein alr4550 => putative protein
[16:15:24] Modify product: PKHD-type hydroxylase Sbal_3634 => PKHD-type hydroxylase
[16:15:24] Modify product: Glycogen operon protein GlgX homolog => Glycogen operon protein GlgX 
[16:15:24] Modify product: Probable cytosol aminopeptidase => putative cytosol aminopeptidase
[16:15:24] Modify product: UPF0053 protein Rv2366c => hypothetical protein
[16:15:24] Modify product: Probable peptidoglycan glycosyltransferase FtsW => putative peptidoglycan glycosyltransferase FtsW
[16:15:24] Modify product: Probable helicase HelY => putative helicase HelY
[16:15:24] Modify product: Probable ketoamine kinase HMPREF0351_12196 => putative ketoamine kinase
[16:15:24] Modify product: Probable adenylyltransferase/sulfurtransferase MoeZ => putative adenylyltransferase/sulfurtransferase MoeZ
[16:15:24] Modify product: Putative low molecular weight protein-tyrosine-phosphatase slr0328 => Putative low molecular weight protein-tyrosine-phosphatase
[16:15:24] Cleaned 51 /product names
[16:15:24] Deleting unwanted file: /home/fmt073/work/Zhang/Prokka/Prak/Prak.sprot.tmp.2794468.faa
[16:15:24] Deleting unwanted file: /home/fmt073/work/Zhang/Prokka/Prak/Prak.sprot.tmp.2794468.blast
[16:15:24] There are still 1095 unannotated CDS left (started with 1903)
[16:15:24] Will use hmmer3 to search against /usr/local/bioinfo/src/PROKKA/prokka-1.14.5/db/hmm/HAMAP.hmm with 1 CPUs
[16:15:24] Running: cat \/home\/fmt073\/work\/Zhang\/Prokka\/Prak\/Prak\.HAMAP\.hmm\.tmp\.2794468\.faa | parallel --gnu --plain -j 1 --block 114761 --recstart '>' --pipe hmmscan --noali --notextw --acc -E 1e-09 --cpu 1 /usr/local/bioinfo/src/PROKKA/prokka-1.14.5/db/hmm/HAMAP.hmm /dev/stdin > \/home\/fmt073\/work\/Zhang\/Prokka\/Prak\/Prak\.HAMAP\.hmm\.tmp\.2794468\.hmmer3 2> /dev/null
[16:16:38] Deleting unwanted file: /home/fmt073/work/Zhang/Prokka/Prak/Prak.HAMAP.hmm.tmp.2794468.faa
[16:16:38] Deleting unwanted file: /home/fmt073/work/Zhang/Prokka/Prak/Prak.HAMAP.hmm.tmp.2794468.hmmer3
[16:16:38] Labelling remaining 927 proteins as 'hypothetical protein'
[16:16:38] Possible /pseudo 'UDP-glucose 4-epimerase' at gnl|Prokka|Prak.g_1 position 1214631
[16:16:38] Possible /pseudo 'ATP-dependent Clp protease proteolytic subunit' at gnl|Prokka|Prak.g_1 position 1291982
[16:16:38] Possible /pseudo 'DNA-directed RNA polymerase subunit beta'' at gnl|Prokka|Prak.g_1 position 1494174
[16:16:38] Possible /pseudo 'Putative fluoride ion transporter CrcB' at gnl|Prokka|Prak.g_1 position 1646465
[16:16:38] Found 843 unique /gene codes.
[16:16:38] Fixed 3 duplicate /gene - yciC_1 yciC_2 yciC_3
[16:16:38] Fixed 2 duplicate /gene - recD_1 recD_2
[16:16:38] Fixed 2 duplicate /gene - arnT_1 arnT_2
[16:16:38] Fixed 2 duplicate /gene - lpxB_1 lpxB_2
[16:16:38] Fixed 2 duplicate /gene - selO_1 selO_2
[16:16:38] Fixed 2 duplicate /gene - dxs_1 dxs_2
[16:16:38] Fixed 2 duplicate /gene - tam_1 tam_2
[16:16:38] Fixed 2 duplicate /gene - gph_1 gph_2
[16:16:38] Fixed 2 duplicate /gene - pglK_1 pglK_2
[16:16:38] Fixed 2 duplicate /gene - iscS_1 iscS_2
[16:16:38] Fixed 2 duplicate /gene - clpB1_1 clpB1_2
[16:16:38] Fixed 2 duplicate /gene - murAA_1 murAA_2
[16:16:38] Fixed 2 duplicate /gene - menA_1 menA_2
[16:16:38] Fixed 4 duplicate /gene - mntB_1 mntB_2 mntB_3 mntB_4
[16:16:38] Fixed 4 duplicate /gene - sasA_1 sasA_2 sasA_3 sasA_4
[16:16:38] Fixed 2 duplicate /gene - cysQ_1 cysQ_2
[16:16:38] Fixed 2 duplicate /gene - glnQ_1 glnQ_2
[16:16:38] Fixed 2 duplicate /gene - era_1 era_2
[16:16:38] Fixed 2 duplicate /gene - fcl_1 fcl_2
[16:16:38] Fixed 2 duplicate /gene - atpH_1 atpH_2
[16:16:38] Fixed 2 duplicate /gene - iolG_1 iolG_2
[16:16:38] Fixed 2 duplicate /gene - pds_1 pds_2
[16:16:38] Fixed 2 duplicate /gene - arnC_1 arnC_2
[16:16:38] Fixed 4 duplicate /gene - clpP_1 clpP_2 clpP_3 clpP_4
[16:16:38] Fixed 3 duplicate /gene - fabG_1 fabG_2 fabG_3
[16:16:38] Fixed 2 duplicate /gene - ftsH3_1 ftsH3_2
[16:16:38] Fixed 2 duplicate /gene - dnaK2_1 dnaK2_2
[16:16:38] Fixed 2 duplicate /gene - dfa3_1 dfa3_2
[16:16:38] Fixed 2 duplicate /gene - crcB_1 crcB_2
[16:16:38] Fixed 2 duplicate /gene - hisB_1 hisB_2
[16:16:38] Fixed 2 duplicate /gene - speA_1 speA_2
[16:16:38] Fixed 2 duplicate /gene - hhoA_1 hhoA_2
[16:16:38] Fixed 2 duplicate /gene - pyrC_1 pyrC_2
[16:16:38] Fixed 3 duplicate /gene - ubiB_1 ubiB_2 ubiB_3
[16:16:38] Fixed 2 duplicate /gene - rnr_1 rnr_2
[16:16:38] Fixed 3 duplicate /gene - mshA_1 mshA_2 mshA_3
[16:16:38] Fixed 2 duplicate /gene - atpG_1 atpG_2
[16:16:38] Fixed 3 duplicate /gene - sigA2_1 sigA2_2 sigA2_3
[16:16:38] Fixed 2 duplicate /gene - clpS_1 clpS_2
[16:16:38] Fixed 2 duplicate /gene - nadK_1 nadK_2
[16:16:38] Fixed 2 duplicate /gene - pnp_1 pnp_2
[16:16:38] Fixed 2 duplicate /gene - dsbD_1 dsbD_2
[16:16:38] Fixed 2 duplicate /gene - folE_1 folE_2
[16:16:38] Fixed 2 duplicate /gene - ndhD1_1 ndhD1_2
[16:16:38] Fixed 2 duplicate /gene - msrA_1 msrA_2
[16:16:38] Fixed 2 duplicate /gene - gyrA_1 gyrA_2
[16:16:38] Fixed 2 duplicate /gene - ndhI_1 ndhI_2
[16:16:38] Fixed 2 duplicate /gene - galE_1 galE_2
[16:16:38] Fixed 2 duplicate /gene - ppa_1 ppa_2
[16:16:38] Fixed 2 duplicate /gene - der_1 der_2
[16:16:38] Fixed 2 duplicate /gene - tatA_1 tatA_2
[16:16:38] Fixed 2 duplicate /gene - crtL_1 crtL_2
[16:16:38] Fixed 2 duplicate /gene - phoP_1 phoP_2
[16:16:38] Fixed 2 duplicate /gene - cugP_1 cugP_2
[16:16:38] Fixed 2 duplicate /gene - cobN_1 cobN_2
[16:16:38] Fixed 3 duplicate /gene - dnaJ_1 dnaJ_2 dnaJ_3
[16:16:38] Fixed 56 colliding /gene names.
[16:16:38] Adding /locus_tag identifiers
[16:16:38] Assigned 1945 locus_tags to CDS and RNA features.
[16:16:38] Writing outputs to /home/fmt073/work/Zhang/Prokka/Prak/
[16:16:39] Generating annotation statistics file
[16:16:39] Generating Genbank and Sequin files
[16:16:39] Running: tbl2asn -V b -a r10k -l paired-ends -M n -N 1 -y 'Annotated using prokka 1.14.5 from https://github.com/tseemann/prokka' -Z \/home\/fmt073\/work\/Zhang\/Prokka\/Prak\/Prak\.err -i \/home\/fmt073\/work\/Zhang\/Prokka\/Prak\/Prak\.fsa 2> /dev/null
[16:16:44] Deleting unwanted file: /home/fmt073/work/Zhang/Prokka/Prak/errorsummary.val
[16:16:44] Deleting unwanted file: /home/fmt073/work/Zhang/Prokka/Prak/Prak.dr
[16:16:44] Deleting unwanted file: /home/fmt073/work/Zhang/Prokka/Prak/Prak.fixedproducts
[16:16:44] Deleting unwanted file: /home/fmt073/work/Zhang/Prokka/Prak/Prak.ecn
[16:16:44] Deleting unwanted file: /home/fmt073/work/Zhang/Prokka/Prak/Prak.val
[16:16:44] Repairing broken .GBK output that tbl2asn produces...
[16:16:44] Running: sed 's/COORDINATES: profile/COORDINATES:profile/' < \/home\/fmt073\/work\/Zhang\/Prokka\/Prak\/Prak\.gbf > \/home\/fmt073\/work\/Zhang\/Prokka\/Prak\/Prak\.gbk
[16:16:44] Deleting unwanted file: /home/fmt073/work/Zhang/Prokka/Prak/Prak.gbf
[16:16:44] Output files:
[16:16:44] /home/fmt073/work/Zhang/Prokka/Prak/Prak.tsv
[16:16:44] /home/fmt073/work/Zhang/Prokka/Prak/Prak.err
[16:16:44] /home/fmt073/work/Zhang/Prokka/Prak/Prak.ffn
[16:16:44] /home/fmt073/work/Zhang/Prokka/Prak/Prak.gbk
[16:16:44] /home/fmt073/work/Zhang/Prokka/Prak/Prak.log
[16:16:44] /home/fmt073/work/Zhang/Prokka/Prak/Prak.tbl
[16:16:44] /home/fmt073/work/Zhang/Prokka/Prak/Prak.txt
[16:16:44] /home/fmt073/work/Zhang/Prokka/Prak/Prak.fna
[16:16:44] /home/fmt073/work/Zhang/Prokka/Prak/Prak.fsa
[16:16:44] /home/fmt073/work/Zhang/Prokka/Prak/Prak.sqn
[16:16:44] /home/fmt073/work/Zhang/Prokka/Prak/Prak.faa
[16:16:44] /home/fmt073/work/Zhang/Prokka/Prak/Prak.gff
[16:16:44] Annotation finished successfully.
[16:16:44] Walltime used: 4.10 minutes
[16:16:44] If you use this result please cite the Prokka paper:
[16:16:44] Seemann T (2014) Prokka: rapid prokaryotic genome annotation. Bioinformatics. 30(14):2068-9.
[16:16:44] Type 'prokka --citation' for more details.
[16:16:44] Thank you, come again.
