[16:12:50] This is prokka 1.14.5
[16:12:50] Written by Torsten Seemann <torsten.seemann@gmail.com>
[16:12:50] Homepage is https://github.com/tseemann/prokka
[16:12:50] Local time is Thu Oct 16 16:12:50 2025
[16:12:50] You are fmt073
[16:12:50] Operating system is linux
[16:12:50] You have BioPerl 1.7.8
[16:12:50] System has 128 cores.
[16:12:50] Will use maximum of 1 cores.
[16:12:50] Annotating as >>> Bacteria <<<
[16:12:50] Enabling options to ensure Genbank/ENA/DDJB submission compliance.
[16:12:50] Creating new output folder: /home/fmt073/work/Zhang/Prokka/Prbd
[16:12:50] Running: mkdir -p \/home\/fmt073\/work\/Zhang\/Prokka\/Prbd
[16:12:50] Using filename prefix: Prbd.XXX
[16:12:50] Setting HMMER_NCPU=1
[16:12:50] Writing log to: /home/fmt073/work/Zhang/Prokka/Prbd/Prbd.log
[16:12:50] Command: /usr/local/bioinfo/src/PROKKA/prokka-1.14.5/bin/prokka /home/fmt073/work/Zhang/DNA/Prbd.fna --outdir /home/fmt073/work/Zhang/Prokka/Prbd --compliant --addgenes --prefix Prbd --locustag Prbd.g --genus Prochlorococcus --species Prochlorococcus marinus --strain SB --kingdom Bacteria --cpus 1
[16:12:50] Appending to PATH: /usr/local/bioinfo/src/PROKKA/prokka-1.14.5/bin/../binaries/linux
[16:12:50] Appending to PATH: /usr/local/bioinfo/src/PROKKA/prokka-1.14.5/bin/../binaries/linux/../common
[16:12:50] Appending to PATH: /usr/local/bioinfo/src/PROKKA/prokka-1.14.5/bin
[16:12:50] Looking for 'aragorn' - found /usr/local/bioinfo/src/PROKKA/prokka-1.14.5/binaries/linux/aragorn
[16:12:50] Determined aragorn version is 001002 from 'ARAGORN v1.2.38 Dean Laslett'
[16:12:50] Looking for 'blastp' - found /usr/local/bioinfo/src/PROKKA/prokka-1.14.5/binaries/linux/blastp
[16:12:50] Determined blastp version is 002009 from 'blastp: 2.9.0+'
[16:12:50] Looking for 'cmpress' - found /usr/local/bioinfo/src/PROKKA/prokka-1.14.5/binaries/linux/cmpress
[16:12:50] Determined cmpress version is 001001 from '# INFERNAL 1.1.2 (July 2016)'
[16:12:50] Looking for 'cmscan' - found /usr/local/bioinfo/src/PROKKA/prokka-1.14.5/binaries/linux/cmscan
[16:12:50] Determined cmscan version is 001001 from '# INFERNAL 1.1.2 (July 2016)'
[16:12:50] Looking for 'egrep' - found /usr/bin/egrep
[16:12:50] Looking for 'find' - found /usr/bin/find
[16:12:50] Looking for 'grep' - found /usr/bin/grep
[16:12:50] Looking for 'hmmpress' - found /usr/local/bioinfo/src/PROKKA/prokka-1.14.5/binaries/linux/hmmpress
[16:12:50] Determined hmmpress version is 003001 from '# HMMER 3.1b2 (February 2015); http://hmmer.org/'
[16:12:50] Looking for 'hmmscan' - found /usr/local/bioinfo/src/PROKKA/prokka-1.14.5/binaries/linux/hmmscan
[16:12:50] Determined hmmscan version is 003001 from '# HMMER 3.1b2 (February 2015); http://hmmer.org/'
[16:12:50] Looking for 'java' - found /usr/bin/java
[16:12:50] Looking for 'makeblastdb' - found /usr/local/bioinfo/src/PROKKA/prokka-1.14.5/binaries/linux/makeblastdb
[16:12:50] Determined makeblastdb version is 002009 from 'makeblastdb: 2.9.0+'
[16:12:50] Looking for 'minced' - found /usr/local/bioinfo/src/PROKKA/prokka-1.14.5/binaries/common/minced
[16:12:51] Determined minced version is 002000 from 'minced 0.2.0'
[16:12:51] Looking for 'parallel' - found /usr/local/bioinfo/src/PROKKA/prokka-1.14.5/binaries/common/parallel
[16:12:51] Determined parallel version is 20150122 from 'GNU parallel 20150122'
[16:12:51] Looking for 'prodigal' - found /usr/local/bioinfo/src/PROKKA/prokka-1.14.5/binaries/linux/prodigal
[16:12:51] Determined prodigal version is 002006 from 'Prodigal V2.6.3: February, 2016'
[16:12:51] Looking for 'prokka-genbank_to_fasta_db' - found /usr/local/bioinfo/src/PROKKA/prokka-1.14.5/bin/prokka-genbank_to_fasta_db
[16:12:51] Looking for 'sed' - found /usr/bin/sed
[16:12:51] Looking for 'tbl2asn' - found /usr/local/bioinfo/src/PROKKA/prokka-1.14.5/binaries/linux/tbl2asn
[16:12:51] Determined tbl2asn version is 025008 from 'tbl2asn 25.8   arguments:'
[16:12:51] Using genetic code table 11.
[16:12:51] Loading and checking input file: /home/fmt073/work/Zhang/DNA/Prbd.fna
[16:12:51] Wrote 4 contigs totalling 1669823 bp.
[16:12:51] Predicting tRNAs and tmRNAs
[16:12:51] Running: aragorn -l -gc11  -w \/home\/fmt073\/work\/Zhang\/Prokka\/Prbd\/Prbd\.fna
[16:12:52] 1 tRNA-Pro c[148092,148165] 35 (ggg)
[16:12:52] 2 tRNA-Ser [201077,201163] 35 (gga)
[16:12:52] 3 tRNA-Met [241881,241956] 36 (cat)
[16:12:52] 4 tRNA-Met [283375,283451] 35 (cat)
[16:12:52] 5 tRNA-Glu c[374903,374977] 36 (ttc)
[16:12:52] 6 tRNA-Lys [418595,418667] 33 (ttt)
[16:12:52] 1 tRNA-Ser [4062,4150] 36 (tga)
[16:12:52] 2 tRNA-Leu c[89246,89333] 36 (taa)
[16:12:52] 3 tRNA-Trp [175718,175792] 35 (cca)
[16:12:52] 4 tRNA-Asp [176170,176245] 36 (gtc)
[16:12:52] 5 tRNA-Tyr [256635,256717] 35 (gta)
[16:12:52] 6 tRNA-Thr [256726,256799] 34 (ggt)
[16:12:52] 7 tRNA-Ala c[308775,308848] 34 (tgc)
[16:12:52] 8 tRNA-Ile c[308860,308935] 36 (gat)
[16:12:52] 9 tRNA-Thr [318414,318485] 33 (tgt)
[16:12:52] 10 tRNA-Phe [327129,327203] 34 (gaa)
[16:12:52] 11 tRNA-Met [358997,359071] 35 (cat)
[16:12:52] 12 tRNA-Arg [374133,374208] 36 (acg)
[16:12:52] 13 tRNA-Leu c[393992,394074] 35 (tag)
[16:12:52] 14 tRNA-Asn c[505517,505590] 34 (gtt)
[16:12:52] 15 tRNA-Leu [562738,562821] 36 (aag)
[16:12:52] 16 tmRNA* [571658,571967] 169,219 ANKIVSFSRQTAPVAA*
[16:12:52] 17 tRNA-Val [670993,671064] 33 (tac)
[16:12:52] 18 tRNA-Gly [717583,717654] 33 (gcc)
[16:12:52] 19 tRNA-Arg [763717,763792] 36 (cct)
[16:12:52] 20 tRNA-Cys c[780554,780624] 33 (gca)
[16:12:52] 21 tRNA-Arg c[795197,795270] 35 (ccg)
[16:12:52] 22 tRNA-Gln c[807897,807968] 33 (ttg)
[16:12:52] 23 tRNA-Ser [827798,827888] 36 (gct)
[16:12:52] 24 tRNA-Thr c[860608,860680] 33 (cgt)
[16:12:52] 25 tRNA-Val c[968417,968490] 34 (gac)
[16:12:52] 26 tRNA-Gly [999987,1000057] 33 (tcc)
[16:12:52] 27 tRNA-His c[1016344,1016417] 34 (gtg)
[16:12:52] 28 tRNA-Leu c[1021594,1021676] 35 (caa)
[16:12:52] 29 tRNA-Ala [1058465,1058539] 35 (ggc)
[16:12:52] 30 tRNA-Arg c[1097271,1097344] 35 (tct)
[16:12:52] 31 tRNA-Ser [1126806,1126892] 36 (cga)
[16:12:52] 32 tRNA-Pro c[1234520,1234594] 35 (tgg)
[16:12:52] Found 38 tRNAs
[16:12:52] Predicting Ribosomal RNAs
[16:12:52] You need either Barrnap or RNAmmer installed to predict rRNAs!
[16:12:52] Skipping ncRNA search, enable with --rfam if desired.
[16:12:52] Total of 37 tRNA + rRNA features
[16:12:52] Searching for CRISPR repeats
[16:12:52] Found 0 CRISPRs
[16:12:52] Predicting coding sequences
[16:12:52] Contigs total 1669823 bp, so using single mode
[16:12:52] Running: prodigal -i \/home\/fmt073\/work\/Zhang\/Prokka\/Prbd\/Prbd\.fna -c -m -g 11 -p single -f sco -q
[16:12:55] Excluding CDS which overlaps existing RNA (tRNA) at gnl|Prokka|Prbd.g_2:780478..781896 on + strand
[16:12:55] Excluding CDS which overlaps existing RNA (tRNA) at gnl|Prokka|Prbd.g_2:1020414..1021667 on - strand
[16:12:55] Found 1892 CDS
[16:12:55] Connecting features back to sequences
[16:12:55] Not using genus-specific database. Try --usegenus to enable it.
[16:12:55] Annotating CDS, please be patient.
[16:12:55] Will use 1 CPUs for similarity searching.
[16:12:56] There are still 1892 unannotated CDS left (started with 1892)
[16:12:56] Will use blast to search against /usr/local/bioinfo/src/PROKKA/prokka-1.14.5/db/kingdom/Bacteria/IS with 1 CPUs
[16:12:56] Running: cat \/home\/fmt073\/work\/Zhang\/Prokka\/Prbd\/Prbd\.IS\.tmp\.4078890\.faa | parallel --gnu --plain -j 1 --block 256259 --recstart '>' --pipe blastp -query - -db /usr/local/bioinfo/src/PROKKA/prokka-1.14.5/db/kingdom/Bacteria/IS -evalue 1e-30 -qcov_hsp_perc 90 -num_threads 1 -num_descriptions 1 -num_alignments 1 -seg no > \/home\/fmt073\/work\/Zhang\/Prokka\/Prbd\/Prbd\.IS\.tmp\.4078890\.blast 2> /dev/null
[16:13:20] Deleting unwanted file: /home/fmt073/work/Zhang/Prokka/Prbd/Prbd.IS.tmp.4078890.faa
[16:13:20] Deleting unwanted file: /home/fmt073/work/Zhang/Prokka/Prbd/Prbd.IS.tmp.4078890.blast
[16:13:21] There are still 1892 unannotated CDS left (started with 1892)
[16:13:21] Will use blast to search against /usr/local/bioinfo/src/PROKKA/prokka-1.14.5/db/kingdom/Bacteria/AMR with 1 CPUs
[16:13:21] Running: cat \/home\/fmt073\/work\/Zhang\/Prokka\/Prbd\/Prbd\.AMR\.tmp\.4078890\.faa | parallel --gnu --plain -j 1 --block 256259 --recstart '>' --pipe blastp -query - -db /usr/local/bioinfo/src/PROKKA/prokka-1.14.5/db/kingdom/Bacteria/AMR -evalue 9.99999999999999e-301 -qcov_hsp_perc 90 -num_threads 1 -num_descriptions 1 -num_alignments 1 -seg no > \/home\/fmt073\/work\/Zhang\/Prokka\/Prbd\/Prbd\.AMR\.tmp\.4078890\.blast 2> /dev/null
[16:13:39] Deleting unwanted file: /home/fmt073/work/Zhang/Prokka/Prbd/Prbd.AMR.tmp.4078890.faa
[16:13:39] Deleting unwanted file: /home/fmt073/work/Zhang/Prokka/Prbd/Prbd.AMR.tmp.4078890.blast
[16:13:40] There are still 1892 unannotated CDS left (started with 1892)
[16:13:40] Will use blast to search against /usr/local/bioinfo/src/PROKKA/prokka-1.14.5/db/kingdom/Bacteria/sprot with 1 CPUs
[16:13:40] Running: cat \/home\/fmt073\/work\/Zhang\/Prokka\/Prbd\/Prbd\.sprot\.tmp\.4078890\.faa | parallel --gnu --plain -j 1 --block 256259 --recstart '>' --pipe blastp -query - -db /usr/local/bioinfo/src/PROKKA/prokka-1.14.5/db/kingdom/Bacteria/sprot -evalue 1e-09 -qcov_hsp_perc 80 -num_threads 1 -num_descriptions 1 -num_alignments 1 -seg no > \/home\/fmt073\/work\/Zhang\/Prokka\/Prbd\/Prbd\.sprot\.tmp\.4078890\.blast 2> /dev/null
[16:15:22] Modify product: Probable ABC transporter phosphite binding protein PhnD1 => putative ABC transporter phosphite binding protein PhnD1
[16:15:22] Modify product: Uncharacterized zinc protease Rv2782c => putative zinc protease
[16:15:22] Modify product: Uncharacterized ABC transporter ATP-binding protein Rv0986 => putative ABC transporter ATP-binding protein
[16:15:22] Modify product: GTP-binding protein TypA/BipA homolog => GTP-binding protein TypA/BipA 
[16:15:22] Modify product: Uncharacterized ABC transporter ATP-binding protein YlmA => putative ABC transporter ATP-binding protein YlmA
[16:15:22] Modify product: Probable multidrug resistance ABC transporter ATP-binding/permease protein YheI => putative multidrug resistance ABC transporter ATP-binding/permease protein YheI
[16:15:22] Modify product: Putative multidrug export ATP-binding/permease protein SAV1866 => Putative multidrug export ATP-binding/permease protein
[16:15:23] Modify product: Uncharacterized protein Rv2411c => putative protein
[16:15:23] Modify product: Uncharacterized tRNA/rRNA methyltransferase HI_0380 => putative tRNA/rRNA methyltransferase
[16:15:23] Modify product: Uncharacterized oxidoreductase MSMEG_1603/MSMEI_1564 => putative oxidoreductase/MSMEI_1564
[16:15:23] Modify product: 1,4-alpha-glucan branching enzyme TTHA1902 => 1,4-alpha-glucan branching enzyme
[16:15:23] Modify product: Bifunctional protein FolD => Bifunctional protein FolD protein
[16:15:23] Modify product: Probable 2-phosphosulfolactate phosphatase => putative 2-phosphosulfolactate phosphatase
[16:15:23] Modify product: Uncharacterized periplasmic iron-binding protein HI_0362 => putative periplasmic iron-binding protein
[16:15:23] Modify product: Uncharacterized ABC transporter ATP-binding protein TM_0288 => putative ABC transporter ATP-binding protein
[16:15:23] Modify product: UPF0234 protein MSMEG_1165/MSMEI_1134 => hypothetical protein
[16:15:23] Modify product: Rqc2 homolog RqcH => Rqc2 RqcH
[16:15:23] Modify product: Probable murein peptide carboxypeptidase => putative murein peptide carboxypeptidase
[16:15:23] Modify product: Probable cytochrome c oxidase subunit 1 => putative cytochrome c oxidase subunit 1
[16:15:23] Modify product: Uncharacterized ABC transporter ATP-binding protein YknY => putative ABC transporter ATP-binding protein YknY
[16:15:23] Modify product: Probable chromate transport protein => putative chromate transport protein
[16:15:23] Modify product: Probable ribonucleotide transport ATP-binding protein mkl => putative ribonucleotide transport ATP-binding protein mkl
[16:15:23] Modify product: UPF0053 inner membrane protein YtfL => hypothetical protein
[16:15:23] Modify product: Probable bifunctional SAT/APS kinase => putative bifunctional SAT/APS kinase
[16:15:23] Modify product: Probable protein kinase UbiB => putative protein kinase UbiB
[16:15:23] Modify product: Uncharacterized ABC transporter ATP-binding protein YejF => putative ABC transporter ATP-binding protein YejF
[16:15:23] Modify product: Probable nicotinate-nucleotide pyrophosphorylase [carboxylating] => putative nicotinate-nucleotide pyrophosphorylase [carboxylating]
[16:15:23] Modify product: Probable glutaredoxin ssr2061 => putative glutaredoxin
[16:15:23] Modify product: Probable adenylyl-sulfate kinase => putative adenylyl-sulfate kinase
[16:15:23] Modify product: Epimerase family protein Rv2216 => Epimerase family protein
[16:15:23] Modify product: Vitamin K epoxide reductase homolog => Vitamin K epoxide reductase 
[16:15:23] Modify product: Uncharacterized ABC transporter ATP-binding protein YheS => putative ABC transporter ATP-binding protein YheS
[16:15:23] Modify product: Probable ATP-dependent transporter SufC => putative ATP-dependent transporter SufC
[16:15:23] Modify product: Probable cysteine desulfurase => putative cysteine desulfurase
[16:15:23] Modify product: UPF0098 protein CT_736 => hypothetical protein
[16:15:23] Modify product: Putative low molecular weight protein-tyrosine-phosphatase slr0328 => Putative low molecular weight protein-tyrosine-phosphatase
[16:15:23] Modify product: Probable adenylyltransferase/sulfurtransferase MoeZ => putative adenylyltransferase/sulfurtransferase MoeZ
[16:15:23] Modify product: Probable ketoamine kinase HMPREF0351_12196 => putative ketoamine kinase
[16:15:23] Modify product: Probable dual-specificity RNA methyltransferase RlmN => putative dual-specificity RNA methyltransferase RlmN
[16:15:23] Modify product: Probable peptidoglycan glycosyltransferase FtsW => putative peptidoglycan glycosyltransferase FtsW
[16:15:23] Modify product: UPF0053 protein Rv2366c => hypothetical protein
[16:15:23] Modify product: Uncharacterized protein HI_0933 => putative protein
[16:15:23] Modify product: Probable cytosol aminopeptidase => putative cytosol aminopeptidase
[16:15:23] Modify product: Glycogen operon protein GlgX homolog => Glycogen operon protein GlgX 
[16:15:23] Modify product: Uncharacterized PIN and TRAM-domain containing protein YacL => putative PIN and TRAM-domain containing protein YacL
[16:15:23] Modify product: PGL/p-HBAD biosynthesis glycosyltransferase Rv2957 => PGL/p-HBAD biosynthesis glycosyltransferase
[16:15:23] Modify product: PKHD-type hydroxylase Sbal_3634 => PKHD-type hydroxylase
[16:15:23] Cleaned 47 /product names
[16:15:23] Deleting unwanted file: /home/fmt073/work/Zhang/Prokka/Prbd/Prbd.sprot.tmp.4078890.faa
[16:15:23] Deleting unwanted file: /home/fmt073/work/Zhang/Prokka/Prbd/Prbd.sprot.tmp.4078890.blast
[16:15:24] There are still 1077 unannotated CDS left (started with 1892)
[16:15:24] Will use hmmer3 to search against /usr/local/bioinfo/src/PROKKA/prokka-1.14.5/db/hmm/HAMAP.hmm with 1 CPUs
[16:15:24] Running: cat \/home\/fmt073\/work\/Zhang\/Prokka\/Prbd\/Prbd\.HAMAP\.hmm\.tmp\.4078890\.faa | parallel --gnu --plain -j 1 --block 109886 --recstart '>' --pipe hmmscan --noali --notextw --acc -E 1e-09 --cpu 1 /usr/local/bioinfo/src/PROKKA/prokka-1.14.5/db/hmm/HAMAP.hmm /dev/stdin > \/home\/fmt073\/work\/Zhang\/Prokka\/Prbd\/Prbd\.HAMAP\.hmm\.tmp\.4078890\.hmmer3 2> /dev/null
[16:22:02] Deleting unwanted file: /home/fmt073/work/Zhang/Prokka/Prbd/Prbd.HAMAP.hmm.tmp.4078890.faa
[16:22:02] Deleting unwanted file: /home/fmt073/work/Zhang/Prokka/Prbd/Prbd.HAMAP.hmm.tmp.4078890.hmmer3
[16:22:02] Labelling remaining 926 proteins as 'hypothetical protein'
[16:22:02] Possible /pseudo 'Putative fluoride ion transporter CrcB' at gnl|Prokka|Prbd.g_2 position 737434
[16:22:02] Possible /pseudo 'DNA-directed RNA polymerase subunit beta'' at gnl|Prokka|Prbd.g_2 position 876662
[16:22:02] Possible /pseudo 'ATP-dependent Clp protease proteolytic subunit' at gnl|Prokka|Prbd.g_2 position 1007307
[16:22:02] Found 846 unique /gene codes.
[16:22:02] Fixed 4 duplicate /gene - clpP_1 clpP_2 clpP_3 clpP_4
[16:22:02] Fixed 2 duplicate /gene - bcp_1 bcp_2
[16:22:02] Fixed 2 duplicate /gene - sir_1 sir_2
[16:22:02] Fixed 2 duplicate /gene - menA_1 menA_2
[16:22:02] Fixed 3 duplicate /gene - ubiB_1 ubiB_2 ubiB_3
[16:22:02] Fixed 2 duplicate /gene - tam_1 tam_2
[16:22:02] Fixed 2 duplicate /gene - speA_1 speA_2
[16:22:02] Fixed 2 duplicate /gene - lig_1 lig_2
[16:22:02] Fixed 2 duplicate /gene - hhoA_1 hhoA_2
[16:22:02] Fixed 2 duplicate /gene - clpS_1 clpS_2
[16:22:02] Fixed 2 duplicate /gene - dnaJ_1 dnaJ_2
[16:22:02] Fixed 2 duplicate /gene - atpH_1 atpH_2
[16:22:02] Fixed 2 duplicate /gene - bicA_1 bicA_2
[16:22:02] Fixed 3 duplicate /gene - sigA2_1 sigA2_2 sigA2_3
[16:22:02] Fixed 2 duplicate /gene - murE_1 murE_2
[16:22:02] Fixed 2 duplicate /gene - ruvB_1 ruvB_2
[16:22:02] Fixed 2 duplicate /gene - psbF_1 psbF_2
[16:22:02] Fixed 2 duplicate /gene - mshA_1 mshA_2
[16:22:02] Fixed 2 duplicate /gene - iolG_1 iolG_2
[16:22:02] Fixed 2 duplicate /gene - nadK_1 nadK_2
[16:22:02] Fixed 2 duplicate /gene - mnmC_1 mnmC_2
[16:22:02] Fixed 2 duplicate /gene - btuD_1 btuD_2
[16:22:02] Fixed 2 duplicate /gene - atpG_1 atpG_2
[16:22:02] Fixed 2 duplicate /gene - crcB_1 crcB_2
[16:22:02] Fixed 2 duplicate /gene - glmM_1 glmM_2
[16:22:02] Fixed 2 duplicate /gene - lip3_1 lip3_2
[16:22:02] Fixed 2 duplicate /gene - galE_1 galE_2
[16:22:02] Fixed 2 duplicate /gene - menH_1 menH_2
[16:22:02] Fixed 2 duplicate /gene - dnaK2_1 dnaK2_2
[16:22:02] Fixed 2 duplicate /gene - ndhD1_1 ndhD1_2
[16:22:02] Fixed 2 duplicate /gene - ftsH2_1 ftsH2_2
[16:22:02] Fixed 2 duplicate /gene - clpB1_1 clpB1_2
[16:22:02] Fixed 2 duplicate /gene - pds_1 pds_2
[16:22:02] Fixed 2 duplicate /gene - crtL_1 crtL_2
[16:22:02] Fixed 2 duplicate /gene - pstS_1 pstS_2
[16:22:02] Fixed 2 duplicate /gene - rnr_1 rnr_2
[16:22:02] Fixed 2 duplicate /gene - cobD_1 cobD_2
[16:22:02] Fixed 2 duplicate /gene - suhB_1 suhB_2
[16:22:02] Fixed 2 duplicate /gene - prmC_1 prmC_2
[16:22:02] Fixed 2 duplicate /gene - rlmB_1 rlmB_2
[16:22:02] Fixed 2 duplicate /gene - cobN_1 cobN_2
[16:22:02] Fixed 3 duplicate /gene - mntB_1 mntB_2 mntB_3
[16:22:02] Fixed 2 duplicate /gene - era_1 era_2
[16:22:02] Fixed 2 duplicate /gene - lpxB_1 lpxB_2
[16:22:02] Fixed 2 duplicate /gene - ppa_1 ppa_2
[16:22:02] Fixed 4 duplicate /gene - sasA_1 sasA_2 sasA_3 sasA_4
[16:22:02] Fixed 2 duplicate /gene - yciC_1 yciC_2
[16:22:02] Fixed 2 duplicate /gene - moaA_1 moaA_2
[16:22:02] Fixed 2 duplicate /gene - der_1 der_2
[16:22:02] Fixed 2 duplicate /gene - pnp_1 pnp_2
[16:22:02] Fixed 2 duplicate /gene - gyrA_1 gyrA_2
[16:22:02] Fixed 2 duplicate /gene - iscS_1 iscS_2
[16:22:02] Fixed 2 duplicate /gene - petF_1 petF_2
[16:22:02] Fixed 53 colliding /gene names.
[16:22:02] Adding /locus_tag identifiers
[16:22:02] Assigned 1930 locus_tags to CDS and RNA features.
[16:22:02] Writing outputs to /home/fmt073/work/Zhang/Prokka/Prbd/
[16:22:03] Generating annotation statistics file
[16:22:03] Generating Genbank and Sequin files
[16:22:03] Running: tbl2asn -V b -a r10k -l paired-ends -M n -N 1 -y 'Annotated using prokka 1.14.5 from https://github.com/tseemann/prokka' -Z \/home\/fmt073\/work\/Zhang\/Prokka\/Prbd\/Prbd\.err -i \/home\/fmt073\/work\/Zhang\/Prokka\/Prbd\/Prbd\.fsa 2> /dev/null
[16:22:05] Deleting unwanted file: /home/fmt073/work/Zhang/Prokka/Prbd/errorsummary.val
[16:22:05] Deleting unwanted file: /home/fmt073/work/Zhang/Prokka/Prbd/Prbd.dr
[16:22:05] Deleting unwanted file: /home/fmt073/work/Zhang/Prokka/Prbd/Prbd.fixedproducts
[16:22:05] Deleting unwanted file: /home/fmt073/work/Zhang/Prokka/Prbd/Prbd.ecn
[16:22:05] Deleting unwanted file: /home/fmt073/work/Zhang/Prokka/Prbd/Prbd.val
[16:22:05] Repairing broken .GBK output that tbl2asn produces...
[16:22:05] Running: sed 's/COORDINATES: profile/COORDINATES:profile/' < \/home\/fmt073\/work\/Zhang\/Prokka\/Prbd\/Prbd\.gbf > \/home\/fmt073\/work\/Zhang\/Prokka\/Prbd\/Prbd\.gbk
[16:22:06] Deleting unwanted file: /home/fmt073/work/Zhang/Prokka/Prbd/Prbd.gbf
[16:22:06] Output files:
[16:22:06] /home/fmt073/work/Zhang/Prokka/Prbd/Prbd.faa
[16:22:06] /home/fmt073/work/Zhang/Prokka/Prbd/Prbd.fna
[16:22:06] /home/fmt073/work/Zhang/Prokka/Prbd/Prbd.gff
[16:22:06] /home/fmt073/work/Zhang/Prokka/Prbd/Prbd.tsv
[16:22:06] /home/fmt073/work/Zhang/Prokka/Prbd/Prbd.fsa
[16:22:06] /home/fmt073/work/Zhang/Prokka/Prbd/Prbd.log
[16:22:06] /home/fmt073/work/Zhang/Prokka/Prbd/Prbd.txt
[16:22:06] /home/fmt073/work/Zhang/Prokka/Prbd/Prbd.sqn
[16:22:06] /home/fmt073/work/Zhang/Prokka/Prbd/Prbd.gbk
[16:22:06] /home/fmt073/work/Zhang/Prokka/Prbd/Prbd.err
[16:22:06] /home/fmt073/work/Zhang/Prokka/Prbd/Prbd.tbl
[16:22:06] /home/fmt073/work/Zhang/Prokka/Prbd/Prbd.ffn
[16:22:06] Annotation finished successfully.
[16:22:06] Walltime used: 9.27 minutes
[16:22:06] If you use this result please cite the Prokka paper:
[16:22:06] Seemann T (2014) Prokka: rapid prokaryotic genome annotation. Bioinformatics. 30(14):2068-9.
[16:22:06] Type 'prokka --citation' for more details.
[16:22:06] Thank you, come again.
