[16:13:15] This is prokka 1.14.5
[16:13:15] Written by Torsten Seemann <torsten.seemann@gmail.com>
[16:13:15] Homepage is https://github.com/tseemann/prokka
[16:13:15] Local time is Thu Oct 16 16:13:15 2025
[16:13:15] You are fmt073
[16:13:15] Operating system is linux
[16:13:15] You have BioPerl 1.7.8
[16:13:15] System has 128 cores.
[16:13:15] Will use maximum of 1 cores.
[16:13:15] Annotating as >>> Bacteria <<<
[16:13:15] Enabling options to ensure Genbank/ENA/DDJB submission compliance.
[16:13:15] Creating new output folder: /home/fmt073/work/Zhang/Prokka/Prao
[16:13:15] Running: mkdir -p \/home\/fmt073\/work\/Zhang\/Prokka\/Prao
[16:13:15] Using filename prefix: Prao.XXX
[16:13:15] Setting HMMER_NCPU=1
[16:13:15] Writing log to: /home/fmt073/work/Zhang/Prokka/Prao/Prao.log
[16:13:15] Command: /usr/local/bioinfo/src/PROKKA/prokka-1.14.5/bin/prokka /home/fmt073/work/Zhang/DNA/Prao.fna --outdir /home/fmt073/work/Zhang/Prokka/Prao --compliant --addgenes --prefix Prao --locustag Prao.g --genus Prochlorococcus --species Prochlorococcus marinus --strain GP2 --kingdom Bacteria --cpus 1
[16:13:15] Appending to PATH: /usr/local/bioinfo/src/PROKKA/prokka-1.14.5/bin/../binaries/linux
[16:13:15] Appending to PATH: /usr/local/bioinfo/src/PROKKA/prokka-1.14.5/bin/../binaries/linux/../common
[16:13:15] Appending to PATH: /usr/local/bioinfo/src/PROKKA/prokka-1.14.5/bin
[16:13:15] Looking for 'aragorn' - found /usr/local/bioinfo/src/PROKKA/prokka-1.14.5/binaries/linux/aragorn
[16:13:15] Determined aragorn version is 001002 from 'ARAGORN v1.2.38 Dean Laslett'
[16:13:15] Looking for 'blastp' - found /usr/local/bioinfo/src/PROKKA/prokka-1.14.5/binaries/linux/blastp
[16:13:15] Determined blastp version is 002009 from 'blastp: 2.9.0+'
[16:13:15] Looking for 'cmpress' - found /usr/local/bioinfo/src/PROKKA/prokka-1.14.5/binaries/linux/cmpress
[16:13:15] Determined cmpress version is 001001 from '# INFERNAL 1.1.2 (July 2016)'
[16:13:15] Looking for 'cmscan' - found /usr/local/bioinfo/src/PROKKA/prokka-1.14.5/binaries/linux/cmscan
[16:13:15] Determined cmscan version is 001001 from '# INFERNAL 1.1.2 (July 2016)'
[16:13:15] Looking for 'egrep' - found /usr/bin/egrep
[16:13:15] Looking for 'find' - found /usr/bin/find
[16:13:15] Looking for 'grep' - found /usr/bin/grep
[16:13:15] Looking for 'hmmpress' - found /usr/local/bioinfo/src/PROKKA/prokka-1.14.5/binaries/linux/hmmpress
[16:13:15] Determined hmmpress version is 003001 from '# HMMER 3.1b2 (February 2015); http://hmmer.org/'
[16:13:15] Looking for 'hmmscan' - found /usr/local/bioinfo/src/PROKKA/prokka-1.14.5/binaries/linux/hmmscan
[16:13:15] Determined hmmscan version is 003001 from '# HMMER 3.1b2 (February 2015); http://hmmer.org/'
[16:13:15] Looking for 'java' - found /usr/bin/java
[16:13:15] Looking for 'makeblastdb' - found /usr/local/bioinfo/src/PROKKA/prokka-1.14.5/binaries/linux/makeblastdb
[16:13:15] Determined makeblastdb version is 002009 from 'makeblastdb: 2.9.0+'
[16:13:15] Looking for 'minced' - found /usr/local/bioinfo/src/PROKKA/prokka-1.14.5/binaries/common/minced
[16:13:15] Determined minced version is 002000 from 'minced 0.2.0'
[16:13:15] Looking for 'parallel' - found /usr/local/bioinfo/src/PROKKA/prokka-1.14.5/binaries/common/parallel
[16:13:15] Determined parallel version is 20150122 from 'GNU parallel 20150122'
[16:13:15] Looking for 'prodigal' - found /usr/local/bioinfo/src/PROKKA/prokka-1.14.5/binaries/linux/prodigal
[16:13:15] Determined prodigal version is 002006 from 'Prodigal V2.6.3: February, 2016'
[16:13:15] Looking for 'prokka-genbank_to_fasta_db' - found /usr/local/bioinfo/src/PROKKA/prokka-1.14.5/bin/prokka-genbank_to_fasta_db
[16:13:15] Looking for 'sed' - found /usr/bin/sed
[16:13:15] Looking for 'tbl2asn' - found /usr/local/bioinfo/src/PROKKA/prokka-1.14.5/binaries/linux/tbl2asn
[16:13:15] Determined tbl2asn version is 025008 from 'tbl2asn 25.8   arguments:'
[16:13:15] Using genetic code table 11.
[16:13:15] Loading and checking input file: /home/fmt073/work/Zhang/DNA/Prao.fna
[16:13:15] Wrote 11 contigs totalling 1624310 bp.
[16:13:15] Predicting tRNAs and tmRNAs
[16:13:15] Running: aragorn -l -gc11  -w \/home\/fmt073\/work\/Zhang\/Prokka\/Prao\/Prao\.fna
[16:13:16] 1 tRNA-Pro c[11263,11336] 35 (tgg)
[16:13:16] 1 tRNA-Leu [37700,37786] 35 (taa)
[16:13:16] 2 tRNA-Ser c[125145,125233] 36 (tga)
[16:13:16] 1 tmRNA* c[46401,46710] 169,219 ANKIVSFSRQTAPVAA*
[16:13:16] 2 tRNA-Leu c[55554,55637] 36 (aag)
[16:13:16] 3 tRNA-Asn [111442,111514] 33 (gtt)
[16:13:16] 4 tRNA-Leu [216844,216926] 35 (tag)
[16:13:16] 5 tRNA-Arg c[234837,234912] 36 (acg)
[16:13:16] 6 tRNA-Met c[249977,250051] 35 (cat)
[16:13:16] 7 tRNA-Phe c[280765,280839] 34 (gaa)
[16:13:16] 8 tRNA-Thr c[289475,289546] 33 (tgt)
[16:13:16] 9 tRNA-Ile [299027,299102] 36 (gat)
[16:13:16] 10 tRNA-Ala [299114,299187] 34 (tgc)
[16:13:16] 11 tRNA-Thr c[329474,329546] 33 (ggt)
[16:13:16] 12 tRNA-Tyr c[329555,329637] 35 (gta)
[16:13:16] 13 tRNA-Asp c[410472,410547] 36 (gtc)
[16:13:16] 14 tRNA-Trp c[410926,411000] 35 (cca)
[16:13:16] 1 tRNA-Pro c[155331,155404] 35 (ggg)
[16:13:16] 2 tRNA-Ser [208309,208395] 35 (gga)
[16:13:16] 3 tRNA-Met [249099,249174] 36 (cat)
[16:13:16] 4 tRNA-Met [290107,290183] 35 (cat)
[16:13:16] 1 tRNA-Lys c[1507,1579] 33 (ttt)
[16:13:16] 2 tRNA-Glu [45198,45272] 36 (ttc)
[16:13:16] 1 tRNA-Arg c[38772,38847] 36 (tct)
[16:13:16] 2 tRNA-Ser [72050,72136] 36 (cga)
[16:13:16] 1 tRNA-Ala c[24496,24569] 34 (ggc)
[16:13:16] 2 tRNA-Leu [63912,63994] 35 (caa)
[16:13:16] 3 tRNA-His [69174,69247] 34 (gtg)
[16:13:16] 4 tRNA-Gly c[85522,85592] 33 (tcc)
[16:13:16] 5 tRNA-Val [117306,117377] 33 (gac)
[16:13:16] 6 tRNA-Thr [224557,224630] 34 (cgt)
[16:13:16] 7 tRNA-Ser c[259871,259961] 36 (gct)
[16:13:16] 8 tRNA-Gln [279802,279873] 33 (ttg)
[16:13:16] 9 tRNA-Arg [292502,292575] 35 (ccg)
[16:13:16] 10 tRNA-Cys [307143,307213] 33 (gca)
[16:13:16] 11 tRNA-Arg c[323978,324053] 36 (cct)
[16:13:16] 12 tRNA-Gly c[360443,360514] 33 (gcc)
[16:13:16] 13 tRNA-Val c[406984,407055] 33 (tac)
[16:13:16] Found 38 tRNAs
[16:13:16] Predicting Ribosomal RNAs
[16:13:16] You need either Barrnap or RNAmmer installed to predict rRNAs!
[16:13:16] Skipping ncRNA search, enable with --rfam if desired.
[16:13:16] Total of 37 tRNA + rRNA features
[16:13:16] Searching for CRISPR repeats
[16:13:16] Found 0 CRISPRs
[16:13:16] Predicting coding sequences
[16:13:16] Contigs total 1624310 bp, so using single mode
[16:13:16] Running: prodigal -i \/home\/fmt073\/work\/Zhang\/Prokka\/Prao\/Prao\.fna -c -m -g 11 -p single -f sco -q
[16:13:18] Excluding CDS which overlaps existing RNA (tRNA) at gnl|Prokka|Prao.g_2:125108..126592 on + strand
[16:13:19] Excluding CDS which overlaps existing RNA (tRNA) at gnl|Prokka|Prao.g_8:63921..65174 on + strand
[16:13:19] Excluding CDS which overlaps existing RNA (tRNA) at gnl|Prokka|Prao.g_8:305871..307262 on - strand
[16:13:19] Found 1832 CDS
[16:13:19] Connecting features back to sequences
[16:13:19] Not using genus-specific database. Try --usegenus to enable it.
[16:13:19] Annotating CDS, please be patient.
[16:13:19] Will use 1 CPUs for similarity searching.
[16:13:20] There are still 1832 unannotated CDS left (started with 1832)
[16:13:20] Will use blast to search against /usr/local/bioinfo/src/PROKKA/prokka-1.14.5/db/kingdom/Bacteria/IS with 1 CPUs
[16:13:20] Running: cat \/home\/fmt073\/work\/Zhang\/Prokka\/Prao\/Prao\.IS\.tmp\.4088493\.faa | parallel --gnu --plain -j 1 --block 249068 --recstart '>' --pipe blastp -query - -db /usr/local/bioinfo/src/PROKKA/prokka-1.14.5/db/kingdom/Bacteria/IS -evalue 1e-30 -qcov_hsp_perc 90 -num_threads 1 -num_descriptions 1 -num_alignments 1 -seg no > \/home\/fmt073\/work\/Zhang\/Prokka\/Prao\/Prao\.IS\.tmp\.4088493\.blast 2> /dev/null
[16:13:45] Deleting unwanted file: /home/fmt073/work/Zhang/Prokka/Prao/Prao.IS.tmp.4088493.faa
[16:13:45] Deleting unwanted file: /home/fmt073/work/Zhang/Prokka/Prao/Prao.IS.tmp.4088493.blast
[16:13:46] There are still 1832 unannotated CDS left (started with 1832)
[16:13:46] Will use blast to search against /usr/local/bioinfo/src/PROKKA/prokka-1.14.5/db/kingdom/Bacteria/AMR with 1 CPUs
[16:13:46] Running: cat \/home\/fmt073\/work\/Zhang\/Prokka\/Prao\/Prao\.AMR\.tmp\.4088493\.faa | parallel --gnu --plain -j 1 --block 249068 --recstart '>' --pipe blastp -query - -db /usr/local/bioinfo/src/PROKKA/prokka-1.14.5/db/kingdom/Bacteria/AMR -evalue 9.99999999999999e-301 -qcov_hsp_perc 90 -num_threads 1 -num_descriptions 1 -num_alignments 1 -seg no > \/home\/fmt073\/work\/Zhang\/Prokka\/Prao\/Prao\.AMR\.tmp\.4088493\.blast 2> /dev/null
[16:14:05] Deleting unwanted file: /home/fmt073/work/Zhang/Prokka/Prao/Prao.AMR.tmp.4088493.faa
[16:14:05] Deleting unwanted file: /home/fmt073/work/Zhang/Prokka/Prao/Prao.AMR.tmp.4088493.blast
[16:14:05] There are still 1832 unannotated CDS left (started with 1832)
[16:14:05] Will use blast to search against /usr/local/bioinfo/src/PROKKA/prokka-1.14.5/db/kingdom/Bacteria/sprot with 1 CPUs
[16:14:05] Running: cat \/home\/fmt073\/work\/Zhang\/Prokka\/Prao\/Prao\.sprot\.tmp\.4088493\.faa | parallel --gnu --plain -j 1 --block 249068 --recstart '>' --pipe blastp -query - -db /usr/local/bioinfo/src/PROKKA/prokka-1.14.5/db/kingdom/Bacteria/sprot -evalue 1e-09 -qcov_hsp_perc 80 -num_threads 1 -num_descriptions 1 -num_alignments 1 -seg no > \/home\/fmt073\/work\/Zhang\/Prokka\/Prao\/Prao\.sprot\.tmp\.4088493\.blast 2> /dev/null
[16:15:45] Modify product: Uncharacterized ABC transporter ATP-binding protein TM_0288 => putative ABC transporter ATP-binding protein
[16:15:45] Modify product: Probable 2-phosphosulfolactate phosphatase => putative 2-phosphosulfolactate phosphatase
[16:15:45] Modify product: Putative short-chain type dehydrogenase/reductase Rv0148 => Putative short-chain type dehydrogenase/reductase
[16:15:45] Modify product: Probable cysteine desulfurase => putative cysteine desulfurase
[16:15:45] Modify product: Probable ATP-dependent transporter SufC => putative ATP-dependent transporter SufC
[16:15:45] Modify product: Uncharacterized ABC transporter ATP-binding protein YheS => putative ABC transporter ATP-binding protein YheS
[16:15:45] Modify product: Vitamin K epoxide reductase homolog => Vitamin K epoxide reductase 
[16:15:45] Modify product: Epimerase family protein Rv2216 => Epimerase family protein
[16:15:45] Modify product: Probable adenylyl-sulfate kinase => putative adenylyl-sulfate kinase
[16:15:45] Modify product: Probable glutaredoxin ssr2061 => putative glutaredoxin
[16:15:45] Modify product: Probable nicotinate-nucleotide pyrophosphorylase [carboxylating] => putative nicotinate-nucleotide pyrophosphorylase [carboxylating]
[16:15:45] Modify product: Uncharacterized ABC transporter ATP-binding protein YejF => putative ABC transporter ATP-binding protein YejF
[16:15:45] Modify product: Probable protein kinase UbiB => putative protein kinase UbiB
[16:15:45] Modify product: Probable bifunctional SAT/APS kinase => putative bifunctional SAT/APS kinase
[16:15:45] Modify product: UPF0053 protein Rv1842c => hypothetical protein
[16:15:45] Modify product: Probable malate:quinone oxidoreductase 1 => putative malate:quinone oxidoreductase 1
[16:15:45] Modify product: Uncharacterized ABC transporter ATP-binding protein YknY => putative ABC transporter ATP-binding protein YknY
[16:15:45] Modify product: Probable cytochrome c oxidase subunit 1 => putative cytochrome c oxidase subunit 1
[16:15:45] Modify product: Probable murein peptide carboxypeptidase => putative murein peptide carboxypeptidase
[16:15:45] Modify product: Rqc2 homolog RqcH => Rqc2 RqcH
[16:15:45] Modify product: UPF0234 protein Rv0566c => hypothetical protein
[16:15:45] Modify product: Probable ABC transporter phosphite binding protein PhnD1 => putative ABC transporter phosphite binding protein PhnD1
[16:15:45] Modify product: Uncharacterized zinc protease Rv2782c => putative zinc protease
[16:15:45] Modify product: Uncharacterized ABC transporter ATP-binding protein Rv0986 => putative ABC transporter ATP-binding protein
[16:15:45] Modify product: GTP-binding protein TypA/BipA homolog => GTP-binding protein TypA/BipA 
[16:15:45] Modify product: Uncharacterized ABC transporter ATP-binding protein YlmA => putative ABC transporter ATP-binding protein YlmA
[16:15:45] Modify product: Probable multidrug resistance ABC transporter ATP-binding/permease protein YheI => putative multidrug resistance ABC transporter ATP-binding/permease protein YheI
[16:15:45] Modify product: Putative multidrug export ATP-binding/permease protein SAV1866 => Putative multidrug export ATP-binding/permease protein
[16:15:45] Modify product: Uncharacterized protein RP812 => putative protein RP812
[16:15:45] Modify product: Putative multidrug export ATP-binding/permease protein SAV1866 => Putative multidrug export ATP-binding/permease protein
[16:15:45] Modify product: Bifunctional protein FolD => Bifunctional protein FolD protein
[16:15:45] Modify product: 1,4-alpha-glucan branching enzyme TTHA1902 => 1,4-alpha-glucan branching enzyme
[16:15:45] Modify product: Uncharacterized oxidoreductase MSMEG_1603/MSMEI_1564 => putative oxidoreductase/MSMEI_1564
[16:15:45] Modify product: Uncharacterized tRNA/rRNA methyltransferase HI_0380 => putative tRNA/rRNA methyltransferase
[16:15:45] Modify product: Uncharacterized protein Rv2411c => putative protein
[16:15:45] Modify product: Probable tRNA-dihydrouridine synthase => putative tRNA-dihydrouridine synthase
[16:15:45] Modify product: Uncharacterized protein alr4550 => putative protein
[16:15:45] Modify product: PKHD-type hydroxylase Sbal_3634 => PKHD-type hydroxylase
[16:15:46] Modify product: Uncharacterized PIN and TRAM-domain containing protein YacL => putative PIN and TRAM-domain containing protein YacL
[16:15:46] Modify product: Glycogen operon protein GlgX homolog => Glycogen operon protein GlgX 
[16:15:46] Modify product: Probable cytosol aminopeptidase => putative cytosol aminopeptidase
[16:15:46] Modify product: Uncharacterized protein HI_0933 => putative protein
[16:15:46] Modify product: UPF0053 protein Rv2366c => hypothetical protein
[16:15:46] Modify product: Probable peptidoglycan glycosyltransferase FtsW => putative peptidoglycan glycosyltransferase FtsW
[16:15:46] Modify product: Probable helicase HelY => putative helicase HelY
[16:15:46] Modify product: Probable dual-specificity RNA methyltransferase RlmN => putative dual-specificity RNA methyltransferase RlmN
[16:15:46] Modify product: Probable ketoamine kinase HMPREF0351_12196 => putative ketoamine kinase
[16:15:46] Modify product: Probable adenylyltransferase/sulfurtransferase MoeZ => putative adenylyltransferase/sulfurtransferase MoeZ
[16:15:46] Modify product: Putative low molecular weight protein-tyrosine-phosphatase slr0328 => Putative low molecular weight protein-tyrosine-phosphatase
[16:15:46] Cleaned 49 /product names
[16:15:46] Deleting unwanted file: /home/fmt073/work/Zhang/Prokka/Prao/Prao.sprot.tmp.4088493.faa
[16:15:46] Deleting unwanted file: /home/fmt073/work/Zhang/Prokka/Prao/Prao.sprot.tmp.4088493.blast
[16:15:46] There are still 1010 unannotated CDS left (started with 1832)
[16:15:46] Will use hmmer3 to search against /usr/local/bioinfo/src/PROKKA/prokka-1.14.5/db/hmm/HAMAP.hmm with 1 CPUs
[16:15:46] Running: cat \/home\/fmt073\/work\/Zhang\/Prokka\/Prao\/Prao\.HAMAP\.hmm\.tmp\.4088493\.faa | parallel --gnu --plain -j 1 --block 101137 --recstart '>' --pipe hmmscan --noali --notextw --acc -E 1e-09 --cpu 1 /usr/local/bioinfo/src/PROKKA/prokka-1.14.5/db/hmm/HAMAP.hmm /dev/stdin > \/home\/fmt073\/work\/Zhang\/Prokka\/Prao\/Prao\.HAMAP\.hmm\.tmp\.4088493\.hmmer3 2> /dev/null
[16:27:31] Deleting unwanted file: /home/fmt073/work/Zhang/Prokka/Prao/Prao.HAMAP.hmm.tmp.4088493.faa
[16:27:31] Deleting unwanted file: /home/fmt073/work/Zhang/Prokka/Prao/Prao.HAMAP.hmm.tmp.4088493.hmmer3
[16:27:31] Labelling remaining 865 proteins as 'hypothetical protein'
[16:27:31] Possible /pseudo 'ATP-dependent Clp protease proteolytic subunit' at gnl|Prokka|Prao.g_8 position 78298
[16:27:31] Possible /pseudo 'DNA-directed RNA polymerase subunit beta'' at gnl|Prokka|Prao.g_8 position 208632
[16:27:31] Possible /pseudo 'Putative fluoride ion transporter CrcB' at gnl|Prokka|Prao.g_8 position 350321
[16:27:31] Found 845 unique /gene codes.
[16:27:31] Fixed 2 duplicate /gene - iscS_1 iscS_2
[16:27:31] Fixed 2 duplicate /gene - ftsH2_1 ftsH2_2
[16:27:31] Fixed 2 duplicate /gene - gyrA_1 gyrA_2
[16:27:31] Fixed 3 duplicate /gene - sigA2_1 sigA2_2 sigA2_3
[16:27:31] Fixed 2 duplicate /gene - petF_1 petF_2
[16:27:31] Fixed 3 duplicate /gene - menH_1 menH_2 menH_3
[16:27:31] Fixed 2 duplicate /gene - glmM_1 glmM_2
[16:27:31] Fixed 2 duplicate /gene - pds_1 pds_2
[16:27:31] Fixed 2 duplicate /gene - ppa_1 ppa_2
[16:27:31] Fixed 2 duplicate /gene - lig_1 lig_2
[16:27:31] Fixed 3 duplicate /gene - sasA_1 sasA_2 sasA_3
[16:27:31] Fixed 4 duplicate /gene - clpP_1 clpP_2 clpP_3 clpP_4
[16:27:31] Fixed 2 duplicate /gene - dsbD_1 dsbD_2
[16:27:31] Fixed 2 duplicate /gene - btuD_1 btuD_2
[16:27:31] Fixed 2 duplicate /gene - ddpX_1 ddpX_2
[16:27:31] Fixed 2 duplicate /gene - ruvB_1 ruvB_2
[16:27:31] Fixed 2 duplicate /gene - arnT_1 arnT_2
[16:27:31] Fixed 2 duplicate /gene - menA_1 menA_2
[16:27:31] Fixed 2 duplicate /gene - mnmC_1 mnmC_2
[16:27:31] Fixed 3 duplicate /gene - mntB_1 mntB_2 mntB_3
[16:27:31] Fixed 2 duplicate /gene - bcp_1 bcp_2
[16:27:31] Fixed 2 duplicate /gene - iolG_1 iolG_2
[16:27:31] Fixed 2 duplicate /gene - clpB1_1 clpB1_2
[16:27:31] Fixed 2 duplicate /gene - dnaK2_1 dnaK2_2
[16:27:31] Fixed 2 duplicate /gene - crtL_1 crtL_2
[16:27:31] Fixed 2 duplicate /gene - pnp_1 pnp_2
[16:27:31] Fixed 2 duplicate /gene - speA_1 speA_2
[16:27:31] Fixed 2 duplicate /gene - acoA_1 acoA_2
[16:27:31] Fixed 2 duplicate /gene - atpG_1 atpG_2
[16:27:31] Fixed 2 duplicate /gene - der_1 der_2
[16:27:31] Fixed 2 duplicate /gene - crcB_1 crcB_2
[16:27:31] Fixed 2 duplicate /gene - acr1_1 acr1_2
[16:27:31] Fixed 2 duplicate /gene - nadK_1 nadK_2
[16:27:31] Fixed 3 duplicate /gene - ubiB_1 ubiB_2 ubiB_3
[16:27:31] Fixed 2 duplicate /gene - crtI_1 crtI_2
[16:27:31] Fixed 2 duplicate /gene - cobN_1 cobN_2
[16:27:31] Fixed 2 duplicate /gene - purF_1 purF_2
[16:27:31] Fixed 2 duplicate /gene - ndhD1_1 ndhD1_2
[16:27:31] Fixed 2 duplicate /gene - era_1 era_2
[16:27:31] Fixed 2 duplicate /gene - lpxB_1 lpxB_2
[16:27:31] Fixed 2 duplicate /gene - cobD_1 cobD_2
[16:27:31] Fixed 2 duplicate /gene - psbF_1 psbF_2
[16:27:31] Fixed 3 duplicate /gene - dnaJ_1 dnaJ_2 dnaJ_3
[16:27:31] Fixed 2 duplicate /gene - atpH_1 atpH_2
[16:27:31] Fixed 2 duplicate /gene - rnr_1 rnr_2
[16:27:31] Fixed 2 duplicate /gene - prmC_1 prmC_2
[16:27:31] Fixed 2 duplicate /gene - COQ5_1 COQ5_2
[16:27:31] Fixed 2 duplicate /gene - menF_1 menF_2
[16:27:31] Fixed 2 duplicate /gene - bicA_1 bicA_2
[16:27:31] Fixed 2 duplicate /gene - tam_1 tam_2
[16:27:31] Fixed 2 duplicate /gene - cysQ_1 cysQ_2
[16:27:31] Fixed 51 colliding /gene names.
[16:27:31] Adding /locus_tag identifiers
[16:27:31] Assigned 1870 locus_tags to CDS and RNA features.
[16:27:31] Writing outputs to /home/fmt073/work/Zhang/Prokka/Prao/
[16:27:32] Generating annotation statistics file
[16:27:32] Generating Genbank and Sequin files
[16:27:32] Running: tbl2asn -V b -a r10k -l paired-ends -M n -N 1 -y 'Annotated using prokka 1.14.5 from https://github.com/tseemann/prokka' -Z \/home\/fmt073\/work\/Zhang\/Prokka\/Prao\/Prao\.err -i \/home\/fmt073\/work\/Zhang\/Prokka\/Prao\/Prao\.fsa 2> /dev/null
[16:27:35] Deleting unwanted file: /home/fmt073/work/Zhang/Prokka/Prao/errorsummary.val
[16:27:35] Deleting unwanted file: /home/fmt073/work/Zhang/Prokka/Prao/Prao.dr
[16:27:35] Deleting unwanted file: /home/fmt073/work/Zhang/Prokka/Prao/Prao.fixedproducts
[16:27:35] Deleting unwanted file: /home/fmt073/work/Zhang/Prokka/Prao/Prao.ecn
[16:27:35] Deleting unwanted file: /home/fmt073/work/Zhang/Prokka/Prao/Prao.val
[16:27:35] Repairing broken .GBK output that tbl2asn produces...
[16:27:35] Running: sed 's/COORDINATES: profile/COORDINATES:profile/' < \/home\/fmt073\/work\/Zhang\/Prokka\/Prao\/Prao\.gbf > \/home\/fmt073\/work\/Zhang\/Prokka\/Prao\/Prao\.gbk
[16:27:35] Deleting unwanted file: /home/fmt073/work/Zhang/Prokka/Prao/Prao.gbf
[16:27:35] Output files:
[16:27:35] /home/fmt073/work/Zhang/Prokka/Prao/Prao.txt
[16:27:35] /home/fmt073/work/Zhang/Prokka/Prao/Prao.fna
[16:27:35] /home/fmt073/work/Zhang/Prokka/Prao/Prao.err
[16:27:35] /home/fmt073/work/Zhang/Prokka/Prao/Prao.faa
[16:27:35] /home/fmt073/work/Zhang/Prokka/Prao/Prao.fsa
[16:27:35] /home/fmt073/work/Zhang/Prokka/Prao/Prao.gff
[16:27:35] /home/fmt073/work/Zhang/Prokka/Prao/Prao.tsv
[16:27:35] /home/fmt073/work/Zhang/Prokka/Prao/Prao.log
[16:27:35] /home/fmt073/work/Zhang/Prokka/Prao/Prao.sqn
[16:27:35] /home/fmt073/work/Zhang/Prokka/Prao/Prao.tbl
[16:27:35] /home/fmt073/work/Zhang/Prokka/Prao/Prao.ffn
[16:27:35] /home/fmt073/work/Zhang/Prokka/Prao/Prao.gbk
[16:27:35] Annotation finished successfully.
[16:27:35] Walltime used: 14.33 minutes
[16:27:35] If you use this result please cite the Prokka paper:
[16:27:35] Seemann T (2014) Prokka: rapid prokaryotic genome annotation. Bioinformatics. 30(14):2068-9.
[16:27:35] Type 'prokka --citation' for more details.
[16:27:35] Thank you, come again.
