[16:13:06] This is prokka 1.14.5
[16:13:06] Written by Torsten Seemann <torsten.seemann@gmail.com>
[16:13:06] Homepage is https://github.com/tseemann/prokka
[16:13:06] Local time is Thu Oct 16 16:13:06 2025
[16:13:06] You are fmt073
[16:13:06] Operating system is linux
[16:13:06] You have BioPerl 1.7.8
[16:13:06] System has 128 cores.
[16:13:06] Will use maximum of 1 cores.
[16:13:06] Annotating as >>> Bacteria <<<
[16:13:06] Enabling options to ensure Genbank/ENA/DDJB submission compliance.
[16:13:06] Creating new output folder: /home/fmt073/work/Zhang/Prokka/Prau
[16:13:06] Running: mkdir -p \/home\/fmt073\/work\/Zhang\/Prokka\/Prau
[16:13:06] Using filename prefix: Prau.XXX
[16:13:06] Setting HMMER_NCPU=1
[16:13:06] Writing log to: /home/fmt073/work/Zhang/Prokka/Prau/Prau.log
[16:13:06] Command: /usr/local/bioinfo/src/PROKKA/prokka-1.14.5/bin/prokka /home/fmt073/work/Zhang/DNA/Prau.fna --outdir /home/fmt073/work/Zhang/Prokka/Prau --compliant --addgenes --prefix Prau --locustag Prau.g --genus Prochlorococcus --species Prochlorococcus marinus --strain MIT 9215 --kingdom Bacteria --cpus 1
[16:13:06] Appending to PATH: /usr/local/bioinfo/src/PROKKA/prokka-1.14.5/bin/../binaries/linux
[16:13:06] Appending to PATH: /usr/local/bioinfo/src/PROKKA/prokka-1.14.5/bin/../binaries/linux/../common
[16:13:06] Appending to PATH: /usr/local/bioinfo/src/PROKKA/prokka-1.14.5/bin
[16:13:06] Looking for 'aragorn' - found /usr/local/bioinfo/src/PROKKA/prokka-1.14.5/binaries/linux/aragorn
[16:13:06] Determined aragorn version is 001002 from 'ARAGORN v1.2.38 Dean Laslett'
[16:13:06] Looking for 'blastp' - found /usr/local/bioinfo/src/PROKKA/prokka-1.14.5/binaries/linux/blastp
[16:13:06] Determined blastp version is 002009 from 'blastp: 2.9.0+'
[16:13:06] Looking for 'cmpress' - found /usr/local/bioinfo/src/PROKKA/prokka-1.14.5/binaries/linux/cmpress
[16:13:06] Determined cmpress version is 001001 from '# INFERNAL 1.1.2 (July 2016)'
[16:13:06] Looking for 'cmscan' - found /usr/local/bioinfo/src/PROKKA/prokka-1.14.5/binaries/linux/cmscan
[16:13:06] Determined cmscan version is 001001 from '# INFERNAL 1.1.2 (July 2016)'
[16:13:06] Looking for 'egrep' - found /usr/bin/egrep
[16:13:06] Looking for 'find' - found /usr/bin/find
[16:13:06] Looking for 'grep' - found /usr/bin/grep
[16:13:06] Looking for 'hmmpress' - found /usr/local/bioinfo/src/PROKKA/prokka-1.14.5/binaries/linux/hmmpress
[16:13:06] Determined hmmpress version is 003001 from '# HMMER 3.1b2 (February 2015); http://hmmer.org/'
[16:13:06] Looking for 'hmmscan' - found /usr/local/bioinfo/src/PROKKA/prokka-1.14.5/binaries/linux/hmmscan
[16:13:06] Determined hmmscan version is 003001 from '# HMMER 3.1b2 (February 2015); http://hmmer.org/'
[16:13:06] Looking for 'java' - found /usr/bin/java
[16:13:06] Looking for 'makeblastdb' - found /usr/local/bioinfo/src/PROKKA/prokka-1.14.5/binaries/linux/makeblastdb
[16:13:06] Determined makeblastdb version is 002009 from 'makeblastdb: 2.9.0+'
[16:13:06] Looking for 'minced' - found /usr/local/bioinfo/src/PROKKA/prokka-1.14.5/binaries/common/minced
[16:13:06] Determined minced version is 002000 from 'minced 0.2.0'
[16:13:06] Looking for 'parallel' - found /usr/local/bioinfo/src/PROKKA/prokka-1.14.5/binaries/common/parallel
[16:13:06] Determined parallel version is 20150122 from 'GNU parallel 20150122'
[16:13:06] Looking for 'prodigal' - found /usr/local/bioinfo/src/PROKKA/prokka-1.14.5/binaries/linux/prodigal
[16:13:06] Determined prodigal version is 002006 from 'Prodigal V2.6.3: February, 2016'
[16:13:06] Looking for 'prokka-genbank_to_fasta_db' - found /usr/local/bioinfo/src/PROKKA/prokka-1.14.5/bin/prokka-genbank_to_fasta_db
[16:13:06] Looking for 'sed' - found /usr/bin/sed
[16:13:06] Looking for 'tbl2asn' - found /usr/local/bioinfo/src/PROKKA/prokka-1.14.5/binaries/linux/tbl2asn
[16:13:06] Determined tbl2asn version is 025008 from 'tbl2asn 25.8   arguments:'
[16:13:06] Using genetic code table 11.
[16:13:06] Loading and checking input file: /home/fmt073/work/Zhang/DNA/Prau.fna
[16:13:06] Wrote 1 contigs totalling 1738790 bp.
[16:13:06] Predicting tRNAs and tmRNAs
[16:13:06] Running: aragorn -l -gc11  -w \/home\/fmt073\/work\/Zhang\/Prokka\/Prau\/Prau\.fna
[16:13:07] 1 tmRNA* c[63642,63951] 169,219 ANKIVSFSRQAAPVAA*
[16:13:07] 2 tRNA-Leu c[72796,72879] 36 (aag)
[16:13:07] 3 tRNA-Asn [130026,130098] 33 (gtt)
[16:13:07] 4 tRNA-Leu [236411,236493] 35 (tag)
[16:13:07] 5 tRNA-Arg c[256260,256335] 36 (acg)
[16:13:07] 6 tRNA-Met c[271389,271463] 35 (cat)
[16:13:07] 7 tRNA-Phe c[303247,303321] 34 (gaa)
[16:13:07] 8 tRNA-Thr c[311957,312030] 34 (tgt)
[16:13:07] 9 tRNA-Ile [321501,321576] 36 (gat)
[16:13:07] 10 tRNA-Ala [321588,321661] 34 (tgc)
[16:13:07] 11 tRNA-Thr c[370616,370688] 33 (ggt)
[16:13:07] 12 tRNA-Thr c[375405,375476] 32 (ggt)
[16:13:07] 13 tRNA-Thr c[407093,407165] 33 (ggt)
[16:13:07] 14 tRNA-Tyr c[407175,407257] 35 (gta)
[16:13:07] 15 tRNA-Asp c[487223,487298] 36 (gtc)
[16:13:07] 16 tRNA-Trp c[487677,487751] 35 (cca)
[16:13:07] 17 tRNA-Leu [575552,575639] 36 (taa)
[16:13:07] 18 tRNA-Ser c[661865,661953] 36 (tga)
[16:13:07] 19 tRNA-Pro c[808659,808732] 35 (ggg)
[16:13:07] 20 tRNA-Ser [861629,861715] 35 (gga)
[16:13:07] 21 tRNA-Met [902394,902469] 36 (cat)
[16:13:07] 22 tRNA-Met [943871,943947] 35 (cat)
[16:13:07] 23 tRNA-Glu c[1029616,1029690] 36 (ttc)
[16:13:07] 24 tRNA-Lys [1073305,1073377] 33 (ttt)
[16:13:07] 25 tRNA-Pro [1085550,1085623] 35 (tgg)
[16:13:07] 26 tRNA-Ser c[1169647,1169733] 36 (cga)
[16:13:07] 27 tRNA-Arg [1199256,1199331] 36 (tct)
[16:13:07] 28 tRNA-Ala c[1283535,1283607] 34 (ggc)
[16:13:07] 29 tRNA-Leu [1323936,1324018] 35 (caa)
[16:13:07] 30 tRNA-His [1329195,1329268] 34 (gtg)
[16:13:07] 31 tRNA-Gly c[1345545,1345615] 33 (tcc)
[16:13:07] 32 tRNA-Val [1377316,1377389] 34 (gac)
[16:13:07] 33 tRNA-Thr [1513532,1513605] 34 (cgt)
[16:13:07] 34 tRNA-Ser c[1550975,1551065] 36 (gct)
[16:13:07] 35 tRNA-Gln [1570878,1570949] 33 (ttg)
[16:13:07] 36 tRNA-Arg [1583582,1583655] 35 (ccg)
[16:13:07] 37 tRNA-Cys [1598229,1598299] 33 (gca)
[16:13:07] 38 tRNA-Arg c[1615206,1615281] 36 (cct)
[16:13:07] 39 tRNA-Gly c[1651650,1651721] 33 (gcc)
[16:13:07] 40 tRNA-Val c[1698190,1698261] 33 (tac)
[16:13:07] Found 40 tRNAs
[16:13:07] Predicting Ribosomal RNAs
[16:13:07] You need either Barrnap or RNAmmer installed to predict rRNAs!
[16:13:07] Skipping ncRNA search, enable with --rfam if desired.
[16:13:07] Total of 39 tRNA + rRNA features
[16:13:07] Searching for CRISPR repeats
[16:13:07] Found 0 CRISPRs
[16:13:07] Predicting coding sequences
[16:13:07] Contigs total 1738790 bp, so using single mode
[16:13:07] Running: prodigal -i \/home\/fmt073\/work\/Zhang\/Prokka\/Prau\/Prau\.fna -c -m -g 11 -p single -f sco -q
[16:13:10] Excluding CDS which overlaps existing RNA (tRNA) at gnl|Prokka|Prau.g_1:71503..72894 on - strand
[16:13:10] Excluding CDS which overlaps existing RNA (tRNA) at gnl|Prokka|Prau.g_1:375380..375562 on - strand
[16:13:11] Excluding CDS which overlaps existing RNA (tRNA) at gnl|Prokka|Prau.g_1:1323945..1325198 on + strand
[16:13:11] Excluding CDS which overlaps existing RNA (tRNA) at gnl|Prokka|Prau.g_1:1596957..1598369 on - strand
[16:13:11] Found 1982 CDS
[16:13:11] Connecting features back to sequences
[16:13:11] Not using genus-specific database. Try --usegenus to enable it.
[16:13:11] Annotating CDS, please be patient.
[16:13:11] Will use 1 CPUs for similarity searching.
[16:13:11] There are still 1982 unannotated CDS left (started with 1982)
[16:13:11] Will use blast to search against /usr/local/bioinfo/src/PROKKA/prokka-1.14.5/db/kingdom/Bacteria/IS with 1 CPUs
[16:13:11] Running: cat \/home\/fmt073\/work\/Zhang\/Prokka\/Prau\/Prau\.IS\.tmp\.4084634\.faa | parallel --gnu --plain -j 1 --block 265028 --recstart '>' --pipe blastp -query - -db /usr/local/bioinfo/src/PROKKA/prokka-1.14.5/db/kingdom/Bacteria/IS -evalue 1e-30 -qcov_hsp_perc 90 -num_threads 1 -num_descriptions 1 -num_alignments 1 -seg no > \/home\/fmt073\/work\/Zhang\/Prokka\/Prau\/Prau\.IS\.tmp\.4084634\.blast 2> /dev/null
[16:13:38] Deleting unwanted file: /home/fmt073/work/Zhang/Prokka/Prau/Prau.IS.tmp.4084634.faa
[16:13:38] Deleting unwanted file: /home/fmt073/work/Zhang/Prokka/Prau/Prau.IS.tmp.4084634.blast
[16:13:38] There are still 1982 unannotated CDS left (started with 1982)
[16:13:38] Will use blast to search against /usr/local/bioinfo/src/PROKKA/prokka-1.14.5/db/kingdom/Bacteria/AMR with 1 CPUs
[16:13:38] Running: cat \/home\/fmt073\/work\/Zhang\/Prokka\/Prau\/Prau\.AMR\.tmp\.4084634\.faa | parallel --gnu --plain -j 1 --block 265028 --recstart '>' --pipe blastp -query - -db /usr/local/bioinfo/src/PROKKA/prokka-1.14.5/db/kingdom/Bacteria/AMR -evalue 9.99999999999999e-301 -qcov_hsp_perc 90 -num_threads 1 -num_descriptions 1 -num_alignments 1 -seg no > \/home\/fmt073\/work\/Zhang\/Prokka\/Prau\/Prau\.AMR\.tmp\.4084634\.blast 2> /dev/null
[16:13:57] Deleting unwanted file: /home/fmt073/work/Zhang/Prokka/Prau/Prau.AMR.tmp.4084634.faa
[16:13:57] Deleting unwanted file: /home/fmt073/work/Zhang/Prokka/Prau/Prau.AMR.tmp.4084634.blast
[16:13:57] There are still 1982 unannotated CDS left (started with 1982)
[16:13:57] Will use blast to search against /usr/local/bioinfo/src/PROKKA/prokka-1.14.5/db/kingdom/Bacteria/sprot with 1 CPUs
[16:13:57] Running: cat \/home\/fmt073\/work\/Zhang\/Prokka\/Prau\/Prau\.sprot\.tmp\.4084634\.faa | parallel --gnu --plain -j 1 --block 265028 --recstart '>' --pipe blastp -query - -db /usr/local/bioinfo/src/PROKKA/prokka-1.14.5/db/kingdom/Bacteria/sprot -evalue 1e-09 -qcov_hsp_perc 80 -num_threads 1 -num_descriptions 1 -num_alignments 1 -seg no > \/home\/fmt073\/work\/Zhang\/Prokka\/Prau\/Prau\.sprot\.tmp\.4084634\.blast 2> /dev/null
[16:15:40] Modify product: Probable cysteine desulfurase => putative cysteine desulfurase
[16:15:40] Modify product: Probable ATP-dependent transporter SufC => putative ATP-dependent transporter SufC
[16:15:40] Modify product: Uncharacterized AAA domain-containing protein Rv2559c => putative AAA domain-containing protein
[16:15:40] Modify product: Uncharacterized ABC transporter ATP-binding protein YheS => putative ABC transporter ATP-binding protein YheS
[16:15:40] Modify product: Vitamin K epoxide reductase homolog => Vitamin K epoxide reductase 
[16:15:40] Modify product: Epimerase family protein Rv2216 => Epimerase family protein
[16:15:40] Modify product: Probable glutaredoxin ssr2061 => putative glutaredoxin
[16:15:40] Modify product: Probable nicotinate-nucleotide pyrophosphorylase [carboxylating] => putative nicotinate-nucleotide pyrophosphorylase [carboxylating]
[16:15:40] Modify product: Uncharacterized ABC transporter ATP-binding protein YejF => putative ABC transporter ATP-binding protein YejF
[16:15:40] Modify product: Probable protein kinase UbiB => putative protein kinase UbiB
[16:15:40] Modify product: Probable bifunctional SAT/APS kinase => putative bifunctional SAT/APS kinase
[16:15:40] Modify product: UPF0053 inner membrane protein YtfL => hypothetical protein
[16:15:40] Modify product: Uncharacterized ABC transporter ATP-binding protein YknY => putative ABC transporter ATP-binding protein YknY
[16:15:40] Modify product: Probable cytochrome c oxidase subunit 1 => putative cytochrome c oxidase subunit 1
[16:15:40] Modify product: Probable murein peptide carboxypeptidase => putative murein peptide carboxypeptidase
[16:15:40] Modify product: Rqc2 homolog RqcH => Rqc2 RqcH
[16:15:40] Modify product: UPF0234 protein Rv0566c => hypothetical protein
[16:15:40] Modify product: Uncharacterized ABC transporter ATP-binding protein TM_0288 => putative ABC transporter ATP-binding protein
[16:15:40] Modify product: Uncharacterized periplasmic iron-binding protein HI_0362 => putative periplasmic iron-binding protein
[16:15:40] Modify product: Probable 2-phosphosulfolactate phosphatase => putative 2-phosphosulfolactate phosphatase
[16:15:40] Modify product: Probable ABC transporter phosphite binding protein PhnD1 => putative ABC transporter phosphite binding protein PhnD1
[16:15:40] Modify product: Uncharacterized zinc protease Rv2782c => putative zinc protease
[16:15:40] Modify product: Uncharacterized ABC transporter ATP-binding protein Rv0986 => putative ABC transporter ATP-binding protein
[16:15:40] Modify product: GTP-binding protein TypA/BipA homolog => GTP-binding protein TypA/BipA 
[16:15:41] Modify product: Uncharacterized ABC transporter ATP-binding protein YlmA => putative ABC transporter ATP-binding protein YlmA
[16:15:41] Modify product: Probable multidrug resistance ABC transporter ATP-binding/permease protein YheI => putative multidrug resistance ABC transporter ATP-binding/permease protein YheI
[16:15:41] Modify product: Vitamin K epoxide reductase homolog => Vitamin K epoxide reductase 
[16:15:41] Modify product: Putative multidrug export ATP-binding/permease protein SAV1866 => Putative multidrug export ATP-binding/permease protein
[16:15:41] Modify product: Probable tRNA-dihydrouridine synthase => putative tRNA-dihydrouridine synthase
[16:15:41] Modify product: Uncharacterized protein Rv2411c => putative protein
[16:15:41] Modify product: Uncharacterized protein Rv2569c => putative protein
[16:15:41] Modify product: Uncharacterized tRNA/rRNA methyltransferase HI_0380 => putative tRNA/rRNA methyltransferase
[16:15:41] Modify product: Uncharacterized oxidoreductase MSMEG_1603/MSMEI_1564 => putative oxidoreductase/MSMEI_1564
[16:15:41] Modify product: 1,4-alpha-glucan branching enzyme TTHA1902 => 1,4-alpha-glucan branching enzyme
[16:15:41] Modify product: Bifunctional protein FolD => Bifunctional protein FolD protein
[16:15:41] Modify product: Putative multidrug export ATP-binding/permease protein SAV1866 => Putative multidrug export ATP-binding/permease protein
[16:15:41] Modify product: Uncharacterized protein RP812 => putative protein RP812
[16:15:41] Modify product: PKHD-type hydroxylase Sbal_3634 => PKHD-type hydroxylase
[16:15:41] Modify product: Uncharacterized protein alr4550 => putative protein
[16:15:41] Modify product: Uncharacterized PIN and TRAM-domain containing protein YacL => putative PIN and TRAM-domain containing protein YacL
[16:15:41] Modify product: Glycogen operon protein GlgX homolog => Glycogen operon protein GlgX 
[16:15:41] Modify product: Probable cytosol aminopeptidase => putative cytosol aminopeptidase
[16:15:41] Modify product: Uncharacterized protein HI_0933 => putative protein
[16:15:41] Modify product: Probable cytochrome c oxidase subunit 1 => putative cytochrome c oxidase subunit 1
[16:15:41] Modify product: UPF0053 protein Rv2366c => hypothetical protein
[16:15:41] Modify product: Probable peptidoglycan glycosyltransferase FtsW => putative peptidoglycan glycosyltransferase FtsW
[16:15:41] Modify product: Probable dual-specificity RNA methyltransferase RlmN => putative dual-specificity RNA methyltransferase RlmN
[16:15:41] Modify product: Probable ketoamine kinase HMPREF0351_12196 => putative ketoamine kinase
[16:15:41] Modify product: Probable adenylyltransferase/sulfurtransferase MoeZ => putative adenylyltransferase/sulfurtransferase MoeZ
[16:15:41] Modify product: Putative low molecular weight protein-tyrosine-phosphatase slr0328 => Putative low molecular weight protein-tyrosine-phosphatase
[16:15:41] Cleaned 50 /product names
[16:15:41] Deleting unwanted file: /home/fmt073/work/Zhang/Prokka/Prau/Prau.sprot.tmp.4084634.faa
[16:15:41] Deleting unwanted file: /home/fmt073/work/Zhang/Prokka/Prau/Prau.sprot.tmp.4084634.blast
[16:15:41] There are still 1147 unannotated CDS left (started with 1982)
[16:15:41] Will use hmmer3 to search against /usr/local/bioinfo/src/PROKKA/prokka-1.14.5/db/hmm/HAMAP.hmm with 1 CPUs
[16:15:41] Running: cat \/home\/fmt073\/work\/Zhang\/Prokka\/Prau\/Prau\.HAMAP\.hmm\.tmp\.4084634\.faa | parallel --gnu --plain -j 1 --block 114849 --recstart '>' --pipe hmmscan --noali --notextw --acc -E 1e-09 --cpu 1 /usr/local/bioinfo/src/PROKKA/prokka-1.14.5/db/hmm/HAMAP.hmm /dev/stdin > \/home\/fmt073\/work\/Zhang\/Prokka\/Prau\/Prau\.HAMAP\.hmm\.tmp\.4084634\.hmmer3 2> /dev/null
[16:27:41] Deleting unwanted file: /home/fmt073/work/Zhang/Prokka/Prau/Prau.HAMAP.hmm.tmp.4084634.faa
[16:27:41] Deleting unwanted file: /home/fmt073/work/Zhang/Prokka/Prau/Prau.HAMAP.hmm.tmp.4084634.hmmer3
[16:27:41] Labelling remaining 994 proteins as 'hypothetical protein'
[16:27:41] Possible /pseudo 'Photosystem II protein D1' at gnl|Prokka|Prau.g_1 position 224018
[16:27:41] Possible /pseudo 'UDP-glucose 4-epimerase' at gnl|Prokka|Prau.g_1 position 1203391
[16:27:41] Possible /pseudo 'ATP-dependent Clp protease proteolytic subunit' at gnl|Prokka|Prau.g_1 position 1338325
[16:27:41] Possible /pseudo 'DNA-directed RNA polymerase subunit beta'' at gnl|Prokka|Prau.g_1 position 1497609
[16:27:41] Possible /pseudo 'Putative fluoride ion transporter CrcB' at gnl|Prokka|Prau.g_1 position 1641535
[16:27:41] Found 850 unique /gene codes.
[16:27:41] Fixed 2 duplicate /gene - rnr_1 rnr_2
[16:27:41] Fixed 2 duplicate /gene - pglK_1 pglK_2
[16:27:41] Fixed 2 duplicate /gene - iolG_1 iolG_2
[16:27:41] Fixed 2 duplicate /gene - murA_1 murA_2
[16:27:41] Fixed 2 duplicate /gene - mnmC_1 mnmC_2
[16:27:41] Fixed 2 duplicate /gene - dnaK2_1 dnaK2_2
[16:27:41] Fixed 2 duplicate /gene - suhB_1 suhB_2
[16:27:41] Fixed 2 duplicate /gene - iscS_1 iscS_2
[16:27:41] Fixed 2 duplicate /gene - ndhD1_1 ndhD1_2
[16:27:41] Fixed 2 duplicate /gene - apt_1 apt_2
[16:27:41] Fixed 2 duplicate /gene - pds_1 pds_2
[16:27:41] Fixed 4 duplicate /gene - dnaJ_1 dnaJ_2 dnaJ_3 dnaJ_4
[16:27:41] Fixed 2 duplicate /gene - rmd_1 rmd_2
[16:27:41] Fixed 2 duplicate /gene - ftsH2_1 ftsH2_2
[16:27:41] Fixed 3 duplicate /gene - psbA_1 psbA_2 psbA_3
[16:27:41] Fixed 2 duplicate /gene - ppa_1 ppa_2
[16:27:41] Fixed 2 duplicate /gene - gyrA_1 gyrA_2
[16:27:41] Fixed 2 duplicate /gene - yciC_1 yciC_2
[16:27:41] Fixed 2 duplicate /gene - menA_1 menA_2
[16:27:41] Fixed 3 duplicate /gene - sasA_1 sasA_2 sasA_3
[16:27:41] Fixed 2 duplicate /gene - glmM_1 glmM_2
[16:27:41] Fixed 2 duplicate /gene - mreB_1 mreB_2
[16:27:41] Fixed 2 duplicate /gene - crcB_1 crcB_2
[16:27:41] Fixed 2 duplicate /gene - bicA_1 bicA_2
[16:27:41] Fixed 2 duplicate /gene - lig_1 lig_2
[16:27:41] Fixed 2 duplicate /gene - der_1 der_2
[16:27:41] Fixed 2 duplicate /gene - ddpX_1 ddpX_2
[16:27:41] Fixed 2 duplicate /gene - psbF_1 psbF_2
[16:27:41] Fixed 2 duplicate /gene - moaA_1 moaA_2
[16:27:41] Fixed 2 duplicate /gene - asnB_1 asnB_2
[16:27:41] Fixed 2 duplicate /gene - ctaE_1 ctaE_2
[16:27:41] Fixed 2 duplicate /gene - crtL_1 crtL_2
[16:27:41] Fixed 2 duplicate /gene - novN_1 novN_2
[16:27:41] Fixed 2 duplicate /gene - menH_1 menH_2
[16:27:41] Fixed 2 duplicate /gene - lpxD_1 lpxD_2
[16:27:41] Fixed 2 duplicate /gene - clpB1_1 clpB1_2
[16:27:41] Fixed 2 duplicate /gene - bcp_1 bcp_2
[16:27:41] Fixed 2 duplicate /gene - cugP_1 cugP_2
[16:27:41] Fixed 2 duplicate /gene - dsbD_1 dsbD_2
[16:27:41] Fixed 2 duplicate /gene - clpS_1 clpS_2
[16:27:41] Fixed 2 duplicate /gene - prmC_1 prmC_2
[16:27:41] Fixed 2 duplicate /gene - nadK_1 nadK_2
[16:27:41] Fixed 2 duplicate /gene - pnp_1 pnp_2
[16:27:41] Fixed 2 duplicate /gene - cobD_1 cobD_2
[16:27:41] Fixed 2 duplicate /gene - cobN_1 cobN_2
[16:27:41] Fixed 2 duplicate /gene - era_1 era_2
[16:27:41] Fixed 2 duplicate /gene - atpH_1 atpH_2
[16:27:41] Fixed 2 duplicate /gene - hhoA_1 hhoA_2
[16:27:41] Fixed 2 duplicate /gene - speA_1 speA_2
[16:27:41] Fixed 2 duplicate /gene - crtNb_1 crtNb_2
[16:27:41] Fixed 3 duplicate /gene - sigA2_1 sigA2_2 sigA2_3
[16:27:41] Fixed 2 duplicate /gene - atpG_1 atpG_2
[16:27:41] Fixed 3 duplicate /gene - mntB_1 mntB_2 mntB_3
[16:27:41] Fixed 2 duplicate /gene - COQ5_1 COQ5_2
[16:27:41] Fixed 3 duplicate /gene - fabG_1 fabG_2 fabG_3
[16:27:41] Fixed 4 duplicate /gene - clpP_1 clpP_2 clpP_3 clpP_4
[16:27:41] Fixed 2 duplicate /gene - ctaD_1 ctaD_2
[16:27:41] Fixed 2 duplicate /gene - ruvB_1 ruvB_2
[16:27:41] Fixed 2 duplicate /gene - rfbC_1 rfbC_2
[16:27:41] Fixed 3 duplicate /gene - ubiB_1 ubiB_2 ubiB_3
[16:27:41] Fixed 2 duplicate /gene - rfbE_1 rfbE_2
[16:27:41] Fixed 61 colliding /gene names.
[16:27:41] Adding /locus_tag identifiers
[16:27:41] Assigned 2022 locus_tags to CDS and RNA features.
[16:27:41] Writing outputs to /home/fmt073/work/Zhang/Prokka/Prau/
[16:27:42] Generating annotation statistics file
[16:27:42] Generating Genbank and Sequin files
[16:27:42] Running: tbl2asn -V b -a r10k -l paired-ends -M n -N 1 -y 'Annotated using prokka 1.14.5 from https://github.com/tseemann/prokka' -Z \/home\/fmt073\/work\/Zhang\/Prokka\/Prau\/Prau\.err -i \/home\/fmt073\/work\/Zhang\/Prokka\/Prau\/Prau\.fsa 2> /dev/null
[16:27:45] Deleting unwanted file: /home/fmt073/work/Zhang/Prokka/Prau/errorsummary.val
[16:27:45] Deleting unwanted file: /home/fmt073/work/Zhang/Prokka/Prau/Prau.dr
[16:27:45] Deleting unwanted file: /home/fmt073/work/Zhang/Prokka/Prau/Prau.fixedproducts
[16:27:45] Deleting unwanted file: /home/fmt073/work/Zhang/Prokka/Prau/Prau.ecn
[16:27:45] Deleting unwanted file: /home/fmt073/work/Zhang/Prokka/Prau/Prau.val
[16:27:45] Repairing broken .GBK output that tbl2asn produces...
[16:27:45] Running: sed 's/COORDINATES: profile/COORDINATES:profile/' < \/home\/fmt073\/work\/Zhang\/Prokka\/Prau\/Prau\.gbf > \/home\/fmt073\/work\/Zhang\/Prokka\/Prau\/Prau\.gbk
[16:27:45] Deleting unwanted file: /home/fmt073/work/Zhang/Prokka/Prau/Prau.gbf
[16:27:45] Output files:
[16:27:45] /home/fmt073/work/Zhang/Prokka/Prau/Prau.txt
[16:27:45] /home/fmt073/work/Zhang/Prokka/Prau/Prau.err
[16:27:45] /home/fmt073/work/Zhang/Prokka/Prau/Prau.gbk
[16:27:45] /home/fmt073/work/Zhang/Prokka/Prau/Prau.fsa
[16:27:45] /home/fmt073/work/Zhang/Prokka/Prau/Prau.tsv
[16:27:45] /home/fmt073/work/Zhang/Prokka/Prau/Prau.ffn
[16:27:45] /home/fmt073/work/Zhang/Prokka/Prau/Prau.sqn
[16:27:45] /home/fmt073/work/Zhang/Prokka/Prau/Prau.tbl
[16:27:45] /home/fmt073/work/Zhang/Prokka/Prau/Prau.gff
[16:27:45] /home/fmt073/work/Zhang/Prokka/Prau/Prau.log
[16:27:45] /home/fmt073/work/Zhang/Prokka/Prau/Prau.faa
[16:27:45] /home/fmt073/work/Zhang/Prokka/Prau/Prau.fna
[16:27:45] Annotation finished successfully.
[16:27:45] Walltime used: 14.65 minutes
[16:27:45] If you use this result please cite the Prokka paper:
[16:27:45] Seemann T (2014) Prokka: rapid prokaryotic genome annotation. Bioinformatics. 30(14):2068-9.
[16:27:45] Type 'prokka --citation' for more details.
[16:27:45] Share and enjoy!
