[16:13:04] This is prokka 1.14.5
[16:13:04] Written by Torsten Seemann <torsten.seemann@gmail.com>
[16:13:04] Homepage is https://github.com/tseemann/prokka
[16:13:04] Local time is Thu Oct 16 16:13:04 2025
[16:13:04] You are fmt073
[16:13:04] Operating system is linux
[16:13:04] You have BioPerl 1.7.8
[16:13:04] System has 128 cores.
[16:13:04] Will use maximum of 1 cores.
[16:13:04] Annotating as >>> Bacteria <<<
[16:13:04] Enabling options to ensure Genbank/ENA/DDJB submission compliance.
[16:13:04] Creating new output folder: /home/fmt073/work/Zhang/Prokka/Prbh
[16:13:04] Running: mkdir -p \/home\/fmt073\/work\/Zhang\/Prokka\/Prbh
[16:13:04] Using filename prefix: Prbh.XXX
[16:13:04] Setting HMMER_NCPU=1
[16:13:04] Writing log to: /home/fmt073/work/Zhang/Prokka/Prbh/Prbh.log
[16:13:04] Command: /usr/local/bioinfo/src/PROKKA/prokka-1.14.5/bin/prokka /home/fmt073/work/Zhang/DNA/Prbh.fna --outdir /home/fmt073/work/Zhang/Prokka/Prbh --compliant --addgenes --prefix Prbh --locustag Prbh.g --genus Prochlorococcus --species Prochlorococcus sp. --strain MIT 0602 --kingdom Bacteria --cpus 1
[16:13:04] Appending to PATH: /usr/local/bioinfo/src/PROKKA/prokka-1.14.5/bin/../binaries/linux
[16:13:04] Appending to PATH: /usr/local/bioinfo/src/PROKKA/prokka-1.14.5/bin/../binaries/linux/../common
[16:13:04] Appending to PATH: /usr/local/bioinfo/src/PROKKA/prokka-1.14.5/bin
[16:13:04] Looking for 'aragorn' - found /usr/local/bioinfo/src/PROKKA/prokka-1.14.5/binaries/linux/aragorn
[16:13:04] Determined aragorn version is 001002 from 'ARAGORN v1.2.38 Dean Laslett'
[16:13:04] Looking for 'blastp' - found /usr/local/bioinfo/src/PROKKA/prokka-1.14.5/binaries/linux/blastp
[16:13:04] Determined blastp version is 002009 from 'blastp: 2.9.0+'
[16:13:04] Looking for 'cmpress' - found /usr/local/bioinfo/src/PROKKA/prokka-1.14.5/binaries/linux/cmpress
[16:13:04] Determined cmpress version is 001001 from '# INFERNAL 1.1.2 (July 2016)'
[16:13:04] Looking for 'cmscan' - found /usr/local/bioinfo/src/PROKKA/prokka-1.14.5/binaries/linux/cmscan
[16:13:04] Determined cmscan version is 001001 from '# INFERNAL 1.1.2 (July 2016)'
[16:13:04] Looking for 'egrep' - found /usr/bin/egrep
[16:13:04] Looking for 'find' - found /usr/bin/find
[16:13:04] Looking for 'grep' - found /usr/bin/grep
[16:13:04] Looking for 'hmmpress' - found /usr/local/bioinfo/src/PROKKA/prokka-1.14.5/binaries/linux/hmmpress
[16:13:04] Determined hmmpress version is 003001 from '# HMMER 3.1b2 (February 2015); http://hmmer.org/'
[16:13:04] Looking for 'hmmscan' - found /usr/local/bioinfo/src/PROKKA/prokka-1.14.5/binaries/linux/hmmscan
[16:13:04] Determined hmmscan version is 003001 from '# HMMER 3.1b2 (February 2015); http://hmmer.org/'
[16:13:04] Looking for 'java' - found /usr/bin/java
[16:13:04] Looking for 'makeblastdb' - found /usr/local/bioinfo/src/PROKKA/prokka-1.14.5/binaries/linux/makeblastdb
[16:13:04] Determined makeblastdb version is 002009 from 'makeblastdb: 2.9.0+'
[16:13:04] Looking for 'minced' - found /usr/local/bioinfo/src/PROKKA/prokka-1.14.5/binaries/common/minced
[16:13:04] Determined minced version is 002000 from 'minced 0.2.0'
[16:13:04] Looking for 'parallel' - found /usr/local/bioinfo/src/PROKKA/prokka-1.14.5/binaries/common/parallel
[16:13:04] Determined parallel version is 20150122 from 'GNU parallel 20150122'
[16:13:04] Looking for 'prodigal' - found /usr/local/bioinfo/src/PROKKA/prokka-1.14.5/binaries/linux/prodigal
[16:13:04] Determined prodigal version is 002006 from 'Prodigal V2.6.3: February, 2016'
[16:13:04] Looking for 'prokka-genbank_to_fasta_db' - found /usr/local/bioinfo/src/PROKKA/prokka-1.14.5/bin/prokka-genbank_to_fasta_db
[16:13:04] Looking for 'sed' - found /usr/bin/sed
[16:13:04] Looking for 'tbl2asn' - found /usr/local/bioinfo/src/PROKKA/prokka-1.14.5/binaries/linux/tbl2asn
[16:13:04] Determined tbl2asn version is 025008 from 'tbl2asn 25.8   arguments:'
[16:13:04] Using genetic code table 11.
[16:13:04] Loading and checking input file: /home/fmt073/work/Zhang/DNA/Prbh.fna
[16:13:04] Wrote 9 contigs totalling 1750918 bp.
[16:13:04] Predicting tRNAs and tmRNAs
[16:13:04] Running: aragorn -l -gc11  -w \/home\/fmt073\/work\/Zhang\/Prokka\/Prbh\/Prbh\.fna
[16:13:05] 1 tRNA-Arg [23906,23979] 35 (tct)
[16:13:05] 2 tRNA-Ala c[72335,72409] 35 (ggc)
[16:13:05] 3 tRNA-Leu c[115853,115937] 36 (cag)
[16:13:05] 4 tRNA-Leu [117480,117562] 35 (caa)
[16:13:05] 5 tRNA-His [122661,122734] 34 (gtg)
[16:13:05] 6 tRNA-Gly c[143450,143520] 33 (tcc)
[16:13:05] 7 tRNA-Val [176986,177057] 33 (gac)
[16:13:05] 1 tRNA-Trp [89652,89726] 35 (cca)
[16:13:05] 2 tRNA-Asp [90124,90199] 36 (gtc)
[16:13:05] 3 tRNA-Tyr [170307,170390] 35 (gta)
[16:13:05] 4 tRNA-Thr [170399,170471] 33 (ggt)
[16:13:05] 5 tRNA-Ala c[183431,183504] 34 (tgc)
[16:13:05] 6 tRNA-Ile c[183513,183588] 36 (gat)
[16:13:05] 7 tRNA-Thr [193463,193534] 33 (tgt)
[16:13:05] 8 tRNA-Phe [203655,203730] 34 (gaa)
[16:13:05] 9 tRNA-Met [240036,240108] 34 (cat)
[16:13:05] 10 tRNA-Arg [255865,255940] 36 (acg)
[16:13:05] 11 tRNA-Leu [276289,276370] 35 (tag)
[16:13:05] 12 tRNA-Asn c[386849,386920] 33 (gtt)
[16:13:05] 13 tRNA-Leu [448794,448877] 36 (aag)
[16:13:05] 14 tmRNA* [458188,458498] 170,220 ANKIVSFSRQTAPVAA*
[16:13:05] 1 tRNA-Gly [43257,43328] 33 (ccc)
[16:13:05] 1 tRNA-Pro c[16521,16596] 36 (ggg)
[16:13:05] 2 tRNA-Ser c[82501,82586] 35 (tga)
[16:13:05] 3 tRNA-Met c[159753,159829] 35 (cat)
[16:13:05] 4 tRNA-Ser [200599,200685] 35 (gga)
[16:13:05] 5 tRNA-Met [247108,247181] 35 (cat)
[16:13:05] 6 tRNA-Glu [400130,400204] 36 (ttc)
[16:13:05] 1 tRNA-Pro c[23787,23861] 35 (tgg)
[16:13:05] 2 tRNA-Lys c[27676,27749] 34 (ttt)
[16:13:05] 3 tRNA-Leu c[37817,37905] 36 (taa)
[16:13:05] 1 tRNA-Val [59762,59833] 33 (tac)
[16:13:05] 2 tRNA-Gly [108557,108628] 33 (gcc)
[16:13:05] 3 tRNA-Arg [148196,148271] 36 (cct)
[16:13:05] 4 tRNA-Cys c[169054,169124] 33 (gca)
[16:13:05] 5 tRNA-Arg c[184545,184620] 36 (ccg)
[16:13:05] 6 tRNA-Gln c[197796,197867] 33 (ttg)
[16:13:05] 7 tRNA-Ser [218303,218393] 36 (gct)
[16:13:05] 8 tRNA-Thr c[257001,257072] 33 (cgt)
[16:13:05] 9 tRNA-Ser c[429235,429319] 35 (cga)
[16:13:05] Found 40 tRNAs
[16:13:05] Predicting Ribosomal RNAs
[16:13:05] You need either Barrnap or RNAmmer installed to predict rRNAs!
[16:13:05] Skipping ncRNA search, enable with --rfam if desired.
[16:13:05] Total of 39 tRNA + rRNA features
[16:13:05] Searching for CRISPR repeats
[16:13:05] Found 0 CRISPRs
[16:13:05] Predicting coding sequences
[16:13:05] Contigs total 1750918 bp, so using single mode
[16:13:05] Running: prodigal -i \/home\/fmt073\/work\/Zhang\/Prokka\/Prbh\/Prbh\.fna -c -m -g 11 -p single -f sco -q
[16:13:08] Excluding CDS which overlaps existing RNA (tRNA) at gnl|Prokka|Prbh.g_1:117489..118757 on + strand
[16:13:08] Excluding CDS which overlaps existing RNA (tRNA) at gnl|Prokka|Prbh.g_5:37726..37935 on - strand
[16:13:09] Found 1913 CDS
[16:13:09] Connecting features back to sequences
[16:13:09] Not using genus-specific database. Try --usegenus to enable it.
[16:13:09] Annotating CDS, please be patient.
[16:13:09] Will use 1 CPUs for similarity searching.
[16:13:09] There are still 1913 unannotated CDS left (started with 1913)
[16:13:09] Will use blast to search against /usr/local/bioinfo/src/PROKKA/prokka-1.14.5/db/kingdom/Bacteria/IS with 1 CPUs
[16:13:09] Running: cat \/home\/fmt073\/work\/Zhang\/Prokka\/Prbh\/Prbh\.IS\.tmp\.4083190\.faa | parallel --gnu --plain -j 1 --block 264803 --recstart '>' --pipe blastp -query - -db /usr/local/bioinfo/src/PROKKA/prokka-1.14.5/db/kingdom/Bacteria/IS -evalue 1e-30 -qcov_hsp_perc 90 -num_threads 1 -num_descriptions 1 -num_alignments 1 -seg no > \/home\/fmt073\/work\/Zhang\/Prokka\/Prbh\/Prbh\.IS\.tmp\.4083190\.blast 2> /dev/null
[16:13:36] Deleting unwanted file: /home/fmt073/work/Zhang/Prokka/Prbh/Prbh.IS.tmp.4083190.faa
[16:13:36] Deleting unwanted file: /home/fmt073/work/Zhang/Prokka/Prbh/Prbh.IS.tmp.4083190.blast
[16:13:36] There are still 1913 unannotated CDS left (started with 1913)
[16:13:36] Will use blast to search against /usr/local/bioinfo/src/PROKKA/prokka-1.14.5/db/kingdom/Bacteria/AMR with 1 CPUs
[16:13:36] Running: cat \/home\/fmt073\/work\/Zhang\/Prokka\/Prbh\/Prbh\.AMR\.tmp\.4083190\.faa | parallel --gnu --plain -j 1 --block 264803 --recstart '>' --pipe blastp -query - -db /usr/local/bioinfo/src/PROKKA/prokka-1.14.5/db/kingdom/Bacteria/AMR -evalue 9.99999999999999e-301 -qcov_hsp_perc 90 -num_threads 1 -num_descriptions 1 -num_alignments 1 -seg no > \/home\/fmt073\/work\/Zhang\/Prokka\/Prbh\/Prbh\.AMR\.tmp\.4083190\.blast 2> /dev/null
[16:13:55] Deleting unwanted file: /home/fmt073/work/Zhang/Prokka/Prbh/Prbh.AMR.tmp.4083190.faa
[16:13:55] Deleting unwanted file: /home/fmt073/work/Zhang/Prokka/Prbh/Prbh.AMR.tmp.4083190.blast
[16:13:55] There are still 1913 unannotated CDS left (started with 1913)
[16:13:55] Will use blast to search against /usr/local/bioinfo/src/PROKKA/prokka-1.14.5/db/kingdom/Bacteria/sprot with 1 CPUs
[16:13:55] Running: cat \/home\/fmt073\/work\/Zhang\/Prokka\/Prbh\/Prbh\.sprot\.tmp\.4083190\.faa | parallel --gnu --plain -j 1 --block 264803 --recstart '>' --pipe blastp -query - -db /usr/local/bioinfo/src/PROKKA/prokka-1.14.5/db/kingdom/Bacteria/sprot -evalue 1e-09 -qcov_hsp_perc 80 -num_threads 1 -num_descriptions 1 -num_alignments 1 -seg no > \/home\/fmt073\/work\/Zhang\/Prokka\/Prbh\/Prbh\.sprot\.tmp\.4083190\.blast 2> /dev/null
[16:15:38] Modify product: Uncharacterized protein alr4550 => putative protein
[16:15:38] Modify product: Probable undecaprenyl-phosphate N-acetylglucosaminyl 1-phosphate transferase => putative undecaprenyl-phosphate N-acetylglucosaminyl 1-phosphate transferase
[16:15:38] Modify product: Probable undecaprenyl-phosphate N-acetylglucosaminyl 1-phosphate transferase => putative undecaprenyl-phosphate N-acetylglucosaminyl 1-phosphate transferase
[16:15:38] Modify product: Putative polysaccharide biosynthesis protein with aminopeptidase-like domain => Putative polysaccharide biosynthesis protein with aminopeptidase-like domain protein
[16:15:38] Modify product: Glycogen operon protein GlgX homolog => Glycogen operon protein GlgX 
[16:15:38] Modify product: Probable cytosol aminopeptidase => putative cytosol aminopeptidase
[16:15:38] Modify product: Uncharacterized ABC transporter ATP-binding protein TM_0288 => putative ABC transporter ATP-binding protein
[16:15:38] Modify product: UPF0234 protein MSMEG_1165/MSMEI_1134 => hypothetical protein
[16:15:38] Modify product: Rqc2 homolog RqcH => Rqc2 RqcH
[16:15:38] Modify product: Probable murein peptide carboxypeptidase => putative murein peptide carboxypeptidase
[16:15:38] Modify product: Uncharacterized ABC transporter ATP-binding protein YknY => putative ABC transporter ATP-binding protein YknY
[16:15:38] Modify product: Probable phycoerythrobilin lyase CpeT => putative phycoerythrobilin lyase CpeT
[16:15:38] Modify product: Uncharacterized phycocyanin operon protein Z => putative phycocyanin operon protein Z
[16:15:38] Modify product: Probable ribonucleotide transport ATP-binding protein mkl => putative ribonucleotide transport ATP-binding protein mkl
[16:15:38] Modify product: UPF0053 inner membrane protein YtfL => hypothetical protein
[16:15:38] Modify product: Probable bifunctional SAT/APS kinase => putative bifunctional SAT/APS kinase
[16:15:38] Modify product: Probable nicotinate-nucleotide pyrophosphorylase [carboxylating] => putative nicotinate-nucleotide pyrophosphorylase [carboxylating]
[16:15:38] Modify product: Probable glutaredoxin ssr2061 => putative glutaredoxin
[16:15:38] Modify product: Probable adenylyl-sulfate kinase => putative adenylyl-sulfate kinase
[16:15:38] Modify product: Uncharacterized protein YciH => putative protein YciH
[16:15:38] Modify product: Epimerase family protein Rv2216 => Epimerase family protein
[16:15:38] Modify product: Protein aq_1857 => Protein
[16:15:38] Modify product: Vitamin K epoxide reductase homolog => Vitamin K epoxide reductase 
[16:15:38] Modify product: Uncharacterized ABC transporter ATP-binding protein YheS => putative ABC transporter ATP-binding protein YheS
[16:15:38] Modify product: Probable ATP-dependent transporter SufC => putative ATP-dependent transporter SufC
[16:15:38] Modify product: Probable cysteine desulfurase => putative cysteine desulfurase
[16:15:38] Modify product: Uncharacterized ABC transporter ATP-binding protein TM_0288 => putative ABC transporter ATP-binding protein
[16:15:38] Modify product: Uncharacterized zinc protease Rv2782c => putative zinc protease
[16:15:38] Modify product: Uncharacterized zinc protease Rv2782c => putative zinc protease
[16:15:38] Modify product: Uncharacterized ABC transporter ATP-binding protein Rv0986 => putative ABC transporter ATP-binding protein
[16:15:38] Modify product: GTP-binding protein TypA/BipA homolog => GTP-binding protein TypA/BipA 
[16:15:38] Modify product: Probable bacterial non-heme ferritin => putative bacterial non-heme ferritin
[16:15:38] Modify product: Uncharacterized ABC transporter ATP-binding protein YlmA => putative ABC transporter ATP-binding protein YlmA
[16:15:38] Modify product: Putative multidrug export ATP-binding/permease protein SAV1866 => Putative multidrug export ATP-binding/permease protein
[16:15:38] Modify product: Probable ABC transporter phosphite binding protein PhnD1 => putative ABC transporter phosphite binding protein PhnD1
[16:15:38] Modify product: Probable 2-phosphosulfolactate phosphatase => putative 2-phosphosulfolactate phosphatase
[16:15:38] Modify product: Uncharacterized ABC transporter ATP-binding protein TM_0288 => putative ABC transporter ATP-binding protein
[16:15:38] Modify product: Bifunctional protein FolD => Bifunctional protein FolD protein
[16:15:38] Modify product: 1,4-alpha-glucan branching enzyme TTHA1902 => 1,4-alpha-glucan branching enzyme
[16:15:38] Modify product: Uncharacterized oxidoreductase MSMEG_1603/MSMEI_1564 => putative oxidoreductase/MSMEI_1564
[16:15:38] Modify product: Glutathione peroxidase homolog BsaA => Glutathione peroxidase BsaA
[16:15:38] Modify product: Uncharacterized protein slr1565 => putative protein
[16:15:39] Modify product: Putative low molecular weight protein-tyrosine-phosphatase slr0328 => Putative low molecular weight protein-tyrosine-phosphatase
[16:15:39] Modify product: Probable adenylyltransferase/sulfurtransferase MoeZ => putative adenylyltransferase/sulfurtransferase MoeZ
[16:15:39] Modify product: Probable ketoamine kinase HMPREF0351_12196 => putative ketoamine kinase
[16:15:39] Modify product: Probable dual-specificity RNA methyltransferase RlmN => putative dual-specificity RNA methyltransferase RlmN
[16:15:39] Modify product: Probable helicase HelY => putative helicase HelY
[16:15:39] Modify product: Probable peptidoglycan glycosyltransferase FtsW => putative peptidoglycan glycosyltransferase FtsW
[16:15:39] Modify product: UPF0053 protein Rv2366c => hypothetical protein
[16:15:39] Modify product: Uncharacterized oxidoreductase Rv2298 => putative oxidoreductase
[16:15:39] Modify product: PKHD-type hydroxylase Sbal_3634 => PKHD-type hydroxylase
[16:15:39] Cleaned 51 /product names
[16:15:39] Deleting unwanted file: /home/fmt073/work/Zhang/Prokka/Prbh/Prbh.sprot.tmp.4083190.faa
[16:15:39] Deleting unwanted file: /home/fmt073/work/Zhang/Prokka/Prbh/Prbh.sprot.tmp.4083190.blast
[16:15:39] There are still 1075 unannotated CDS left (started with 1913)
[16:15:39] Will use hmmer3 to search against /usr/local/bioinfo/src/PROKKA/prokka-1.14.5/db/hmm/HAMAP.hmm with 1 CPUs
[16:15:39] Running: cat \/home\/fmt073\/work\/Zhang\/Prokka\/Prbh\/Prbh\.HAMAP\.hmm\.tmp\.4083190\.faa | parallel --gnu --plain -j 1 --block 111607 --recstart '>' --pipe hmmscan --noali --notextw --acc -E 1e-09 --cpu 1 /usr/local/bioinfo/src/PROKKA/prokka-1.14.5/db/hmm/HAMAP.hmm /dev/stdin > \/home\/fmt073\/work\/Zhang\/Prokka\/Prbh\/Prbh\.HAMAP\.hmm\.tmp\.4083190\.hmmer3 2> /dev/null
[16:25:52] Deleting unwanted file: /home/fmt073/work/Zhang/Prokka/Prbh/Prbh.HAMAP.hmm.tmp.4083190.faa
[16:25:52] Deleting unwanted file: /home/fmt073/work/Zhang/Prokka/Prbh/Prbh.HAMAP.hmm.tmp.4083190.hmmer3
[16:25:52] Labelling remaining 926 proteins as 'hypothetical protein'
[16:25:52] Possible /pseudo 'ATP-dependent Clp protease proteolytic subunit' at gnl|Prokka|Prbh.g_1 position 131980
[16:25:52] Possible /pseudo 'putative zinc protease' at gnl|Prokka|Prbh.g_4 position 87953
[16:25:52] Possible /pseudo 'Putative fluoride ion transporter CrcB' at gnl|Prokka|Prbh.g_6 position 118462
[16:25:52] Possible /pseudo 'DNA-directed RNA polymerase subunit beta'' at gnl|Prokka|Prbh.g_6 position 273392
[16:25:52] Found 859 unique /gene codes.
[16:25:52] Fixed 2 duplicate /gene - cobN_1 cobN_2
[16:25:52] Fixed 2 duplicate /gene - gph_1 gph_2
[16:25:52] Fixed 2 duplicate /gene - pyrC_1 pyrC_2
[16:25:52] Fixed 2 duplicate /gene - rnr_1 rnr_2
[16:25:52] Fixed 3 duplicate /gene - ubiB_1 ubiB_2 ubiB_3
[16:25:52] Fixed 2 duplicate /gene - rlmB_1 rlmB_2
[16:25:52] Fixed 2 duplicate /gene - mshA_1 mshA_2
[16:25:52] Fixed 2 duplicate /gene - tam_1 tam_2
[16:25:52] Fixed 2 duplicate /gene - cpoB_1 cpoB_2
[16:25:52] Fixed 2 duplicate /gene - galE1_1 galE1_2
[16:25:52] Fixed 2 duplicate /gene - lpxB_1 lpxB_2
[16:25:52] Fixed 2 duplicate /gene - nadK_1 nadK_2
[16:25:52] Fixed 2 duplicate /gene - menA_1 menA_2
[16:25:52] Fixed 2 duplicate /gene - iolG_1 iolG_2
[16:25:52] Fixed 2 duplicate /gene - phoP_1 phoP_2
[16:25:52] Fixed 2 duplicate /gene - dsbD_1 dsbD_2
[16:25:52] Fixed 2 duplicate /gene - murAA_1 murAA_2
[16:25:52] Fixed 2 duplicate /gene - ppa_1 ppa_2
[16:25:52] Fixed 2 duplicate /gene - psbF_1 psbF_2
[16:25:52] Fixed 2 duplicate /gene - cobD_1 cobD_2
[16:25:52] Fixed 2 duplicate /gene - dnaC_1 dnaC_2
[16:25:52] Fixed 2 duplicate /gene - gyrA_1 gyrA_2
[16:25:52] Fixed 2 duplicate /gene - mnmC_1 mnmC_2
[16:25:52] Fixed 2 duplicate /gene - bfmBAB_1 bfmBAB_2
[16:25:52] Fixed 2 duplicate /gene - cysQ_1 cysQ_2
[16:25:52] Fixed 2 duplicate /gene - priA_1 priA_2
[16:25:52] Fixed 2 duplicate /gene - kdsB_1 kdsB_2
[16:25:52] Fixed 2 duplicate /gene - tagO_1 tagO_2
[16:25:52] Fixed 3 duplicate /gene - dnaJ_1 dnaJ_2 dnaJ_3
[16:25:52] Fixed 2 duplicate /gene - ftsH2_1 ftsH2_2
[16:25:52] Fixed 2 duplicate /gene - hhoA_1 hhoA_2
[16:25:52] Fixed 2 duplicate /gene - ndhD1_1 ndhD1_2
[16:25:52] Fixed 2 duplicate /gene - pnp_1 pnp_2
[16:25:52] Fixed 2 duplicate /gene - mnmE_1 mnmE_2
[16:25:52] Fixed 3 duplicate /gene - sigA2_1 sigA2_2 sigA2_3
[16:25:52] Fixed 2 duplicate /gene - crtL_1 crtL_2
[16:25:52] Fixed 2 duplicate /gene - bcp_1 bcp_2
[16:25:52] Fixed 2 duplicate /gene - fcl_1 fcl_2
[16:25:52] Fixed 2 duplicate /gene - clpB1_1 clpB1_2
[16:25:52] Fixed 2 duplicate /gene - recD_1 recD_2
[16:25:52] Fixed 2 duplicate /gene - arnT_1 arnT_2
[16:25:52] Fixed 2 duplicate /gene - smc_1 smc_2
[16:25:52] Fixed 2 duplicate /gene - dnaK2_1 dnaK2_2
[16:25:52] Fixed 2 duplicate /gene - RBKS_1 RBKS_2
[16:25:52] Fixed 2 duplicate /gene - era_1 era_2
[16:25:52] Fixed 2 duplicate /gene - pds_1 pds_2
[16:25:52] Fixed 4 duplicate /gene - clpP_1 clpP_2 clpP_3 clpP_4
[16:25:52] Fixed 3 duplicate /gene - dnaB_1 dnaB_2 dnaB_3
[16:25:52] Fixed 2 duplicate /gene - crcB_1 crcB_2
[16:25:52] Fixed 2 duplicate /gene - ndhI_1 ndhI_2
[16:25:52] Fixed 2 duplicate /gene - speA_1 speA_2
[16:25:52] Fixed 2 duplicate /gene - atpH_1 atpH_2
[16:25:52] Fixed 2 duplicate /gene - menH_1 menH_2
[16:25:52] Fixed 2 duplicate /gene - atpG_1 atpG_2
[16:25:52] Fixed 2 duplicate /gene - iscS_1 iscS_2
[16:25:52] Fixed 2 duplicate /gene - petF1_1 petF1_2
[16:25:52] Fixed 4 duplicate /gene - mntB_1 mntB_2 mntB_3 mntB_4
[16:25:52] Fixed 4 duplicate /gene - sasA_1 sasA_2 sasA_3 sasA_4
[16:25:52] Fixed 2 duplicate /gene - hldD_1 hldD_2
[16:25:52] Fixed 59 colliding /gene names.
[16:25:52] Adding /locus_tag identifiers
[16:25:52] Assigned 1953 locus_tags to CDS and RNA features.
[16:25:52] Writing outputs to /home/fmt073/work/Zhang/Prokka/Prbh/
[16:25:53] Generating annotation statistics file
[16:25:53] Generating Genbank and Sequin files
[16:25:53] Running: tbl2asn -V b -a r10k -l paired-ends -M n -N 1 -y 'Annotated using prokka 1.14.5 from https://github.com/tseemann/prokka' -Z \/home\/fmt073\/work\/Zhang\/Prokka\/Prbh\/Prbh\.err -i \/home\/fmt073\/work\/Zhang\/Prokka\/Prbh\/Prbh\.fsa 2> /dev/null
[16:25:55] Deleting unwanted file: /home/fmt073/work/Zhang/Prokka/Prbh/errorsummary.val
[16:25:55] Deleting unwanted file: /home/fmt073/work/Zhang/Prokka/Prbh/Prbh.dr
[16:25:55] Deleting unwanted file: /home/fmt073/work/Zhang/Prokka/Prbh/Prbh.fixedproducts
[16:25:55] Deleting unwanted file: /home/fmt073/work/Zhang/Prokka/Prbh/Prbh.ecn
[16:25:55] Deleting unwanted file: /home/fmt073/work/Zhang/Prokka/Prbh/Prbh.val
[16:25:55] Repairing broken .GBK output that tbl2asn produces...
[16:25:55] Running: sed 's/COORDINATES: profile/COORDINATES:profile/' < \/home\/fmt073\/work\/Zhang\/Prokka\/Prbh\/Prbh\.gbf > \/home\/fmt073\/work\/Zhang\/Prokka\/Prbh\/Prbh\.gbk
[16:25:55] Deleting unwanted file: /home/fmt073/work/Zhang/Prokka/Prbh/Prbh.gbf
[16:25:55] Output files:
[16:25:55] /home/fmt073/work/Zhang/Prokka/Prbh/Prbh.fna
[16:25:55] /home/fmt073/work/Zhang/Prokka/Prbh/Prbh.err
[16:25:55] /home/fmt073/work/Zhang/Prokka/Prbh/Prbh.txt
[16:25:55] /home/fmt073/work/Zhang/Prokka/Prbh/Prbh.fsa
[16:25:55] /home/fmt073/work/Zhang/Prokka/Prbh/Prbh.tbl
[16:25:55] /home/fmt073/work/Zhang/Prokka/Prbh/Prbh.gbk
[16:25:55] /home/fmt073/work/Zhang/Prokka/Prbh/Prbh.sqn
[16:25:55] /home/fmt073/work/Zhang/Prokka/Prbh/Prbh.faa
[16:25:55] /home/fmt073/work/Zhang/Prokka/Prbh/Prbh.ffn
[16:25:55] /home/fmt073/work/Zhang/Prokka/Prbh/Prbh.log
[16:25:55] /home/fmt073/work/Zhang/Prokka/Prbh/Prbh.gff
[16:25:55] /home/fmt073/work/Zhang/Prokka/Prbh/Prbh.tsv
[16:25:55] Annotation finished successfully.
[16:25:55] Walltime used: 12.85 minutes
[16:25:55] If you use this result please cite the Prokka paper:
[16:25:55] Seemann T (2014) Prokka: rapid prokaryotic genome annotation. Bioinformatics. 30(14):2068-9.
[16:25:55] Type 'prokka --citation' for more details.
[16:25:55] Share and enjoy!
