[16:15:39] This is prokka 1.14.5
[16:15:39] Written by Torsten Seemann <torsten.seemann@gmail.com>
[16:15:39] Homepage is https://github.com/tseemann/prokka
[16:15:39] Local time is Thu Oct 16 16:15:39 2025
[16:15:39] You are fmt073
[16:15:39] Operating system is linux
[16:15:39] You have BioPerl 1.7.8
[16:15:39] System has 128 cores.
[16:15:39] Will use maximum of 1 cores.
[16:15:39] Annotating as >>> Bacteria <<<
[16:15:39] Enabling options to ensure Genbank/ENA/DDJB submission compliance.
[16:15:39] Creating new output folder: /home/fmt073/work/Zhang/Prokka/Syah
[16:15:39] Running: mkdir -p \/home\/fmt073\/work\/Zhang\/Prokka\/Syah
[16:15:39] Using filename prefix: Syah.XXX
[16:15:39] Setting HMMER_NCPU=1
[16:15:39] Writing log to: /home/fmt073/work/Zhang/Prokka/Syah/Syah.log
[16:15:39] Command: /usr/local/bioinfo/src/PROKKA/prokka-1.14.5/bin/prokka /home/fmt073/work/Zhang/DNA/Syah.fna --outdir /home/fmt073/work/Zhang/Prokka/Syah --compliant --addgenes --prefix Syah --locustag Syah.g --genus Synechococcus --species Synechococcus sp. --strain BL107 --kingdom Bacteria --cpus 1
[16:15:39] Appending to PATH: /usr/local/bioinfo/src/PROKKA/prokka-1.14.5/bin/../binaries/linux
[16:15:39] Appending to PATH: /usr/local/bioinfo/src/PROKKA/prokka-1.14.5/bin/../binaries/linux/../common
[16:15:39] Appending to PATH: /usr/local/bioinfo/src/PROKKA/prokka-1.14.5/bin
[16:15:39] Looking for 'aragorn' - found /usr/local/bioinfo/src/PROKKA/prokka-1.14.5/binaries/linux/aragorn
[16:15:39] Determined aragorn version is 001002 from 'ARAGORN v1.2.38 Dean Laslett'
[16:15:39] Looking for 'blastp' - found /usr/local/bioinfo/src/PROKKA/prokka-1.14.5/binaries/linux/blastp
[16:15:39] Determined blastp version is 002009 from 'blastp: 2.9.0+'
[16:15:39] Looking for 'cmpress' - found /usr/local/bioinfo/src/PROKKA/prokka-1.14.5/binaries/linux/cmpress
[16:15:39] Determined cmpress version is 001001 from '# INFERNAL 1.1.2 (July 2016)'
[16:15:39] Looking for 'cmscan' - found /usr/local/bioinfo/src/PROKKA/prokka-1.14.5/binaries/linux/cmscan
[16:15:39] Determined cmscan version is 001001 from '# INFERNAL 1.1.2 (July 2016)'
[16:15:39] Looking for 'egrep' - found /usr/bin/egrep
[16:15:39] Looking for 'find' - found /usr/bin/find
[16:15:39] Looking for 'grep' - found /usr/bin/grep
[16:15:39] Looking for 'hmmpress' - found /usr/local/bioinfo/src/PROKKA/prokka-1.14.5/binaries/linux/hmmpress
[16:15:39] Determined hmmpress version is 003001 from '# HMMER 3.1b2 (February 2015); http://hmmer.org/'
[16:15:39] Looking for 'hmmscan' - found /usr/local/bioinfo/src/PROKKA/prokka-1.14.5/binaries/linux/hmmscan
[16:15:39] Determined hmmscan version is 003001 from '# HMMER 3.1b2 (February 2015); http://hmmer.org/'
[16:15:39] Looking for 'java' - found /usr/bin/java
[16:15:39] Looking for 'makeblastdb' - found /usr/local/bioinfo/src/PROKKA/prokka-1.14.5/binaries/linux/makeblastdb
[16:15:39] Determined makeblastdb version is 002009 from 'makeblastdb: 2.9.0+'
[16:15:39] Looking for 'minced' - found /usr/local/bioinfo/src/PROKKA/prokka-1.14.5/binaries/common/minced
[16:15:39] Determined minced version is 002000 from 'minced 0.2.0'
[16:15:39] Looking for 'parallel' - found /usr/local/bioinfo/src/PROKKA/prokka-1.14.5/binaries/common/parallel
[16:15:39] Determined parallel version is 20150122 from 'GNU parallel 20150122'
[16:15:39] Looking for 'prodigal' - found /usr/local/bioinfo/src/PROKKA/prokka-1.14.5/binaries/linux/prodigal
[16:15:39] Determined prodigal version is 002006 from 'Prodigal V2.6.3: February, 2016'
[16:15:39] Looking for 'prokka-genbank_to_fasta_db' - found /usr/local/bioinfo/src/PROKKA/prokka-1.14.5/bin/prokka-genbank_to_fasta_db
[16:15:39] Looking for 'sed' - found /usr/bin/sed
[16:15:39] Looking for 'tbl2asn' - found /usr/local/bioinfo/src/PROKKA/prokka-1.14.5/binaries/linux/tbl2asn
[16:15:39] Determined tbl2asn version is 025008 from 'tbl2asn 25.8   arguments:'
[16:15:39] Using genetic code table 11.
[16:15:39] Loading and checking input file: /home/fmt073/work/Zhang/DNA/Syah.fna
[16:15:39] Wrote 1 contigs totalling 2285034 bp.
[16:15:39] Predicting tRNAs and tmRNAs
[16:15:39] Running: aragorn -l -gc11  -w \/home\/fmt073\/work\/Zhang\/Prokka\/Syah\/Syah\.fna
[16:15:40] 1 tRNA-Asn [47277,47350] 34 (gtt)
[16:15:40] 2 tRNA-Ile c[88181,88250] 33 (gat)
[16:15:40] 3 tRNA-Met c[99957,100029] 34 (cat)
[16:15:40] 4 tRNA-Arg c[185567,185643] 36 (cct)
[16:15:40] 5 tRNA-Gly c[289594,289665] 33 (gcc)
[16:15:40] 6 tRNA-Gly [337526,337597] 33 (ccc)
[16:15:40] 7 tRNA-Val [467119,467190] 33 (tac)
[16:15:40] 8 tRNA-Arg [612128,612202] 35 (acg)
[16:15:40] 9 tRNA-Leu [645185,645268] 36 (tag)
[16:15:40] 10 tRNA-Ala c[652749,652822] 34 (cgc)
[16:15:40] 11 tRNA-Pro [694392,694465] 35 (cgg)
[16:15:40] 12 tRNA-Ala [716705,716801] 39 (ggc)
[16:15:40] 13 tRNA-Ser c[724765,724855] 36 (gct)
[16:15:40] 14 tRNA-Gln [746791,746862] 33 (ttg)
[16:15:40] 15 tRNA-Arg [762133,762208] 36 (ccg)
[16:15:40] 16 tRNA-Cys [778015,778085] 33 (gca)
[16:15:40] 17 tRNA-Phe c[812124,812196] 34 (gaa)
[16:15:40] 18 tRNA-Thr c[826395,826466] 33 (tgt)
[16:15:40] 19 tRNA-Ile [836251,836326] 36 (gat)
[16:15:40] 20 tRNA-Ala [836335,836408] 34 (tgc)
[16:15:40] 21 tRNA-Thr c[854857,854928] 33 (ggt)
[16:15:40] 22 tRNA-Tyr c[854937,855020] 35 (gta)
[16:15:40] 23 tRNA-Arg c[908430,908505] 36 (tct)
[16:15:40] 24 tRNA-Val c[961936,962007] 33 (cac)
[16:15:40] 25 tRNA-Asp c[976762,976837] 36 (gtc)
[16:15:40] 26 tRNA-Trp c[977326,977402] 35 (cca)
[16:15:40] 27 tRNA-Ser [1141719,1141807] 38 (cga)
[16:15:40] 28 tRNA-His c[1160615,1160688] 34 (gtg)
[16:15:40] 29 tRNA-Leu c[1166818,1166900] 35 (caa)
[16:15:40] 30 tRNA-Leu [1168411,1168495] 35 (cag)
[16:15:40] 31 tRNA-Ala [1224169,1224243] 35 (ggc)
[16:15:40] 32 tRNA-Pro c[1252284,1252358] 35 (tgg)
[16:15:40] 33 tRNA-Lys c[1253716,1253787] 33 (ttt)
[16:15:40] 34 tRNA-Pro c[1394006,1394079] 35 (ggg)
[16:15:40] 35 tRNA-Ser [1473382,1473469] 35 (gga)
[16:15:40] 36 tRNA-Met c[1539737,1539812] 36 (cat)
[16:15:40] 37 tRNA-Ser [1588452,1588540] 36 (tga)
[16:15:40] 38 tRNA-Leu [1763582,1763667] 35 (taa)
[16:15:40] 39 tRNA-Met c[1811557,1811633] 35 (cat)
[16:15:40] 40 tRNA-Glu [1894323,1894396] 35 (ttc)
[16:15:40] 41 tRNA-Thr [2063599,2063671] 34 (cgt)
[16:15:40] 42 tRNA-Gly c[2080388,2080458] 33 (tcc)
[16:15:40] 43 tRNA-Val [2124670,2124741] 33 (gac)
[16:15:40] 44 tmRNA* c[2217925,2218244] 179,229 ANNIVRFSRQAAPVAA*
[16:15:40] 45 tRNA-Leu c[2227289,2227370] 35 (gag)
[16:15:40] Found 45 tRNAs
[16:15:40] Predicting Ribosomal RNAs
[16:15:40] You need either Barrnap or RNAmmer installed to predict rRNAs!
[16:15:40] Skipping ncRNA search, enable with --rfam if desired.
[16:15:40] Total of 44 tRNA + rRNA features
[16:15:40] Searching for CRISPR repeats
[16:15:41] Found 0 CRISPRs
[16:15:41] Predicting coding sequences
[16:15:41] Contigs total 2285034 bp, so using single mode
[16:15:41] Running: prodigal -i \/home\/fmt073\/work\/Zhang\/Prokka\/Syah\/Syah\.fna -c -m -g 11 -p single -f sco -q
[16:15:48] Excluding CDS which overlaps existing RNA (tRNA) at gnl|Prokka|Syah.g_1:87454..89016 on - strand
[16:15:49] Excluding CDS which overlaps existing RNA (tRNA) at gnl|Prokka|Syah.g_1:714960..717167 on + strand
[16:15:49] Excluding CDS which overlaps existing RNA (tRNA) at gnl|Prokka|Syah.g_1:746790..747623 on + strand
[16:15:49] Excluding CDS which overlaps existing RNA (tRNA) at gnl|Prokka|Syah.g_1:776746..778179 on - strand
[16:15:49] Excluding CDS which overlaps existing RNA (tRNA) at gnl|Prokka|Syah.g_1:977104..977358 on - strand
[16:15:49] Excluding CDS which overlaps existing RNA (tRNA) at gnl|Prokka|Syah.g_1:1165626..1166894 on - strand
[16:15:49] Excluding CDS which overlaps existing RNA (tRNA) at gnl|Prokka|Syah.g_1:1224104..1224202 on - strand
[16:15:49] Excluding CDS which overlaps existing RNA (tRNA) at gnl|Prokka|Syah.g_1:1472959..1473414 on - strand
[16:15:49] Excluding CDS which overlaps existing RNA (tRNA) at gnl|Prokka|Syah.g_1:1588363..1588572 on + strand
[16:15:49] Excluding CDS which overlaps existing RNA (tRNA) at gnl|Prokka|Syah.g_1:1811597..1811770 on + strand
[16:15:49] Excluding CDS which overlaps existing RNA (tRNA) at gnl|Prokka|Syah.g_1:1894116..1894430 on - strand
[16:15:50] Excluding CDS which overlaps existing RNA (tRNA) at gnl|Prokka|Syah.g_1:2226007..2227398 on - strand
[16:15:50] Found 2502 CDS
[16:15:50] Connecting features back to sequences
[16:15:50] Not using genus-specific database. Try --usegenus to enable it.
[16:15:50] Annotating CDS, please be patient.
[16:15:50] Will use 1 CPUs for similarity searching.
[16:15:50] There are still 2502 unannotated CDS left (started with 2502)
[16:15:50] Will use blast to search against /usr/local/bioinfo/src/PROKKA/prokka-1.14.5/db/kingdom/Bacteria/IS with 1 CPUs
[16:15:50] Running: cat \/home\/fmt073\/work\/Zhang\/Prokka\/Syah\/Syah\.IS\.tmp\.2944658\.faa | parallel --gnu --plain -j 1 --block 349404 --recstart '>' --pipe blastp -query - -db /usr/local/bioinfo/src/PROKKA/prokka-1.14.5/db/kingdom/Bacteria/IS -evalue 1e-30 -qcov_hsp_perc 90 -num_threads 1 -num_descriptions 1 -num_alignments 1 -seg no > \/home\/fmt073\/work\/Zhang\/Prokka\/Syah\/Syah\.IS\.tmp\.2944658\.blast 2> /dev/null
[16:16:25] Deleting unwanted file: /home/fmt073/work/Zhang/Prokka/Syah/Syah.IS.tmp.2944658.faa
[16:16:25] Deleting unwanted file: /home/fmt073/work/Zhang/Prokka/Syah/Syah.IS.tmp.2944658.blast
[16:16:25] There are still 2502 unannotated CDS left (started with 2502)
[16:16:25] Will use blast to search against /usr/local/bioinfo/src/PROKKA/prokka-1.14.5/db/kingdom/Bacteria/AMR with 1 CPUs
[16:16:25] Running: cat \/home\/fmt073\/work\/Zhang\/Prokka\/Syah\/Syah\.AMR\.tmp\.2944658\.faa | parallel --gnu --plain -j 1 --block 349404 --recstart '>' --pipe blastp -query - -db /usr/local/bioinfo/src/PROKKA/prokka-1.14.5/db/kingdom/Bacteria/AMR -evalue 9.99999999999999e-301 -qcov_hsp_perc 90 -num_threads 1 -num_descriptions 1 -num_alignments 1 -seg no > \/home\/fmt073\/work\/Zhang\/Prokka\/Syah\/Syah\.AMR\.tmp\.2944658\.blast 2> /dev/null
[16:16:50] Deleting unwanted file: /home/fmt073/work/Zhang/Prokka/Syah/Syah.AMR.tmp.2944658.faa
[16:16:50] Deleting unwanted file: /home/fmt073/work/Zhang/Prokka/Syah/Syah.AMR.tmp.2944658.blast
[16:16:51] There are still 2502 unannotated CDS left (started with 2502)
[16:16:51] Will use blast to search against /usr/local/bioinfo/src/PROKKA/prokka-1.14.5/db/kingdom/Bacteria/sprot with 1 CPUs
[16:16:51] Running: cat \/home\/fmt073\/work\/Zhang\/Prokka\/Syah\/Syah\.sprot\.tmp\.2944658\.faa | parallel --gnu --plain -j 1 --block 349404 --recstart '>' --pipe blastp -query - -db /usr/local/bioinfo/src/PROKKA/prokka-1.14.5/db/kingdom/Bacteria/sprot -evalue 1e-09 -qcov_hsp_perc 80 -num_threads 1 -num_descriptions 1 -num_alignments 1 -seg no > \/home\/fmt073\/work\/Zhang\/Prokka\/Syah\/Syah\.sprot\.tmp\.2944658\.blast 2> /dev/null
[16:19:10] Modify product: Vitamin K epoxide reductase homolog => Vitamin K epoxide reductase 
[16:19:10] Modify product: Uncharacterized protein slr1565 => putative protein
[16:19:10] Modify product: Epimerase family protein Rv2216 => Epimerase family protein
[16:19:10] Modify product: Uncharacterized protein alr4550 => putative protein
[16:19:10] Modify product: Uncharacterized protein alr4550 => putative protein
[16:19:10] Modify product: UPF0053 inner membrane protein YfjD => hypothetical protein
[16:19:10] Modify product: Uncharacterized glycosyltransferase sll0501 => putative glycosyltransferase
[16:19:10] Modify product: Uncharacterized membrane protein Rv0364 => putative membrane protein
[16:19:10] Modify product: Uncharacterized protein YbiB => putative protein YbiB
[16:19:10] Modify product: Probable formate transporter 1 => putative formate transporter 1
[16:19:10] Modify product: Uncharacterized protein Rv2569c => putative protein
[16:19:10] Modify product: Uncharacterized protein Rv2411c => putative protein
[16:19:10] Modify product: Uncharacterized ABC transporter ATP-binding protein YejF => putative ABC transporter ATP-binding protein YejF
[16:19:10] Modify product: Probable nicotinate-nucleotide pyrophosphorylase [carboxylating] => putative nicotinate-nucleotide pyrophosphorylase [carboxylating]
[16:19:10] Modify product: Probable glutaredoxin ssr2061 => putative glutaredoxin
[16:19:10] Modify product: Putative transport protein Rv0205 => Putative transport protein
[16:19:10] Modify product: Probable adenylyl-sulfate kinase => putative adenylyl-sulfate kinase
[16:19:10] Modify product: Uncharacterized protein YciH => putative protein YciH
[16:19:10] Modify product: Uncharacterized protein Rv0628c => putative protein
[16:19:10] Modify product: Probable bifunctional SAT/APS kinase => putative bifunctional SAT/APS kinase
[16:19:10] Modify product: Uncharacterized protein alr4550 => putative protein
[16:19:10] Modify product: PKHD-type hydroxylase Sbal_3634 => PKHD-type hydroxylase
[16:19:10] Modify product: Uncharacterized protein alr4550 => putative protein
[16:19:10] Modify product: Probable ketoamine kinase HMPREF0351_12196 => putative ketoamine kinase
[16:19:10] Modify product: Probable adenylyltransferase/sulfurtransferase MoeZ => putative adenylyltransferase/sulfurtransferase MoeZ
[16:19:10] Modify product: Uncharacterized oxidoreductase Rv2298 => putative oxidoreductase
[16:19:10] Modify product: Putative low molecular weight protein-tyrosine-phosphatase slr0328 => Putative low molecular weight protein-tyrosine-phosphatase
[16:19:10] Modify product: Uncharacterized phycocyanin operon protein Z => putative phycocyanin operon protein Z
[16:19:10] Modify product: Probable phycoerythrobilin lyase CpeT => putative phycoerythrobilin lyase CpeT
[16:19:10] Modify product: Probable CtpA-like serine protease => putative CtpA-like serine protease
[16:19:11] Modify product: Putative zinc metalloprotease aq_1964 => Putative zinc metalloprotease
[16:19:11] Modify product: Phage shock protein A homolog => Phage shock protein A 
[16:19:11] Modify product: Uncharacterized ABC transporter ATP-binding protein YknY => putative ABC transporter ATP-binding protein YknY
[16:19:11] Modify product: Uncharacterized protein Rv1829 => putative protein
[16:19:11] Modify product: Probable cytochrome c oxidase subunit 1 => putative cytochrome c oxidase subunit 1
[16:19:11] Modify product: Probable murein peptide carboxypeptidase => putative murein peptide carboxypeptidase
[16:19:11] Modify product: Rqc2 homolog RqcH => Rqc2 RqcH
[16:19:11] Modify product: UPF0234 protein MSMEG_1165/MSMEI_1134 => hypothetical protein
[16:19:11] Modify product: Uncharacterized FAD-linked oxidoreductase Rv2280 => putative FAD-linked oxidoreductase
[16:19:11] Modify product: Uncharacterized sugar kinase YdjH => putative sugar kinase YdjH
[16:19:11] Modify product: Uncharacterized protein HI_0103 => putative protein
[16:19:11] Modify product: Uncharacterized protein RP812 => putative protein RP812
[16:19:11] Modify product: Putative multidrug export ATP-binding/permease protein SAV1866 => Putative multidrug export ATP-binding/permease protein
[16:19:11] Modify product: UPF0176 protein lpg2838 => hypothetical protein
[16:19:11] Modify product: Uncharacterized periplasmic iron-binding protein HI_0362 => putative periplasmic iron-binding protein
[16:19:11] Modify product: Uncharacterized oxidoreductase SA2266 => putative oxidoreductase
[16:19:11] Modify product: Probable 2-phosphosulfolactate phosphatase => putative 2-phosphosulfolactate phosphatase
[16:19:11] Modify product: Phosphorylated carbohydrates phosphatase TM_1254 => Phosphorylated carbohydrates phosphatase
[16:19:11] Modify product: Uncharacterized protein alr4550 => putative protein
[16:19:11] Modify product: Probable multidrug resistance ABC transporter ATP-binding/permease protein YheI => putative multidrug resistance ABC transporter ATP-binding/permease protein YheI
[16:19:11] Modify product: Uncharacterized ABC transporter ATP-binding protein YlmA => putative ABC transporter ATP-binding protein YlmA
[16:19:11] Modify product: Probable ABC transporter phosphite binding protein PhnD1 => putative ABC transporter phosphite binding protein PhnD1
[16:19:11] Modify product: GTP-binding protein TypA/BipA homolog => GTP-binding protein TypA/BipA 
[16:19:11] Modify product: Uncharacterized ABC transporter ATP-binding protein Rv0986 => putative ABC transporter ATP-binding protein
[16:19:11] Modify product: Uncharacterized zinc protease Rv2782c => putative zinc protease
[16:19:11] Modify product: Uncharacterized zinc protease Rv2782c => putative zinc protease
[16:19:11] Modify product: Probable membrane transporter protein YfcA => putative membrane transporter protein YfcA
[16:19:11] Modify product: Uncharacterized ABC transporter ATP-binding protein TM_0288 => putative ABC transporter ATP-binding protein
[16:19:11] Modify product: Probable murein peptide carboxypeptidase => putative murein peptide carboxypeptidase
[16:19:11] Modify product: Bifunctional protein FolD => Bifunctional protein FolD protein
[16:19:11] Modify product: 1,4-alpha-glucan branching enzyme TTHA1902 => 1,4-alpha-glucan branching enzyme
[16:19:11] Modify product: Uncharacterized oxidoreductase MSMEG_1603/MSMEI_1564 => putative oxidoreductase/MSMEI_1564
[16:19:11] Modify product: Uncharacterized tRNA/rRNA methyltransferase HI_0380 => putative tRNA/rRNA methyltransferase
[16:19:11] Modify product: Probable helicase HelY => putative helicase HelY
[16:19:11] Modify product: Probable dual-specificity RNA methyltransferase RlmN => putative dual-specificity RNA methyltransferase RlmN
[16:19:11] Modify product: Glycogen operon protein GlgX homolog => Glycogen operon protein GlgX 
[16:19:11] Modify product: Probable cytosol aminopeptidase => putative cytosol aminopeptidase
[16:19:11] Modify product: Probable transcriptional regulatory protein aq_1575 => putative transcriptional regulatory protein
[16:19:11] Modify product: UPF0053 protein Rv2366c => hypothetical protein
[16:19:11] Modify product: UPF0225 protein YchJ => hypothetical protein
[16:19:11] Modify product: Probable peptidoglycan glycosyltransferase FtsW => putative peptidoglycan glycosyltransferase FtsW
[16:19:11] Modify product: Probable cysteine desulfurase => putative cysteine desulfurase
[16:19:11] Modify product: Probable ATP-dependent transporter SufC => putative ATP-dependent transporter SufC
[16:19:11] Modify product: Uncharacterized ABC transporter ATP-binding protein YheS => putative ABC transporter ATP-binding protein YheS
[16:19:11] Cleaned 74 /product names
[16:19:11] Deleting unwanted file: /home/fmt073/work/Zhang/Prokka/Syah/Syah.sprot.tmp.2944658.faa
[16:19:11] Deleting unwanted file: /home/fmt073/work/Zhang/Prokka/Syah/Syah.sprot.tmp.2944658.blast
[16:19:12] There are still 1526 unannotated CDS left (started with 2502)
[16:19:12] Will use hmmer3 to search against /usr/local/bioinfo/src/PROKKA/prokka-1.14.5/db/hmm/HAMAP.hmm with 1 CPUs
[16:19:12] Running: cat \/home\/fmt073\/work\/Zhang\/Prokka\/Syah\/Syah\.HAMAP\.hmm\.tmp\.2944658\.faa | parallel --gnu --plain -j 1 --block 174542 --recstart '>' --pipe hmmscan --noali --notextw --acc -E 1e-09 --cpu 1 /usr/local/bioinfo/src/PROKKA/prokka-1.14.5/db/hmm/HAMAP.hmm /dev/stdin > \/home\/fmt073\/work\/Zhang\/Prokka\/Syah\/Syah\.HAMAP\.hmm\.tmp\.2944658\.hmmer3 2> /dev/null
[16:21:06] Deleting unwanted file: /home/fmt073/work/Zhang/Prokka/Syah/Syah.HAMAP.hmm.tmp.2944658.faa
[16:21:06] Deleting unwanted file: /home/fmt073/work/Zhang/Prokka/Syah/Syah.HAMAP.hmm.tmp.2944658.hmmer3
[16:21:06] Labelling remaining 1341 proteins as 'hypothetical protein'
[16:21:06] Possible /pseudo 'putative protein' at gnl|Prokka|Syah.g_1 position 35794
[16:21:06] Possible /pseudo 'Putative fluoride ion transporter CrcB' at gnl|Prokka|Syah.g_1 position 262159
[16:21:06] Possible /pseudo 'ATP-dependent Clp protease proteolytic subunit' at gnl|Prokka|Syah.g_1 position 1151509
[16:21:06] Possible /pseudo 'Phosphate-binding protein PstS' at gnl|Prokka|Syah.g_1 position 1386201
[16:21:06] Possible /pseudo 'putative zinc protease' at gnl|Prokka|Syah.g_1 position 1639513
[16:21:06] Possible /pseudo 'DNA-directed RNA polymerase subunit beta'' at gnl|Prokka|Syah.g_1 position 2043272
[16:21:06] Possible /pseudo 'Competence protein ComM' at gnl|Prokka|Syah.g_1 position 2234517
[16:21:06] Found 967 unique /gene codes.
[16:21:06] Fixed 2 duplicate /gene - cobD_1 cobD_2
[16:21:06] Fixed 2 duplicate /gene - rlmB_1 rlmB_2
[16:21:06] Fixed 2 duplicate /gene - gyrA_1 gyrA_2
[16:21:06] Fixed 2 duplicate /gene - msrB_1 msrB_2
[16:21:06] Fixed 2 duplicate /gene - ppa_1 ppa_2
[16:21:06] Fixed 2 duplicate /gene - dapL_1 dapL_2
[16:21:06] Fixed 5 duplicate /gene - mshA_1 mshA_2 mshA_3 mshA_4 mshA_5
[16:21:06] Fixed 4 duplicate /gene - dnaJ_1 dnaJ_2 dnaJ_3 dnaJ_4
[16:21:06] Fixed 2 duplicate /gene - clpS_1 clpS_2
[16:21:06] Fixed 2 duplicate /gene - cpcS_1 cpcS_2
[16:21:06] Fixed 2 duplicate /gene - dsbD_1 dsbD_2
[16:21:06] Fixed 2 duplicate /gene - hisF_1 hisF_2
[16:21:06] Fixed 2 duplicate /gene - rnr_1 rnr_2
[16:21:06] Fixed 2 duplicate /gene - pyrC_1 pyrC_2
[16:21:06] Fixed 2 duplicate /gene - msbA_1 msbA_2
[16:21:06] Fixed 2 duplicate /gene - ndhI_1 ndhI_2
[16:21:06] Fixed 4 duplicate /gene - psbA2_1 psbA2_2 psbA2_3 psbA2_4
[16:21:06] Fixed 2 duplicate /gene - pstS_1 pstS_2
[16:21:06] Fixed 2 duplicate /gene - dnaK2_1 dnaK2_2
[16:21:06] Fixed 2 duplicate /gene - psbD1_1 psbD1_2
[16:21:06] Fixed 2 duplicate /gene - dfa3_1 dfa3_2
[16:21:06] Fixed 2 duplicate /gene - clpB1_1 clpB1_2
[16:21:06] Fixed 3 duplicate /gene - sigA2_1 sigA2_2 sigA2_3
[16:21:06] Fixed 3 duplicate /gene - COQ5_1 COQ5_2 COQ5_3
[16:21:06] Fixed 2 duplicate /gene - cugP_1 cugP_2
[16:21:06] Fixed 2 duplicate /gene - ntcA_1 ntcA_2
[16:21:06] Fixed 2 duplicate /gene - purN_1 purN_2
[16:21:06] Fixed 2 duplicate /gene - sir_1 sir_2
[16:21:06] Fixed 2 duplicate /gene - fabG_1 fabG_2
[16:21:06] Fixed 2 duplicate /gene - selO_1 selO_2
[16:21:06] Fixed 2 duplicate /gene - atpG_1 atpG_2
[16:21:06] Fixed 2 duplicate /gene - ykfA_1 ykfA_2
[16:21:06] Fixed 2 duplicate /gene - gph_1 gph_2
[16:21:06] Fixed 2 duplicate /gene - mreB_1 mreB_2
[16:21:06] Fixed 2 duplicate /gene - petF_1 petF_2
[16:21:06] Fixed 2 duplicate /gene - pyrE_1 pyrE_2
[16:21:06] Fixed 3 duplicate /gene - ndhD1_1 ndhD1_2 ndhD1_3
[16:21:06] Fixed 3 duplicate /gene - ruvB_1 ruvB_2 ruvB_3
[16:21:06] Fixed 2 duplicate /gene - tam_1 tam_2
[16:21:06] Fixed 2 duplicate /gene - hhoA_1 hhoA_2
[16:21:06] Fixed 3 duplicate /gene - btuD_1 btuD_2 btuD_3
[16:21:06] Fixed 4 duplicate /gene - clpP_1 clpP_2 clpP_3 clpP_4
[16:21:06] Fixed 2 duplicate /gene - acpP_1 acpP_2
[16:21:06] Fixed 2 duplicate /gene - recD_1 recD_2
[16:21:06] Fixed 2 duplicate /gene - trxA_1 trxA_2
[16:21:06] Fixed 3 duplicate /gene - sasA_1 sasA_2 sasA_3
[16:21:06] Fixed 2 duplicate /gene - ccmK_1 ccmK_2
[16:21:06] Fixed 2 duplicate /gene - der_1 der_2
[16:21:06] Fixed 2 duplicate /gene - pilT_1 pilT_2
[16:21:06] Fixed 2 duplicate /gene - comM_1 comM_2
[16:21:06] Fixed 2 duplicate /gene - cysQ_1 cysQ_2
[16:21:06] Fixed 2 duplicate /gene - mnmE_1 mnmE_2
[16:21:06] Fixed 2 duplicate /gene - petJ_1 petJ_2
[16:21:06] Fixed 2 duplicate /gene - nusA_1 nusA_2
[16:21:06] Fixed 2 duplicate /gene - hisH_1 hisH_2
[16:21:06] Fixed 2 duplicate /gene - ftsH2_1 ftsH2_2
[16:21:06] Fixed 2 duplicate /gene - yciC_1 yciC_2
[16:21:06] Fixed 2 duplicate /gene - atpH_1 atpH_2
[16:21:06] Fixed 3 duplicate /gene - pds_1 pds_2 pds_3
[16:21:06] Fixed 3 duplicate /gene - ubiB_1 ubiB_2 ubiB_3
[16:21:06] Fixed 2 duplicate /gene - bicA_1 bicA_2
[16:21:06] Fixed 3 duplicate /gene - mprA_1 mprA_2 mprA_3
[16:21:06] Fixed 2 duplicate /gene - gltS_1 gltS_2
[16:21:06] Fixed 2 duplicate /gene - nadK_1 nadK_2
[16:21:06] Fixed 2 duplicate /gene - prmC_1 prmC_2
[16:21:06] Fixed 2 duplicate /gene - speA_1 speA_2
[16:21:06] Fixed 4 duplicate /gene - mntB_1 mntB_2 mntB_3 mntB_4
[16:21:06] Fixed 2 duplicate /gene - iolG_1 iolG_2
[16:21:06] Fixed 2 duplicate /gene - nuoL_1 nuoL_2
[16:21:06] Fixed 2 duplicate /gene - menA_1 menA_2
[16:21:06] Fixed 2 duplicate /gene - pcyA_1 pcyA_2
[16:21:06] Fixed 2 duplicate /gene - bcp_1 bcp_2
[16:21:06] Fixed 2 duplicate /gene - cobN_1 cobN_2
[16:21:06] Fixed 2 duplicate /gene - crcB_1 crcB_2
[16:21:06] Fixed 2 duplicate /gene - menH_1 menH_2
[16:21:06] Fixed 2 duplicate /gene - cbpA_1 cbpA_2
[16:21:06] Fixed 76 colliding /gene names.
[16:21:06] Adding /locus_tag identifiers
[16:21:06] Assigned 2547 locus_tags to CDS and RNA features.
[16:21:06] Writing outputs to /home/fmt073/work/Zhang/Prokka/Syah/
[16:21:07] Generating annotation statistics file
[16:21:07] Generating Genbank and Sequin files
[16:21:07] Running: tbl2asn -V b -a r10k -l paired-ends -M n -N 1 -y 'Annotated using prokka 1.14.5 from https://github.com/tseemann/prokka' -Z \/home\/fmt073\/work\/Zhang\/Prokka\/Syah\/Syah\.err -i \/home\/fmt073\/work\/Zhang\/Prokka\/Syah\/Syah\.fsa 2> /dev/null
[16:21:12] Deleting unwanted file: /home/fmt073/work/Zhang/Prokka/Syah/errorsummary.val
[16:21:12] Deleting unwanted file: /home/fmt073/work/Zhang/Prokka/Syah/Syah.dr
[16:21:12] Deleting unwanted file: /home/fmt073/work/Zhang/Prokka/Syah/Syah.fixedproducts
[16:21:12] Deleting unwanted file: /home/fmt073/work/Zhang/Prokka/Syah/Syah.ecn
[16:21:12] Deleting unwanted file: /home/fmt073/work/Zhang/Prokka/Syah/Syah.val
[16:21:12] Repairing broken .GBK output that tbl2asn produces...
[16:21:12] Running: sed 's/COORDINATES: profile/COORDINATES:profile/' < \/home\/fmt073\/work\/Zhang\/Prokka\/Syah\/Syah\.gbf > \/home\/fmt073\/work\/Zhang\/Prokka\/Syah\/Syah\.gbk
[16:21:12] Deleting unwanted file: /home/fmt073/work/Zhang/Prokka/Syah/Syah.gbf
[16:21:12] Output files:
[16:21:12] /home/fmt073/work/Zhang/Prokka/Syah/Syah.faa
[16:21:12] /home/fmt073/work/Zhang/Prokka/Syah/Syah.err
[16:21:12] /home/fmt073/work/Zhang/Prokka/Syah/Syah.log
[16:21:12] /home/fmt073/work/Zhang/Prokka/Syah/Syah.sqn
[16:21:12] /home/fmt073/work/Zhang/Prokka/Syah/Syah.tsv
[16:21:12] /home/fmt073/work/Zhang/Prokka/Syah/Syah.ffn
[16:21:12] /home/fmt073/work/Zhang/Prokka/Syah/Syah.fsa
[16:21:12] /home/fmt073/work/Zhang/Prokka/Syah/Syah.fna
[16:21:12] /home/fmt073/work/Zhang/Prokka/Syah/Syah.txt
[16:21:12] /home/fmt073/work/Zhang/Prokka/Syah/Syah.gbk
[16:21:12] /home/fmt073/work/Zhang/Prokka/Syah/Syah.tbl
[16:21:12] /home/fmt073/work/Zhang/Prokka/Syah/Syah.gff
[16:21:12] Annotation finished successfully.
[16:21:12] Walltime used: 5.55 minutes
[16:21:12] If you use this result please cite the Prokka paper:
[16:21:12] Seemann T (2014) Prokka: rapid prokaryotic genome annotation. Bioinformatics. 30(14):2068-9.
[16:21:12] Type 'prokka --citation' for more details.
[16:21:12] Share and enjoy!
