IQ-TREE multicore version 2.2.2.6 COVID-edition for Linux 64-bit built May 27 2023
Developed by Bui Quang Minh, James Barbetti, Nguyen Lam Tung,
Olga Chernomor, Heiko Schmidt, Dominik Schrempf, Michael Woodhams, Ly Trong Nhan.

Host:    n002 (AVX2, FMA3, 2015 GB RAM)
Command: iqtree -s /home/yquentin/work/Kettler/phyloG/PEP/ali_pep_N0.HOG0000179.ffn.fas -B 1000 -alrt 1000 -nt 1 -mset WAG,LG,JTT -madd LG4M,LG4X -mrate E,I,G,I+G,R
Seed:    785468 (Using SPRNG - Scalable Parallel Random Number Generator)
Time:    Thu Oct  9 19:00:02 2025
Kernel:  AVX+FMA - 1 threads (1 CPU cores detected)

Reading alignment file /home/yquentin/work/Kettler/phyloG/PEP/ali_pep_N0.HOG0000179.ffn.fas ... Fasta format detected
Reading fasta file: done in 0.000110149 secs using 32.68% CPU
Alignment most likely contains protein sequences
Constructing alignment: done in 0.000432968 secs using 33.49% CPU
WARNING: 1 sites contain only gaps or ambiguous characters.
Alignment has 12 sequences with 458 columns, 111 distinct patterns
80 parsimony-informative, 13 singleton sites, 365 constant sites
      Gap/Ambiguity  Composition  p-value
Analyzing sequences: done in 7.86781e-06 secs using 101.7% CPU
   1  Prbb    0.22%    passed    100.00%
   2  Prah    0.22%    passed     99.90%
   3  Prag    0.66%    passed    100.00%
   4  Prab    0.66%    passed    100.00%
   5  Prai    0.66%    passed    100.00%
   6  Prat    0.66%    passed    100.00%
   7  Prak    0.22%    passed     99.96%
   8  Prae    0.66%    passed    100.00%
   9  Praa    0.66%    passed    100.00%
  10  Praf    0.22%    passed    100.00%
  11  Praj    0.22%    passed    100.00%
  12  Prau    0.66%    passed    100.00%
****  TOTAL    0.47%  0 sequences failed composition chi2 test (p-value<5%; df=19)
NOTE: Praj is identical to Prbb but kept for subsequent analysis
Checking for duplicate sequences: done in 3.38554e-05 secs using 103.4% CPU


Create initial parsimony tree by phylogenetic likelihood library (PLL)... 0.000 seconds
Perform fast likelihood tree search using LG+I+G model...
Estimate model parameters (epsilon = 5.000)
Perform nearest neighbor interchange...
Optimizing NNI: done in 0.0187728 secs using 99.07% CPU
Estimate model parameters (epsilon = 1.000)
1. Initial log-likelihood: -2174.094
Optimal log-likelihood: -2174.082
Proportion of invariable sites: 0.398
Gamma shape alpha: 0.397
Parameters optimization took 1 rounds (0.006 sec)
Time for fast ML tree search: 0.044 seconds

NOTE: ModelFinder requires 2 MB RAM!
ModelFinder will test up to 80 protein models (sample size: 458) ...
 No. Model         -LnL         df  AIC          AICc         BIC
  1  WAG           2235.030     21  4512.060     4514.180     4598.725
  2  WAG+I         2180.044     22  4404.088     4406.415     4494.879
  3  WAG+G4        2179.563     22  4403.126     4405.452     4493.917
  4  WAG+I+G4      2179.548     23  4405.095     4407.639     4500.013
  5  WAG+R2        2180.652     23  4407.304     4409.848     4502.222
  6  WAG+R3        2179.733     25  4409.466     4412.475     4512.638
 14  WAG+F         2157.526     40  4395.053     4402.919     4560.128
 15  WAG+F+I       2101.167     41  4284.334     4292.613     4453.536
 16  WAG+F+G4      2100.495     41  4282.990     4291.269     4452.192
 17  WAG+F+I+G4    2100.306     42  4284.612     4293.315     4457.940
 18  WAG+F+R2      2101.870     42  4287.740     4296.443     4461.068
 19  WAG+F+R3      2100.678     44  4289.355     4298.944     4470.937
 27  LG            2231.740     21  4505.480     4507.599     4592.144
 28  LG+I          2175.250     22  4394.501     4396.827     4485.292
 29  LG+G4         2174.576     22  4393.152     4395.479     4483.943
 30  LG+I+G4       2174.081     23  4394.163     4396.707     4489.081
 31  LG+R2         2175.184     23  4396.368     4398.912     4491.286
 32  LG+R3         2174.317     25  4398.635     4401.644     4501.807
 40  LG+F          2159.976     40  4399.953     4407.818     4565.028
 41  LG+F+I        2100.419     41  4282.838     4291.117     4452.040
 42  LG+F+G4       2099.317     41  4280.635     4288.914     4449.837
 43  LG+F+I+G4     2098.550     42  4281.099     4289.803     4454.428
 44  LG+F+R2       2100.600     42  4285.201     4293.904     4458.529
 45  LG+F+R3       2099.160     44  4286.321     4295.909     4467.903
 53  JTT           2241.020     21  4524.041     4526.160     4610.705
 54  JTT+I         2185.281     22  4414.562     4416.888     4505.353
 55  JTT+G4        2184.692     22  4413.385     4415.711     4504.176
 56  JTT+I+G4      2184.327     23  4414.654     4417.198     4509.572
 57  JTT+R2        2185.446     23  4416.892     4419.435     4511.810
 58  JTT+R3        2184.586     25  4419.172     4422.182     4522.344
 66  JTT+F         2166.743     40  4413.486     4421.352     4578.561
 67  JTT+F+I       2108.835     41  4299.669     4307.948     4468.871
 68  JTT+F+G4      2107.993     41  4297.985     4306.264     4467.187
 69  JTT+F+I+G4    2107.472     42  4298.943     4307.647     4472.272
 70  JTT+F+R2      2109.196     42  4302.392     4311.096     4475.721
 71  JTT+F+R3      2107.895     44  4303.790     4313.379     4485.372
Model LG4M is alias for MIX{LG4M1,LG4M2,LG4M3,LG4M4}*G4
 79  LG4M          2196.223     22  4436.447     4438.773     4527.238
Model LG4X is alias for MIX{LG4X1,LG4X2,LG4X3,LG4X4}*R4
 80  LG4X          2140.295     27  4334.589     4338.105     4446.015
Akaike Information Criterion:           LG+F+G4
Corrected Akaike Information Criterion: LG+F+G4
Bayesian Information Criterion:         LG4X
Best-fit model: LG4X chosen according to BIC

All model information printed to /home/yquentin/work/Kettler/phyloG/PEP/ali_pep_N0.HOG0000179.ffn.fas.model.gz
CPU time for ModelFinder: 1.283 seconds (0h:0m:1s)
Wall-clock time for ModelFinder: 1.307 seconds (0h:0m:1s)
Generating 1000 samples for ultrafast bootstrap (seed: 785468)...
Model LG4X is alias for MIX{LG4X1,LG4X2,LG4X3,LG4X4}*R4

NOTE: 1 MB RAM (0 GB) is required!
Estimate model parameters (epsilon = 0.100)
1. Initial log-likelihood: -2140.295
Optimal log-likelihood: -2140.203
Site proportion and rates:  (0.588,0.108) (0.270,1.604) (0.128,2.491) (0.014,13.460)
Parameters optimization took 1 rounds (0.019 sec)
Wrote distance file to... 
Computing ML distances based on estimated model parameters...
Calculating distance matrix: done in 0.014446 secs using 99.04% CPU
Computing ML distances took 0.014494 sec (of wall-clock time) 0.014355 sec (of CPU time)
Setting up auxiliary I and S matrices: done in 7.79629e-05 secs
Constructing RapidNJ tree: done in 4.29153e-05 secs using 97.87% CPU
Computing RapidNJ tree took 0.008235 sec (of wall-clock time) 0.000722 sec (of CPU time)
Log-likelihood of RapidNJ tree: -2137.451
--------------------------------------------------------------------
|             INITIALIZING CANDIDATE TREE SET                      |
--------------------------------------------------------------------
Generating 98 parsimony trees... 0.073 second
Computing log-likelihood of 97 initial trees ... 0.234 seconds
Current best score: -2137.451

Do NNI search on 20 best initial trees
Optimizing NNI: done in 0.0221882 secs using 99.18% CPU
Estimate model parameters (epsilon = 0.100)
BETTER TREE FOUND at iteration 1: -2135.297
Optimizing NNI: done in 0.0202169 secs using 99.1% CPU
UPDATE BEST LOG-LIKELIHOOD: -2135.296
Optimizing NNI: done in 0.0260141 secs using 99.24% CPU
UPDATE BEST LOG-LIKELIHOOD: -2135.295
Optimizing NNI: done in 0.025897 secs using 99.24% CPU
Optimizing NNI: done in 0.0248199 secs using 99.06% CPU
Optimizing NNI: done in 0.0283389 secs using 99.08% CPU
Optimizing NNI: done in 0.0259359 secs using 99.17% CPU
Optimizing NNI: done in 0.0204961 secs using 99.12% CPU
Optimizing NNI: done in 0.0262411 secs using 99.07% CPU
Optimizing NNI: done in 0.02631 secs using 99.13% CPU
Iteration 10 / LogL: -2138.409 / Time: 0h:0m:0s
Optimizing NNI: done in 0.01526 secs using 98.96% CPU
Optimizing NNI: done in 0.0297549 secs using 99.12% CPU
Optimizing NNI: done in 0.028743 secs using 99.2% CPU
Optimizing NNI: done in 0.0282192 secs using 99.22% CPU
Optimizing NNI: done in 0.0326581 secs using 99.2% CPU
Optimizing NNI: done in 0.0493741 secs using 99.21% CPU
Optimizing NNI: done in 0.0280981 secs using 99.14% CPU
Optimizing NNI: done in 0.0304232 secs using 99.01% CPU
Optimizing NNI: done in 0.0327668 secs using 99.11% CPU
Optimizing NNI: done in 0.0329721 secs using 99.1% CPU
Iteration 20 / LogL: -2135.299 / Time: 0h:0m:0s
Finish initializing candidate tree set (2)
Current best tree score: -2135.295 / CPU time: 0.934
Number of iterations: 20
--------------------------------------------------------------------
|               OPTIMIZING CANDIDATE TREE SET                      |
--------------------------------------------------------------------
Optimizing NNI: done in 0.0188019 secs using 99.03% CPU
Optimizing NNI: done in 0.0280659 secs using 99.12% CPU
Optimizing NNI: done in 0.0442538 secs using 99.07% CPU
Optimizing NNI: done in 0.0315301 secs using 99.01% CPU
Optimizing NNI: done in 0.039829 secs using 99.22% CPU
Optimizing NNI: done in 0.040498 secs using 99.13% CPU
Optimizing NNI: done in 0.024169 secs using 99.09% CPU
Optimizing NNI: done in 0.0291741 secs using 99.01% CPU
Optimizing NNI: done in 0.0278099 secs using 98.98% CPU
Optimizing NNI: done in 0.031332 secs using 99.08% CPU
Iteration 30 / LogL: -2135.310 / Time: 0h:0m:1s (0h:0m:3s left)
Optimizing NNI: done in 0.0165181 secs using 99.34% CPU
Optimizing NNI: done in 0.0399702 secs using 99.07% CPU
Optimizing NNI: done in 0.018347 secs using 99.2% CPU
Optimizing NNI: done in 0.024013 secs using 99.23% CPU
Optimizing NNI: done in 0.0359271 secs using 99.19% CPU
Optimizing NNI: done in 0.0187311 secs using 99.19% CPU
Optimizing NNI: done in 0.0334771 secs using 99.17% CPU
Optimizing NNI: done in 0.0365398 secs using 99.06% CPU
Optimizing NNI: done in 0.0308969 secs using 99.17% CPU
Optimizing NNI: done in 0.0362689 secs using 87.17% CPU
Iteration 40 / LogL: -2135.302 / Time: 0h:0m:1s (0h:0m:2s left)
Optimizing NNI: done in 0.0375879 secs using 99.24% CPU
Optimizing NNI: done in 0.023735 secs using 99.25% CPU
Optimizing NNI: done in 0.02847 secs using 99.24% CPU
Optimizing NNI: done in 0.0272989 secs using 99.04% CPU
Optimizing NNI: done in 0.01893 secs using 99.05% CPU
Optimizing NNI: done in 0.0125091 secs using 99.18% CPU
Optimizing NNI: done in 0.0194108 secs using 99.09% CPU
Optimizing NNI: done in 0.0269499 secs using 99.07% CPU
Optimizing NNI: done in 0.0291131 secs using 99.08% CPU
Optimizing NNI: done in 0.0378718 secs using 99.07% CPU
Iteration 50 / LogL: -2135.295 / Time: 0h:0m:1s (0h:0m:2s left)
Log-likelihood cutoff on original alignment: -2171.014
Optimizing NNI: done in 0.029362 secs using 98.99% CPU
Optimizing NNI: done in 0.026129 secs using 99.09% CPU
Optimizing NNI: done in 0.0275359 secs using 99.11% CPU
Optimizing NNI: done in 0.0456319 secs using 99.07% CPU
Optimizing NNI: done in 0.023088 secs using 99.14% CPU
Optimizing NNI: done in 0.0194931 secs using 95.27% CPU
Optimizing NNI: done in 0.0290451 secs using 99.18% CPU
Optimizing NNI: done in 0.0308001 secs using 98.96% CPU
Optimizing NNI: done in 0.037365 secs using 98.99% CPU
Optimizing NNI: done in 0.040071 secs using 98.93% CPU
Iteration 60 / LogL: -2135.295 / Time: 0h:0m:2s (0h:0m:1s left)
Optimizing NNI: done in 0.031811 secs using 99.02% CPU
Optimizing NNI: done in 0.0246439 secs using 99.12% CPU
Optimizing NNI: done in 0.026221 secs using 99.24% CPU
Optimizing NNI: done in 0.0321991 secs using 99.16% CPU
Optimizing NNI: done in 0.0473728 secs using 99.22% CPU
Optimizing NNI: done in 0.015837 secs using 99.13% CPU
Optimizing NNI: done in 0.014163 secs using 99.13% CPU
Optimizing NNI: done in 0.015085 secs using 99.28% CPU
Optimizing NNI: done in 0.032167 secs using 99.26% CPU
Optimizing NNI: done in 0.014791 secs using 99.22% CPU
Iteration 70 / LogL: -2171.713 / Time: 0h:0m:2s (0h:0m:1s left)
Optimizing NNI: done in 0.036042 secs using 98.75% CPU
Optimizing NNI: done in 0.0210218 secs using 98.94% CPU
Optimizing NNI: done in 0.046037 secs using 94.1% CPU
Optimizing NNI: done in 0.0376999 secs using 99.17% CPU
Optimizing NNI: done in 0.0312841 secs using 99.02% CPU
Optimizing NNI: done in 0.025095 secs using 99.08% CPU
Optimizing NNI: done in 0.039958 secs using 99.06% CPU
Optimizing NNI: done in 0.0452061 secs using 99.09% CPU
Optimizing NNI: done in 0.035723 secs using 99.11% CPU
Optimizing NNI: done in 0.036448 secs using 99.17% CPU
Iteration 80 / LogL: -2135.295 / Time: 0h:0m:2s (0h:0m:0s left)
Optimizing NNI: done in 0.022265 secs using 99.31% CPU
Optimizing NNI: done in 0.0263989 secs using 99.25% CPU
Optimizing NNI: done in 0.0249 secs using 99.24% CPU
Optimizing NNI: done in 0.014622 secs using 99.28% CPU
Optimizing NNI: done in 0.0232489 secs using 99.13% CPU
Optimizing NNI: done in 0.0365291 secs using 99.1% CPU
Optimizing NNI: done in 0.03864 secs using 94.71% CPU
Optimizing NNI: done in 0.043925 secs using 99.07% CPU
Optimizing NNI: done in 0.037257 secs using 99.04% CPU
Optimizing NNI: done in 0.039422 secs using 99.15% CPU
Iteration 90 / LogL: -2135.299 / Time: 0h:0m:3s (0h:0m:0s left)
Optimizing NNI: done in 0.050729 secs using 99.19% CPU
Optimizing NNI: done in 0.039968 secs using 99.16% CPU
Optimizing NNI: done in 0.0476658 secs using 99.23% CPU
Optimizing NNI: done in 0.0371621 secs using 99.26% CPU
Optimizing NNI: done in 0.0477891 secs using 99.19% CPU
Optimizing NNI: done in 0.0372241 secs using 99.23% CPU
Optimizing NNI: done in 0.034492 secs using 99.27% CPU
Optimizing NNI: done in 0.028003 secs using 99.25% CPU
Optimizing NNI: done in 0.019459 secs using 99.23% CPU
Optimizing NNI: done in 0.0371392 secs using 99.22% CPU
Iteration 100 / LogL: -2135.295 / Time: 0h:0m:3s (0h:0m:0s left)
Log-likelihood cutoff on original alignment: -2171.025
NOTE: Bootstrap correlation coefficient of split occurrence frequencies: 0.999
Optimizing NNI: done in 0.013098 secs using 99.09% CPU
Optimizing NNI: done in 0.024416 secs using 99.15% CPU
TREE SEARCH COMPLETED AFTER 102 ITERATIONS / Time: 0h:0m:3s

--------------------------------------------------------------------
|                    FINALIZING TREE SEARCH                        |
--------------------------------------------------------------------
Performs final model parameters optimization
Estimate model parameters (epsilon = 0.010)
1. Initial log-likelihood: -2135.295
2. Current log-likelihood: -2135.253
3. Current log-likelihood: -2135.183
4. Current log-likelihood: -2135.119
5. Current log-likelihood: -2135.061
6. Current log-likelihood: -2135.008
7. Current log-likelihood: -2134.959
8. Current log-likelihood: -2134.913
9. Current log-likelihood: -2134.871
10. Current log-likelihood: -2134.832
11. Current log-likelihood: -2134.796
12. Current log-likelihood: -2134.762
13. Current log-likelihood: -2134.731
14. Current log-likelihood: -2134.702
15. Current log-likelihood: -2134.675
16. Current log-likelihood: -2134.649
17. Current log-likelihood: -2134.625
18. Current log-likelihood: -2134.602
19. Current log-likelihood: -2134.584
20. Current log-likelihood: -2134.568
21. Current log-likelihood: -2134.553
22. Current log-likelihood: -2134.540
23. Current log-likelihood: -2134.527
24. Current log-likelihood: -2134.517
25. Current log-likelihood: -2134.506
Optimal log-likelihood: -2134.494
Site proportion and rates:  (0.582,0.059) (0.267,1.592) (0.139,2.019) (0.012,21.713)
Parameters optimization took 25 rounds (0.447 sec)
BEST SCORE FOUND : -2134.494

Testing tree branches by SH-like aLRT with 1000 replicates...
0.091 sec.
Creating bootstrap support values...
Split supports printed to NEXUS file /home/yquentin/work/Kettler/phyloG/PEP/ali_pep_N0.HOG0000179.ffn.fas.splits.nex
Total tree length: 0.511

Total number of iterations: 102
CPU time used for tree search: 3.589 sec (0h:0m:3s)
Wall-clock time used for tree search: 3.710 sec (0h:0m:3s)
Total CPU time used: 4.194 sec (0h:0m:4s)
Total wall-clock time used: 4.334 sec (0h:0m:4s)

Computing bootstrap consensus tree...
Reading input file /home/yquentin/work/Kettler/phyloG/PEP/ali_pep_N0.HOG0000179.ffn.fas.splits.nex...
12 taxa and 50 splits.
Consensus tree written to /home/yquentin/work/Kettler/phyloG/PEP/ali_pep_N0.HOG0000179.ffn.fas.contree
Reading input trees file /home/yquentin/work/Kettler/phyloG/PEP/ali_pep_N0.HOG0000179.ffn.fas.contree
Log-likelihood of consensus tree: -2134.494

Analysis results written to: 
  IQ-TREE report:                /home/yquentin/work/Kettler/phyloG/PEP/ali_pep_N0.HOG0000179.ffn.fas.iqtree
  Maximum-likelihood tree:       /home/yquentin/work/Kettler/phyloG/PEP/ali_pep_N0.HOG0000179.ffn.fas.treefile
  Likelihood distances:          /home/yquentin/work/Kettler/phyloG/PEP/ali_pep_N0.HOG0000179.ffn.fas.mldist

Ultrafast bootstrap approximation results written to:
  Split support values:          /home/yquentin/work/Kettler/phyloG/PEP/ali_pep_N0.HOG0000179.ffn.fas.splits.nex
  Consensus tree:                /home/yquentin/work/Kettler/phyloG/PEP/ali_pep_N0.HOG0000179.ffn.fas.contree
  Screen log file:               /home/yquentin/work/Kettler/phyloG/PEP/ali_pep_N0.HOG0000179.ffn.fas.log

Date and Time: Thu Oct  9 19:00:08 2025
