IQ-TREE multicore version 2.2.2.6 COVID-edition for Linux 64-bit built May 27 2023
Developed by Bui Quang Minh, James Barbetti, Nguyen Lam Tung,
Olga Chernomor, Heiko Schmidt, Dominik Schrempf, Michael Woodhams, Ly Trong Nhan.

Host:    n019 (AVX2, FMA3, 2015 GB RAM)
Command: iqtree -s /home/yquentin/work/Kettler/phyloG/PEP/ali_pep_N0.HOG0000205.ffn.fas -B 1000 -alrt 1000 -nt 1 -mset WAG,LG,JTT -madd LG4M,LG4X -mrate E,I,G,I+G,R
Seed:    464823 (Using SPRNG - Scalable Parallel Random Number Generator)
Time:    Thu Oct  9 18:59:56 2025
Kernel:  AVX+FMA - 1 threads (1 CPU cores detected)

Reading alignment file /home/yquentin/work/Kettler/phyloG/PEP/ali_pep_N0.HOG0000205.ffn.fas ... Fasta format detected
Reading fasta file: done in 7.51019e-05 secs using 50.6% CPU
Alignment most likely contains protein sequences
Constructing alignment: done in 0.000296116 secs using 99.96% CPU
WARNING: 1 sites contain only gaps or ambiguous characters.
Alignment has 12 sequences with 282 columns, 205 distinct patterns
168 parsimony-informative, 17 singleton sites, 97 constant sites
      Gap/Ambiguity  Composition  p-value
Analyzing sequences: done in 1.09673e-05 secs using 100.3% CPU
   1  Prau    0.35%    passed     99.58%
   2  Prab    0.35%    passed     98.50%
   3  Prat    1.77%    passed     99.96%
   4  Prbb    2.48%    passed     96.55%
   5  Praj    2.48%    passed     95.10%
   6  Prah    1.06%    failed      0.36%
   7  Prae    0.35%    passed     95.60%
   8  Prak    2.13%    passed     98.45%
   9  Praf    1.06%    failed      0.22%
  10  Prag    0.35%    passed     89.36%
  11  Prai    0.35%    passed     98.95%
  12  Praa    0.35%    passed     98.54%
****  TOTAL    1.09%  2 sequences failed composition chi2 test (p-value<5%; df=19)
Checking for duplicate sequences: done in 3.00407e-05 secs using 99.86% CPU


Create initial parsimony tree by phylogenetic likelihood library (PLL)... 0.000 seconds
Perform fast likelihood tree search using LG+I+G model...
Estimate model parameters (epsilon = 5.000)
Perform nearest neighbor interchange...
Optimizing NNI: done in 0.011668 secs using 99.19% CPU
Estimate model parameters (epsilon = 1.000)
1. Initial log-likelihood: -3358.541
Optimal log-likelihood: -3358.529
Proportion of invariable sites: 0.175
Gamma shape alpha: 1.015
Parameters optimization took 1 rounds (0.011 sec)
Time for fast ML tree search: 0.046 seconds

NOTE: ModelFinder requires 5 MB RAM!
ModelFinder will test up to 80 protein models (sample size: 282) ...
 No. Model         -LnL         df  AIC          AICc         BIC
  1  WAG           3477.397     21  6996.794     7000.348     7073.274
  2  WAG+I         3389.251     22  6822.503     6826.410     6902.625
  3  WAG+G4        3374.878     22  6793.756     6797.664     6873.878
  4  WAG+I+G4      3371.700     23  6789.400     6793.679     6873.164
  5  WAG+R2        3377.252     23  6800.504     6804.784     6884.268
  6  WAG+R3        3372.231     25  6794.462     6799.541     6885.510
 14  WAG+F         3419.042     40  6918.083     6931.693     7063.760
 15  WAG+F+I       3326.197     41  6734.395     6748.745     6883.713
 16  WAG+F+G4      3310.855     41  6703.710     6718.060     6853.029
 17  WAG+F+I+G4    3307.633     42  6699.265     6714.378     6852.225
 18  WAG+F+R2      3313.919     42  6711.839     6726.952     6864.799
 19  WAG+F+R3      3307.745     44  6703.490     6720.199     6863.734
 20  WAG+F+R4      3307.346     46  6706.691     6725.091     6874.219
 27  LG            3496.963     21  7035.926     7039.480     7112.407
 28  LG+I          3393.534     22  6831.067     6834.975     6911.189
 29  LG+G4         3360.090     22  6764.180     6768.088     6844.302
 30  LG+I+G4       3358.497     23  6762.995     6767.274     6846.759
 31  LG+R2         3363.008     23  6772.016     6776.295     6855.780
 32  LG+R3         3360.246     25  6770.492     6775.570     6861.539
 40  LG+F          3448.008     40  6976.015     6989.625     7121.691
 41  LG+F+I        3342.699     41  6767.397     6781.747     6916.715
 42  LG+F+G4       3312.258     41  6706.515     6720.865     6855.834
 43  LG+F+I+G4     3310.399     42  6704.799     6719.912     6857.759
 44  LG+F+R2       3316.129     42  6716.258     6731.371     6869.218
 45  LG+F+R3       3308.782     44  6705.564     6722.273     6865.808
 46  LG+F+R4       3308.091     46  6708.182     6726.582     6875.710
 53  JTT           3492.017     21  7026.034     7029.587     7102.514
 54  JTT+I         3391.115     22  6826.230     6830.138     6906.352
 55  JTT+G4        3366.605     22  6777.211     6781.118     6857.333
 56  JTT+I+G4      3364.371     23  6774.742     6779.021     6858.506
 57  JTT+R2        3367.970     23  6781.940     6786.219     6865.704
 58  JTT+R3        3366.305     25  6782.610     6787.688     6873.658
 66  JTT+F         3431.200     40  6942.401     6956.011     7088.077
 67  JTT+F+I       3326.034     41  6734.069     6748.419     6883.387
 68  JTT+F+G4      3303.277     41  6688.553     6702.903     6837.871
 69  JTT+F+I+G4    3300.660     42  6685.319     6700.432     6838.279
 70  JTT+F+R2      3305.428     42  6694.856     6709.969     6847.816
 71  JTT+F+R3      3303.140     44  6694.279     6710.988     6854.523
Model LG4M is alias for MIX{LG4M1,LG4M2,LG4M3,LG4M4}*G4
 79  LG4M          3349.726     22  6743.452     6747.359     6823.574
Model LG4X is alias for MIX{LG4X1,LG4X2,LG4X3,LG4X4}*R4
 80  LG4X          3345.367     27  6744.735     6750.687     6843.066
Akaike Information Criterion:           JTT+F+I+G4
Corrected Akaike Information Criterion: JTT+F+I+G4
Bayesian Information Criterion:         LG4M
Best-fit model: LG4M chosen according to BIC

All model information printed to /home/yquentin/work/Kettler/phyloG/PEP/ali_pep_N0.HOG0000205.ffn.fas.model.gz
CPU time for ModelFinder: 3.990 seconds (0h:0m:3s)
Wall-clock time for ModelFinder: 4.026 seconds (0h:0m:4s)
Generating 1000 samples for ultrafast bootstrap (seed: 464823)...
Model LG4M is alias for MIX{LG4M1,LG4M2,LG4M3,LG4M4}*G4

NOTE: 2 MB RAM (0 GB) is required!
Estimate model parameters (epsilon = 0.100)
1. Initial log-likelihood: -3349.726
Optimal log-likelihood: -3349.726
Gamma shape alpha: 0.591
Parameters optimization took 1 rounds (0.009 sec)
Wrote distance file to... 
Computing ML distances based on estimated model parameters...
Calculating distance matrix: done in 0.00892305 secs using 99.34% CPU
Computing ML distances took 0.008966 sec (of wall-clock time) 0.008907 sec (of CPU time)
Setting up auxiliary I and S matrices: done in 0.00807905 secs using 18.02% CPU
Constructing RapidNJ tree: done in 3.60012e-05 secs using 97.22% CPU
Computing RapidNJ tree took 0.008181 sec (of wall-clock time) 0.001519 sec (of CPU time)
Log-likelihood of RapidNJ tree: -3352.301
--------------------------------------------------------------------
|             INITIALIZING CANDIDATE TREE SET                      |
--------------------------------------------------------------------
Generating 98 parsimony trees... 0.103 second
Computing log-likelihood of 93 initial trees ... 0.344 seconds
Current best score: -3349.726

Do NNI search on 20 best initial trees
Optimizing NNI: done in 0.0126112 secs using 97.64% CPU
Estimate model parameters (epsilon = 0.100)
BETTER TREE FOUND at iteration 1: -3349.726
Optimizing NNI: done in 0.0222168 secs using 97.93% CPU
Optimizing NNI: done in 0.019614 secs using 97.68% CPU
Optimizing NNI: done in 0.0194192 secs using 97.75% CPU
Optimizing NNI: done in 0.0247359 secs using 98.02% CPU
Optimizing NNI: done in 0.0265269 secs using 97.57% CPU
Optimizing NNI: done in 0.0235162 secs using 97.85% CPU
Optimizing NNI: done in 0.0345809 secs using 97.9% CPU
Optimizing NNI: done in 0.028542 secs using 97.96% CPU
Optimizing NNI: done in 0.027662 secs using 94.37% CPU
Iteration 10 / LogL: -3349.959 / Time: 0h:0m:0s
Optimizing NNI: done in 0.0275271 secs using 97.95% CPU
Optimizing NNI: done in 0.0372 secs using 98.11% CPU
Optimizing NNI: done in 0.0626152 secs using 98.71% CPU
Optimizing NNI: done in 0.0365748 secs using 99.13% CPU
Optimizing NNI: done in 0.0259671 secs using 99.18% CPU
Optimizing NNI: done in 0.025943 secs using 99.37% CPU
Optimizing NNI: done in 0.0344801 secs using 99.32% CPU
Optimizing NNI: done in 0.025779 secs using 99.38% CPU
Optimizing NNI: done in 0.034009 secs using 99.37% CPU
Optimizing NNI: done in 0.025914 secs using 99.37% CPU
Iteration 20 / LogL: -3350.767 / Time: 0h:0m:1s
Finish initializing candidate tree set (2)
Current best tree score: -3349.726 / CPU time: 1.051
Number of iterations: 20
--------------------------------------------------------------------
|               OPTIMIZING CANDIDATE TREE SET                      |
--------------------------------------------------------------------
Optimizing NNI: done in 0.026849 secs using 99.37% CPU
Optimizing NNI: done in 0.0557299 secs using 99.34% CPU
Optimizing NNI: done in 0.0535171 secs using 99.33% CPU
Optimizing NNI: done in 0.0480189 secs using 99.39% CPU
Optimizing NNI: done in 0.0258439 secs using 99.37% CPU
Optimizing NNI: done in 0.0551641 secs using 99.25% CPU
Optimizing NNI: done in 0.041538 secs using 99.28% CPU
Optimizing NNI: done in 0.0372882 secs using 99.33% CPU
Optimizing NNI: done in 0.0777149 secs using 99.27% CPU
Optimizing NNI: done in 0.0550451 secs using 99.32% CPU
Iteration 30 / LogL: -3350.184 / Time: 0h:0m:1s (0h:0m:3s left)
Optimizing NNI: done in 0.0632958 secs using 99.4% CPU
Optimizing NNI: done in 0.054265 secs using 99.35% CPU
Optimizing NNI: done in 0.0647578 secs using 99.29% CPU
Optimizing NNI: done in 0.0732892 secs using 99.37% CPU
Optimizing NNI: done in 0.024658 secs using 99.41% CPU
Optimizing NNI: done in 0.0501661 secs using 99.32% CPU
Optimizing NNI: done in 0.0594802 secs using 99.34% CPU
Optimizing NNI: done in 0.0517681 secs using 99.31% CPU
Optimizing NNI: done in 0.0575161 secs using 99.34% CPU
Optimizing NNI: done in 0.041219 secs using 99.33% CPU
Iteration 40 / LogL: -3349.867 / Time: 0h:0m:2s (0h:0m:3s left)
Optimizing NNI: done in 0.08465 secs using 99.29% CPU
Optimizing NNI: done in 0.0556018 secs using 99.34% CPU
Optimizing NNI: done in 0.057189 secs using 99.32% CPU
Optimizing NNI: done in 0.0266662 secs using 99.34% CPU
Optimizing NNI: done in 0.0258679 secs using 99.32% CPU
Optimizing NNI: done in 0.0309551 secs using 99.37% CPU
Optimizing NNI: done in 0.0483861 secs using 99.33% CPU
Optimizing NNI: done in 0.0546551 secs using 99.36% CPU
Optimizing NNI: done in 0.083977 secs using 99.34% CPU
Optimizing NNI: done in 0.0637841 secs using 99.32% CPU
Iteration 50 / LogL: -3350.307 / Time: 0h:0m:2s (0h:0m:2s left)
Log-likelihood cutoff on original alignment: -3366.543
Optimizing NNI: done in 0.066385 secs using 97.72% CPU
Optimizing NNI: done in 0.0765929 secs using 99.29% CPU
Optimizing NNI: done in 0.079072 secs using 98.21% CPU
Optimizing NNI: done in 0.042443 secs using 99.31% CPU
Optimizing NNI: done in 0.036963 secs using 99.35% CPU
Optimizing NNI: done in 0.0416019 secs using 99.36% CPU
Optimizing NNI: done in 0.0644181 secs using 99.4% CPU
Optimizing NNI: done in 0.0524049 secs using 99.38% CPU
Optimizing NNI: done in 0.040869 secs using 99.33% CPU
Optimizing NNI: done in 0.0267069 secs using 99.32% CPU
Iteration 60 / LogL: -3353.857 / Time: 0h:0m:3s (0h:0m:2s left)
Optimizing NNI: done in 0.048306 secs using 99.34% CPU
Optimizing NNI: done in 0.0532041 secs using 99.38% CPU
Optimizing NNI: done in 0.0363181 secs using 99.39% CPU
Optimizing NNI: done in 0.0512829 secs using 97.42% CPU
Optimizing NNI: done in 0.0211308 secs using 99.37% CPU
Optimizing NNI: done in 0.052974 secs using 99.35% CPU
Optimizing NNI: done in 0.0715449 secs using 99.39% CPU
Optimizing NNI: done in 0.0528131 secs using 99.3% CPU
Optimizing NNI: done in 0.0528879 secs using 99.35% CPU
Optimizing NNI: done in 0.0387621 secs using 99.29% CPU
Iteration 70 / LogL: -3350.190 / Time: 0h:0m:3s (0h:0m:1s left)
Optimizing NNI: done in 0.0577211 secs using 99.34% CPU
Optimizing NNI: done in 0.0397229 secs using 99.39% CPU
Optimizing NNI: done in 0.091028 secs using 99.29% CPU
Optimizing NNI: done in 0.083755 secs using 98.13% CPU
Optimizing NNI: done in 0.0408649 secs using 99.32% CPU
Optimizing NNI: done in 0.059691 secs using 99.36% CPU
Optimizing NNI: done in 0.095377 secs using 99.4% CPU
Optimizing NNI: done in 0.011924 secs using 99.53% CPU
Optimizing NNI: done in 0.0356441 secs using 99.42% CPU
Optimizing NNI: done in 0.07411 secs using 99.43% CPU
Iteration 80 / LogL: -3399.271 / Time: 0h:0m:4s (0h:0m:1s left)
Optimizing NNI: done in 0.0498431 secs using 99.34% CPU
Optimizing NNI: done in 0.0807672 secs using 99.31% CPU
Optimizing NNI: done in 0.0362382 secs using 99.36% CPU
Optimizing NNI: done in 0.0410292 secs using 99.27% CPU
Optimizing NNI: done in 0.0511832 secs using 99.33% CPU
Optimizing NNI: done in 0.076936 secs using 99.37% CPU
Optimizing NNI: done in 0.039094 secs using 99.32% CPU
Optimizing NNI: done in 0.0481069 secs using 99.34% CPU
Optimizing NNI: done in 0.05232 secs using 99.33% CPU
Optimizing NNI: done in 0.0556381 secs using 99.32% CPU
Iteration 90 / LogL: -3349.767 / Time: 0h:0m:5s (0h:0m:0s left)
Optimizing NNI: done in 0.0448539 secs using 99.34% CPU
Optimizing NNI: done in 0.026998 secs using 99.38% CPU
Optimizing NNI: done in 0.0544169 secs using 99.38% CPU
Optimizing NNI: done in 0.055743 secs using 99.34% CPU
Optimizing NNI: done in 0.053241 secs using 99.38% CPU
Optimizing NNI: done in 0.046608 secs using 99.31% CPU
Optimizing NNI: done in 0.035943 secs using 99.35% CPU
Optimizing NNI: done in 0.0758832 secs using 99.36% CPU
Optimizing NNI: done in 0.0514369 secs using 99.38% CPU
Optimizing NNI: done in 0.051203 secs using 99.37% CPU
Iteration 100 / LogL: -3356.266 / Time: 0h:0m:5s (0h:0m:0s left)
Log-likelihood cutoff on original alignment: -3366.550
NOTE: Bootstrap correlation coefficient of split occurrence frequencies: 1.000
Optimizing NNI: done in 0.0332229 secs using 99.36% CPU
Optimizing NNI: done in 0.0861139 secs using 99.33% CPU
TREE SEARCH COMPLETED AFTER 102 ITERATIONS / Time: 0h:0m:5s

--------------------------------------------------------------------
|                    FINALIZING TREE SEARCH                        |
--------------------------------------------------------------------
Performs final model parameters optimization
Estimate model parameters (epsilon = 0.010)
1. Initial log-likelihood: -3349.726
Optimal log-likelihood: -3349.726
Gamma shape alpha: 0.591
Parameters optimization took 1 rounds (0.009 sec)
BEST SCORE FOUND : -3349.726

Testing tree branches by SH-like aLRT with 1000 replicates...
0.061 sec.
Creating bootstrap support values...
Split supports printed to NEXUS file /home/yquentin/work/Kettler/phyloG/PEP/ali_pep_N0.HOG0000205.ffn.fas.splits.nex
Total tree length: 2.996

Total number of iterations: 102
CPU time used for tree search: 5.559 sec (0h:0m:5s)
Wall-clock time used for tree search: 5.625 sec (0h:0m:5s)
Total CPU time used: 5.692 sec (0h:0m:5s)
Total wall-clock time used: 5.777 sec (0h:0m:5s)

Computing bootstrap consensus tree...
Reading input file /home/yquentin/work/Kettler/phyloG/PEP/ali_pep_N0.HOG0000205.ffn.fas.splits.nex...
12 taxa and 50 splits.
Consensus tree written to /home/yquentin/work/Kettler/phyloG/PEP/ali_pep_N0.HOG0000205.ffn.fas.contree
Reading input trees file /home/yquentin/work/Kettler/phyloG/PEP/ali_pep_N0.HOG0000205.ffn.fas.contree
Log-likelihood of consensus tree: -3349.726

Analysis results written to: 
  IQ-TREE report:                /home/yquentin/work/Kettler/phyloG/PEP/ali_pep_N0.HOG0000205.ffn.fas.iqtree
  Maximum-likelihood tree:       /home/yquentin/work/Kettler/phyloG/PEP/ali_pep_N0.HOG0000205.ffn.fas.treefile
  Likelihood distances:          /home/yquentin/work/Kettler/phyloG/PEP/ali_pep_N0.HOG0000205.ffn.fas.mldist

Ultrafast bootstrap approximation results written to:
  Split support values:          /home/yquentin/work/Kettler/phyloG/PEP/ali_pep_N0.HOG0000205.ffn.fas.splits.nex
  Consensus tree:                /home/yquentin/work/Kettler/phyloG/PEP/ali_pep_N0.HOG0000205.ffn.fas.contree
  Screen log file:               /home/yquentin/work/Kettler/phyloG/PEP/ali_pep_N0.HOG0000205.ffn.fas.log

Date and Time: Thu Oct  9 19:00:06 2025
