IQ-TREE multicore version 2.2.2.6 COVID-edition for Linux 64-bit built May 27 2023
Developed by Bui Quang Minh, James Barbetti, Nguyen Lam Tung,
Olga Chernomor, Heiko Schmidt, Dominik Schrempf, Michael Woodhams, Ly Trong Nhan.

Host:    n002 (AVX2, FMA3, 2015 GB RAM)
Command: iqtree -s /home/yquentin/work/Kettler/phyloG/PEP/ali_pep_N0.HOG0000184.ffn.fas -B 1000 -alrt 1000 -nt 1 -mset WAG,LG,JTT -madd LG4M,LG4X -mrate E,I,G,I+G,R
Seed:    53304 (Using SPRNG - Scalable Parallel Random Number Generator)
Time:    Thu Oct  9 18:59:53 2025
Kernel:  AVX+FMA - 1 threads (1 CPU cores detected)

Reading alignment file /home/yquentin/work/Kettler/phyloG/PEP/ali_pep_N0.HOG0000184.ffn.fas ... Fasta format detected
Reading fasta file: done in 0.000120878 secs using 49.64% CPU
Alignment most likely contains protein sequences
Constructing alignment: done in 0.000370026 secs using 49.73% CPU
WARNING: 1 sites contain only gaps or ambiguous characters.
Alignment has 12 sequences with 332 columns, 276 distinct patterns
230 parsimony-informative, 22 singleton sites, 80 constant sites
      Gap/Ambiguity  Composition  p-value
Analyzing sequences: done in 1.50204e-05 secs using 46.6% CPU
   1  Prak    2.11%    passed     50.24%
   2  Praj    2.41%    passed     68.19%
   3  Prai    5.42%    passed     50.83%
   4  Prau    4.22%    passed     68.63%
   5  Prae    6.63%    passed     89.76%
   6  Prag    5.42%    passed     67.90%
   7  Prah    7.23%    failed      0.00%
   8  Prab    5.12%    passed     40.14%
   9  Praa    5.42%    passed     63.90%
  10  Praf    4.22%    failed      0.00%
  11  Prbb    2.41%    passed     53.30%
  12  Prat    7.23%    passed     84.56%
****  TOTAL    4.82%  2 sequences failed composition chi2 test (p-value<5%; df=19)
Checking for duplicate sequences: done in 3.38554e-05 secs using 100.4% CPU


Create initial parsimony tree by phylogenetic likelihood library (PLL)... 0.000 seconds
Perform fast likelihood tree search using LG+I+G model...
Estimate model parameters (epsilon = 5.000)
Perform nearest neighbor interchange...
Optimizing NNI: done in 0.0154879 secs using 92.74% CPU
Estimate model parameters (epsilon = 1.000)
1. Initial log-likelihood: -4439.178
Optimal log-likelihood: -4439.159
Proportion of invariable sites: 0.117
Gamma shape alpha: 1.675
Parameters optimization took 1 rounds (0.014 sec)
Time for fast ML tree search: 0.085 seconds

NOTE: ModelFinder requires 6 MB RAM!
ModelFinder will test up to 80 protein models (sample size: 332) ...
 No. Model         -LnL         df  AIC          AICc         BIC
  1  WAG           4528.333     21  9098.665     9101.646     9178.573
  2  WAG+I         4476.627     22  8997.254     9000.529     9080.967
  3  WAG+G4        4464.477     22  8972.954     8976.229     9056.667
  4  WAG+I+G4      4460.523     23  8967.046     8970.631     9054.564
  5  WAG+R2        4465.047     23  8976.093     8979.677     9063.611
  6  WAG+R3        4462.496     25  8974.991     8979.240     9070.120
 14  WAG+F         4435.823     40  8951.646     8962.917     9103.851
 15  WAG+F+I       4375.533     41  8833.066     8844.942     8989.077
 16  WAG+F+G4      4364.858     41  8811.717     8823.593     8967.727
 17  WAG+F+I+G4    4359.786     42  8803.572     8816.070     8963.388
 18  WAG+F+R2      4364.996     42  8813.993     8826.491     8973.809
 19  WAG+F+R3      4362.448     44  8812.897     8826.695     8980.323
 27  LG            4533.593     21  9109.186     9112.166     9189.094
 28  LG+I          4468.479     22  8980.958     8984.233     9064.671
 29  LG+G4         4441.529     22  8927.059     8930.334     9010.772
 30  LG+I+G4       4439.172     23  8924.343     8927.928     9011.861
 31  LG+R2         4444.619     23  8935.239     8938.823     9022.757
 32  LG+R3         4441.207     25  8932.414     8936.662     9027.542
 40  LG+F          4464.774     40  9009.549     9020.820     9161.754
 41  LG+F+I        4389.712     41  8861.424     8873.300     9017.434
 42  LG+F+G4       4366.643     41  8815.286     8827.162     8971.297
 43  LG+F+I+G4     4362.961     42  8809.922     8822.420     8969.738
 44  LG+F+R2       4369.761     42  8823.523     8836.021     8983.339
 45  LG+F+R3       4365.710     44  8819.420     8833.217     8986.845
 53  JTT           4566.729     21  9175.457     9178.438     9255.365
 54  JTT+I         4500.111     22  9044.221     9047.496     9127.934
 55  JTT+G4        4481.846     22  9007.692     9010.968     9091.405
 56  JTT+I+G4      4477.698     23  9001.395     9004.980     9088.913
 57  JTT+R2        4482.696     23  9011.391     9014.976     9098.909
 58  JTT+R3        4479.960     25  9009.920     9014.169     9105.049
 66  JTT+F         4473.547     40  9027.094     9038.366     9179.300
 67  JTT+F+I       4399.802     41  8881.603     8893.479     9037.614
 68  JTT+F+G4      4385.106     41  8852.211     8864.087     9008.222
 69  JTT+F+I+G4    4379.541     42  8843.081     8855.580     9002.897
 70  JTT+F+R2      4385.164     42  8854.328     8866.826     9014.144
 71  JTT+F+R3      4382.319     44  8852.638     8866.436     9020.064
Model LG4M is alias for MIX{LG4M1,LG4M2,LG4M3,LG4M4}*G4
 79  LG4M          4439.024     22  8922.048     8925.323     9005.761
Model LG4X is alias for MIX{LG4X1,LG4X2,LG4X3,LG4X4}*R4
 80  LG4X          4425.067     27  8904.135     8909.109     9006.874
Akaike Information Criterion:           WAG+F+I+G4
Corrected Akaike Information Criterion: WAG+F+I+G4
Bayesian Information Criterion:         WAG+F+I+G4
Best-fit model: WAG+F+I+G4 chosen according to BIC

All model information printed to /home/yquentin/work/Kettler/phyloG/PEP/ali_pep_N0.HOG0000184.ffn.fas.model.gz
CPU time for ModelFinder: 1.949 seconds (0h:0m:1s)
Wall-clock time for ModelFinder: 1.984 seconds (0h:0m:1s)
Generating 1000 samples for ultrafast bootstrap (seed: 53304)...

NOTE: 3 MB RAM (0 GB) is required!
Estimate model parameters (epsilon = 0.100)
Thoroughly optimizing +I+G parameters from 10 start values...
Init pinv, alpha: 0.000, 2.445 / Estimate: 0.000, 1.182 / LogL: -4364.856
Init pinv, alpha: 0.027, 2.445 / Estimate: 0.128, 2.370 / LogL: -4359.836
Init pinv, alpha: 0.054, 2.445 / Estimate: 0.130, 2.413 / LogL: -4359.805
Init pinv, alpha: 0.080, 2.445 / Estimate: 0.128, 2.369 / LogL: -4359.837
Init pinv, alpha: 0.107, 2.445 / Estimate: 0.127, 2.365 / LogL: -4359.841
Init pinv, alpha: 0.134, 2.445 / Estimate: 0.136, 2.509 / LogL: -4359.759
Init pinv, alpha: 0.161, 2.445 / Estimate: 0.148, 2.740 / LogL: -4359.778
Init pinv, alpha: 0.187, 2.445 / Estimate: 0.150, 2.770 / LogL: -4359.792
Init pinv, alpha: 0.214, 2.445 / Estimate: 0.148, 2.734 / LogL: -4359.775
Init pinv, alpha: 0.241, 2.445 / Estimate: 0.149, 2.757 / LogL: -4359.784
Optimal pinv,alpha: 0.136, 2.509 / LogL: -4359.759

Parameters optimization took 1.154 sec
Wrote distance file to... 
Computing ML distances based on estimated model parameters...
Calculating distance matrix: done in 0.009269 secs using 99.26% CPU
Computing ML distances took 0.009329 sec (of wall-clock time) 0.009259 sec (of CPU time)
Setting up auxiliary I and S matrices: done in 2.98023e-05 secs using 97.31% CPU
Constructing RapidNJ tree: done in 4.79221e-05 secs using 56.34% CPU
Computing RapidNJ tree took 0.008167 sec (of wall-clock time) 0.001130 sec (of CPU time)
Log-likelihood of RapidNJ tree: -4363.647
--------------------------------------------------------------------
|             INITIALIZING CANDIDATE TREE SET                      |
--------------------------------------------------------------------
Generating 98 parsimony trees... 0.103 second
Computing log-likelihood of 94 initial trees ... 0.403 seconds
Current best score: -4359.759

Do NNI search on 20 best initial trees
Optimizing NNI: done in 0.016278 secs using 99.23% CPU
Estimate model parameters (epsilon = 0.100)
BETTER TREE FOUND at iteration 1: -4359.752
Optimizing NNI: done in 0.028523 secs using 99.2% CPU
Optimizing NNI: done in 0.0357742 secs using 99.09% CPU
Optimizing NNI: done in 0.0358441 secs using 99.13% CPU
Optimizing NNI: done in 0.0304329 secs using 99.22% CPU
Optimizing NNI: done in 0.0408611 secs using 99.13% CPU
Optimizing NNI: done in 0.036401 secs using 99.23% CPU
Optimizing NNI: done in 0.0322309 secs using 99.27% CPU
Optimizing NNI: done in 0.0344441 secs using 99.24% CPU
Optimizing NNI: done in 0.0580411 secs using 99.16% CPU
Iteration 10 / LogL: -4359.874 / Time: 0h:0m:2s
Optimizing NNI: done in 0.0478849 secs using 99.2% CPU
Optimizing NNI: done in 0.033484 secs using 99.14% CPU
Optimizing NNI: done in 0.047981 secs using 99.12% CPU
Optimizing NNI: done in 0.0540049 secs using 99.08% CPU
Optimizing NNI: done in 0.0362051 secs using 98.97% CPU
Optimizing NNI: done in 0.04778 secs using 99.08% CPU
Optimizing NNI: done in 0.0359919 secs using 99.1% CPU
Optimizing NNI: done in 0.0359221 secs using 99.1% CPU
Optimizing NNI: done in 0.048214 secs using 99.14% CPU
Optimizing NNI: done in 0.0484009 secs using 99.17% CPU
Iteration 20 / LogL: -4360.234 / Time: 0h:0m:2s
Finish initializing candidate tree set (3)
Current best tree score: -4359.752 / CPU time: 1.331
Number of iterations: 20
--------------------------------------------------------------------
|               OPTIMIZING CANDIDATE TREE SET                      |
--------------------------------------------------------------------
Optimizing NNI: done in 0.0314469 secs using 99.2% CPU
Optimizing NNI: done in 0.0679531 secs using 99.32% CPU
Optimizing NNI: done in 0.0513139 secs using 99.21% CPU
Optimizing NNI: done in 0.035167 secs using 99.19% CPU
Optimizing NNI: done in 0.06269 secs using 99.13% CPU
Optimizing NNI: done in 0.047164 secs using 99.19% CPU
Optimizing NNI: done in 0.0616319 secs using 99.08% CPU
Optimizing NNI: done in 0.0558279 secs using 99.17% CPU
Optimizing NNI: done in 0.0699511 secs using 99.08% CPU
Optimizing NNI: done in 0.046859 secs using 99.13% CPU
Iteration 30 / LogL: -4359.828 / Time: 0h:0m:3s (0h:0m:7s left)
Optimizing NNI: done in 0.089962 secs using 99.08% CPU
Optimizing NNI: done in 0.084626 secs using 99.19% CPU
Optimizing NNI: done in 0.081068 secs using 99.2% CPU
Optimizing NNI: done in 0.0596211 secs using 99.29% CPU
Optimizing NNI: done in 0.031271 secs using 99.22% CPU
Optimizing NNI: done in 0.0660028 secs using 99.32% CPU
Optimizing NNI: done in 0.0333629 secs using 99.28% CPU
Optimizing NNI: done in 0.0627401 secs using 99.13% CPU
Optimizing NNI: done in 0.0806758 secs using 99.2% CPU
Optimizing NNI: done in 0.050745 secs using 99.25% CPU
Iteration 40 / LogL: -4361.821 / Time: 0h:0m:3s (0h:0m:5s left)
Optimizing NNI: done in 0.0825679 secs using 99.31% CPU
Optimizing NNI: done in 0.04533 secs using 99.27% CPU
Optimizing NNI: done in 0.0652139 secs using 99.27% CPU
Optimizing NNI: done in 0.016125 secs using 99.26% CPU
Optimizing NNI: done in 0.0526628 secs using 99.03% CPU
Optimizing NNI: done in 0.0674479 secs using 99.1% CPU
Optimizing NNI: done in 0.057399 secs using 99.19% CPU
Optimizing NNI: done in 0.0836232 secs using 99.29% CPU
Optimizing NNI: done in 0.0967801 secs using 99.16% CPU
Optimizing NNI: done in 0.054652 secs using 99.2% CPU
Iteration 50 / LogL: -4360.698 / Time: 0h:0m:4s (0h:0m:4s left)
Log-likelihood cutoff on original alignment: -4386.013
Optimizing NNI: done in 0.0495141 secs using 99.24% CPU
Optimizing NNI: done in 0.047168 secs using 99.28% CPU
Optimizing NNI: done in 0.054734 secs using 99.25% CPU
Optimizing NNI: done in 0.0464349 secs using 99.19% CPU
Optimizing NNI: done in 0.0542941 secs using 99.21% CPU
Optimizing NNI: done in 0.061682 secs using 99.11% CPU
Optimizing NNI: done in 0.046761 secs using 99.11% CPU
Optimizing NNI: done in 0.0343859 secs using 99.28% CPU
Optimizing NNI: done in 0.085551 secs using 99.13% CPU
Optimizing NNI: done in 0.0636292 secs using 99.04% CPU
Iteration 60 / LogL: -4360.258 / Time: 0h:0m:5s (0h:0m:3s left)
Optimizing NNI: done in 0.077302 secs using 99.09% CPU
Optimizing NNI: done in 0.110496 secs using 99.13% CPU
Optimizing NNI: done in 0.085398 secs using 99.12% CPU
Optimizing NNI: done in 0.0929651 secs using 99.19% CPU
Optimizing NNI: done in 0.0541601 secs using 99.12% CPU
Optimizing NNI: done in 0.0473669 secs using 99.09% CPU
Optimizing NNI: done in 0.0632319 secs using 99.14% CPU
Optimizing NNI: done in 0.0728679 secs using 99.12% CPU
Optimizing NNI: done in 0.060076 secs using 99.14% CPU
Optimizing NNI: done in 0.0668931 secs using 99.19% CPU
Iteration 70 / LogL: -4361.703 / Time: 0h:0m:5s (0h:0m:2s left)
Optimizing NNI: done in 0.047092 secs using 99.27% CPU
Optimizing NNI: done in 0.084162 secs using 99.19% CPU
Optimizing NNI: done in 0.0468769 secs using 99.12% CPU
Optimizing NNI: done in 0.0543611 secs using 99.26% CPU
Optimizing NNI: done in 0.046571 secs using 99.11% CPU
Optimizing NNI: done in 0.070147 secs using 99.05% CPU
Optimizing NNI: done in 0.0707302 secs using 99.04% CPU
Optimizing NNI: done in 0.0353789 secs using 98.95% CPU
Optimizing NNI: done in 0.0357561 secs using 99.05% CPU
Optimizing NNI: done in 0.0818229 secs using 99.07% CPU
Iteration 80 / LogL: -4359.872 / Time: 0h:0m:6s (0h:0m:1s left)
Optimizing NNI: done in 0.0793149 secs using 99.05% CPU
Optimizing NNI: done in 0.0572371 secs using 99.03% CPU
Optimizing NNI: done in 0.093169 secs using 99.04% CPU
Optimizing NNI: done in 0.052335 secs using 99.02% CPU
Optimizing NNI: done in 0.046654 secs using 99.05% CPU
Optimizing NNI: done in 0.038631 secs using 99.02% CPU
Optimizing NNI: done in 0.0838521 secs using 99.07% CPU
Optimizing NNI: done in 0.098027 secs using 99.05% CPU
Optimizing NNI: done in 0.0761831 secs using 99.07% CPU
Optimizing NNI: done in 0.0661681 secs using 99.05% CPU
Iteration 90 / LogL: -4359.866 / Time: 0h:0m:7s (0h:0m:0s left)
Optimizing NNI: done in 0.0704281 secs using 99.09% CPU
Optimizing NNI: done in 0.066047 secs using 97.54% CPU
Optimizing NNI: done in 0.0667839 secs using 99.01% CPU
Optimizing NNI: done in 0.051563 secs using 99.09% CPU
Optimizing NNI: done in 0.073755 secs using 99.19% CPU
Optimizing NNI: done in 0.0473011 secs using 99.23% CPU
Optimizing NNI: done in 0.0956571 secs using 99.17% CPU
Optimizing NNI: done in 0.0628459 secs using 99.17% CPU
Optimizing NNI: done in 0.066689 secs using 99.22% CPU
Optimizing NNI: done in 0.0467572 secs using 99.23% CPU
Iteration 100 / LogL: -4359.872 / Time: 0h:0m:7s (0h:0m:0s left)
Log-likelihood cutoff on original alignment: -4386.013
NOTE: Bootstrap correlation coefficient of split occurrence frequencies: 1.000
Optimizing NNI: done in 0.0676229 secs using 99.2% CPU
Optimizing NNI: done in 0.0710149 secs using 99.21% CPU
TREE SEARCH COMPLETED AFTER 102 ITERATIONS / Time: 0h:0m:7s

--------------------------------------------------------------------
|                    FINALIZING TREE SEARCH                        |
--------------------------------------------------------------------
Performs final model parameters optimization
Estimate model parameters (epsilon = 0.010)
1. Initial log-likelihood: -4359.752
Optimal log-likelihood: -4359.749
Proportion of invariable sites: 0.139
Gamma shape alpha: 2.559
Parameters optimization took 1 rounds (0.014 sec)
BEST SCORE FOUND : -4359.749

Testing tree branches by SH-like aLRT with 1000 replicates...
0.080 sec.
Creating bootstrap support values...
Split supports printed to NEXUS file /home/yquentin/work/Kettler/phyloG/PEP/ali_pep_N0.HOG0000184.ffn.fas.splits.nex
Total tree length: 3.716

Total number of iterations: 102
CPU time used for tree search: 6.629 sec (0h:0m:6s)
Wall-clock time used for tree search: 6.763 sec (0h:0m:6s)
Total CPU time used: 7.925 sec (0h:0m:7s)
Total wall-clock time used: 8.098 sec (0h:0m:8s)

Computing bootstrap consensus tree...
Reading input file /home/yquentin/work/Kettler/phyloG/PEP/ali_pep_N0.HOG0000184.ffn.fas.splits.nex...
12 taxa and 44 splits.
Consensus tree written to /home/yquentin/work/Kettler/phyloG/PEP/ali_pep_N0.HOG0000184.ffn.fas.contree
Reading input trees file /home/yquentin/work/Kettler/phyloG/PEP/ali_pep_N0.HOG0000184.ffn.fas.contree
Log-likelihood of consensus tree: -4359.749

Analysis results written to: 
  IQ-TREE report:                /home/yquentin/work/Kettler/phyloG/PEP/ali_pep_N0.HOG0000184.ffn.fas.iqtree
  Maximum-likelihood tree:       /home/yquentin/work/Kettler/phyloG/PEP/ali_pep_N0.HOG0000184.ffn.fas.treefile
  Likelihood distances:          /home/yquentin/work/Kettler/phyloG/PEP/ali_pep_N0.HOG0000184.ffn.fas.mldist

Ultrafast bootstrap approximation results written to:
  Split support values:          /home/yquentin/work/Kettler/phyloG/PEP/ali_pep_N0.HOG0000184.ffn.fas.splits.nex
  Consensus tree:                /home/yquentin/work/Kettler/phyloG/PEP/ali_pep_N0.HOG0000184.ffn.fas.contree
  Screen log file:               /home/yquentin/work/Kettler/phyloG/PEP/ali_pep_N0.HOG0000184.ffn.fas.log

Date and Time: Thu Oct  9 19:00:03 2025
