IQ-TREE multicore version 2.2.2.6 COVID-edition for Linux 64-bit built May 27 2023
Developed by Bui Quang Minh, James Barbetti, Nguyen Lam Tung,
Olga Chernomor, Heiko Schmidt, Dominik Schrempf, Michael Woodhams, Ly Trong Nhan.

Host:    n019 (AVX2, FMA3, 2015 GB RAM)
Command: iqtree -s /home/yquentin/work/Kettler/phyloG/PEP/ali_pep_N0.HOG0000206.ffn.fas -B 1000 -alrt 1000 -nt 1 -mset WAG,LG,JTT -madd LG4M,LG4X -mrate E,I,G,I+G,R
Seed:    317923 (Using SPRNG - Scalable Parallel Random Number Generator)
Time:    Thu Oct  9 18:59:52 2025
Kernel:  AVX+FMA - 1 threads (1 CPU cores detected)

Reading alignment file /home/yquentin/work/Kettler/phyloG/PEP/ali_pep_N0.HOG0000206.ffn.fas ... Fasta format detected
Reading fasta file: done in 0.000972986 secs
Alignment most likely contains protein sequences
Constructing alignment: done in 0.000258923 secs using 46.73% CPU
WARNING: 1 sites contain only gaps or ambiguous characters.
Alignment has 12 sequences with 216 columns, 185 distinct patterns
144 parsimony-informative, 11 singleton sites, 60 constant sites
      Gap/Ambiguity  Composition  p-value
Analyzing sequences: done in 1.19209e-05 secs using 100.7% CPU
   1  Prat   11.57%    passed     34.10%
   2  Praj    7.41%    passed     99.43%
   3  Prab    8.80%    passed     57.52%
   4  Prah    4.63%    failed      0.00%
   5  Praf    4.63%    failed      0.00%
   6  Prae    8.80%    passed     75.73%
   7  Prak    4.17%    passed     62.65%
   8  Prag    8.80%    passed     74.49%
   9  Prai    8.80%    passed     70.00%
  10  Prau    8.80%    passed     70.21%
  11  Prbb    7.41%    passed     99.43%
  12  Praa    8.80%    passed     83.45%
****  TOTAL    7.72%  2 sequences failed composition chi2 test (p-value<5%; df=19)
NOTE: Prbb is identical to Praj but kept for subsequent analysis
Checking for duplicate sequences: done in 5.60284e-05 secs using 98.16% CPU


Create initial parsimony tree by phylogenetic likelihood library (PLL)... 0.001 seconds
Perform fast likelihood tree search using LG+I+G model...
Estimate model parameters (epsilon = 5.000)
Perform nearest neighbor interchange...
Optimizing NNI: done in 0.0354769 secs using 99.31% CPU
Estimate model parameters (epsilon = 1.000)
1. Initial log-likelihood: -2628.229
Optimal log-likelihood: -2628.156
Proportion of invariable sites: 0.116
Gamma shape alpha: 1.674
Parameters optimization took 1 rounds (0.018 sec)
Time for fast ML tree search: 0.134 seconds

NOTE: ModelFinder requires 4 MB RAM!
ModelFinder will test up to 80 protein models (sample size: 216) ...
 No. Model         -LnL         df  AIC          AICc         BIC
  1  WAG           2678.223     21  5398.445     5403.208     5469.326
  2  WAG+I         2649.830     22  5343.661     5348.904     5417.917
  3  WAG+G4        2644.362     22  5332.723     5337.967     5406.979
  4  WAG+I+G4      2642.064     23  5330.128     5335.878     5407.759
  5  WAG+R2        2644.051     23  5334.103     5339.853     5411.734
  6  WAG+R3        2642.580     25  5335.160     5342.002     5419.542
 14  WAG+F         2643.807     40  5367.613     5386.356     5502.624
 15  WAG+F+I       2612.893     41  5307.785     5327.578     5446.172
 16  WAG+F+G4      2607.064     41  5296.128     5315.921     5434.515
 17  WAG+F+I+G4    2604.542     42  5293.084     5313.963     5434.846
 18  WAG+F+R2      2606.628     42  5297.257     5318.136     5439.019
 19  WAG+F+R3      2605.008     44  5298.016     5321.174     5446.528
 27  LG            2685.432     21  5412.864     5417.627     5483.745
 28  LG+I          2647.456     22  5338.911     5344.155     5413.167
 29  LG+G4         2628.992     22  5301.984     5307.227     5376.240
 30  LG+I+G4       2628.117     23  5302.233     5307.983     5379.864
 31  LG+R2         2631.521     23  5309.042     5314.792     5386.674
 32  LG+R3         2628.868     25  5307.737     5314.579     5392.119
 40  LG+F          2663.718     40  5407.437     5426.180     5542.448
 41  LG+F+I        2624.802     41  5331.604     5351.397     5469.990
 42  LG+F+G4       2605.773     41  5293.545     5313.339     5431.932
 43  LG+F+I+G4     2604.795     42  5293.589     5314.468     5435.351
 44  LG+F+R2       2608.284     42  5300.567     5321.446     5442.329
 45  LG+F+R3       2605.474     44  5298.947     5322.105     5447.460
 53  JTT           2709.232     21  5460.463     5465.226     5531.344
 54  JTT+I         2670.500     22  5385.000     5390.243     5459.256
 55  JTT+G4        2654.501     22  5353.002     5358.245     5427.258
 56  JTT+I+G4      2653.244     23  5352.487     5358.237     5430.119
 57  JTT+R2        2656.609     23  5359.218     5364.968     5436.850
 58  JTT+R3        2653.868     25  5357.735     5364.577     5442.117
 66  JTT+F         2676.249     40  5432.498     5451.241     5567.509
 67  JTT+F+I       2638.057     41  5358.115     5377.908     5496.501
 68  JTT+F+G4      2621.543     41  5325.085     5344.878     5463.471
 69  JTT+F+I+G4    2620.382     42  5324.765     5345.643     5466.526
 70  JTT+F+R2      2623.715     42  5331.431     5352.309     5473.192
 71  JTT+F+R3      2620.750     44  5329.499     5352.657     5478.012
Model LG4M is alias for MIX{LG4M1,LG4M2,LG4M3,LG4M4}*G4
 79  LG4M          2634.793     22  5313.585     5318.829     5387.841
Model LG4X is alias for MIX{LG4X1,LG4X2,LG4X3,LG4X4}*R4
 80  LG4X          2620.658     27  5295.317     5303.359     5386.449
Akaike Information Criterion:           WAG+F+I+G4
Corrected Akaike Information Criterion: LG4X
Bayesian Information Criterion:         LG+G4
Best-fit model: LG+G4 chosen according to BIC

All model information printed to /home/yquentin/work/Kettler/phyloG/PEP/ali_pep_N0.HOG0000206.ffn.fas.model.gz
CPU time for ModelFinder: 1.240 seconds (0h:0m:1s)
Wall-clock time for ModelFinder: 1.448 seconds (0h:0m:1s)
Generating 1000 samples for ultrafast bootstrap (seed: 317923)...

NOTE: 2 MB RAM (0 GB) is required!
Estimate model parameters (epsilon = 0.100)
1. Initial log-likelihood: -2628.992
Optimal log-likelihood: -2628.992
Gamma shape alpha: 0.986
Parameters optimization took 1 rounds (0.008 sec)
Wrote distance file to... 
Computing ML distances based on estimated model parameters...
Calculating distance matrix: done in 0.00819993 secs using 99.33% CPU
Computing ML distances took 0.008243 sec (of wall-clock time) 0.008189 sec (of CPU time)
Setting up auxiliary I and S matrices: done in 0.00807714 secs using 10.72% CPU
Constructing RapidNJ tree: done in 3.50475e-05 secs using 97.01% CPU
Computing RapidNJ tree took 0.008154 sec (of wall-clock time) 0.000922 sec (of CPU time)
Log-likelihood of RapidNJ tree: -2632.379
--------------------------------------------------------------------
|             INITIALIZING CANDIDATE TREE SET                      |
--------------------------------------------------------------------
Generating 98 parsimony trees... 0.101 second
Computing log-likelihood of 93 initial trees ... 0.297 seconds
Current best score: -2628.992

Do NNI search on 20 best initial trees
Optimizing NNI: done in 0.0111911 secs using 99.35% CPU
Estimate model parameters (epsilon = 0.100)
BETTER TREE FOUND at iteration 1: -2628.992
Optimizing NNI: done in 0.0232151 secs using 99.4% CPU
Optimizing NNI: done in 0.0374639 secs using 99.38% CPU
Optimizing NNI: done in 0.0355201 secs using 99.37% CPU
Optimizing NNI: done in 0.0375769 secs using 99.31% CPU
Optimizing NNI: done in 0.043045 secs using 99.3% CPU
Optimizing NNI: done in 0.050977 secs using 99.36% CPU
Optimizing NNI: done in 0.0306511 secs using 99.34% CPU
Optimizing NNI: done in 0.0413251 secs using 99.36% CPU
Optimizing NNI: done in 0.0170531 secs using 99.34% CPU
Iteration 10 / LogL: -2635.960 / Time: 0h:0m:0s
Optimizing NNI: done in 0.0355871 secs using 99.23% CPU
Optimizing NNI: done in 0.0486448 secs using 99.32% CPU
Optimizing NNI: done in 0.0518379 secs using 99.33% CPU
Optimizing NNI: done in 0.043251 secs using 99.38% CPU
Optimizing NNI: done in 0.0375369 secs using 99.36% CPU
Optimizing NNI: done in 0.0443678 secs using 99.37% CPU
Optimizing NNI: done in 0.043468 secs using 99.36% CPU
Optimizing NNI: done in 0.0378911 secs using 99.33% CPU
UPDATE BEST LOG-LIKELIHOOD: -2628.992
Optimizing NNI: done in 0.0633831 secs using 99.32% CPU
Optimizing NNI: done in 0.0413918 secs using 99.38% CPU
Iteration 20 / LogL: -2628.992 / Time: 0h:0m:1s
Finish initializing candidate tree set (2)
Current best tree score: -2628.992 / CPU time: 1.199
Number of iterations: 20
--------------------------------------------------------------------
|               OPTIMIZING CANDIDATE TREE SET                      |
--------------------------------------------------------------------
Optimizing NNI: done in 0.0458069 secs using 99.35% CPU
Optimizing NNI: done in 0.0524971 secs using 99.38% CPU
UPDATE BEST LOG-LIKELIHOOD: -2628.992
Optimizing NNI: done in 0.0637779 secs using 99.34% CPU
Optimizing NNI: done in 0.0233421 secs using 99.29% CPU
Optimizing NNI: done in 0.0591941 secs using 99.38% CPU
Optimizing NNI: done in 0.0433681 secs using 99.3% CPU
Optimizing NNI: done in 0.0647161 secs using 99.3% CPU
Optimizing NNI: done in 0.0486701 secs using 99.36% CPU
Optimizing NNI: done in 0.0725281 secs using 99.37% CPU
Optimizing NNI: done in 0.0536692 secs using 99.33% CPU
Iteration 30 / LogL: -2628.992 / Time: 0h:0m:1s (0h:0m:4s left)
Optimizing NNI: done in 0.0472469 secs using 99.41% CPU
Optimizing NNI: done in 0.0327721 secs using 96.38% CPU
Optimizing NNI: done in 0.0237648 secs using 99.31% CPU
Optimizing NNI: done in 0.0472801 secs using 99.33% CPU
Optimizing NNI: done in 0.0556791 secs using 99.4% CPU
UPDATE BEST LOG-LIKELIHOOD: -2628.992
Optimizing NNI: done in 0.0489881 secs using 99.31% CPU
Optimizing NNI: done in 0.0537 secs using 99.38% CPU
Optimizing NNI: done in 0.040462 secs using 99.31% CPU
Optimizing NNI: done in 0.051059 secs using 99.3% CPU
Optimizing NNI: done in 0.023988 secs using 99.41% CPU
Iteration 40 / LogL: -2635.819 / Time: 0h:0m:2s (0h:0m:3s left)
Optimizing NNI: done in 0.0511558 secs using 99.33% CPU
Optimizing NNI: done in 0.0491562 secs using 99.35% CPU
UPDATE BEST LOG-LIKELIHOOD: -2628.992
Optimizing NNI: done in 0.0559521 secs using 99.36% CPU
Optimizing NNI: done in 0.0730019 secs using 99.35% CPU
Optimizing NNI: done in 0.062762 secs using 99.31% CPU
Optimizing NNI: done in 0.050107 secs using 99.2% CPU
Optimizing NNI: done in 0.0511868 secs using 99.27% CPU
Optimizing NNI: done in 0.0328138 secs using 99.33% CPU
Optimizing NNI: done in 0.038013 secs using 99.36% CPU
Optimizing NNI: done in 0.071229 secs using 99.27% CPU
Iteration 50 / LogL: -2629.029 / Time: 0h:0m:2s (0h:0m:2s left)
Log-likelihood cutoff on original alignment: -2666.519
Optimizing NNI: done in 0.0325141 secs using 99.26% CPU
Optimizing NNI: done in 0.0405281 secs using 99.39% CPU
Optimizing NNI: done in 0.0512838 secs using 99.35% CPU
Optimizing NNI: done in 0.035362 secs using 99.38% CPU
Optimizing NNI: done in 0.0322399 secs using 99.32% CPU
Optimizing NNI: done in 0.056299 secs using 99.14% CPU
Optimizing NNI: done in 0.055011 secs using 99.33% CPU
Optimizing NNI: done in 0.0313051 secs using 99.34% CPU
Optimizing NNI: done in 0.035008 secs using 99.39% CPU
Optimizing NNI: done in 0.037004 secs using 99.31% CPU
Iteration 60 / LogL: -2628.992 / Time: 0h:0m:3s (0h:0m:2s left)
Optimizing NNI: done in 0.0647418 secs using 99.37% CPU
Optimizing NNI: done in 0.055759 secs using 99.35% CPU
Optimizing NNI: done in 0.0488691 secs using 99.31% CPU
UPDATE BEST LOG-LIKELIHOOD: -2628.992
Optimizing NNI: done in 0.0504129 secs using 99.37% CPU
Optimizing NNI: done in 0.0647321 secs using 99.37% CPU
Optimizing NNI: done in 0.031491 secs using 99.29% CPU
UPDATE BEST LOG-LIKELIHOOD: -2628.992
Optimizing NNI: done in 0.0653791 secs using 99.34% CPU
Optimizing NNI: done in 0.0529511 secs using 99.36% CPU
Optimizing NNI: done in 0.0458052 secs using 99.32% CPU
Optimizing NNI: done in 0.036958 secs using 99.3% CPU
Iteration 70 / LogL: -2628.992 / Time: 0h:0m:3s (0h:0m:1s left)
Optimizing NNI: done in 0.0546269 secs using 99.38% CPU
Optimizing NNI: done in 0.051235 secs using 99.37% CPU
Optimizing NNI: done in 0.0352988 secs using 99.38% CPU
Optimizing NNI: done in 0.032083 secs using 99.3% CPU
Optimizing NNI: done in 0.031558 secs using 99.37% CPU
Optimizing NNI: done in 0.0588441 secs using 99.34% CPU
Optimizing NNI: done in 0.0528128 secs using 99.4% CPU
Optimizing NNI: done in 0.0520911 secs using 99.48% CPU
Optimizing NNI: done in 0.0486019 secs using 99.34% CPU
Optimizing NNI: done in 0.055557 secs using 99.36% CPU
Iteration 80 / LogL: -2628.992 / Time: 0h:0m:4s (0h:0m:1s left)
Optimizing NNI: done in 0.056077 secs using 99.31% CPU
Optimizing NNI: done in 0.048948 secs using 99.27% CPU
Optimizing NNI: done in 0.0555711 secs using 99.34% CPU
Optimizing NNI: done in 0.0765181 secs using 99.32% CPU
Optimizing NNI: done in 0.0561011 secs using 99.34% CPU
Optimizing NNI: done in 0.0377009 secs using 99.35% CPU
Optimizing NNI: done in 0.0537832 secs using 99.33% CPU
Optimizing NNI: done in 0.050827 secs using 99.37% CPU
Optimizing NNI: done in 0.036813 secs using 99.36% CPU
Optimizing NNI: done in 0.0558629 secs using 99.31% CPU
Iteration 90 / LogL: -2628.992 / Time: 0h:0m:4s (0h:0m:0s left)
Optimizing NNI: done in 0.0449231 secs using 99.37% CPU
Optimizing NNI: done in 0.0679462 secs using 99.28% CPU
Optimizing NNI: done in 0.0526681 secs using 99.32% CPU
Optimizing NNI: done in 0.0429578 secs using 99.28% CPU
Optimizing NNI: done in 0.0464718 secs using 99.27% CPU
Optimizing NNI: done in 0.074332 secs using 99.31% CPU
Optimizing NNI: done in 0.0543501 secs using 99.34% CPU
Optimizing NNI: done in 0.064393 secs using 99.36% CPU
Optimizing NNI: done in 0.0295782 secs using 99.32% CPU
Optimizing NNI: done in 0.0622592 secs using 99.35% CPU
Iteration 100 / LogL: -2628.992 / Time: 0h:0m:5s (0h:0m:0s left)
Log-likelihood cutoff on original alignment: -2663.178
NOTE: Bootstrap correlation coefficient of split occurrence frequencies: 1.000
Optimizing NNI: done in 0.0432689 secs using 99.33% CPU
Optimizing NNI: done in 0.0611649 secs using 99.22% CPU
TREE SEARCH COMPLETED AFTER 102 ITERATIONS / Time: 0h:0m:5s

--------------------------------------------------------------------
|                    FINALIZING TREE SEARCH                        |
--------------------------------------------------------------------
Performs final model parameters optimization
Estimate model parameters (epsilon = 0.010)
1. Initial log-likelihood: -2628.992
Optimal log-likelihood: -2628.992
Gamma shape alpha: 0.986
Parameters optimization took 1 rounds (0.008 sec)
BEST SCORE FOUND : -2628.992

Testing tree branches by SH-like aLRT with 1000 replicates...
0.054 sec.
Creating bootstrap support values...
Split supports printed to NEXUS file /home/yquentin/work/Kettler/phyloG/PEP/ali_pep_N0.HOG0000206.ffn.fas.splits.nex
Total tree length: 4.247

Total number of iterations: 102
CPU time used for tree search: 5.486 sec (0h:0m:5s)
Wall-clock time used for tree search: 5.539 sec (0h:0m:5s)
Total CPU time used: 5.601 sec (0h:0m:5s)
Total wall-clock time used: 5.672 sec (0h:0m:5s)

Computing bootstrap consensus tree...
Reading input file /home/yquentin/work/Kettler/phyloG/PEP/ali_pep_N0.HOG0000206.ffn.fas.splits.nex...
12 taxa and 48 splits.
Consensus tree written to /home/yquentin/work/Kettler/phyloG/PEP/ali_pep_N0.HOG0000206.ffn.fas.contree
Reading input trees file /home/yquentin/work/Kettler/phyloG/PEP/ali_pep_N0.HOG0000206.ffn.fas.contree
Log-likelihood of consensus tree: -2628.992

Analysis results written to: 
  IQ-TREE report:                /home/yquentin/work/Kettler/phyloG/PEP/ali_pep_N0.HOG0000206.ffn.fas.iqtree
  Maximum-likelihood tree:       /home/yquentin/work/Kettler/phyloG/PEP/ali_pep_N0.HOG0000206.ffn.fas.treefile
  Likelihood distances:          /home/yquentin/work/Kettler/phyloG/PEP/ali_pep_N0.HOG0000206.ffn.fas.mldist

Ultrafast bootstrap approximation results written to:
  Split support values:          /home/yquentin/work/Kettler/phyloG/PEP/ali_pep_N0.HOG0000206.ffn.fas.splits.nex
  Consensus tree:                /home/yquentin/work/Kettler/phyloG/PEP/ali_pep_N0.HOG0000206.ffn.fas.contree
  Screen log file:               /home/yquentin/work/Kettler/phyloG/PEP/ali_pep_N0.HOG0000206.ffn.fas.log

Date and Time: Thu Oct  9 18:59:59 2025
