IQ-TREE multicore version 2.2.2.6 COVID-edition for Linux 64-bit built May 27 2023
Developed by Bui Quang Minh, James Barbetti, Nguyen Lam Tung,
Olga Chernomor, Heiko Schmidt, Dominik Schrempf, Michael Woodhams, Ly Trong Nhan.

Host:    n005 (AVX2, FMA3, 2015 GB RAM)
Command: iqtree -s /home/yquentin/work/Kettler/phyloG/PEP/ali_pep_N0.HOG0000016.ffn.fas -B 1000 -alrt 1000 -nt 1 -mset WAG,LG,JTT -madd LG4M,LG4X -mrate E,I,G,I+G,R
Seed:    962561 (Using SPRNG - Scalable Parallel Random Number Generator)
Time:    Thu Oct  9 18:59:53 2025
Kernel:  AVX+FMA - 1 threads (1 CPU cores detected)

Reading alignment file /home/yquentin/work/Kettler/phyloG/PEP/ali_pep_N0.HOG0000016.ffn.fas ... Fasta format detected
Reading fasta file: done in 0.00018096 secs using 65.76% CPU
Alignment most likely contains protein sequences
Constructing alignment: done in 0.000627995 secs using 35.83% CPU
WARNING: 1 sites contain only gaps or ambiguous characters.
Alignment has 12 sequences with 608 columns, 235 distinct patterns
161 parsimony-informative, 47 singleton sites, 400 constant sites
      Gap/Ambiguity  Composition  p-value
Analyzing sequences: done in 1.4782e-05 secs
   1  Prag    9.54%    passed    100.00%
   2  Praa    8.22%    passed    100.00%
   3  Prbb    8.72%    passed    100.00%
   4  Prah    6.09%    passed     93.78%
   5  Praf    1.48%    passed     80.05%
   6  Prat    5.10%    passed     99.98%
   7  Prae    9.54%    passed     99.98%
   8  Praj    8.72%    passed    100.00%
   9  Prak    9.38%    passed    100.00%
  10  Prai    9.38%    passed    100.00%
  11  Prau    8.22%    passed     99.99%
  12  Prab    9.38%    passed    100.00%
****  TOTAL    7.81%  0 sequences failed composition chi2 test (p-value<5%; df=19)
Checking for duplicate sequences: done in 3.50475e-05 secs


Create initial parsimony tree by phylogenetic likelihood library (PLL)... 0.000 seconds
Perform fast likelihood tree search using LG+I+G model...
Estimate model parameters (epsilon = 5.000)
Perform nearest neighbor interchange...
Optimizing NNI: done in 0.0285959 secs using 99.12% CPU
Estimate model parameters (epsilon = 1.000)
1. Initial log-likelihood: -3681.390
Optimal log-likelihood: -3681.274
Proportion of invariable sites: 0.326
Gamma shape alpha: 0.588
Parameters optimization took 1 rounds (0.012 sec)
Time for fast ML tree search: 0.081 seconds

NOTE: ModelFinder requires 5 MB RAM!
ModelFinder will test up to 80 protein models (sample size: 608) ...
 No. Model         -LnL         df  AIC          AICc         BIC
  1  WAG           3804.400     21  7650.799     7652.376     7743.413
  2  WAG+I         3705.788     22  7455.576     7457.306     7552.600
  3  WAG+G4        3692.437     22  7428.874     7430.603     7525.897
  4  WAG+I+G4      3691.215     23  7428.431     7430.321     7529.865
  5  WAG+R2        3691.829     23  7429.658     7431.548     7531.092
  6  WAG+R3        3691.718     25  7433.437     7435.670     7543.691
 14  WAG+F         3776.533     40  7633.066     7638.851     7809.473
 15  WAG+F+I       3664.528     41  7411.057     7417.141     7591.874
 16  WAG+F+G4      3649.317     41  7380.634     7386.719     7561.451
 17  WAG+F+I+G4    3648.263     42  7380.525     7386.918     7565.753
 18  WAG+F+R2      3648.710     42  7381.420     7387.813     7566.648
 19  WAG+F+R3      3648.673     44  7385.346     7392.380     7579.394
 27  LG            3814.580     21  7671.159     7672.736     7763.773
 28  LG+I          3700.521     22  7445.041     7446.771     7542.065
 29  LG+G4         3682.938     22  7409.876     7411.606     7506.900
 30  LG+I+G4       3681.269     23  7408.538     7410.428     7509.972
 31  LG+R2         3681.719     23  7409.438     7411.328     7510.872
 32  LG+R3         3681.670     25  7413.340     7415.573     7523.594
 40  LG+F          3798.634     40  7677.267     7683.052     7853.674
 41  LG+F+I        3668.689     41  7419.378     7425.463     7600.196
 42  LG+F+G4       3646.429     41  7374.857     7380.942     7555.675
 43  LG+F+I+G4     3645.036     42  7374.073     7380.466     7559.300
 44  LG+F+R2       3645.652     42  7375.304     7381.697     7560.532
 45  LG+F+R3       3645.653     44  7379.307     7386.340     7573.354
 53  JTT           3831.847     21  7705.693     7707.270     7798.307
 54  JTT+I         3719.806     22  7483.611     7485.341     7580.635
 55  JTT+G4        3703.690     22  7451.379     7453.109     7548.403
 56  JTT+I+G4      3702.438     23  7450.877     7452.767     7552.311
 57  JTT+R2        3702.392     23  7450.784     7452.675     7552.218
 58  JTT+R3        3702.357     25  7454.713     7456.947     7564.967
 66  JTT+F         3813.940     40  7707.879     7713.664     7884.286
 67  JTT+F+I       3688.016     41  7458.033     7464.118     7638.850
 68  JTT+F+G4      3668.619     41  7419.237     7425.322     7600.055
 69  JTT+F+I+G4    3667.717     42  7419.434     7425.827     7604.661
 70  JTT+F+R2      3667.478     42  7418.956     7425.349     7604.183
 71  JTT+F+R3      3667.479     44  7422.958     7429.992     7617.006
Model LG4M is alias for MIX{LG4M1,LG4M2,LG4M3,LG4M4}*G4
 79  LG4M          3679.017     22  7402.035     7403.765     7499.059
Model LG4X is alias for MIX{LG4X1,LG4X2,LG4X3,LG4X4}*R4
 80  LG4X          3643.672     27  7341.345     7343.952     7460.419
Akaike Information Criterion:           LG4X
Corrected Akaike Information Criterion: LG4X
Bayesian Information Criterion:         LG4X
Best-fit model: LG4X chosen according to BIC

All model information printed to /home/yquentin/work/Kettler/phyloG/PEP/ali_pep_N0.HOG0000016.ffn.fas.model.gz
CPU time for ModelFinder: 1.825 seconds (0h:0m:1s)
Wall-clock time for ModelFinder: 1.865 seconds (0h:0m:1s)
Generating 1000 samples for ultrafast bootstrap (seed: 962561)...
Model LG4X is alias for MIX{LG4X1,LG4X2,LG4X3,LG4X4}*R4

NOTE: 2 MB RAM (0 GB) is required!
Estimate model parameters (epsilon = 0.100)
1. Initial log-likelihood: -3643.672
Optimal log-likelihood: -3643.583
Site proportion and rates:  (0.502,0.133) (0.220,1.009) (0.217,1.482) (0.061,6.380)
Parameters optimization took 1 rounds (0.035 sec)
Wrote distance file to... 
Computing ML distances based on estimated model parameters...
Calculating distance matrix: done in 0.0151212 secs using 99.47% CPU
Computing ML distances took 0.015171 sec (of wall-clock time) 0.015090 sec (of CPU time)
Setting up auxiliary I and S matrices: done in 7.60555e-05 secs using 95.98% CPU
Constructing RapidNJ tree: done in 3.8147e-05 secs using 99.61% CPU
Computing RapidNJ tree took 0.008186 sec (of wall-clock time) 0.002193 sec (of CPU time)
Log-likelihood of RapidNJ tree: -3653.682
--------------------------------------------------------------------
|             INITIALIZING CANDIDATE TREE SET                      |
--------------------------------------------------------------------
Generating 98 parsimony trees... 0.103 second
Computing log-likelihood of 93 initial trees ... 0.364 seconds
Current best score: -3643.583

Do NNI search on 20 best initial trees
Optimizing NNI: done in 0.0140378 secs using 98.71% CPU
Estimate model parameters (epsilon = 0.100)
BETTER TREE FOUND at iteration 1: -3643.508
Optimizing NNI: done in 0.021461 secs using 98.63% CPU
Optimizing NNI: done in 0.0273449 secs using 99.17% CPU
Optimizing NNI: done in 0.0316439 secs using 99.21% CPU
Optimizing NNI: done in 0.0262032 secs using 99.36% CPU
Optimizing NNI: done in 0.02877 secs using 98.88% CPU
Optimizing NNI: done in 0.0304241 secs using 99.31% CPU
Optimizing NNI: done in 0.031055 secs using 99.29% CPU
Optimizing NNI: done in 0.030535 secs using 96.07% CPU
Optimizing NNI: done in 0.026489 secs using 99.28% CPU
Iteration 10 / LogL: -3644.246 / Time: 0h:0m:0s
Optimizing NNI: done in 0.0313778 secs using 99.27% CPU
Optimizing NNI: done in 0.030654 secs using 99.35% CPU
Optimizing NNI: done in 0.0305359 secs using 99.29% CPU
Optimizing NNI: done in 0.0415778 secs using 99.38% CPU
Optimizing NNI: done in 0.0309269 secs using 98.83% CPU
Optimizing NNI: done in 0.041126 secs using 99.38% CPU
Optimizing NNI: done in 0.026413 secs using 99.39% CPU
Optimizing NNI: done in 0.0367239 secs using 99.2% CPU
Optimizing NNI: done in 0.0288632 secs using 99.44% CPU
Optimizing NNI: done in 0.0424399 secs using 99.37% CPU
Iteration 20 / LogL: -3643.555 / Time: 0h:0m:1s
Finish initializing candidate tree set (1)
Current best tree score: -3643.508 / CPU time: 1.131
Number of iterations: 20
--------------------------------------------------------------------
|               OPTIMIZING CANDIDATE TREE SET                      |
--------------------------------------------------------------------
Optimizing NNI: done in 0.03775 secs using 99.26% CPU
UPDATE BEST LOG-LIKELIHOOD: -3643.505
Optimizing NNI: done in 0.0650361 secs using 99.4% CPU
Optimizing NNI: done in 0.0521698 secs using 98.81% CPU
Optimizing NNI: done in 0.041791 secs using 98.87% CPU
Optimizing NNI: done in 0.045193 secs using 99.27% CPU
Optimizing NNI: done in 0.0790431 secs using 98.84% CPU
Optimizing NNI: done in 0.0369141 secs using 99.36% CPU
Optimizing NNI: done in 0.041445 secs using 99.29% CPU
Optimizing NNI: done in 0.056725 secs using 98.86% CPU
Optimizing NNI: done in 0.07936 secs using 98.88% CPU
Iteration 30 / LogL: -3643.577 / Time: 0h:0m:1s (0h:0m:4s left)
Optimizing NNI: done in 0.041981 secs using 99.39% CPU
Optimizing NNI: done in 0.027921 secs using 99.44% CPU
Optimizing NNI: done in 0.045001 secs using 99% CPU
Optimizing NNI: done in 0.0598412 secs using 98.96% CPU
Optimizing NNI: done in 0.0449269 secs using 98.89% CPU
Optimizing NNI: done in 0.0891929 secs using 98.88% CPU
Optimizing NNI: done in 0.0303152 secs using 98.73% CPU
Optimizing NNI: done in 0.030549 secs using 99.2% CPU
Optimizing NNI: done in 0.042021 secs using 99.36% CPU
Optimizing NNI: done in 0.0281811 secs using 99.31% CPU
Iteration 40 / LogL: -3662.243 / Time: 0h:0m:2s (0h:0m:3s left)
Optimizing NNI: done in 0.0427251 secs using 99.01% CPU
Optimizing NNI: done in 0.0476029 secs using 99.38% CPU
Optimizing NNI: done in 0.0514801 secs using 99.26% CPU
Optimizing NNI: done in 0.0713449 secs using 99.08% CPU
Optimizing NNI: done in 0.039834 secs using 99.12% CPU
Optimizing NNI: done in 0.0400281 secs using 99.38% CPU
Optimizing NNI: done in 0.050231 secs using 99.22% CPU
Optimizing NNI: done in 0.020879 secs using 99.4% CPU
UPDATE BEST LOG-LIKELIHOOD: -3643.505
Optimizing NNI: done in 0.0615561 secs using 99.34% CPU
Optimizing NNI: done in 0.06002 secs using 99.07% CPU
Iteration 50 / LogL: -3643.699 / Time: 0h:0m:2s (0h:0m:2s left)
Log-likelihood cutoff on original alignment: -3669.959
Optimizing NNI: done in 0.054225 secs using 99.18% CPU
Optimizing NNI: done in 0.0413289 secs using 98.98% CPU
Optimizing NNI: done in 0.0783141 secs using 99.33% CPU
UPDATE BEST LOG-LIKELIHOOD: -3643.505
Optimizing NNI: done in 0.0719812 secs using 99.04% CPU
Optimizing NNI: done in 0.0818081 secs using 99.12% CPU
Optimizing NNI: done in 0.0489051 secs using 99.4% CPU
Optimizing NNI: done in 0.0451329 secs using 98.99% CPU
Optimizing NNI: done in 0.0362751 secs using 98.99% CPU
Optimizing NNI: done in 0.0296869 secs using 98.97% CPU
Optimizing NNI: done in 0.038676 secs using 98.96% CPU
Iteration 60 / LogL: -3643.505 / Time: 0h:0m:3s (0h:0m:2s left)
Optimizing NNI: done in 0.054306 secs using 99.13% CPU
Optimizing NNI: done in 0.0632458 secs using 99.26% CPU
Optimizing NNI: done in 0.0556479 secs using 99.39% CPU
Optimizing NNI: done in 0.041245 secs using 99.25% CPU
Optimizing NNI: done in 0.0648768 secs using 99.2% CPU
Optimizing NNI: done in 0.0458021 secs using 99.41% CPU
Optimizing NNI: done in 0.024116 secs using 99.33% CPU
Optimizing NNI: done in 0.027796 secs using 98.89% CPU
Optimizing NNI: done in 0.032362 secs using 99.25% CPU
Optimizing NNI: done in 0.0272419 secs using 99.44% CPU
Iteration 70 / LogL: -3643.534 / Time: 0h:0m:3s (0h:0m:1s left)
Optimizing NNI: done in 0.062021 secs using 99.36% CPU
Optimizing NNI: done in 0.0509071 secs using 99.37% CPU
Optimizing NNI: done in 0.029804 secs using 99.39% CPU
Optimizing NNI: done in 0.048337 secs using 99.26% CPU
Optimizing NNI: done in 0.041302 secs using 99.21% CPU
Optimizing NNI: done in 0.0364509 secs using 99.27% CPU
Optimizing NNI: done in 0.054774 secs using 99.37% CPU
Optimizing NNI: done in 0.0586982 secs using 98.92% CPU
Optimizing NNI: done in 0.032042 secs using 98.77% CPU
Optimizing NNI: done in 0.029918 secs using 98.94% CPU
Iteration 80 / LogL: -3643.573 / Time: 0h:0m:4s (0h:0m:1s left)
Optimizing NNI: done in 0.0606508 secs using 99.33% CPU
Optimizing NNI: done in 0.052284 secs using 99.18% CPU
Optimizing NNI: done in 0.0295858 secs using 99.11% CPU
Optimizing NNI: done in 0.0548511 secs using 97.53% CPU
Optimizing NNI: done in 0.045928 secs using 99.17% CPU
Optimizing NNI: done in 0.046145 secs using 98.98% CPU
Optimizing NNI: done in 0.036011 secs using 99% CPU
Optimizing NNI: done in 0.0297809 secs using 99.01% CPU
Optimizing NNI: done in 0.0745502 secs using 99.12% CPU
Optimizing NNI: done in 0.085798 secs using 99.18% CPU
Iteration 90 / LogL: -3643.515 / Time: 0h:0m:4s (0h:0m:0s left)
Optimizing NNI: done in 0.0390289 secs using 99.36% CPU
Optimizing NNI: done in 0.046169 secs using 99.22% CPU
Optimizing NNI: done in 0.026696 secs using 99.06% CPU
Optimizing NNI: done in 0.0456669 secs using 99.08% CPU
UPDATE BEST LOG-LIKELIHOOD: -3643.505
Optimizing NNI: done in 0.0462451 secs using 99.03% CPU
Optimizing NNI: done in 0.058444 secs using 99.08% CPU
Optimizing NNI: done in 0.0352912 secs using 99.36% CPU
Optimizing NNI: done in 0.029789 secs using 99.42% CPU
Optimizing NNI: done in 0.0601189 secs using 99.22% CPU
Optimizing NNI: done in 0.0222981 secs using 99.12% CPU
Iteration 100 / LogL: -3643.517 / Time: 0h:0m:5s (0h:0m:0s left)
Log-likelihood cutoff on original alignment: -3669.946
NOTE: Bootstrap correlation coefficient of split occurrence frequencies: 1.000
Optimizing NNI: done in 0.0449891 secs using 99.03% CPU
Optimizing NNI: done in 0.039428 secs using 98.91% CPU
TREE SEARCH COMPLETED AFTER 102 ITERATIONS / Time: 0h:0m:5s

--------------------------------------------------------------------
|                    FINALIZING TREE SEARCH                        |
--------------------------------------------------------------------
Performs final model parameters optimization
Estimate model parameters (epsilon = 0.010)
1. Initial log-likelihood: -3643.505
2. Current log-likelihood: -3643.466
3. Current log-likelihood: -3643.411
4. Current log-likelihood: -3643.364
5. Current log-likelihood: -3643.323
6. Current log-likelihood: -3643.289
7. Current log-likelihood: -3643.259
8. Current log-likelihood: -3643.234
9. Current log-likelihood: -3643.217
10. Current log-likelihood: -3643.200
11. Current log-likelihood: -3643.185
12. Current log-likelihood: -3643.172
13. Current log-likelihood: -3643.160
14. Current log-likelihood: -3643.149
Optimal log-likelihood: -3643.135
Site proportion and rates:  (0.497,0.110) (0.214,1.064) (0.226,1.406) (0.062,6.380)
Parameters optimization took 14 rounds (0.449 sec)
BEST SCORE FOUND : -3643.135

Testing tree branches by SH-like aLRT with 1000 replicates...
0.126 sec.
Creating bootstrap support values...
Split supports printed to NEXUS file /home/yquentin/work/Kettler/phyloG/PEP/ali_pep_N0.HOG0000016.ffn.fas.splits.nex
Total tree length: 1.159

Total number of iterations: 102
CPU time used for tree search: 5.180 sec (0h:0m:5s)
Wall-clock time used for tree search: 5.310 sec (0h:0m:5s)
Total CPU time used: 5.850 sec (0h:0m:5s)
Total wall-clock time used: 6.004 sec (0h:0m:6s)

Computing bootstrap consensus tree...
Reading input file /home/yquentin/work/Kettler/phyloG/PEP/ali_pep_N0.HOG0000016.ffn.fas.splits.nex...
12 taxa and 45 splits.
Consensus tree written to /home/yquentin/work/Kettler/phyloG/PEP/ali_pep_N0.HOG0000016.ffn.fas.contree
Reading input trees file /home/yquentin/work/Kettler/phyloG/PEP/ali_pep_N0.HOG0000016.ffn.fas.contree
Log-likelihood of consensus tree: -3643.134

Analysis results written to: 
  IQ-TREE report:                /home/yquentin/work/Kettler/phyloG/PEP/ali_pep_N0.HOG0000016.ffn.fas.iqtree
  Maximum-likelihood tree:       /home/yquentin/work/Kettler/phyloG/PEP/ali_pep_N0.HOG0000016.ffn.fas.treefile
  Likelihood distances:          /home/yquentin/work/Kettler/phyloG/PEP/ali_pep_N0.HOG0000016.ffn.fas.mldist

Ultrafast bootstrap approximation results written to:
  Split support values:          /home/yquentin/work/Kettler/phyloG/PEP/ali_pep_N0.HOG0000016.ffn.fas.splits.nex
  Consensus tree:                /home/yquentin/work/Kettler/phyloG/PEP/ali_pep_N0.HOG0000016.ffn.fas.contree
  Screen log file:               /home/yquentin/work/Kettler/phyloG/PEP/ali_pep_N0.HOG0000016.ffn.fas.log

Date and Time: Thu Oct  9 19:00:01 2025
