[16:12:58] This is prokka 1.14.5
[16:12:58] Written by Torsten Seemann <torsten.seemann@gmail.com>
[16:12:58] Homepage is https://github.com/tseemann/prokka
[16:12:58] Local time is Thu Oct 16 16:12:58 2025
[16:12:58] You are fmt073
[16:12:58] Operating system is linux
[16:12:58] You have BioPerl 1.7.8
[16:12:58] System has 128 cores.
[16:12:58] Will use maximum of 1 cores.
[16:12:58] Annotating as >>> Bacteria <<<
[16:12:58] Enabling options to ensure Genbank/ENA/DDJB submission compliance.
[16:12:58] Creating new output folder: /home/fmt073/work/Zhang/Prokka/Prax
[16:12:58] Running: mkdir -p \/home\/fmt073\/work\/Zhang\/Prokka\/Prax
[16:12:58] Using filename prefix: Prax.XXX
[16:12:58] Setting HMMER_NCPU=1
[16:12:58] Writing log to: /home/fmt073/work/Zhang/Prokka/Prax/Prax.log
[16:12:58] Command: /usr/local/bioinfo/src/PROKKA/prokka-1.14.5/bin/prokka /home/fmt073/work/Zhang/DNA/Prax.fna --outdir /home/fmt073/work/Zhang/Prokka/Prax --compliant --addgenes --prefix Prax --locustag Prax.g --genus Prochlorococcus --species Prochlorococcus marinus --strain MIT 9314 --kingdom Bacteria --cpus 1
[16:12:58] Appending to PATH: /usr/local/bioinfo/src/PROKKA/prokka-1.14.5/bin/../binaries/linux
[16:12:58] Appending to PATH: /usr/local/bioinfo/src/PROKKA/prokka-1.14.5/bin/../binaries/linux/../common
[16:12:58] Appending to PATH: /usr/local/bioinfo/src/PROKKA/prokka-1.14.5/bin
[16:12:58] Looking for 'aragorn' - found /usr/local/bioinfo/src/PROKKA/prokka-1.14.5/binaries/linux/aragorn
[16:12:58] Determined aragorn version is 001002 from 'ARAGORN v1.2.38 Dean Laslett'
[16:12:58] Looking for 'blastp' - found /usr/local/bioinfo/src/PROKKA/prokka-1.14.5/binaries/linux/blastp
[16:12:58] Determined blastp version is 002009 from 'blastp: 2.9.0+'
[16:12:58] Looking for 'cmpress' - found /usr/local/bioinfo/src/PROKKA/prokka-1.14.5/binaries/linux/cmpress
[16:12:58] Determined cmpress version is 001001 from '# INFERNAL 1.1.2 (July 2016)'
[16:12:58] Looking for 'cmscan' - found /usr/local/bioinfo/src/PROKKA/prokka-1.14.5/binaries/linux/cmscan
[16:12:58] Determined cmscan version is 001001 from '# INFERNAL 1.1.2 (July 2016)'
[16:12:58] Looking for 'egrep' - found /usr/bin/egrep
[16:12:58] Looking for 'find' - found /usr/bin/find
[16:12:58] Looking for 'grep' - found /usr/bin/grep
[16:12:58] Looking for 'hmmpress' - found /usr/local/bioinfo/src/PROKKA/prokka-1.14.5/binaries/linux/hmmpress
[16:12:58] Determined hmmpress version is 003001 from '# HMMER 3.1b2 (February 2015); http://hmmer.org/'
[16:12:58] Looking for 'hmmscan' - found /usr/local/bioinfo/src/PROKKA/prokka-1.14.5/binaries/linux/hmmscan
[16:12:58] Determined hmmscan version is 003001 from '# HMMER 3.1b2 (February 2015); http://hmmer.org/'
[16:12:58] Looking for 'java' - found /usr/bin/java
[16:12:58] Looking for 'makeblastdb' - found /usr/local/bioinfo/src/PROKKA/prokka-1.14.5/binaries/linux/makeblastdb
[16:12:58] Determined makeblastdb version is 002009 from 'makeblastdb: 2.9.0+'
[16:12:58] Looking for 'minced' - found /usr/local/bioinfo/src/PROKKA/prokka-1.14.5/binaries/common/minced
[16:12:58] Determined minced version is 002000 from 'minced 0.2.0'
[16:12:58] Looking for 'parallel' - found /usr/local/bioinfo/src/PROKKA/prokka-1.14.5/binaries/common/parallel
[16:12:58] Determined parallel version is 20150122 from 'GNU parallel 20150122'
[16:12:58] Looking for 'prodigal' - found /usr/local/bioinfo/src/PROKKA/prokka-1.14.5/binaries/linux/prodigal
[16:12:58] Determined prodigal version is 002006 from 'Prodigal V2.6.3: February, 2016'
[16:12:58] Looking for 'prokka-genbank_to_fasta_db' - found /usr/local/bioinfo/src/PROKKA/prokka-1.14.5/bin/prokka-genbank_to_fasta_db
[16:12:58] Looking for 'sed' - found /usr/bin/sed
[16:12:58] Looking for 'tbl2asn' - found /usr/local/bioinfo/src/PROKKA/prokka-1.14.5/binaries/linux/tbl2asn
[16:12:58] Determined tbl2asn version is 025008 from 'tbl2asn 25.8   arguments:'
[16:12:58] Using genetic code table 11.
[16:12:58] Loading and checking input file: /home/fmt073/work/Zhang/DNA/Prax.fna
[16:12:58] Wrote 16 contigs totalling 1690556 bp.
[16:12:58] Predicting tRNAs and tmRNAs
[16:12:58] Running: aragorn -l -gc11  -w \/home\/fmt073\/work\/Zhang\/Prokka\/Prax\/Prax\.fna
[16:12:59] 1 tRNA-Leu [72765,72851] 35 (taa)
[16:12:59] 1 tRNA-Glu c[65910,65984] 36 (ttc)
[16:12:59] 2 tRNA-Lys [109584,109656] 33 (ttt)
[16:12:59] 1 tRNA-Pro c[21854,21927] 35 (tgg)
[16:12:59] 1 tRNA-Pro c[17483,17556] 35 (ggg)
[16:12:59] 2 tRNA-Ser [70448,70534] 35 (gga)
[16:12:59] 1 tmRNA* c[15959,16268] 169,219 ANKIVSFSRQTAPVAA*
[16:12:59] 2 tRNA-Leu c[25113,25196] 36 (aag)
[16:12:59] 1 tRNA-Trp [13868,13942] 35 (cca)
[16:12:59] 2 tRNA-Asp [14320,14395] 36 (gtc)
[16:12:59] 3 tRNA-Tyr [94511,94593] 35 (gta)
[16:12:59] 4 tRNA-Thr [94603,94675] 33 (ggt)
[16:12:59] 5 tRNA-Ala c[124689,124762] 34 (tgc)
[16:12:59] 6 tRNA-Ile c[124774,124849] 36 (gat)
[16:12:59] 7 tRNA-Thr [134330,134403] 34 (tgt)
[16:12:59] 8 tRNA-Phe [143048,143122] 34 (gaa)
[16:12:59] 9 tRNA-Met [174916,174990] 35 (cat)
[16:12:59] 10 tRNA-Arg [190052,190127] 36 (acg)
[16:12:59] 11 tRNA-Leu c[209908,209990] 35 (tag)
[16:12:59] 1 tRNA-Ser [435,523] 36 (tga)
[16:12:59] 1 tRNA-Asn c[93128,93201] 34 (gtt)
[16:12:59] 1 tRNA-Met [34085,34160] 36 (cat)
[16:12:59] 2 tRNA-Met [75599,75675] 35 (cat)
[16:12:59] 1 tRNA-Thr [2887,2959] 33 (cgt)
[16:12:59] 2 tRNA-Ser c[41702,41792] 36 (gct)
[16:12:59] 3 tRNA-Gln [61623,61694] 33 (ttg)
[16:12:59] 4 tRNA-Arg [74329,74402] 35 (ccg)
[16:12:59] 5 tRNA-Cys [88975,89045] 33 (gca)
[16:12:59] 6 tRNA-Arg c[105807,105882] 36 (cct)
[16:12:59] 7 tRNA-Gly c[142269,142341] 33 (gcc)
[16:12:59] 8 tRNA-Val c[188854,188925] 33 (tac)
[16:12:59] 1 tRNA-Val c[111366,111439] 34 (gac)
[16:12:59] 2 tRNA-Gly [142940,143010] 33 (tcc)
[16:12:59] 3 tRNA-His c[159297,159370] 34 (gtg)
[16:12:59] 4 tRNA-Leu c[164547,164629] 35 (caa)
[16:12:59] 5 tRNA-Ala c[235700,235774] 35 (ggc)
[16:12:59] 6 tRNA-Arg c[307820,307895] 36 (tct)
[16:12:59] 7 tRNA-Ser [337408,337494] 36 (cga)
[16:12:59] Found 38 tRNAs
[16:12:59] Predicting Ribosomal RNAs
[16:12:59] You need either Barrnap or RNAmmer installed to predict rRNAs!
[16:12:59] Skipping ncRNA search, enable with --rfam if desired.
[16:12:59] Total of 37 tRNA + rRNA features
[16:12:59] Searching for CRISPR repeats
[16:12:59] Found 0 CRISPRs
[16:12:59] Predicting coding sequences
[16:12:59] Contigs total 1690556 bp, so using single mode
[16:12:59] Running: prodigal -i \/home\/fmt073\/work\/Zhang\/Prokka\/Prax\/Prax\.fna -c -m -g 11 -p single -f sco -q
[16:13:01] Excluding CDS which overlaps existing RNA (tRNA) at gnl|Prokka|Prax.g_12:87700..89121 on - strand
[16:13:02] Excluding CDS which overlaps existing RNA (tRNA) at gnl|Prokka|Prax.g_13:163367..164623 on - strand
[16:13:02] Found 1938 CDS
[16:13:02] Connecting features back to sequences
[16:13:02] Not using genus-specific database. Try --usegenus to enable it.
[16:13:02] Annotating CDS, please be patient.
[16:13:02] Will use 1 CPUs for similarity searching.
[16:13:02] There are still 1938 unannotated CDS left (started with 1938)
[16:13:02] Will use blast to search against /usr/local/bioinfo/src/PROKKA/prokka-1.14.5/db/kingdom/Bacteria/IS with 1 CPUs
[16:13:02] Running: cat \/home\/fmt073\/work\/Zhang\/Prokka\/Prax\/Prax\.IS\.tmp\.4080844\.faa | parallel --gnu --plain -j 1 --block 259004 --recstart '>' --pipe blastp -query - -db /usr/local/bioinfo/src/PROKKA/prokka-1.14.5/db/kingdom/Bacteria/IS -evalue 1e-30 -qcov_hsp_perc 90 -num_threads 1 -num_descriptions 1 -num_alignments 1 -seg no > \/home\/fmt073\/work\/Zhang\/Prokka\/Prax\/Prax\.IS\.tmp\.4080844\.blast 2> /dev/null
[16:13:28] Deleting unwanted file: /home/fmt073/work/Zhang/Prokka/Prax/Prax.IS.tmp.4080844.faa
[16:13:28] Deleting unwanted file: /home/fmt073/work/Zhang/Prokka/Prax/Prax.IS.tmp.4080844.blast
[16:13:28] There are still 1938 unannotated CDS left (started with 1938)
[16:13:28] Will use blast to search against /usr/local/bioinfo/src/PROKKA/prokka-1.14.5/db/kingdom/Bacteria/AMR with 1 CPUs
[16:13:28] Running: cat \/home\/fmt073\/work\/Zhang\/Prokka\/Prax\/Prax\.AMR\.tmp\.4080844\.faa | parallel --gnu --plain -j 1 --block 259004 --recstart '>' --pipe blastp -query - -db /usr/local/bioinfo/src/PROKKA/prokka-1.14.5/db/kingdom/Bacteria/AMR -evalue 9.99999999999999e-301 -qcov_hsp_perc 90 -num_threads 1 -num_descriptions 1 -num_alignments 1 -seg no > \/home\/fmt073\/work\/Zhang\/Prokka\/Prax\/Prax\.AMR\.tmp\.4080844\.blast 2> /dev/null
[16:13:47] Deleting unwanted file: /home/fmt073/work/Zhang/Prokka/Prax/Prax.AMR.tmp.4080844.faa
[16:13:47] Deleting unwanted file: /home/fmt073/work/Zhang/Prokka/Prax/Prax.AMR.tmp.4080844.blast
[16:13:47] There are still 1938 unannotated CDS left (started with 1938)
[16:13:47] Will use blast to search against /usr/local/bioinfo/src/PROKKA/prokka-1.14.5/db/kingdom/Bacteria/sprot with 1 CPUs
[16:13:47] Running: cat \/home\/fmt073\/work\/Zhang\/Prokka\/Prax\/Prax\.sprot\.tmp\.4080844\.faa | parallel --gnu --plain -j 1 --block 259004 --recstart '>' --pipe blastp -query - -db /usr/local/bioinfo/src/PROKKA/prokka-1.14.5/db/kingdom/Bacteria/sprot -evalue 1e-09 -qcov_hsp_perc 80 -num_threads 1 -num_descriptions 1 -num_alignments 1 -seg no > \/home\/fmt073\/work\/Zhang\/Prokka\/Prax\/Prax\.sprot\.tmp\.4080844\.blast 2> /dev/null
[16:15:28] Modify product: Uncharacterized ABC transporter ATP-binding protein TM_0288 => putative ABC transporter ATP-binding protein
[16:15:28] Modify product: Uncharacterized periplasmic iron-binding protein HI_0362 => putative periplasmic iron-binding protein
[16:15:28] Modify product: Probable 2-phosphosulfolactate phosphatase => putative 2-phosphosulfolactate phosphatase
[16:15:28] Modify product: Uncharacterized protein Rv2411c => putative protein
[16:15:28] Modify product: Uncharacterized tRNA/rRNA methyltransferase HI_0380 => putative tRNA/rRNA methyltransferase
[16:15:28] Modify product: Uncharacterized oxidoreductase MSMEG_1603/MSMEI_1564 => putative oxidoreductase/MSMEI_1564
[16:15:28] Modify product: 1,4-alpha-glucan branching enzyme TTHA1902 => 1,4-alpha-glucan branching enzyme
[16:15:28] Modify product: Bifunctional protein FolD => Bifunctional protein FolD protein
[16:15:28] Modify product: Uncharacterized protein RP812 => putative protein RP812
[16:15:28] Modify product: Uncharacterized ABC transporter ATP-binding protein YlmA => putative ABC transporter ATP-binding protein YlmA
[16:15:28] Modify product: GTP-binding protein TypA/BipA homolog => GTP-binding protein TypA/BipA 
[16:15:28] Modify product: Uncharacterized ABC transporter ATP-binding protein Rv0986 => putative ABC transporter ATP-binding protein
[16:15:28] Modify product: Uncharacterized zinc protease Rv2782c => putative zinc protease
[16:15:28] Modify product: Probable ABC transporter phosphite binding protein PhnD1 => putative ABC transporter phosphite binding protein PhnD1
[16:15:28] Modify product: Uncharacterized protein alr4550 => putative protein
[16:15:28] Modify product: Probable chromate transport protein => putative chromate transport protein
[16:15:28] Modify product: Probable multidrug resistance ABC transporter ATP-binding/permease protein YheI => putative multidrug resistance ABC transporter ATP-binding/permease protein YheI
[16:15:28] Modify product: Probable cysteine desulfurase => putative cysteine desulfurase
[16:15:28] Modify product: Probable ATP-dependent transporter SufC => putative ATP-dependent transporter SufC
[16:15:28] Modify product: UPF0234 protein Rv0566c => hypothetical protein
[16:15:28] Modify product: Rqc2 homolog RqcH => Rqc2 RqcH
[16:15:28] Modify product: Probable murein peptide carboxypeptidase => putative murein peptide carboxypeptidase
[16:15:28] Modify product: Probable cytochrome c oxidase subunit 1 => putative cytochrome c oxidase subunit 1
[16:15:28] Modify product: Uncharacterized ABC transporter ATP-binding protein YknY => putative ABC transporter ATP-binding protein YknY
[16:15:28] Modify product: UPF0053 protein Rv1842c => hypothetical protein
[16:15:28] Modify product: Probable bifunctional SAT/APS kinase => putative bifunctional SAT/APS kinase
[16:15:28] Modify product: Probable hydrolase YcaC => putative hydrolase YcaC
[16:15:28] Modify product: Probable protein kinase UbiB => putative protein kinase UbiB
[16:15:28] Modify product: Uncharacterized ABC transporter ATP-binding protein YejF => putative ABC transporter ATP-binding protein YejF
[16:15:28] Modify product: Probable nicotinate-nucleotide pyrophosphorylase [carboxylating] => putative nicotinate-nucleotide pyrophosphorylase [carboxylating]
[16:15:28] Modify product: Probable glutaredoxin ssr2061 => putative glutaredoxin
[16:15:28] Modify product: Probable adenylyl-sulfate kinase => putative adenylyl-sulfate kinase
[16:15:28] Modify product: Epimerase family protein Rv2216 => Epimerase family protein
[16:15:28] Modify product: Vitamin K epoxide reductase homolog => Vitamin K epoxide reductase 
[16:15:28] Modify product: Uncharacterized ABC transporter ATP-binding protein YheS => putative ABC transporter ATP-binding protein YheS
[16:15:28] Modify product: Putative multidrug export ATP-binding/permease protein SAV1866 => Putative multidrug export ATP-binding/permease protein
[16:15:28] Modify product: Probable ketoamine kinase HMPREF0351_12196 => putative ketoamine kinase
[16:15:28] Modify product: Probable adenylyltransferase/sulfurtransferase MoeZ => putative adenylyltransferase/sulfurtransferase MoeZ
[16:15:29] Modify product: Putative low molecular weight protein-tyrosine-phosphatase slr0328 => Putative low molecular weight protein-tyrosine-phosphatase
[16:15:29] Modify product: Probable dual-specificity RNA methyltransferase RlmN => putative dual-specificity RNA methyltransferase RlmN
[16:15:29] Modify product: Probable peptidoglycan glycosyltransferase FtsW => putative peptidoglycan glycosyltransferase FtsW
[16:15:29] Modify product: Probable nicotinate-nucleotide adenylyltransferase => putative nicotinate-nucleotide adenylyltransferase
[16:15:29] Modify product: UPF0053 protein Rv2366c => hypothetical protein
[16:15:29] Modify product: Uncharacterized protein HI_0933 => putative protein
[16:15:29] Modify product: Probable cytosol aminopeptidase => putative cytosol aminopeptidase
[16:15:29] Modify product: Glycogen operon protein GlgX homolog => Glycogen operon protein GlgX 
[16:15:29] Modify product: Uncharacterized PIN and TRAM-domain containing protein YacL => putative PIN and TRAM-domain containing protein YacL
[16:15:29] Modify product: Uncharacterized protein Rv1501 => putative protein
[16:15:29] Modify product: Uncharacterized oxidoreductase Rv2073c => putative oxidoreductase
[16:15:29] Modify product: Probable undecaprenyl-phosphate N-acetylglucosaminyl 1-phosphate transferase => putative undecaprenyl-phosphate N-acetylglucosaminyl 1-phosphate transferase
[16:15:29] Modify product: Uncharacterized protein alr4550 => putative protein
[16:15:29] Modify product: PKHD-type hydroxylase Sbal_3634 => PKHD-type hydroxylase
[16:15:29] Cleaned 52 /product names
[16:15:29] Deleting unwanted file: /home/fmt073/work/Zhang/Prokka/Prax/Prax.sprot.tmp.4080844.faa
[16:15:29] Deleting unwanted file: /home/fmt073/work/Zhang/Prokka/Prax/Prax.sprot.tmp.4080844.blast
[16:15:29] There are still 1096 unannotated CDS left (started with 1938)
[16:15:29] Will use hmmer3 to search against /usr/local/bioinfo/src/PROKKA/prokka-1.14.5/db/hmm/HAMAP.hmm with 1 CPUs
[16:15:29] Running: cat \/home\/fmt073\/work\/Zhang\/Prokka\/Prax\/Prax\.HAMAP\.hmm\.tmp\.4080844\.faa | parallel --gnu --plain -j 1 --block 108520 --recstart '>' --pipe hmmscan --noali --notextw --acc -E 1e-09 --cpu 1 /usr/local/bioinfo/src/PROKKA/prokka-1.14.5/db/hmm/HAMAP.hmm /dev/stdin > \/home\/fmt073\/work\/Zhang\/Prokka\/Prax\/Prax\.HAMAP\.hmm\.tmp\.4080844\.hmmer3 2> /dev/null
[16:28:21] Deleting unwanted file: /home/fmt073/work/Zhang/Prokka/Prax/Prax.HAMAP.hmm.tmp.4080844.faa
[16:28:21] Deleting unwanted file: /home/fmt073/work/Zhang/Prokka/Prax/Prax.HAMAP.hmm.tmp.4080844.hmmer3
[16:28:21] Labelling remaining 935 proteins as 'hypothetical protein'
[16:28:21] Possible /pseudo 'Phosphate-import permease protein PhnE' at gnl|Prokka|Prax.g_4 position 104000
[16:28:21] Possible /pseudo 'S-methyl-5'-thioadenosine phosphorylase' at gnl|Prokka|Prax.g_8 position 152307
[16:28:21] Possible /pseudo 'S-methyl-5'-thioadenosine phosphorylase' at gnl|Prokka|Prax.g_8 position 152566
[16:28:21] Possible /pseudo 'Putative fluoride ion transporter CrcB' at gnl|Prokka|Prax.g_12 position 132154
[16:28:21] Possible /pseudo 'DNA-directed RNA polymerase subunit beta'' at gnl|Prokka|Prax.g_13 position 13332
[16:28:21] Possible /pseudo 'ATP-dependent Clp protease proteolytic subunit' at gnl|Prokka|Prax.g_13 position 150254
[16:28:21] Possible /pseudo 'GTP 3',8-cyclase' at gnl|Prokka|Prax.g_13 position 246218
[16:28:21] Found 861 unique /gene codes.
[16:28:21] Fixed 2 duplicate /gene - iscS_1 iscS_2
[16:28:21] Fixed 2 duplicate /gene - galE_1 galE_2
[16:28:21] Fixed 2 duplicate /gene - ftsH2_1 ftsH2_2
[16:28:21] Fixed 2 duplicate /gene - walR_1 walR_2
[16:28:21] Fixed 4 duplicate /gene - moaA_1 moaA_2 moaA_3 moaA_4
[16:28:21] Fixed 2 duplicate /gene - hisB_1 hisB_2
[16:28:21] Fixed 2 duplicate /gene - nusA_1 nusA_2
[16:28:21] Fixed 2 duplicate /gene - mnmC_1 mnmC_2
[16:28:21] Fixed 3 duplicate /gene - ubiB_1 ubiB_2 ubiB_3
[16:28:21] Fixed 2 duplicate /gene - bcp_1 bcp_2
[16:28:21] Fixed 2 duplicate /gene - rnr_1 rnr_2
[16:28:21] Fixed 2 duplicate /gene - crtL_1 crtL_2
[16:28:21] Fixed 4 duplicate /gene - mntB_1 mntB_2 mntB_3 mntB_4
[16:28:21] Fixed 2 duplicate /gene - menA_1 menA_2
[16:28:21] Fixed 2 duplicate /gene - nadK_1 nadK_2
[16:28:21] Fixed 2 duplicate /gene - clpB1_1 clpB1_2
[16:28:21] Fixed 2 duplicate /gene - ruvB_1 ruvB_2
[16:28:21] Fixed 3 duplicate /gene - era_1 era_2 era_3
[16:28:21] Fixed 2 duplicate /gene - ilvG_1 ilvG_2
[16:28:21] Fixed 3 duplicate /gene - dnaJ_1 dnaJ_2 dnaJ_3
[16:28:21] Fixed 2 duplicate /gene - fcl_1 fcl_2
[16:28:21] Fixed 2 duplicate /gene - iolG_1 iolG_2
[16:28:21] Fixed 2 duplicate /gene - cysQ_1 cysQ_2
[16:28:21] Fixed 2 duplicate /gene - cobN_1 cobN_2
[16:28:21] Fixed 3 duplicate /gene - mtnP_1 mtnP_2 mtnP_3
[16:28:21] Fixed 2 duplicate /gene - ppa_1 ppa_2
[16:28:21] Fixed 2 duplicate /gene - lig_1 lig_2
[16:28:21] Fixed 3 duplicate /gene - phnE_1 phnE_2 phnE_3
[16:28:21] Fixed 4 duplicate /gene - clpP_1 clpP_2 clpP_3 clpP_4
[16:28:21] Fixed 2 duplicate /gene - prmC_1 prmC_2
[16:28:21] Fixed 2 duplicate /gene - msbA_1 msbA_2
[16:28:21] Fixed 2 duplicate /gene - pyrB_1 pyrB_2
[16:28:21] Fixed 2 duplicate /gene - ndhD1_1 ndhD1_2
[16:28:21] Fixed 2 duplicate /gene - petF_1 petF_2
[16:28:21] Fixed 2 duplicate /gene - tatA_1 tatA_2
[16:28:21] Fixed 2 duplicate /gene - speA_1 speA_2
[16:28:21] Fixed 4 duplicate /gene - sasA_1 sasA_2 sasA_3 sasA_4
[16:28:21] Fixed 2 duplicate /gene - gyrA_1 gyrA_2
[16:28:21] Fixed 2 duplicate /gene - clpS_1 clpS_2
[16:28:21] Fixed 2 duplicate /gene - glmM_1 glmM_2
[16:28:21] Fixed 2 duplicate /gene - menF_1 menF_2
[16:28:21] Fixed 2 duplicate /gene - COQ3_1 COQ3_2
[16:28:21] Fixed 2 duplicate /gene - lpxB_1 lpxB_2
[16:28:21] Fixed 2 duplicate /gene - hhoA_1 hhoA_2
[16:28:21] Fixed 2 duplicate /gene - atpH_1 atpH_2
[16:28:21] Fixed 2 duplicate /gene - pds_1 pds_2
[16:28:21] Fixed 2 duplicate /gene - bicA_1 bicA_2
[16:28:21] Fixed 2 duplicate /gene - acoA_1 acoA_2
[16:28:21] Fixed 3 duplicate /gene - menH_1 menH_2 menH_3
[16:28:21] Fixed 3 duplicate /gene - psbA_1 psbA_2 psbA_3
[16:28:21] Fixed 3 duplicate /gene - sigA2_1 sigA2_2 sigA2_3
[16:28:21] Fixed 2 duplicate /gene - crcB_1 crcB_2
[16:28:21] Fixed 2 duplicate /gene - atpG_1 atpG_2
[16:28:21] Fixed 2 duplicate /gene - dnaK2_1 dnaK2_2
[16:28:21] Fixed 2 duplicate /gene - cobD_1 cobD_2
[16:28:21] Fixed 2 duplicate /gene - tam_1 tam_2
[16:28:21] Fixed 2 duplicate /gene - dsbD_1 dsbD_2
[16:28:21] Fixed 2 duplicate /gene - gmd_1 gmd_2
[16:28:21] Fixed 2 duplicate /gene - arnT_1 arnT_2
[16:28:21] Fixed 2 duplicate /gene - ddpX_1 ddpX_2
[16:28:21] Fixed 60 colliding /gene names.
[16:28:21] Adding /locus_tag identifiers
[16:28:21] Assigned 1976 locus_tags to CDS and RNA features.
[16:28:21] Writing outputs to /home/fmt073/work/Zhang/Prokka/Prax/
[16:28:22] Generating annotation statistics file
[16:28:22] Generating Genbank and Sequin files
[16:28:22] Running: tbl2asn -V b -a r10k -l paired-ends -M n -N 1 -y 'Annotated using prokka 1.14.5 from https://github.com/tseemann/prokka' -Z \/home\/fmt073\/work\/Zhang\/Prokka\/Prax\/Prax\.err -i \/home\/fmt073\/work\/Zhang\/Prokka\/Prax\/Prax\.fsa 2> /dev/null
[16:28:25] Deleting unwanted file: /home/fmt073/work/Zhang/Prokka/Prax/errorsummary.val
[16:28:25] Deleting unwanted file: /home/fmt073/work/Zhang/Prokka/Prax/Prax.dr
[16:28:25] Deleting unwanted file: /home/fmt073/work/Zhang/Prokka/Prax/Prax.fixedproducts
[16:28:25] Deleting unwanted file: /home/fmt073/work/Zhang/Prokka/Prax/Prax.ecn
[16:28:25] Deleting unwanted file: /home/fmt073/work/Zhang/Prokka/Prax/Prax.val
[16:28:25] Repairing broken .GBK output that tbl2asn produces...
[16:28:25] Running: sed 's/COORDINATES: profile/COORDINATES:profile/' < \/home\/fmt073\/work\/Zhang\/Prokka\/Prax\/Prax\.gbf > \/home\/fmt073\/work\/Zhang\/Prokka\/Prax\/Prax\.gbk
[16:28:25] Deleting unwanted file: /home/fmt073/work/Zhang/Prokka/Prax/Prax.gbf
[16:28:25] Output files:
[16:28:25] /home/fmt073/work/Zhang/Prokka/Prax/Prax.faa
[16:28:25] /home/fmt073/work/Zhang/Prokka/Prax/Prax.tbl
[16:28:25] /home/fmt073/work/Zhang/Prokka/Prax/Prax.err
[16:28:25] /home/fmt073/work/Zhang/Prokka/Prax/Prax.log
[16:28:25] /home/fmt073/work/Zhang/Prokka/Prax/Prax.gff
[16:28:25] /home/fmt073/work/Zhang/Prokka/Prax/Prax.fna
[16:28:25] /home/fmt073/work/Zhang/Prokka/Prax/Prax.tsv
[16:28:25] /home/fmt073/work/Zhang/Prokka/Prax/Prax.txt
[16:28:25] /home/fmt073/work/Zhang/Prokka/Prax/Prax.fsa
[16:28:25] /home/fmt073/work/Zhang/Prokka/Prax/Prax.gbk
[16:28:25] /home/fmt073/work/Zhang/Prokka/Prax/Prax.ffn
[16:28:25] /home/fmt073/work/Zhang/Prokka/Prax/Prax.sqn
[16:28:25] Annotation finished successfully.
[16:28:25] Walltime used: 15.45 minutes
[16:28:25] If you use this result please cite the Prokka paper:
[16:28:25] Seemann T (2014) Prokka: rapid prokaryotic genome annotation. Bioinformatics. 30(14):2068-9.
[16:28:25] Type 'prokka --citation' for more details.
[16:28:25] Share and enjoy!
