[16:12:43] This is prokka 1.14.5
[16:12:43] Written by Torsten Seemann <torsten.seemann@gmail.com>
[16:12:43] Homepage is https://github.com/tseemann/prokka
[16:12:43] Local time is Thu Oct 16 16:12:43 2025
[16:12:43] You are fmt073
[16:12:43] Operating system is linux
[16:12:43] You have BioPerl 1.7.8
[16:12:43] System has 128 cores.
[16:12:43] Will use maximum of 1 cores.
[16:12:43] Annotating as >>> Bacteria <<<
[16:12:43] Enabling options to ensure Genbank/ENA/DDJB submission compliance.
[16:12:43] Creating new output folder: /home/fmt073/work/Zhang/Prokka/Praf
[16:12:43] Running: mkdir -p \/home\/fmt073\/work\/Zhang\/Prokka\/Praf
[16:12:43] Using filename prefix: Praf.XXX
[16:12:43] Setting HMMER_NCPU=1
[16:12:43] Writing log to: /home/fmt073/work/Zhang/Prokka/Praf/Praf.log
[16:12:43] Command: /usr/local/bioinfo/src/PROKKA/prokka-1.14.5/bin/prokka /home/fmt073/work/Zhang/DNA/Praf.fna --outdir /home/fmt073/work/Zhang/Prokka/Praf --compliant --addgenes --prefix Praf --locustag Praf.g --genus Prochlorococcus --species Prochlorococcus marinus --strain MIT 9303 --kingdom Bacteria --cpus 1
[16:12:43] Appending to PATH: /usr/local/bioinfo/src/PROKKA/prokka-1.14.5/bin/../binaries/linux
[16:12:43] Appending to PATH: /usr/local/bioinfo/src/PROKKA/prokka-1.14.5/bin/../binaries/linux/../common
[16:12:43] Appending to PATH: /usr/local/bioinfo/src/PROKKA/prokka-1.14.5/bin
[16:12:43] Looking for 'aragorn' - found /usr/local/bioinfo/src/PROKKA/prokka-1.14.5/binaries/linux/aragorn
[16:12:43] Determined aragorn version is 001002 from 'ARAGORN v1.2.38 Dean Laslett'
[16:12:43] Looking for 'blastp' - found /usr/local/bioinfo/src/PROKKA/prokka-1.14.5/binaries/linux/blastp
[16:12:43] Determined blastp version is 002009 from 'blastp: 2.9.0+'
[16:12:43] Looking for 'cmpress' - found /usr/local/bioinfo/src/PROKKA/prokka-1.14.5/binaries/linux/cmpress
[16:12:43] Determined cmpress version is 001001 from '# INFERNAL 1.1.2 (July 2016)'
[16:12:43] Looking for 'cmscan' - found /usr/local/bioinfo/src/PROKKA/prokka-1.14.5/binaries/linux/cmscan
[16:12:43] Determined cmscan version is 001001 from '# INFERNAL 1.1.2 (July 2016)'
[16:12:43] Looking for 'egrep' - found /usr/bin/egrep
[16:12:43] Looking for 'find' - found /usr/bin/find
[16:12:43] Looking for 'grep' - found /usr/bin/grep
[16:12:43] Looking for 'hmmpress' - found /usr/local/bioinfo/src/PROKKA/prokka-1.14.5/binaries/linux/hmmpress
[16:12:43] Determined hmmpress version is 003001 from '# HMMER 3.1b2 (February 2015); http://hmmer.org/'
[16:12:43] Looking for 'hmmscan' - found /usr/local/bioinfo/src/PROKKA/prokka-1.14.5/binaries/linux/hmmscan
[16:12:43] Determined hmmscan version is 003001 from '# HMMER 3.1b2 (February 2015); http://hmmer.org/'
[16:12:43] Looking for 'java' - found /usr/bin/java
[16:12:43] Looking for 'makeblastdb' - found /usr/local/bioinfo/src/PROKKA/prokka-1.14.5/binaries/linux/makeblastdb
[16:12:43] Determined makeblastdb version is 002009 from 'makeblastdb: 2.9.0+'
[16:12:43] Looking for 'minced' - found /usr/local/bioinfo/src/PROKKA/prokka-1.14.5/binaries/common/minced
[16:12:43] Determined minced version is 002000 from 'minced 0.2.0'
[16:12:43] Looking for 'parallel' - found /usr/local/bioinfo/src/PROKKA/prokka-1.14.5/binaries/common/parallel
[16:12:43] Determined parallel version is 20150122 from 'GNU parallel 20150122'
[16:12:43] Looking for 'prodigal' - found /usr/local/bioinfo/src/PROKKA/prokka-1.14.5/binaries/linux/prodigal
[16:12:43] Determined prodigal version is 002006 from 'Prodigal V2.6.3: February, 2016'
[16:12:43] Looking for 'prokka-genbank_to_fasta_db' - found /usr/local/bioinfo/src/PROKKA/prokka-1.14.5/bin/prokka-genbank_to_fasta_db
[16:12:43] Looking for 'sed' - found /usr/bin/sed
[16:12:43] Looking for 'tbl2asn' - found /usr/local/bioinfo/src/PROKKA/prokka-1.14.5/binaries/linux/tbl2asn
[16:12:43] Determined tbl2asn version is 025008 from 'tbl2asn 25.8   arguments:'
[16:12:43] Using genetic code table 11.
[16:12:43] Loading and checking input file: /home/fmt073/work/Zhang/DNA/Praf.fna
[16:12:43] Wrote 1 contigs totalling 2682675 bp.
[16:12:43] Predicting tRNAs and tmRNAs
[16:12:43] Running: aragorn -l -gc11  -w \/home\/fmt073\/work\/Zhang\/Prokka\/Praf\/Praf\.fna
[16:12:44] 1 tRNA-Gly c[42320,42391] 33 (ccc)
[16:12:44] 2 tRNA-Gly [92543,92614] 33 (gcc)
[16:12:44] 3 tRNA-Ile [245323,245398] 36 (gat)
[16:12:44] 4 tRNA-Ala [245407,245480] 34 (tgc)
[16:12:44] 5 tRNA-Leu [333962,334043] 35 (gag)
[16:12:44] 6 tmRNA* [345302,345624] 182,232 ANNIVRFSRQPALVAA*
[16:12:44] 7 tRNA-Thr c[410295,410369] 34 (cgt)
[16:12:44] 8 tRNA-Val c[510289,510361] 33 (gac)
[16:12:44] 9 tRNA-Gly [548075,548145] 33 (tcc)
[16:12:44] 10 tRNA-Arg c[565241,565316] 36 (tct)
[16:12:44] 11 tRNA-Val c[622849,622920] 33 (cac)
[16:12:44] 12 tRNA-Asp c[637885,637960] 36 (gtc)
[16:12:44] 13 tRNA-Trp c[638463,638539] 35 (cca)
[16:12:44] 14 tRNA-Glu c[856723,856795] 35 (ttc)
[16:12:44] 15 tRNA-Lys [918715,918787] 33 (ttt)
[16:12:44] 16 tRNA-Pro [1083661,1083735] 35 (tgg)
[16:12:44] 17 tRNA-Met c[1172940,1173013] 32 (cat)
[16:12:44] 18 tRNA-Met c[1177575,1177651] 35 (cat)
[16:12:44] 19 tRNA-Ser c[1209898,1209984] 35 (tga)
[16:12:44] 20 tRNA-Met c[1261564,1261637] 35 (cat)
[16:12:44] 21 tRNA-Ser c[1326369,1326457] 36 (gga)
[16:12:44] 22 tRNA-Pro [1557100,1557173] 35 (ggg)
[16:12:44] 23 tRNA-Leu c[1579797,1579883] 35 (taa)
[16:12:44] 24 tRNA-Arg [1655286,1655360] 34 (gcg)
[16:12:44] 25 tRNA-Ala c[1681296,1681370] 35 (ggc)
[16:12:44] 26 tRNA-Leu c[1742617,1742700] 35 (cag)
[16:12:44] 27 tRNA-Leu [1744188,1744270] 35 (caa)
[16:12:44] 28 tRNA-His [1750832,1750905] 34 (gtg)
[16:12:44] 29 tRNA-Ser c[1798728,1798814] 36 (cga)
[16:12:44] 30 tRNA-Tyr [1920853,1920936] 35 (gta)
[16:12:44] 31 tRNA-Thr [1920945,1921017] 33 (ggt)
[16:12:44] 32 tRNA-Ala c[1938388,1938461] 34 (tgc)
[16:12:44] 33 tRNA-Ile c[1938470,1938545] 36 (gat)
[16:12:44] 34 tRNA-Thr [1956176,1956249] 34 (tgt)
[16:12:44] 35 tRNA-Phe [1973037,1973109] 34 (gaa)
[16:12:44] 36 tRNA-Cys c[1997145,1997215] 33 (gca)
[16:12:44] 37 tRNA-Arg c[2013271,2013346] 36 (ccg)
[16:12:44] 38 tRNA-Gln c[2030409,2030482] 34 (ttg)
[16:12:44] 39 tRNA-Ser [2052755,2052845] 36 (gct)
[16:12:44] 40 tRNA-Pro c[2072630,2072705] 36 (cgg)
[16:12:44] 41 tRNA-Ala [2105618,2105692] 35 (cgc)
[16:12:44] 42 tRNA-Leu c[2138369,2138454] 36 (tag)
[16:12:44] 43 tRNA-Arg c[2174805,2174879] 35 (acg)
[16:12:44] 44 tRNA-Met c[2192159,2192231] 34 (cat)
[16:12:44] 45 tRNA-Arg c[2293384,2293459] 36 (cct)
[16:12:44] 46 tRNA-Asn [2335558,2335629] 33 (gtt)
[16:12:44] 47 tRNA-Val c[2597934,2598005] 33 (tac)
[16:12:44] Found 47 tRNAs
[16:12:44] Predicting Ribosomal RNAs
[16:12:44] You need either Barrnap or RNAmmer installed to predict rRNAs!
[16:12:44] Skipping ncRNA search, enable with --rfam if desired.
[16:12:44] Total of 46 tRNA + rRNA features
[16:12:44] Searching for CRISPR repeats
[16:12:45] Found 0 CRISPRs
[16:12:45] Predicting coding sequences
[16:12:45] Contigs total 2682675 bp, so using single mode
[16:12:45] Running: prodigal -i \/home\/fmt073\/work\/Zhang\/Prokka\/Praf\/Praf\.fna -c -m -g 11 -p single -f sco -q
[16:12:53] Excluding CDS which overlaps existing RNA (tRNA) at gnl|Prokka|Praf.g_1:622784..622951 on + strand
[16:12:53] Excluding CDS which overlaps existing RNA (tRNA) at gnl|Prokka|Praf.g_1:1655068..1656162 on + strand
[16:12:53] Excluding CDS which overlaps existing RNA (tRNA) at gnl|Prokka|Praf.g_1:1744194..1745459 on + strand
[16:12:53] Excluding CDS which overlaps existing RNA (tRNA) at gnl|Prokka|Praf.g_1:1750750..1750926 on + strand
[16:12:53] Excluding CDS which overlaps existing RNA (tRNA) at gnl|Prokka|Praf.g_1:2013099..2013278 on - strand
[16:12:53] Excluding CDS which overlaps existing RNA (tRNA) at gnl|Prokka|Praf.g_1:2072566..2072775 on + strand
[16:12:54] Excluding CDS which overlaps existing RNA (tRNA) at gnl|Prokka|Praf.g_1:2174714..2174860 on + strand
[16:12:54] Found 2736 CDS
[16:12:54] Connecting features back to sequences
[16:12:54] Not using genus-specific database. Try --usegenus to enable it.
[16:12:54] Annotating CDS, please be patient.
[16:12:54] Will use 1 CPUs for similarity searching.
[16:12:54] There are still 2736 unannotated CDS left (started with 2736)
[16:12:54] Will use blast to search against /usr/local/bioinfo/src/PROKKA/prokka-1.14.5/db/kingdom/Bacteria/IS with 1 CPUs
[16:12:54] Running: cat \/home\/fmt073\/work\/Zhang\/Prokka\/Praf\/Praf\.IS\.tmp\.1474178\.faa | parallel --gnu --plain -j 1 --block 380597 --recstart '>' --pipe blastp -query - -db /usr/local/bioinfo/src/PROKKA/prokka-1.14.5/db/kingdom/Bacteria/IS -evalue 1e-30 -qcov_hsp_perc 90 -num_threads 1 -num_descriptions 1 -num_alignments 1 -seg no > \/home\/fmt073\/work\/Zhang\/Prokka\/Praf\/Praf\.IS\.tmp\.1474178\.blast 2> /dev/null
[16:13:31] Deleting unwanted file: /home/fmt073/work/Zhang/Prokka/Praf/Praf.IS.tmp.1474178.faa
[16:13:31] Deleting unwanted file: /home/fmt073/work/Zhang/Prokka/Praf/Praf.IS.tmp.1474178.blast
[16:13:31] There are still 2736 unannotated CDS left (started with 2736)
[16:13:31] Will use blast to search against /usr/local/bioinfo/src/PROKKA/prokka-1.14.5/db/kingdom/Bacteria/AMR with 1 CPUs
[16:13:31] Running: cat \/home\/fmt073\/work\/Zhang\/Prokka\/Praf\/Praf\.AMR\.tmp\.1474178\.faa | parallel --gnu --plain -j 1 --block 380597 --recstart '>' --pipe blastp -query - -db /usr/local/bioinfo/src/PROKKA/prokka-1.14.5/db/kingdom/Bacteria/AMR -evalue 9.99999999999999e-301 -qcov_hsp_perc 90 -num_threads 1 -num_descriptions 1 -num_alignments 1 -seg no > \/home\/fmt073\/work\/Zhang\/Prokka\/Praf\/Praf\.AMR\.tmp\.1474178\.blast 2> /dev/null
[16:13:58] Deleting unwanted file: /home/fmt073/work/Zhang/Prokka/Praf/Praf.AMR.tmp.1474178.faa
[16:13:58] Deleting unwanted file: /home/fmt073/work/Zhang/Prokka/Praf/Praf.AMR.tmp.1474178.blast
[16:13:58] There are still 2736 unannotated CDS left (started with 2736)
[16:13:58] Will use blast to search against /usr/local/bioinfo/src/PROKKA/prokka-1.14.5/db/kingdom/Bacteria/sprot with 1 CPUs
[16:13:58] Running: cat \/home\/fmt073\/work\/Zhang\/Prokka\/Praf\/Praf\.sprot\.tmp\.1474178\.faa | parallel --gnu --plain -j 1 --block 380597 --recstart '>' --pipe blastp -query - -db /usr/local/bioinfo/src/PROKKA/prokka-1.14.5/db/kingdom/Bacteria/sprot -evalue 1e-09 -qcov_hsp_perc 80 -num_threads 1 -num_descriptions 1 -num_alignments 1 -seg no > \/home\/fmt073\/work\/Zhang\/Prokka\/Praf\/Praf\.sprot\.tmp\.1474178\.blast 2> /dev/null
[16:16:29] Modify product: Vitamin K epoxide reductase homolog => Vitamin K epoxide reductase 
[16:16:29] Modify product: Uncharacterized ABC transporter ATP-binding protein YheS => putative ABC transporter ATP-binding protein YheS
[16:16:29] Modify product: Probable ATP-dependent transporter SufC => putative ATP-dependent transporter SufC
[16:16:29] Modify product: Probable cysteine desulfurase => putative cysteine desulfurase
[16:16:29] Modify product: Probable dual-specificity RNA methyltransferase RlmN => putative dual-specificity RNA methyltransferase RlmN
[16:16:29] Modify product: Probable helicase HelY => putative helicase HelY
[16:16:29] Modify product: Probable peptidoglycan glycosyltransferase FtsW => putative peptidoglycan glycosyltransferase FtsW
[16:16:29] Modify product: UPF0053 protein Rv2366c => hypothetical protein
[16:16:29] Modify product: Probable transcriptional regulatory protein aq_1575 => putative transcriptional regulatory protein
[16:16:29] Modify product: Probable cytosol aminopeptidase => putative cytosol aminopeptidase
[16:16:29] Modify product: Glycogen operon protein GlgX homolog => Glycogen operon protein GlgX 
[16:16:29] Modify product: Phage shock protein A homolog => Phage shock protein A 
[16:16:29] Modify product: Uncharacterized ABC transporter ATP-binding protein YknY => putative ABC transporter ATP-binding protein YknY
[16:16:29] Modify product: Uncharacterized protein Rv1829 => putative protein
[16:16:30] Modify product: Probable murein peptide carboxypeptidase => putative murein peptide carboxypeptidase
[16:16:30] Modify product: Rqc2 homolog RqcH => Rqc2 RqcH
[16:16:30] Modify product: UPF0234 protein MSMEG_1165/MSMEI_1134 => hypothetical protein
[16:16:30] Modify product: Uncharacterized FAD-linked oxidoreductase Rv2280 => putative FAD-linked oxidoreductase
[16:16:30] Modify product: Uncharacterized sugar kinase YdjH => putative sugar kinase YdjH
[16:16:30] Modify product: Uncharacterized oxidoreductase Rv1543 => putative oxidoreductase
[16:16:30] Modify product: Uncharacterized ABC transporter ATP-binding protein TM_0288 => putative ABC transporter ATP-binding protein
[16:16:30] Modify product: Peroxiredoxin sll1621 => Peroxiredoxin
[16:16:30] Modify product: Uncharacterized oxidoreductase MSMEG_1603/MSMEI_1564 => putative oxidoreductase/MSMEI_1564
[16:16:30] Modify product: 1,4-alpha-glucan branching enzyme TTHA1902 => 1,4-alpha-glucan branching enzyme
[16:16:30] Modify product: Bifunctional protein FolD => Bifunctional protein FolD protein
[16:16:30] Modify product: Putative multidrug export ATP-binding/permease protein SAV1866 => Putative multidrug export ATP-binding/permease protein
[16:16:30] Modify product: UPF0056 inner membrane protein YhgN => hypothetical protein
[16:16:30] Modify product: Uncharacterized protein alr4550 => putative protein
[16:16:30] Modify product: Probable serine/threonine-protein kinase PkwA => putative serine/threonine-protein kinase PkwA
[16:16:30] Modify product: Probable chromate transport protein => putative chromate transport protein
[16:16:30] Modify product: Probable ABC transporter phosphonate/phosphite binding protein PhnD2 => putative ABC transporter phosphonate/phosphite binding protein PhnD2
[16:16:30] Modify product: Uncharacterized protein Rv2004c => putative protein
[16:16:30] Modify product: Putative multidrug export ATP-binding/permease protein SAV1866 => Putative multidrug export ATP-binding/permease protein
[16:16:30] Modify product: Uncharacterized protein alr4550 => putative protein
[16:16:30] Modify product: Uncharacterized ABC transporter ATP-binding protein Rv0986 => putative ABC transporter ATP-binding protein
[16:16:30] Modify product: Probable ABC transporter phosphite binding protein PhnD1 => putative ABC transporter phosphite binding protein PhnD1
[16:16:30] Modify product: Probable ABC transporter-binding protein DR_1438 => putative ABC transporter-binding protein
[16:16:30] Modify product: Uncharacterized ABC transporter ATP-binding protein YlmA => putative ABC transporter ATP-binding protein YlmA
[16:16:30] Modify product: Probable multidrug resistance ABC transporter ATP-binding/permease protein YheI => putative multidrug resistance ABC transporter ATP-binding/permease protein YheI
[16:16:30] Modify product: Sulfurtransferase Alvin_2599 => Sulfurtransferase
[16:16:30] Modify product: Uncharacterized zinc protease Rv2782c => putative zinc protease
[16:16:30] Modify product: Uncharacterized zinc protease Rv2782c => putative zinc protease
[16:16:30] Modify product: Uncharacterized ABC transporter ATP-binding protein Rv0986 => putative ABC transporter ATP-binding protein
[16:16:30] Modify product: GTP-binding protein TypA/BipA homolog => GTP-binding protein TypA/BipA 
[16:16:30] Modify product: Probable murein peptide carboxypeptidase => putative murein peptide carboxypeptidase
[16:16:30] Modify product: Uncharacterized periplasmic iron-binding protein HI_0362 => putative periplasmic iron-binding protein
[16:16:30] Modify product: Probable 2-phosphosulfolactate phosphatase => putative 2-phosphosulfolactate phosphatase
[16:16:30] Modify product: Uncharacterized PIN and TRAM-domain containing protein YacL => putative PIN and TRAM-domain containing protein YacL
[16:16:30] Modify product: PKHD-type hydroxylase Sbal_3634 => PKHD-type hydroxylase
[16:16:30] Modify product: Uncharacterized protein alr4550 => putative protein
[16:16:30] Modify product: Uncharacterized MFS-type transporter Rv0037c => putative MFS-type transporter
[16:16:30] Modify product: Probable phycoerythrobilin lyase CpeT => putative phycoerythrobilin lyase CpeT
[16:16:30] Modify product: Uncharacterized phycocyanin operon protein Z => putative phycocyanin operon protein Z
[16:16:30] Modify product: Putative low molecular weight protein-tyrosine-phosphatase slr0328 => Putative low molecular weight protein-tyrosine-phosphatase
[16:16:30] Modify product: Probable adenylyltransferase/sulfurtransferase MoeZ => putative adenylyltransferase/sulfurtransferase MoeZ
[16:16:30] Modify product: Probable ketoamine kinase SAOUHSC_02908 => putative ketoamine kinase
[16:16:30] Modify product: Probable bifunctional SAT/APS kinase => putative bifunctional SAT/APS kinase
[16:16:30] Modify product: Uncharacterized protein Rv0628c => putative protein
[16:16:30] Modify product: Probable undecaprenyl-phosphate N-acetylglucosaminyl 1-phosphate transferase => putative undecaprenyl-phosphate N-acetylglucosaminyl 1-phosphate transferase
[16:16:30] Modify product: UPF0053 inner membrane protein YfjD => hypothetical protein
[16:16:30] Modify product: Uncharacterized glycosyltransferase sll0501 => putative glycosyltransferase
[16:16:30] Modify product: Protein aq_1857 => Protein
[16:16:30] Modify product: Epimerase family protein Rv2216 => Epimerase family protein
[16:16:30] Modify product: Uncharacterized protein alr4550 => putative protein
[16:16:30] Modify product: Probable copper-transporting ATPase PacS => putative copper-transporting ATPase PacS
[16:16:30] Modify product: Uncharacterized protein YciH => putative protein YciH
[16:16:30] Modify product: Probable adenylyl-sulfate kinase => putative adenylyl-sulfate kinase
[16:16:30] Modify product: Probable glutaredoxin ssr2061 => putative glutaredoxin
[16:16:30] Modify product: Probable nicotinate-nucleotide pyrophosphorylase [carboxylating] => putative nicotinate-nucleotide pyrophosphorylase [carboxylating]
[16:16:30] Modify product: Probable protein kinase UbiB => putative protein kinase UbiB
[16:16:30] Modify product: Uncharacterized ABC transporter ATP-binding protein YejF => putative ABC transporter ATP-binding protein YejF
[16:16:30] Modify product: Monocarboxylate 2-oxoacid-binding periplasmic protein all3028 => Monocarboxylate 2-oxoacid-binding periplasmic protein
[16:16:31] Modify product: Uncharacterized methyltransferase Rv3342 => putative methyltransferase
[16:16:31] Modify product: Probable formate transporter 1 => putative formate transporter 1
[16:16:31] Cleaned 74 /product names
[16:16:31] Deleting unwanted file: /home/fmt073/work/Zhang/Prokka/Praf/Praf.sprot.tmp.1474178.faa
[16:16:31] Deleting unwanted file: /home/fmt073/work/Zhang/Prokka/Praf/Praf.sprot.tmp.1474178.blast
[16:16:31] There are still 1762 unannotated CDS left (started with 2736)
[16:16:31] Will use hmmer3 to search against /usr/local/bioinfo/src/PROKKA/prokka-1.14.5/db/hmm/HAMAP.hmm with 1 CPUs
[16:16:31] Running: cat \/home\/fmt073\/work\/Zhang\/Prokka\/Praf\/Praf\.HAMAP\.hmm\.tmp\.1474178\.faa | parallel --gnu --plain -j 1 --block 203220 --recstart '>' --pipe hmmscan --noali --notextw --acc -E 1e-09 --cpu 1 /usr/local/bioinfo/src/PROKKA/prokka-1.14.5/db/hmm/HAMAP.hmm /dev/stdin > \/home\/fmt073\/work\/Zhang\/Prokka\/Praf\/Praf\.HAMAP\.hmm\.tmp\.1474178\.hmmer3 2> /dev/null
[16:18:41] Deleting unwanted file: /home/fmt073/work/Zhang/Prokka/Praf/Praf.HAMAP.hmm.tmp.1474178.faa
[16:18:41] Deleting unwanted file: /home/fmt073/work/Zhang/Prokka/Praf/Praf.HAMAP.hmm.tmp.1474178.hmmer3
[16:18:41] Labelling remaining 1528 proteins as 'hypothetical protein'
[16:18:41] Possible /pseudo 'Putative fluoride ion transporter CrcB' at gnl|Prokka|Praf.g_1 position 177259
[16:18:41] Possible /pseudo 'DNA-directed RNA polymerase subunit beta'' at gnl|Prokka|Praf.g_1 position 442268
[16:18:41] Possible /pseudo 'Long-chain acyl-[acyl-carrier-protein] reductase' at gnl|Prokka|Praf.g_1 position 717282
[16:18:41] Possible /pseudo 'putative zinc protease' at gnl|Prokka|Praf.g_1 position 1446307
[16:18:41] Possible /pseudo 'ATP-dependent Clp protease proteolytic subunit' at gnl|Prokka|Praf.g_1 position 1760486
[16:18:41] Possible /pseudo 'Cell division coordinator CpoB' at gnl|Prokka|Praf.g_1 position 2118119
[16:18:41] Possible /pseudo 'D-inositol-3-phosphate glycosyltransferase' at gnl|Prokka|Praf.g_1 position 2257994
[16:18:41] Possible /pseudo 'Cell division coordinator CpoB' at gnl|Prokka|Praf.g_1 position 2539765
[16:18:41] Found 969 unique /gene codes.
[16:18:41] Fixed 12 duplicate /gene - ycf3_1 ycf3_2 ycf3_3 ycf3_4 ycf3_5 ycf3_6 ycf3_7 ycf3_8 ycf3_9 ycf3_10 ycf3_11 ycf3_12
[16:18:41] Fixed 4 duplicate /gene - mntB_1 mntB_2 mntB_3 mntB_4
[16:18:41] Fixed 3 duplicate /gene - dfa3_1 dfa3_2 dfa3_3
[16:18:41] Fixed 2 duplicate /gene - lpxB_1 lpxB_2
[16:18:41] Fixed 2 duplicate /gene - mnmC_1 mnmC_2
[16:18:41] Fixed 2 duplicate /gene - arnC_1 arnC_2
[16:18:41] Fixed 5 duplicate /gene - btuD_1 btuD_2 btuD_3 btuD_4 btuD_5
[16:18:41] Fixed 2 duplicate /gene - nuoL_1 nuoL_2
[16:18:41] Fixed 2 duplicate /gene - tagU_1 tagU_2
[16:18:41] Fixed 2 duplicate /gene - hhoA_1 hhoA_2
[16:18:41] Fixed 2 duplicate /gene - novN_1 novN_2
[16:18:41] Fixed 2 duplicate /gene - coaE_1 coaE_2
[16:18:41] Fixed 3 duplicate /gene - cysQ_1 cysQ_2 cysQ_3
[16:18:41] Fixed 2 duplicate /gene - ftsH2_1 ftsH2_2
[16:18:41] Fixed 2 duplicate /gene - nusA_1 nusA_2
[16:18:41] Fixed 2 duplicate /gene - hisB_1 hisB_2
[16:18:41] Fixed 2 duplicate /gene - bfmBAB_1 bfmBAB_2
[16:18:41] Fixed 2 duplicate /gene - dnaK2_1 dnaK2_2
[16:18:41] Fixed 2 duplicate /gene - atpG_1 atpG_2
[16:18:41] Fixed 3 duplicate /gene - ubiB_1 ubiB_2 ubiB_3
[16:18:41] Fixed 2 duplicate /gene - speA_1 speA_2
[16:18:41] Fixed 2 duplicate /gene - ugpC_1 ugpC_2
[16:18:41] Fixed 10 duplicate /gene - cpoB_1 cpoB_2 cpoB_3 cpoB_4 cpoB_5 cpoB_6 cpoB_7 cpoB_8 cpoB_9 cpoB_10
[16:18:41] Fixed 2 duplicate /gene - atpH_1 atpH_2
[16:18:41] Fixed 3 duplicate /gene - cugP_1 cugP_2 cugP_3
[16:18:41] Fixed 2 duplicate /gene - ykfA_1 ykfA_2
[16:18:41] Fixed 6 duplicate /gene - sasA_1 sasA_2 sasA_3 sasA_4 sasA_5 sasA_6
[16:18:41] Fixed 2 duplicate /gene - dapL_1 dapL_2
[16:18:41] Fixed 2 duplicate /gene - hisH_1 hisH_2
[16:18:41] Fixed 3 duplicate /gene - COQ5_1 COQ5_2 COQ5_3
[16:18:41] Fixed 2 duplicate /gene - gph_1 gph_2
[16:18:41] Fixed 6 duplicate /gene - sigA2_1 sigA2_2 sigA2_3 sigA2_4 sigA2_5 sigA2_6
[16:18:41] Fixed 2 duplicate /gene - galE1_1 galE1_2
[16:18:41] Fixed 2 duplicate /gene - aspC_1 aspC_2
[16:18:41] Fixed 2 duplicate /gene - ruvB_1 ruvB_2
[16:18:41] Fixed 2 duplicate /gene - crtL_1 crtL_2
[16:18:41] Fixed 2 duplicate /gene - recD_1 recD_2
[16:18:41] Fixed 2 duplicate /gene - selO_1 selO_2
[16:18:41] Fixed 2 duplicate /gene - pstS_1 pstS_2
[16:18:41] Fixed 3 duplicate /gene - bcp_1 bcp_2 bcp_3
[16:18:41] Fixed 3 duplicate /gene - iolG_1 iolG_2 iolG_3
[16:18:41] Fixed 2 duplicate /gene - nadK_1 nadK_2
[16:18:41] Fixed 2 duplicate /gene - acoA_1 acoA_2
[16:18:41] Fixed 2 duplicate /gene - hin_1 hin_2
[16:18:41] Fixed 2 duplicate /gene - tig_1 tig_2
[16:18:41] Fixed 2 duplicate /gene - qmcA_1 qmcA_2
[16:18:41] Fixed 2 duplicate /gene - petJ_1 petJ_2
[16:18:41] Fixed 4 duplicate /gene - clpP_1 clpP_2 clpP_3 clpP_4
[16:18:41] Fixed 3 duplicate /gene - glnQ_1 glnQ_2 glnQ_3
[16:18:41] Fixed 2 duplicate /gene - menA_1 menA_2
[16:18:41] Fixed 2 duplicate /gene - strE_1 strE_2
[16:18:41] Fixed 2 duplicate /gene - msrA_1 msrA_2
[16:18:41] Fixed 3 duplicate /gene - fabG_1 fabG_2 fabG_3
[16:18:41] Fixed 2 duplicate /gene - menF_1 menF_2
[16:18:41] Fixed 2 duplicate /gene - ppa_1 ppa_2
[16:18:41] Fixed 4 duplicate /gene - dnaJ_1 dnaJ_2 dnaJ_3 dnaJ_4
[16:18:41] Fixed 2 duplicate /gene - psbA_1 psbA_2
[16:18:41] Fixed 2 duplicate /gene - cobD_1 cobD_2
[16:18:41] Fixed 2 duplicate /gene - era_1 era_2
[16:18:41] Fixed 2 duplicate /gene - mprA_1 mprA_2
[16:18:41] Fixed 3 duplicate /gene - hisF_1 hisF_2 hisF_3
[16:18:41] Fixed 2 duplicate /gene - der_1 der_2
[16:18:41] Fixed 2 duplicate /gene - cobN_1 cobN_2
[16:18:41] Fixed 2 duplicate /gene - ddpX_1 ddpX_2
[16:18:41] Fixed 3 duplicate /gene - pds_1 pds_2 pds_3
[16:18:41] Fixed 2 duplicate /gene - mfd_1 mfd_2
[16:18:41] Fixed 2 duplicate /gene - iscS_1 iscS_2
[16:18:41] Fixed 2 duplicate /gene - ccmK_1 ccmK_2
[16:18:41] Fixed 2 duplicate /gene - aroB_1 aroB_2
[16:18:41] Fixed 2 duplicate /gene - pyrC_1 pyrC_2
[16:18:41] Fixed 2 duplicate /gene - clpB1_1 clpB1_2
[16:18:41] Fixed 4 duplicate /gene - bepA_1 bepA_2 bepA_3 bepA_4
[16:18:41] Fixed 2 duplicate /gene - dsbD_1 dsbD_2
[16:18:41] Fixed 2 duplicate /gene - bepF_1 bepF_2
[16:18:41] Fixed 2 duplicate /gene - pcyA_1 pcyA_2
[16:18:41] Fixed 2 duplicate /gene - tal_1 tal_2
[16:18:41] Fixed 2 duplicate /gene - gltS_1 gltS_2
[16:18:41] Fixed 4 duplicate /gene - mshA_1 mshA_2 mshA_3 mshA_4
[16:18:41] Fixed 2 duplicate /gene - msrB_1 msrB_2
[16:18:41] Fixed 2 duplicate /gene - gyrA_1 gyrA_2
[16:18:41] Fixed 2 duplicate /gene - tam_1 tam_2
[16:18:41] Fixed 2 duplicate /gene - crcB_1 crcB_2
[16:18:41] Fixed 2 duplicate /gene - sir_1 sir_2
[16:18:41] Fixed 2 duplicate /gene - clcA_1 clcA_2
[16:18:41] Fixed 2 duplicate /gene - lexA_1 lexA_2
[16:18:41] Fixed 2 duplicate /gene - menH_1 menH_2
[16:18:41] Fixed 2 duplicate /gene - clpS_1 clpS_2
[16:18:41] Fixed 2 duplicate /gene - ndhI_1 ndhI_2
[16:18:41] Fixed 2 duplicate /gene - sepF_1 sepF_2
[16:18:41] Fixed 2 duplicate /gene - ndhD1_1 ndhD1_2
[16:18:41] Fixed 2 duplicate /gene - cmoM_1 cmoM_2
[16:18:41] Fixed 2 duplicate /gene - lpxD_1 lpxD_2
[16:18:41] Fixed 2 duplicate /gene - rnr_1 rnr_2
[16:18:41] Fixed 2 duplicate /gene - def_1 def_2
[16:18:41] Fixed 2 duplicate /gene - rcsC_1 rcsC_2
[16:18:41] Fixed 2 duplicate /gene - psaA_1 psaA_2
[16:18:41] Fixed 96 colliding /gene names.
[16:18:41] Adding /locus_tag identifiers
[16:18:41] Assigned 2783 locus_tags to CDS and RNA features.
[16:18:41] Writing outputs to /home/fmt073/work/Zhang/Prokka/Praf/
[16:18:42] Generating annotation statistics file
[16:18:42] Generating Genbank and Sequin files
[16:18:42] Running: tbl2asn -V b -a r10k -l paired-ends -M n -N 1 -y 'Annotated using prokka 1.14.5 from https://github.com/tseemann/prokka' -Z \/home\/fmt073\/work\/Zhang\/Prokka\/Praf\/Praf\.err -i \/home\/fmt073\/work\/Zhang\/Prokka\/Praf\/Praf\.fsa 2> /dev/null
[16:18:47] Deleting unwanted file: /home/fmt073/work/Zhang/Prokka/Praf/errorsummary.val
[16:18:47] Deleting unwanted file: /home/fmt073/work/Zhang/Prokka/Praf/Praf.dr
[16:18:47] Deleting unwanted file: /home/fmt073/work/Zhang/Prokka/Praf/Praf.fixedproducts
[16:18:47] Deleting unwanted file: /home/fmt073/work/Zhang/Prokka/Praf/Praf.ecn
[16:18:47] Deleting unwanted file: /home/fmt073/work/Zhang/Prokka/Praf/Praf.val
[16:18:47] Repairing broken .GBK output that tbl2asn produces...
[16:18:47] Running: sed 's/COORDINATES: profile/COORDINATES:profile/' < \/home\/fmt073\/work\/Zhang\/Prokka\/Praf\/Praf\.gbf > \/home\/fmt073\/work\/Zhang\/Prokka\/Praf\/Praf\.gbk
[16:18:47] Deleting unwanted file: /home/fmt073/work/Zhang/Prokka/Praf/Praf.gbf
[16:18:47] Output files:
[16:18:47] /home/fmt073/work/Zhang/Prokka/Praf/Praf.tsv
[16:18:47] /home/fmt073/work/Zhang/Prokka/Praf/Praf.err
[16:18:47] /home/fmt073/work/Zhang/Prokka/Praf/Praf.ffn
[16:18:47] /home/fmt073/work/Zhang/Prokka/Praf/Praf.fsa
[16:18:47] /home/fmt073/work/Zhang/Prokka/Praf/Praf.log
[16:18:47] /home/fmt073/work/Zhang/Prokka/Praf/Praf.tbl
[16:18:47] /home/fmt073/work/Zhang/Prokka/Praf/Praf.sqn
[16:18:47] /home/fmt073/work/Zhang/Prokka/Praf/Praf.faa
[16:18:47] /home/fmt073/work/Zhang/Prokka/Praf/Praf.fna
[16:18:47] /home/fmt073/work/Zhang/Prokka/Praf/Praf.gbk
[16:18:47] /home/fmt073/work/Zhang/Prokka/Praf/Praf.txt
[16:18:47] /home/fmt073/work/Zhang/Prokka/Praf/Praf.gff
[16:18:47] Annotation finished successfully.
[16:18:47] Walltime used: 6.07 minutes
[16:18:47] If you use this result please cite the Prokka paper:
[16:18:47] Seemann T (2014) Prokka: rapid prokaryotic genome annotation. Bioinformatics. 30(14):2068-9.
[16:18:47] Type 'prokka --citation' for more details.
[16:18:47] Thank you, come again.
