[16:15:37] This is prokka 1.14.5
[16:15:37] Written by Torsten Seemann <torsten.seemann@gmail.com>
[16:15:37] Homepage is https://github.com/tseemann/prokka
[16:15:37] Local time is Thu Oct 16 16:15:37 2025
[16:15:37] You are fmt073
[16:15:37] Operating system is linux
[16:15:37] You have BioPerl 1.7.8
[16:15:37] System has 128 cores.
[16:15:37] Will use maximum of 1 cores.
[16:15:37] Annotating as >>> Bacteria <<<
[16:15:37] Enabling options to ensure Genbank/ENA/DDJB submission compliance.
[16:15:37] Creating new output folder: /home/fmt073/work/Zhang/Prokka/Syad
[16:15:37] Running: mkdir -p \/home\/fmt073\/work\/Zhang\/Prokka\/Syad
[16:15:37] Using filename prefix: Syad.XXX
[16:15:37] Setting HMMER_NCPU=1
[16:15:37] Writing log to: /home/fmt073/work/Zhang/Prokka/Syad/Syad.log
[16:15:37] Command: /usr/local/bioinfo/src/PROKKA/prokka-1.14.5/bin/prokka /home/fmt073/work/Zhang/DNA/Syad.fna --outdir /home/fmt073/work/Zhang/Prokka/Syad --compliant --addgenes --prefix Syad --locustag Syad.g --genus Synechococcus --species Synechococcus sp. --strain KORDI 100 --kingdom Bacteria --cpus 1
[16:15:37] Appending to PATH: /usr/local/bioinfo/src/PROKKA/prokka-1.14.5/bin/../binaries/linux
[16:15:37] Appending to PATH: /usr/local/bioinfo/src/PROKKA/prokka-1.14.5/bin/../binaries/linux/../common
[16:15:37] Appending to PATH: /usr/local/bioinfo/src/PROKKA/prokka-1.14.5/bin
[16:15:37] Looking for 'aragorn' - found /usr/local/bioinfo/src/PROKKA/prokka-1.14.5/binaries/linux/aragorn
[16:15:37] Determined aragorn version is 001002 from 'ARAGORN v1.2.38 Dean Laslett'
[16:15:37] Looking for 'blastp' - found /usr/local/bioinfo/src/PROKKA/prokka-1.14.5/binaries/linux/blastp
[16:15:37] Determined blastp version is 002009 from 'blastp: 2.9.0+'
[16:15:37] Looking for 'cmpress' - found /usr/local/bioinfo/src/PROKKA/prokka-1.14.5/binaries/linux/cmpress
[16:15:37] Determined cmpress version is 001001 from '# INFERNAL 1.1.2 (July 2016)'
[16:15:37] Looking for 'cmscan' - found /usr/local/bioinfo/src/PROKKA/prokka-1.14.5/binaries/linux/cmscan
[16:15:37] Determined cmscan version is 001001 from '# INFERNAL 1.1.2 (July 2016)'
[16:15:37] Looking for 'egrep' - found /usr/bin/egrep
[16:15:37] Looking for 'find' - found /usr/bin/find
[16:15:37] Looking for 'grep' - found /usr/bin/grep
[16:15:37] Looking for 'hmmpress' - found /usr/local/bioinfo/src/PROKKA/prokka-1.14.5/binaries/linux/hmmpress
[16:15:37] Determined hmmpress version is 003001 from '# HMMER 3.1b2 (February 2015); http://hmmer.org/'
[16:15:37] Looking for 'hmmscan' - found /usr/local/bioinfo/src/PROKKA/prokka-1.14.5/binaries/linux/hmmscan
[16:15:37] Determined hmmscan version is 003001 from '# HMMER 3.1b2 (February 2015); http://hmmer.org/'
[16:15:37] Looking for 'java' - found /usr/bin/java
[16:15:37] Looking for 'makeblastdb' - found /usr/local/bioinfo/src/PROKKA/prokka-1.14.5/binaries/linux/makeblastdb
[16:15:37] Determined makeblastdb version is 002009 from 'makeblastdb: 2.9.0+'
[16:15:37] Looking for 'minced' - found /usr/local/bioinfo/src/PROKKA/prokka-1.14.5/binaries/common/minced
[16:15:37] Determined minced version is 002000 from 'minced 0.2.0'
[16:15:37] Looking for 'parallel' - found /usr/local/bioinfo/src/PROKKA/prokka-1.14.5/binaries/common/parallel
[16:15:37] Determined parallel version is 20150122 from 'GNU parallel 20150122'
[16:15:37] Looking for 'prodigal' - found /usr/local/bioinfo/src/PROKKA/prokka-1.14.5/binaries/linux/prodigal
[16:15:37] Determined prodigal version is 002006 from 'Prodigal V2.6.3: February, 2016'
[16:15:37] Looking for 'prokka-genbank_to_fasta_db' - found /usr/local/bioinfo/src/PROKKA/prokka-1.14.5/bin/prokka-genbank_to_fasta_db
[16:15:37] Looking for 'sed' - found /usr/bin/sed
[16:15:37] Looking for 'tbl2asn' - found /usr/local/bioinfo/src/PROKKA/prokka-1.14.5/binaries/linux/tbl2asn
[16:15:37] Determined tbl2asn version is 025008 from 'tbl2asn 25.8   arguments:'
[16:15:37] Using genetic code table 11.
[16:15:37] Loading and checking input file: /home/fmt073/work/Zhang/DNA/Syad.fna
[16:15:37] Wrote 1 contigs totalling 2789000 bp.
[16:15:37] Predicting tRNAs and tmRNAs
[16:15:37] Running: aragorn -l -gc11  -w \/home\/fmt073\/work\/Zhang\/Prokka\/Syad\/Syad\.fna
[16:15:39] 1 tRNA-Tyr [10864,10961] 37 (gta)
[16:15:39] 2 tRNA-Val c[47519,47590] 33 (tac)
[16:15:39] 3 tRNA-Gly c[191667,191738] 33 (ccc)
[16:15:39] 4 tRNA-Gly [237918,237989] 33 (gcc)
[16:15:39] 5 tRNA-Arg [378566,378642] 36 (cct)
[16:15:39] 6 tRNA-Met [509096,509172] 35 (cat)
[16:15:39] 7 tRNA-Arg [530231,530305] 35 (acg)
[16:15:39] 8 tRNA-Leu [564116,564200] 36 (tag)
[16:15:39] 9 tRNA-Ala c[572122,572194] 34 (cgc)
[16:15:39] 10 tRNA-Pro [614463,614536] 35 (cgg)
[16:15:39] 11 tRNA-Ser c[651785,651875] 36 (gct)
[16:15:39] 12 tRNA-Gln [673848,673921] 34 (ttg)
[16:15:39] 13 tRNA-Arg [687299,687374] 36 (ccg)
[16:15:39] 14 tRNA-Cys [703207,703277] 33 (gca)
[16:15:39] 15 tRNA-Phe c[736220,736292] 34 (gaa)
[16:15:39] 16 tRNA-Thr c[749287,749358] 33 (tgt)
[16:15:39] 17 tRNA-Thr c[769264,769335] 33 (ggt)
[16:15:39] 18 tRNA-Tyr c[769344,769427] 35 (gta)
[16:15:39] 19 tRNA-Arg c[834332,834407] 36 (tct)
[16:15:39] 20 tRNA-Ser [867315,867393] 38 (gct)
[16:15:39] 21 tRNA-Val c[891495,891566] 33 (cac)
[16:15:39] 22 tRNA-Asp c[906276,906351] 36 (gtc)
[16:15:39] 23 tRNA-Trp c[906777,906853] 35 (cca)
[16:15:39] 24 tRNA-Glu c[1119162,1119234] 35 (ttc)
[16:15:39] 25 tRNA-Met [1209815,1209891] 35 (cat)
[16:15:39] 26 tRNA-Pro c[1305571,1305646] 36 (tgg)
[16:15:39] 27 tRNA-Lys c[1310768,1310839] 33 (ttt)
[16:15:39] 28 tRNA-Pro c[1494223,1494296] 35 (ggg)
[16:15:39] 29 tRNA-Met c[1572513,1572586] 35 (cat)
[16:15:39] 30 tRNA-Ser c[1658316,1658403] 35 (gga)
[16:15:39] 31 tRNA-Ser [1704348,1704435] 35 (tga)
[16:15:39] 32 tRNA-Leu [1976745,1976830] 35 (taa)
[16:15:39] 33 tRNA-Ala c[2024711,2024784] 34 (ggc)
[16:15:39] 34 tRNA-Leu c[2076302,2076385] 35 (cag)
[16:15:39] 35 tRNA-Leu [2077888,2077970] 35 (caa)
[16:15:39] 36 tRNA-His [2084003,2084076] 34 (gtg)
[16:15:39] 37 tRNA-Ser c[2102968,2103056] 38 (cga)
[16:15:39] 38 tRNA-Thr [2283699,2283771] 34 (cgt)
[16:15:39] 39 tRNA-Gly c[2299850,2299920] 33 (tcc)
[16:15:39] 40 tRNA-Val [2356024,2356096] 33 (gac)
[16:15:39] 41 tmRNA* c[2455349,2455665] 176,226 ANNIVRFSRQAAPVAA*
[16:15:39] 42 tRNA-Leu c[2466877,2466959] 35 (gag)
[16:15:39] 43 tRNA-Ala c[2536701,2536774] 34 (tgc)
[16:15:39] 44 tRNA-Ile c[2536783,2536858] 36 (gat)
[16:15:39] 45 tRNA-Asn [2604279,2604351] 33 (gtt)
[16:15:39] Found 45 tRNAs
[16:15:39] Predicting Ribosomal RNAs
[16:15:39] You need either Barrnap or RNAmmer installed to predict rRNAs!
[16:15:39] Skipping ncRNA search, enable with --rfam if desired.
[16:15:39] Total of 44 tRNA + rRNA features
[16:15:39] Searching for CRISPR repeats
[16:15:39] Found 0 CRISPRs
[16:15:39] Predicting coding sequences
[16:15:39] Contigs total 2789000 bp, so using single mode
[16:15:39] Running: prodigal -i \/home\/fmt073\/work\/Zhang\/Prokka\/Syad\/Syad\.fna -c -m -g 11 -p single -f sco -q
[16:15:48] Excluding CDS which overlaps existing RNA (tRNA) at gnl|Prokka|Syad.g_1:10567..11547 on - strand
[16:15:48] Excluding CDS which overlaps existing RNA (tRNA) at gnl|Prokka|Syad.g_1:530144..531691 on + strand
[16:15:48] Excluding CDS which overlaps existing RNA (tRNA) at gnl|Prokka|Syad.g_1:701926..703287 on - strand
[16:15:48] Excluding CDS which overlaps existing RNA (tRNA) at gnl|Prokka|Syad.g_1:736283..736960 on - strand
[16:15:48] Excluding CDS which overlaps existing RNA (tRNA) at gnl|Prokka|Syad.g_1:749349..749558 on - strand
[16:15:48] Excluding CDS which overlaps existing RNA (tRNA) at gnl|Prokka|Syad.g_1:767822..769282 on + strand
[16:15:49] Excluding CDS which overlaps existing RNA (tRNA) at gnl|Prokka|Syad.g_1:867134..867787 on + strand
[16:15:49] Excluding CDS which overlaps existing RNA (tRNA) at gnl|Prokka|Syad.g_1:906555..906809 on - strand
[16:15:49] Excluding CDS which overlaps existing RNA (tRNA) at gnl|Prokka|Syad.g_1:2103032..2103793 on - strand
[16:15:50] Found 3004 CDS
[16:15:50] Connecting features back to sequences
[16:15:50] Not using genus-specific database. Try --usegenus to enable it.
[16:15:50] Annotating CDS, please be patient.
[16:15:50] Will use 1 CPUs for similarity searching.
[16:15:50] There are still 3004 unannotated CDS left (started with 3004)
[16:15:50] Will use blast to search against /usr/local/bioinfo/src/PROKKA/prokka-1.14.5/db/kingdom/Bacteria/IS with 1 CPUs
[16:15:50] Running: cat \/home\/fmt073\/work\/Zhang\/Prokka\/Syad\/Syad\.IS\.tmp\.4096888\.faa | parallel --gnu --plain -j 1 --block 421840 --recstart '>' --pipe blastp -query - -db /usr/local/bioinfo/src/PROKKA/prokka-1.14.5/db/kingdom/Bacteria/IS -evalue 1e-30 -qcov_hsp_perc 90 -num_threads 1 -num_descriptions 1 -num_alignments 1 -seg no > \/home\/fmt073\/work\/Zhang\/Prokka\/Syad\/Syad\.IS\.tmp\.4096888\.blast 2> /dev/null
[16:16:32] Deleting unwanted file: /home/fmt073/work/Zhang/Prokka/Syad/Syad.IS.tmp.4096888.faa
[16:16:32] Deleting unwanted file: /home/fmt073/work/Zhang/Prokka/Syad/Syad.IS.tmp.4096888.blast
[16:16:33] There are still 3004 unannotated CDS left (started with 3004)
[16:16:33] Will use blast to search against /usr/local/bioinfo/src/PROKKA/prokka-1.14.5/db/kingdom/Bacteria/AMR with 1 CPUs
[16:16:33] Running: cat \/home\/fmt073\/work\/Zhang\/Prokka\/Syad\/Syad\.AMR\.tmp\.4096888\.faa | parallel --gnu --plain -j 1 --block 421840 --recstart '>' --pipe blastp -query - -db /usr/local/bioinfo/src/PROKKA/prokka-1.14.5/db/kingdom/Bacteria/AMR -evalue 9.99999999999999e-301 -qcov_hsp_perc 90 -num_threads 1 -num_descriptions 1 -num_alignments 1 -seg no > \/home\/fmt073\/work\/Zhang\/Prokka\/Syad\/Syad\.AMR\.tmp\.4096888\.blast 2> /dev/null
[16:17:03] Deleting unwanted file: /home/fmt073/work/Zhang/Prokka/Syad/Syad.AMR.tmp.4096888.faa
[16:17:03] Deleting unwanted file: /home/fmt073/work/Zhang/Prokka/Syad/Syad.AMR.tmp.4096888.blast
[16:17:04] There are still 3004 unannotated CDS left (started with 3004)
[16:17:04] Will use blast to search against /usr/local/bioinfo/src/PROKKA/prokka-1.14.5/db/kingdom/Bacteria/sprot with 1 CPUs
[16:17:04] Running: cat \/home\/fmt073\/work\/Zhang\/Prokka\/Syad\/Syad\.sprot\.tmp\.4096888\.faa | parallel --gnu --plain -j 1 --block 421840 --recstart '>' --pipe blastp -query - -db /usr/local/bioinfo/src/PROKKA/prokka-1.14.5/db/kingdom/Bacteria/sprot -evalue 1e-09 -qcov_hsp_perc 80 -num_threads 1 -num_descriptions 1 -num_alignments 1 -seg no > \/home\/fmt073\/work\/Zhang\/Prokka\/Syad\/Syad\.sprot\.tmp\.4096888\.blast 2> /dev/null
[16:19:57] Modify product: Uncharacterized protein Rv2411c => putative protein
[16:19:57] Modify product: Uncharacterized protein Rv2569c => putative protein
[16:19:57] Modify product: Uncharacterized protein Rv2715 => putative protein
[16:19:57] Modify product: Uncharacterized glycosyltransferase sll0501 => putative glycosyltransferase
[16:19:57] Modify product: Probable ribonucleotide transport ATP-binding protein mkl => putative ribonucleotide transport ATP-binding protein mkl
[16:19:57] Modify product: UPF0053 inner membrane protein YfjD => hypothetical protein
[16:19:57] Modify product: Probable undecaprenyl-phosphate N-acetylglucosaminyl 1-phosphate transferase => putative undecaprenyl-phosphate N-acetylglucosaminyl 1-phosphate transferase
[16:19:57] Modify product: Uncharacterized protein Rv0628c => putative protein
[16:19:57] Modify product: Probable bifunctional SAT/APS kinase => putative bifunctional SAT/APS kinase
[16:19:57] Modify product: Uncharacterized protein alr4550 => putative protein
[16:19:57] Modify product: PKHD-type hydroxylase Sbal_3634 => PKHD-type hydroxylase
[16:19:57] Modify product: Uncharacterized protein alr4550 => putative protein
[16:19:57] Modify product: Probable ketoamine kinase HMPREF0351_12196 => putative ketoamine kinase
[16:19:57] Modify product: Probable adenylyltransferase/sulfurtransferase MoeZ => putative adenylyltransferase/sulfurtransferase MoeZ
[16:19:57] Modify product: Uncharacterized oxidoreductase Rv2298 => putative oxidoreductase
[16:19:57] Modify product: Putative low molecular weight protein-tyrosine-phosphatase slr0328 => Putative low molecular weight protein-tyrosine-phosphatase
[16:19:57] Modify product: Uncharacterized phycocyanin operon protein Z => putative phycocyanin operon protein Z
[16:19:57] Modify product: Probable phycoerythrobilin lyase CpeT => putative phycoerythrobilin lyase CpeT
[16:19:57] Modify product: Glycogen operon protein GlgX homolog => Glycogen operon protein GlgX 
[16:19:57] Modify product: Phage shock protein A homolog => Phage shock protein A 
[16:19:57] Modify product: Uncharacterized ABC transporter ATP-binding protein YknY => putative ABC transporter ATP-binding protein YknY
[16:19:57] Modify product: Probable doxorubicin resistance ABC transporter permease protein DrrC => putative doxorubicin resistance ABC transporter permease protein DrrC
[16:19:57] Modify product: Probable murein peptide carboxypeptidase => putative murein peptide carboxypeptidase
[16:19:58] Modify product: Rqc2 homolog RqcH => Rqc2 RqcH
[16:19:58] Modify product: UPF0234 protein MSMEG_1165/MSMEI_1134 => hypothetical protein
[16:19:58] Modify product: Uncharacterized FAD-linked oxidoreductase Rv2280 => putative FAD-linked oxidoreductase
[16:19:58] Modify product: Thylakoid-associated single-stranded DNA-binding protein slr1034 => Thylakoid-associated single-stranded DNA-binding protein
[16:19:58] Modify product: Uncharacterized protein HI_0103 => putative protein
[16:19:58] Modify product: Probable peptidoglycan D,D-transpeptidase PenA => putative peptidoglycan D,D-transpeptidase PenA
[16:19:58] Modify product: Uncharacterized oxidoreductase MSMEG_1603/MSMEI_1564 => putative oxidoreductase/MSMEI_1564
[16:19:58] Modify product: 1,4-alpha-glucan branching enzyme TTHA1902 => 1,4-alpha-glucan branching enzyme
[16:19:58] Modify product: Bifunctional protein FolD => Bifunctional protein FolD protein
[16:19:58] Modify product: Uncharacterized protein alr4550 => putative protein
[16:19:58] Modify product: Probable murein peptide carboxypeptidase => putative murein peptide carboxypeptidase
[16:19:58] Modify product: Uncharacterized ABC transporter ATP-binding protein TM_0288 => putative ABC transporter ATP-binding protein
[16:19:58] Modify product: UPF0276 protein CCNA_03000 => hypothetical protein
[16:19:58] Modify product: Probable 2-phosphosulfolactate phosphatase => putative 2-phosphosulfolactate phosphatase
[16:19:58] Modify product: Phosphorylated carbohydrates phosphatase TM_1254 => Phosphorylated carbohydrates phosphatase
[16:19:58] Modify product: Probable multidrug resistance ABC transporter ATP-binding/permease protein YheI => putative multidrug resistance ABC transporter ATP-binding/permease protein YheI
[16:19:58] Modify product: Probable CtpA-like serine protease => putative CtpA-like serine protease
[16:19:58] Modify product: Probable ABC transporter phosphite binding protein PhnD1 => putative ABC transporter phosphite binding protein PhnD1
[16:19:58] Modify product: Uncharacterized ABC transporter ATP-binding protein YknY => putative ABC transporter ATP-binding protein YknY
[16:19:58] Modify product: Uncharacterized ABC transporter ATP-binding protein Rv0986 => putative ABC transporter ATP-binding protein
[16:19:58] Modify product: GTP-binding protein TypA/BipA homolog => GTP-binding protein TypA/BipA 
[16:19:58] Modify product: Uncharacterized ABC transporter ATP-binding protein YknY => putative ABC transporter ATP-binding protein YknY
[16:19:58] Modify product: Uncharacterized zinc protease Rv2782c => putative zinc protease
[16:19:58] Modify product: Probable chromate transport protein => putative chromate transport protein
[16:19:58] Modify product: Uncharacterized ABC transporter ATP-binding protein YlmA => putative ABC transporter ATP-binding protein YlmA
[16:19:58] Modify product: Probable cytochrome c oxidase subunit 1 => putative cytochrome c oxidase subunit 1
[16:19:58] Modify product: Uncharacterized ABC transporter ATP-binding protein TM_0288 => putative ABC transporter ATP-binding protein
[16:19:58] Modify product: Uncharacterized protein Rv2715 => putative protein
[16:19:58] Modify product: Uncharacterized MFS-type transporter Rv0037c => putative MFS-type transporter
[16:19:58] Modify product: Probable helicase HelY => putative helicase HelY
[16:19:58] Modify product: Probable dual-specificity RNA methyltransferase RlmN => putative dual-specificity RNA methyltransferase RlmN
[16:19:58] Modify product: Glycogen operon protein GlgX homolog => Glycogen operon protein GlgX 
[16:19:58] Modify product: Probable transcriptional regulatory protein aq_1575 => putative transcriptional regulatory protein
[16:19:58] Modify product: UPF0053 protein Rv2366c => hypothetical protein
[16:19:58] Modify product: Uncharacterized protein Rv2067c => putative protein
[16:19:58] Modify product: Probable peptidoglycan glycosyltransferase FtsW => putative peptidoglycan glycosyltransferase FtsW
[16:19:58] Modify product: Probable cysteine desulfurase => putative cysteine desulfurase
[16:19:58] Modify product: Uncharacterized ABC transporter ATP-binding protein YheS => putative ABC transporter ATP-binding protein YheS
[16:19:58] Modify product: Vitamin K epoxide reductase homolog => Vitamin K epoxide reductase 
[16:19:58] Modify product: Uncharacterized protein slr1565 => putative protein
[16:19:58] Modify product: Epimerase family protein Rv2216 => Epimerase family protein
[16:19:58] Modify product: Uncharacterized protein alr4550 => putative protein
[16:19:58] Modify product: Uncharacterized protein alr4550 => putative protein
[16:19:58] Modify product: Probable adenylyl-sulfate kinase => putative adenylyl-sulfate kinase
[16:19:58] Modify product: Probable glutaredoxin ssr2061 => putative glutaredoxin
[16:19:58] Modify product: Uncharacterized ABC transporter ATP-binding protein YejF => putative ABC transporter ATP-binding protein YejF
[16:19:58] Cleaned 69 /product names
[16:19:58] Deleting unwanted file: /home/fmt073/work/Zhang/Prokka/Syad/Syad.sprot.tmp.4096888.faa
[16:19:58] Deleting unwanted file: /home/fmt073/work/Zhang/Prokka/Syad/Syad.sprot.tmp.4096888.blast
[16:19:59] There are still 1975 unannotated CDS left (started with 3004)
[16:19:59] Will use hmmer3 to search against /usr/local/bioinfo/src/PROKKA/prokka-1.14.5/db/hmm/HAMAP.hmm with 1 CPUs
[16:19:59] Running: cat \/home\/fmt073\/work\/Zhang\/Prokka\/Syad\/Syad\.HAMAP\.hmm\.tmp\.4096888\.faa | parallel --gnu --plain -j 1 --block 237247 --recstart '>' --pipe hmmscan --noali --notextw --acc -E 1e-09 --cpu 1 /usr/local/bioinfo/src/PROKKA/prokka-1.14.5/db/hmm/HAMAP.hmm /dev/stdin > \/home\/fmt073\/work\/Zhang\/Prokka\/Syad\/Syad\.HAMAP\.hmm\.tmp\.4096888\.hmmer3 2> /dev/null
[16:22:14] Deleting unwanted file: /home/fmt073/work/Zhang/Prokka/Syad/Syad.HAMAP.hmm.tmp.4096888.faa
[16:22:14] Deleting unwanted file: /home/fmt073/work/Zhang/Prokka/Syad/Syad.HAMAP.hmm.tmp.4096888.hmmer3
[16:22:14] Labelling remaining 1741 proteins as 'hypothetical protein'
[16:22:14] Possible /pseudo 'Formamidase' at gnl|Prokka|Syad.g_1 position 72356
[16:22:14] Possible /pseudo 'Putative fluoride ion transporter CrcB' at gnl|Prokka|Syad.g_1 position 326211
[16:22:14] Possible /pseudo 'D-inositol-3-phosphate glycosyltransferase' at gnl|Prokka|Syad.g_1 position 435620
[16:22:14] Possible /pseudo 'Glyceraldehyde-3-phosphate dehydrogenase 3' at gnl|Prokka|Syad.g_1 position 1172980
[16:22:14] Possible /pseudo 'Glutaminase' at gnl|Prokka|Syad.g_1 position 2019646
[16:22:14] Possible /pseudo 'ATP-dependent Clp protease proteolytic subunit' at gnl|Prokka|Syad.g_1 position 2095326
[16:22:14] Possible /pseudo 'DNA-directed RNA polymerase subunit beta'' at gnl|Prokka|Syad.g_1 position 2261706
[16:22:14] Possible /pseudo 'Cell division coordinator CpoB' at gnl|Prokka|Syad.g_1 position 2431101
[16:22:14] Possible /pseudo 'putative protein' at gnl|Prokka|Syad.g_1 position 2592561
[16:22:14] Found 1029 unique /gene codes.
[16:22:14] Fixed 5 duplicate /gene - COQ5_1 COQ5_2 COQ5_3 COQ5_4 COQ5_5
[16:22:14] Fixed 2 duplicate /gene - speB_1 speB_2
[16:22:14] Fixed 2 duplicate /gene - rnr_1 rnr_2
[16:22:14] Fixed 2 duplicate /gene - phoP_1 phoP_2
[16:22:14] Fixed 2 duplicate /gene - hlyD_1 hlyD_2
[16:22:14] Fixed 2 duplicate /gene - prmC_1 prmC_2
[16:22:14] Fixed 2 duplicate /gene - pyrC_1 pyrC_2
[16:22:14] Fixed 2 duplicate /gene - pyrB_1 pyrB_2
[16:22:14] Fixed 2 duplicate /gene - pilT_1 pilT_2
[16:22:14] Fixed 2 duplicate /gene - dnaK2_1 dnaK2_2
[16:22:14] Fixed 2 duplicate /gene - pnp_1 pnp_2
[16:22:14] Fixed 2 duplicate /gene - petJ_1 petJ_2
[16:22:14] Fixed 2 duplicate /gene - psbA2_1 psbA2_2
[16:22:14] Fixed 9 duplicate /gene - mshA_1 mshA_2 mshA_3 mshA_4 mshA_5 mshA_6 mshA_7 mshA_8 mshA_9
[16:22:14] Fixed 2 duplicate /gene - cobD_1 cobD_2
[16:22:14] Fixed 2 duplicate /gene - desV_1 desV_2
[16:22:14] Fixed 2 duplicate /gene - rmlD_1 rmlD_2
[16:22:14] Fixed 2 duplicate /gene - crcB_1 crcB_2
[16:22:14] Fixed 2 duplicate /gene - ntcA_1 ntcA_2
[16:22:14] Fixed 2 duplicate /gene - clpS_1 clpS_2
[16:22:14] Fixed 2 duplicate /gene - cugP_1 cugP_2
[16:22:14] Fixed 4 duplicate /gene - clpP_1 clpP_2 clpP_3 clpP_4
[16:22:14] Fixed 4 duplicate /gene - sigA2_1 sigA2_2 sigA2_3 sigA2_4
[16:22:14] Fixed 3 duplicate /gene - rlpA_1 rlpA_2 rlpA_3
[16:22:14] Fixed 2 duplicate /gene - psaL_1 psaL_2
[16:22:14] Fixed 3 duplicate /gene - ubiB_1 ubiB_2 ubiB_3
[16:22:14] Fixed 3 duplicate /gene - recD_1 recD_2 recD_3
[16:22:14] Fixed 2 duplicate /gene - mtgA_1 mtgA_2
[16:22:14] Fixed 3 duplicate /gene - ruvB_1 ruvB_2 ruvB_3
[16:22:14] Fixed 2 duplicate /gene - nifF_1 nifF_2
[16:22:14] Fixed 2 duplicate /gene - ftsH2_1 ftsH2_2
[16:22:14] Fixed 2 duplicate /gene - galE_1 galE_2
[16:22:14] Fixed 2 duplicate /gene - mexB_1 mexB_2
[16:22:14] Fixed 2 duplicate /gene - gyrA_1 gyrA_2
[16:22:14] Fixed 2 duplicate /gene - ctaD_1 ctaD_2
[16:22:14] Fixed 2 duplicate /gene - lpxB_1 lpxB_2
[16:22:14] Fixed 2 duplicate /gene - atpG_1 atpG_2
[16:22:14] Fixed 2 duplicate /gene - tam_1 tam_2
[16:22:14] Fixed 2 duplicate /gene - crtI_1 crtI_2
[16:22:14] Fixed 2 duplicate /gene - bicA_1 bicA_2
[16:22:14] Fixed 2 duplicate /gene - pcyA_1 pcyA_2
[16:22:14] Fixed 6 duplicate /gene - sasA_1 sasA_2 sasA_3 sasA_4 sasA_5 sasA_6
[16:22:14] Fixed 2 duplicate /gene - hemL_1 hemL_2
[16:22:14] Fixed 2 duplicate /gene - icd_1 icd_2
[16:22:14] Fixed 2 duplicate /gene - speA_1 speA_2
[16:22:14] Fixed 2 duplicate /gene - ctaE_1 ctaE_2
[16:22:14] Fixed 2 duplicate /gene - nuoL_1 nuoL_2
[16:22:14] Fixed 2 duplicate /gene - dapL_1 dapL_2
[16:22:14] Fixed 2 duplicate /gene - nhaP_1 nhaP_2
[16:22:14] Fixed 6 duplicate /gene - btuD_1 btuD_2 btuD_3 btuD_4 btuD_5 btuD_6
[16:22:14] Fixed 2 duplicate /gene - lptD_1 lptD_2
[16:22:14] Fixed 2 duplicate /gene - gap3_1 gap3_2
[16:22:14] Fixed 2 duplicate /gene - rffG_1 rffG_2
[16:22:14] Fixed 2 duplicate /gene - thiL_1 thiL_2
[16:22:14] Fixed 2 duplicate /gene - bcp_1 bcp_2
[16:22:14] Fixed 2 duplicate /gene - glsA_1 glsA_2
[16:22:14] Fixed 2 duplicate /gene - cobN_1 cobN_2
[16:22:14] Fixed 2 duplicate /gene - pds_1 pds_2
[16:22:14] Fixed 2 duplicate /gene - trxA_1 trxA_2
[16:22:14] Fixed 3 duplicate /gene - der_1 der_2 der_3
[16:22:14] Fixed 2 duplicate /gene - moaA_1 moaA_2
[16:22:14] Fixed 2 duplicate /gene - rcsB_1 rcsB_2
[16:22:14] Fixed 2 duplicate /gene - fabF_1 fabF_2
[16:22:14] Fixed 2 duplicate /gene - ndhB_1 ndhB_2
[16:22:14] Fixed 3 duplicate /gene - ndhD1_1 ndhD1_2 ndhD1_3
[16:22:14] Fixed 2 duplicate /gene - menA_1 menA_2
[16:22:14] Fixed 2 duplicate /gene - cbpA_1 cbpA_2
[16:22:14] Fixed 2 duplicate /gene - hhoA_1 hhoA_2
[16:22:14] Fixed 2 duplicate /gene - iscS_1 iscS_2
[16:22:14] Fixed 2 duplicate /gene - cysQ_1 cysQ_2
[16:22:14] Fixed 2 duplicate /gene - menF_1 menF_2
[16:22:14] Fixed 2 duplicate /gene - glgX_1 glgX_2
[16:22:14] Fixed 2 duplicate /gene - nadK_1 nadK_2
[16:22:14] Fixed 2 duplicate /gene - RBKS_1 RBKS_2
[16:22:14] Fixed 2 duplicate /gene - pstS_1 pstS_2
[16:22:14] Fixed 2 duplicate /gene - atpH_1 atpH_2
[16:22:14] Fixed 2 duplicate /gene - sepF_1 sepF_2
[16:22:14] Fixed 2 duplicate /gene - tagU_1 tagU_2
[16:22:14] Fixed 2 duplicate /gene - iolG_1 iolG_2
[16:22:14] Fixed 2 duplicate /gene - cpcS_1 cpcS_2
[16:22:14] Fixed 2 duplicate /gene - arnC_1 arnC_2
[16:22:14] Fixed 2 duplicate /gene - mntB_1 mntB_2
[16:22:14] Fixed 3 duplicate /gene - gph_1 gph_2 gph_3
[16:22:14] Fixed 2 duplicate /gene - sir_1 sir_2
[16:22:14] Fixed 3 duplicate /gene - petF_1 petF_2 petF_3
[16:22:14] Fixed 2 duplicate /gene - psbD1_1 psbD1_2
[16:22:14] Fixed 2 duplicate /gene - mreB_1 mreB_2
[16:22:14] Fixed 2 duplicate /gene - ykfA_1 ykfA_2
[16:22:14] Fixed 2 duplicate /gene - ccmK_1 ccmK_2
[16:22:14] Fixed 2 duplicate /gene - ppa_1 ppa_2
[16:22:14] Fixed 2 duplicate /gene - msrB_1 msrB_2
[16:22:14] Fixed 2 duplicate /gene - nusA_1 nusA_2
[16:22:14] Fixed 2 duplicate /gene - dsbD_1 dsbD_2
[16:22:14] Fixed 3 duplicate /gene - yknY_1 yknY_2 yknY_3
[16:22:14] Fixed 7 duplicate /gene - cpoB_1 cpoB_2 cpoB_3 cpoB_4 cpoB_5 cpoB_6 cpoB_7
[16:22:14] Fixed 2 duplicate /gene - lysA_1 lysA_2
[16:22:14] Fixed 3 duplicate /gene - dnaJ_1 dnaJ_2 dnaJ_3
[16:22:14] Fixed 2 duplicate /gene - ndhI_1 ndhI_2
[16:22:14] Fixed 4 duplicate /gene - mprA_1 mprA_2 mprA_3 mprA_4
[16:22:14] Fixed 2 duplicate /gene - psaE_1 psaE_2
[16:22:14] Fixed 100 colliding /gene names.
[16:22:14] Adding /locus_tag identifiers
[16:22:15] Assigned 3049 locus_tags to CDS and RNA features.
[16:22:15] Writing outputs to /home/fmt073/work/Zhang/Prokka/Syad/
[16:22:16] Generating annotation statistics file
[16:22:16] Generating Genbank and Sequin files
[16:22:16] Running: tbl2asn -V b -a r10k -l paired-ends -M n -N 1 -y 'Annotated using prokka 1.14.5 from https://github.com/tseemann/prokka' -Z \/home\/fmt073\/work\/Zhang\/Prokka\/Syad\/Syad\.err -i \/home\/fmt073\/work\/Zhang\/Prokka\/Syad\/Syad\.fsa 2> /dev/null
[16:22:22] Deleting unwanted file: /home/fmt073/work/Zhang/Prokka/Syad/errorsummary.val
[16:22:22] Deleting unwanted file: /home/fmt073/work/Zhang/Prokka/Syad/Syad.dr
[16:22:22] Deleting unwanted file: /home/fmt073/work/Zhang/Prokka/Syad/Syad.fixedproducts
[16:22:22] Deleting unwanted file: /home/fmt073/work/Zhang/Prokka/Syad/Syad.ecn
[16:22:22] Deleting unwanted file: /home/fmt073/work/Zhang/Prokka/Syad/Syad.val
[16:22:22] Repairing broken .GBK output that tbl2asn produces...
[16:22:22] Running: sed 's/COORDINATES: profile/COORDINATES:profile/' < \/home\/fmt073\/work\/Zhang\/Prokka\/Syad\/Syad\.gbf > \/home\/fmt073\/work\/Zhang\/Prokka\/Syad\/Syad\.gbk
[16:22:22] Deleting unwanted file: /home/fmt073/work/Zhang/Prokka/Syad/Syad.gbf
[16:22:22] Output files:
[16:22:22] /home/fmt073/work/Zhang/Prokka/Syad/Syad.gbk
[16:22:22] /home/fmt073/work/Zhang/Prokka/Syad/Syad.fna
[16:22:22] /home/fmt073/work/Zhang/Prokka/Syad/Syad.sqn
[16:22:22] /home/fmt073/work/Zhang/Prokka/Syad/Syad.gff
[16:22:22] /home/fmt073/work/Zhang/Prokka/Syad/Syad.tbl
[16:22:22] /home/fmt073/work/Zhang/Prokka/Syad/Syad.ffn
[16:22:22] /home/fmt073/work/Zhang/Prokka/Syad/Syad.fsa
[16:22:22] /home/fmt073/work/Zhang/Prokka/Syad/Syad.faa
[16:22:22] /home/fmt073/work/Zhang/Prokka/Syad/Syad.tsv
[16:22:22] /home/fmt073/work/Zhang/Prokka/Syad/Syad.txt
[16:22:22] /home/fmt073/work/Zhang/Prokka/Syad/Syad.log
[16:22:22] /home/fmt073/work/Zhang/Prokka/Syad/Syad.err
[16:22:22] Annotation finished successfully.
[16:22:22] Walltime used: 6.75 minutes
[16:22:22] If you use this result please cite the Prokka paper:
[16:22:22] Seemann T (2014) Prokka: rapid prokaryotic genome annotation. Bioinformatics. 30(14):2068-9.
[16:22:22] Type 'prokka --citation' for more details.
[16:22:22] Share and enjoy!
